2024-10-10 19:36:27 | INFO | Run pyGenomeViz v1.3.0 CLI workflow (pgv-mmseqs)
2024-10-10 19:36:27 | INFO | $ pgv-mmseqs -q --threads=14 /home/mf019/longread_pangenome/synteny/pgv-interesting-mosaicism/temp/tmpl1nhhukg/URI39H_lp28-4.gbff /home/mf019/longread_pangenome/synteny/pgv-interesting-mosaicism/temp/tmpy9epelev/URI89H_lp28-4.gbff /home/mf019/longread_pangenome/synteny/pgv-interesting-mosaicism/temp/tmph0hxxbze/URI91H_lp28-4.gbff /home/mf019/longread_pangenome/synteny/pgv-interesting-mosaicism/temp/tmpkgajk0b5/URI120H_lp28-4.gbff /home/mf019/longread_pangenome/synteny/pgv-interesting-mosaicism/temp/tmpkavctsyu/URI41H_lp28-4.gbff /home/mf019/longread_pangenome/synteny/pgv-interesting-mosaicism/temp/tmpkrex2uoc/UCT31H_lp28-4.gbff /home/mf019/longread_pangenome/synteny/pgv-interesting-mosaicism/temp/tmp9tf8ri4b/UCT96H_lp28-4.gbff /home/mf019/longread_pangenome/synteny/pgv-interesting-mosaicism/temp/tmpmqr5tk3u/ESI26H_lp28-4.gbff /home/mf019/longread_pangenome/synteny/pgv-interesting-mosaicism/temp/tmpfmze1d_c/URI33H_lp28-4.gbff /home/mf019/longread_pangenome/synteny/pgv-interesting-mosaicism/temp/tmpngy0x0vs/URI48H_lp28-4.gbff /home/mf019/longread_pangenome/synteny/pgv-interesting-mosaicism/temp/tmp8m7tn3n0/UNY172P_B356_lp28-4 /home/mf019/longread_pangenome/synteny/pgv-interesting-mosaicism/temp/tmphznnk9g4/UWI283P_MC149_lp28-4 /home/mf019/longread_pangenome/synteny/pgv-interesting-mosaicism/temp/tmp5mer34ml/UCT50H_lp28-4.gbff /home/mf019/longread_pangenome/synteny/pgv-interesting-mosaicism/temp/tmpfrv7nggj/UNY169P_B348_lp28-4 /home/mf019/longread_pangenome/synteny/pgv-interesting-mosaicism/temp/tmptr2x0eqi/URI36H_lp28-4.gbff /home/mf019/longread_pangenome/synteny/pgv-interesting-mosaicism/temp/tmpu8dgq2uy/URI56H_lp28-4.gbff /home/mf019/longread_pangenome/synteny/pgv-interesting-mosaicism/temp/tmp60x4jr9q/UNY193P_B477_lp28-4 /home/mf019/longread_pangenome/synteny/pgv-interesting-mosaicism/temp/tmpnreh772b/URI34H_lp28-4.gbff /home/mf019/longread_pangenome/synteny/pgv-interesting-mosaicism/temp/tmp1696lev4/UCT35H_lp28-4.gbff /home/mf019/longread_pangenome/synteny/pgv-interesting-mosaicism/temp/tmp0m2z5qwk/UWI247P_MC104_lp28-4 /home/mf019/longread_pangenome/synteny/pgv-interesting-mosaicism/temp/tmp8cbib58x/UWI248P_MC105_lp28-4 /home/mf019/longread_pangenome/synteny/pgv-interesting-mosaicism/temp/tmpsom45kvf/UCT113H_lp28-4.gbff /home/mf019/longread_pangenome/synteny/pgv-interesting-mosaicism/temp/tmpuluc3fdm/UNY208P_MR641_lp28-4 /home/mf019/longread_pangenome/synteny/pgv-interesting-mosaicism/temp/tmpljcennyl/URI88H_lp28-4.gbff /home/mf019/longread_pangenome/synteny/pgv-interesting-mosaicism/temp/tmpa6q2pntv/UWI263P_MC123_lp28-4 /home/mf019/longread_pangenome/synteny/pgv-interesting-mosaicism/temp/tmpy2ou3lnw/URI103H_lp28-4.gbff /home/mf019/longread_pangenome/synteny/pgv-interesting-mosaicism/temp/tmp9kv0isdx/URI86H_lp28-4.gbff /home/mf019/longread_pangenome/synteny/pgv-interesting-mosaicism/temp/tmp_i5meore/URI118H_lp28-4.gbff /home/mf019/longread_pangenome/synteny/pgv-interesting-mosaicism/temp/tmphzl12v7v/URI44H_lp28-4.gbff /home/mf019/longread_pangenome/synteny/pgv-interesting-mosaicism/temp/tmptk_0_iok/URI46H_lp28-4.gbff /home/mf019/longread_pangenome/synteny/pgv-interesting-mosaicism/temp/tmp10wb8ll9/URI112H_lp28-4.gbff /home/mf019/longread_pangenome/synteny/pgv-interesting-mosaicism/temp/tmp236yuscg/URI117H_lp28-4.gbff /home/mf019/longread_pangenome/synteny/pgv-interesting-mosaicism/temp/tmptct7268w/UCT30H_lp28-4.gbff /home/mf019/longread_pangenome/synteny/pgv-interesting-mosaicism/temp/tmpnn8fk5ol/UCT110H_lp28-4.gbff /home/mf019/longread_pangenome/synteny/pgv-interesting-mosaicism/temp/tmpiok6mcmd/UNY149P_B247_lp28-4 /home/mf019/longread_pangenome/synteny/pgv-interesting-mosaicism/temp/tmp1mgbfojg/UCT92H_lp28-4.gbff /home/mf019/longread_pangenome/synteny/pgv-interesting-mosaicism/temp/tmpc4wi66u5/UCT32H_lp28-4.gbff /home/mf019/longread_pangenome/synteny/pgv-interesting-mosaicism/temp/tmpgz8d0eam/URI47H_lp28-4.gbff /home/mf019/longread_pangenome/synteny/pgv-interesting-mosaicism/temp/tmp5pu3nvuo/URI93H_lp28-4.gbff /home/mf019/longread_pangenome/synteny/pgv-interesting-mosaicism/temp/tmpu6c4bg2l/URI107H_lp28-4.gbff /home/mf019/longread_pangenome/synteny/pgv-interesting-mosaicism/temp/tmpcp0984n9/URI87H_lp28-4.gbff /home/mf019/longread_pangenome/synteny/pgv-interesting-mosaicism/temp/tmpkr_f2ynd/UCT29H_lp28-4.gbff /home/mf019/longread_pangenome/synteny/pgv-interesting-mosaicism/temp/tmp9q_hc7w9/URI101H_lp28-4.gbff /home/mf019/longread_pangenome/synteny/pgv-interesting-mosaicism/temp/tmpguwm3x2l/URI111H_lp28-4.gbff /home/mf019/longread_pangenome/synteny/pgv-interesting-mosaicism/temp/tmpaktkaia6/URI40H_lp28-4.gbff -o lp28-4a --show_scale_bar --curve --length_thr=100 --identity_thr=70
2024-10-10 19:36:27 | INFO | Operating System: linux
2024-10-10 19:36:27 | INFO | Python Version: v3.12.2
2024-10-10 19:36:27 | INFO | Check Dependencies: matplotlib v3.8.4
2024-10-10 19:36:27 | INFO | Check Dependencies: biopython v1.83
2024-10-10 19:36:27 | INFO | Parameters: seqs=['/home/mf019/longread_pangenome/synteny/pgv-interesting-mosaicism/temp/tmpl1nhhukg/URI39H_lp28-4.gbff', '/home/mf019/longread_pangenome/synteny/pgv-interesting-mosaicism/temp/tmpy9epelev/URI89H_lp28-4.gbff', '/home/mf019/longread_pangenome/synteny/pgv-interesting-mosaicism/temp/tmph0hxxbze/URI91H_lp28-4.gbff', '/home/mf019/longread_pangenome/synteny/pgv-interesting-mosaicism/temp/tmpkgajk0b5/URI120H_lp28-4.gbff', '/home/mf019/longread_pangenome/synteny/pgv-interesting-mosaicism/temp/tmpkavctsyu/URI41H_lp28-4.gbff', '/home/mf019/longread_pangenome/synteny/pgv-interesting-mosaicism/temp/tmpkrex2uoc/UCT31H_lp28-4.gbff', '/home/mf019/longread_pangenome/synteny/pgv-interesting-mosaicism/temp/tmp9tf8ri4b/UCT96H_lp28-4.gbff', '/home/mf019/longread_pangenome/synteny/pgv-interesting-mosaicism/temp/tmpmqr5tk3u/ESI26H_lp28-4.gbff', '/home/mf019/longread_pangenome/synteny/pgv-interesting-mosaicism/temp/tmpfmze1d_c/URI33H_lp28-4.gbff', '/home/mf019/longread_pangenome/synteny/pgv-interesting-mosaicism/temp/tmpngy0x0vs/URI48H_lp28-4.gbff', '/home/mf019/longread_pangenome/synteny/pgv-interesting-mosaicism/temp/tmp8m7tn3n0/UNY172P_B356_lp28-4', '/home/mf019/longread_pangenome/synteny/pgv-interesting-mosaicism/temp/tmphznnk9g4/UWI283P_MC149_lp28-4', '/home/mf019/longread_pangenome/synteny/pgv-interesting-mosaicism/temp/tmp5mer34ml/UCT50H_lp28-4.gbff', '/home/mf019/longread_pangenome/synteny/pgv-interesting-mosaicism/temp/tmpfrv7nggj/UNY169P_B348_lp28-4', '/home/mf019/longread_pangenome/synteny/pgv-interesting-mosaicism/temp/tmptr2x0eqi/URI36H_lp28-4.gbff', '/home/mf019/longread_pangenome/synteny/pgv-interesting-mosaicism/temp/tmpu8dgq2uy/URI56H_lp28-4.gbff', '/home/mf019/longread_pangenome/synteny/pgv-interesting-mosaicism/temp/tmp60x4jr9q/UNY193P_B477_lp28-4', '/home/mf019/longread_pangenome/synteny/pgv-interesting-mosaicism/temp/tmpnreh772b/URI34H_lp28-4.gbff', '/home/mf019/longread_pangenome/synteny/pgv-interesting-mosaicism/temp/tmp1696lev4/UCT35H_lp28-4.gbff', '/home/mf019/longread_pangenome/synteny/pgv-interesting-mosaicism/temp/tmp0m2z5qwk/UWI247P_MC104_lp28-4', '/home/mf019/longread_pangenome/synteny/pgv-interesting-mosaicism/temp/tmp8cbib58x/UWI248P_MC105_lp28-4', '/home/mf019/longread_pangenome/synteny/pgv-interesting-mosaicism/temp/tmpsom45kvf/UCT113H_lp28-4.gbff', '/home/mf019/longread_pangenome/synteny/pgv-interesting-mosaicism/temp/tmpuluc3fdm/UNY208P_MR641_lp28-4', '/home/mf019/longread_pangenome/synteny/pgv-interesting-mosaicism/temp/tmpljcennyl/URI88H_lp28-4.gbff', '/home/mf019/longread_pangenome/synteny/pgv-interesting-mosaicism/temp/tmpa6q2pntv/UWI263P_MC123_lp28-4', '/home/mf019/longread_pangenome/synteny/pgv-interesting-mosaicism/temp/tmpy2ou3lnw/URI103H_lp28-4.gbff', '/home/mf019/longread_pangenome/synteny/pgv-interesting-mosaicism/temp/tmp9kv0isdx/URI86H_lp28-4.gbff', '/home/mf019/longread_pangenome/synteny/pgv-interesting-mosaicism/temp/tmp_i5meore/URI118H_lp28-4.gbff', '/home/mf019/longread_pangenome/synteny/pgv-interesting-mosaicism/temp/tmphzl12v7v/URI44H_lp28-4.gbff', '/home/mf019/longread_pangenome/synteny/pgv-interesting-mosaicism/temp/tmptk_0_iok/URI46H_lp28-4.gbff', '/home/mf019/longread_pangenome/synteny/pgv-interesting-mosaicism/temp/tmp10wb8ll9/URI112H_lp28-4.gbff', '/home/mf019/longread_pangenome/synteny/pgv-interesting-mosaicism/temp/tmp236yuscg/URI117H_lp28-4.gbff', '/home/mf019/longread_pangenome/synteny/pgv-interesting-mosaicism/temp/tmptct7268w/UCT30H_lp28-4.gbff', '/home/mf019/longread_pangenome/synteny/pgv-interesting-mosaicism/temp/tmpnn8fk5ol/UCT110H_lp28-4.gbff', '/home/mf019/longread_pangenome/synteny/pgv-interesting-mosaicism/temp/tmpiok6mcmd/UNY149P_B247_lp28-4', '/home/mf019/longread_pangenome/synteny/pgv-interesting-mosaicism/temp/tmp1mgbfojg/UCT92H_lp28-4.gbff', '/home/mf019/longread_pangenome/synteny/pgv-interesting-mosaicism/temp/tmpc4wi66u5/UCT32H_lp28-4.gbff', '/home/mf019/longread_pangenome/synteny/pgv-interesting-mosaicism/temp/tmpgz8d0eam/URI47H_lp28-4.gbff', '/home/mf019/longread_pangenome/synteny/pgv-interesting-mosaicism/temp/tmp5pu3nvuo/URI93H_lp28-4.gbff', '/home/mf019/longread_pangenome/synteny/pgv-interesting-mosaicism/temp/tmpu6c4bg2l/URI107H_lp28-4.gbff', '/home/mf019/longread_pangenome/synteny/pgv-interesting-mosaicism/temp/tmpcp0984n9/URI87H_lp28-4.gbff', '/home/mf019/longread_pangenome/synteny/pgv-interesting-mosaicism/temp/tmpkr_f2ynd/UCT29H_lp28-4.gbff', '/home/mf019/longread_pangenome/synteny/pgv-interesting-mosaicism/temp/tmp9q_hc7w9/URI101H_lp28-4.gbff', '/home/mf019/longread_pangenome/synteny/pgv-interesting-mosaicism/temp/tmpguwm3x2l/URI111H_lp28-4.gbff', '/home/mf019/longread_pangenome/synteny/pgv-interesting-mosaicism/temp/tmpaktkaia6/URI40H_lp28-4.gbff']
2024-10-10 19:36:27 | INFO | Parameters: outdir='lp28-4a'
2024-10-10 19:36:27 | INFO | Parameters: formats=('png', 'html')
2024-10-10 19:36:27 | INFO | Parameters: reuse=False
2024-10-10 19:36:27 | INFO | Parameters: quiet=True
2024-10-10 19:36:27 | INFO | Parameters: debug=False
2024-10-10 19:36:27 | INFO | Parameters: threads=14
2024-10-10 19:36:27 | INFO | Parameters: length_thr=100
2024-10-10 19:36:27 | INFO | Parameters: identity_thr=70.0
2024-10-10 19:36:27 | INFO | Parameters: evalue_thr=0.001
2024-10-10 19:36:27 | INFO | Parameters: fig_width=15
2024-10-10 19:36:27 | INFO | Parameters: fig_track_height=1.0
2024-10-10 19:36:27 | INFO | Parameters: track_align_type='center'
2024-10-10 19:36:27 | INFO | Parameters: feature_track_ratio=0.25
2024-10-10 19:36:27 | INFO | Parameters: show_scale_bar=True
2024-10-10 19:36:27 | INFO | Parameters: show_scale_xticks=False
2024-10-10 19:36:27 | INFO | Parameters: curve=True
2024-10-10 19:36:27 | INFO | Parameters: dpi=300
2024-10-10 19:36:27 | INFO | Parameters: track_labelsize=20
2024-10-10 19:36:27 | INFO | Parameters: scale_labelsize=15
2024-10-10 19:36:27 | INFO | Parameters: normal_link_color='grey'
2024-10-10 19:36:27 | INFO | Parameters: inverted_link_color='red'
2024-10-10 19:36:27 | INFO | Parameters: segment_space=0.02
2024-10-10 19:36:27 | INFO | Parameters: feature_type2color={'CDS': 'orange'}
2024-10-10 19:36:27 | INFO | Parameters: pseudo_color='lightgrey'
2024-10-10 19:36:27 | INFO | Parameters: feature_plotstyle='arrow'
2024-10-10 19:36:27 | INFO | Parameters: feature_linewidth=0.0
2024-10-10 19:36:27 | INFO | Parameters: feature_labeltrack='top'
2024-10-10 19:36:27 | INFO | Parameters: feature_labeltype=None
2024-10-10 19:36:27 | INFO | Parameters: feature_labelsize=8
2024-10-10 19:36:27 | INFO | Parameters: cbar_width=0.01
2024-10-10 19:36:27 | INFO | Parameters: cbar_height=0.2
2024-10-10 19:36:27 | INFO | Convert Genbank object to CDS fasta file '/tmp/tmpe2nraqqe/URI39H_lp28-4.faa'
2024-10-10 19:36:27 | INFO | Convert Genbank object to CDS fasta file '/tmp/tmpe2nraqqe/URI89H_lp28-4.faa'
2024-10-10 19:36:27 | INFO | Convert Genbank object to CDS fasta file '/tmp/tmpe2nraqqe/URI91H_lp28-4.faa'
2024-10-10 19:36:27 | INFO | Convert Genbank object to CDS fasta file '/tmp/tmpe2nraqqe/URI120H_lp28-4.faa'
2024-10-10 19:36:27 | INFO | Convert Genbank object to CDS fasta file '/tmp/tmpe2nraqqe/URI41H_lp28-4.faa'
2024-10-10 19:36:27 | INFO | Convert Genbank object to CDS fasta file '/tmp/tmpe2nraqqe/UCT31H_lp28-4.faa'
2024-10-10 19:36:27 | INFO | Convert Genbank object to CDS fasta file '/tmp/tmpe2nraqqe/UCT96H_lp28-4.faa'
2024-10-10 19:36:27 | INFO | Convert Genbank object to CDS fasta file '/tmp/tmpe2nraqqe/ESI26H_lp28-4.faa'
2024-10-10 19:36:27 | INFO | Convert Genbank object to CDS fasta file '/tmp/tmpe2nraqqe/URI33H_lp28-4.faa'
2024-10-10 19:36:27 | INFO | Convert Genbank object to CDS fasta file '/tmp/tmpe2nraqqe/URI48H_lp28-4.faa'
2024-10-10 19:36:27 | INFO | Convert Genbank object to CDS fasta file '/tmp/tmpe2nraqqe/UNY172P_B356_lp28-4.faa'
2024-10-10 19:36:27 | INFO | Convert Genbank object to CDS fasta file '/tmp/tmpe2nraqqe/UWI283P_MC149_lp28-4.faa'
2024-10-10 19:36:27 | INFO | Convert Genbank object to CDS fasta file '/tmp/tmpe2nraqqe/UCT50H_lp28-4.faa'
2024-10-10 19:36:27 | INFO | Convert Genbank object to CDS fasta file '/tmp/tmpe2nraqqe/UNY169P_B348_lp28-4.faa'
2024-10-10 19:36:27 | INFO | Convert Genbank object to CDS fasta file '/tmp/tmpe2nraqqe/URI36H_lp28-4.faa'
2024-10-10 19:36:27 | INFO | Convert Genbank object to CDS fasta file '/tmp/tmpe2nraqqe/URI56H_lp28-4.faa'
2024-10-10 19:36:27 | INFO | Convert Genbank object to CDS fasta file '/tmp/tmpe2nraqqe/UNY193P_B477_lp28-4.faa'
2024-10-10 19:36:27 | INFO | Convert Genbank object to CDS fasta file '/tmp/tmpe2nraqqe/URI34H_lp28-4.faa'
2024-10-10 19:36:27 | INFO | Convert Genbank object to CDS fasta file '/tmp/tmpe2nraqqe/UCT35H_lp28-4.faa'
2024-10-10 19:36:27 | INFO | Convert Genbank object to CDS fasta file '/tmp/tmpe2nraqqe/UWI247P_MC104_lp28-4.faa'
2024-10-10 19:36:27 | INFO | Convert Genbank object to CDS fasta file '/tmp/tmpe2nraqqe/UWI248P_MC105_lp28-4.faa'
2024-10-10 19:36:27 | INFO | Convert Genbank object to CDS fasta file '/tmp/tmpe2nraqqe/UCT113H_lp28-4.faa'
2024-10-10 19:36:27 | INFO | Convert Genbank object to CDS fasta file '/tmp/tmpe2nraqqe/UNY208P_MR641_lp28-4.faa'
2024-10-10 19:36:27 | INFO | Convert Genbank object to CDS fasta file '/tmp/tmpe2nraqqe/URI88H_lp28-4.faa'
2024-10-10 19:36:27 | INFO | Convert Genbank object to CDS fasta file '/tmp/tmpe2nraqqe/UWI263P_MC123_lp28-4.faa'
2024-10-10 19:36:27 | INFO | Convert Genbank object to CDS fasta file '/tmp/tmpe2nraqqe/URI103H_lp28-4.faa'
2024-10-10 19:36:27 | INFO | Convert Genbank object to CDS fasta file '/tmp/tmpe2nraqqe/URI86H_lp28-4.faa'
2024-10-10 19:36:27 | INFO | Convert Genbank object to CDS fasta file '/tmp/tmpe2nraqqe/URI118H_lp28-4.faa'
2024-10-10 19:36:27 | INFO | Convert Genbank object to CDS fasta file '/tmp/tmpe2nraqqe/URI44H_lp28-4.faa'
2024-10-10 19:36:27 | INFO | Convert Genbank object to CDS fasta file '/tmp/tmpe2nraqqe/URI46H_lp28-4.faa'
2024-10-10 19:36:27 | INFO | Convert Genbank object to CDS fasta file '/tmp/tmpe2nraqqe/URI112H_lp28-4.faa'
2024-10-10 19:36:27 | INFO | Convert Genbank object to CDS fasta file '/tmp/tmpe2nraqqe/URI117H_lp28-4.faa'
2024-10-10 19:36:27 | INFO | Convert Genbank object to CDS fasta file '/tmp/tmpe2nraqqe/UCT30H_lp28-4.faa'
2024-10-10 19:36:27 | INFO | Convert Genbank object to CDS fasta file '/tmp/tmpe2nraqqe/UCT110H_lp28-4.faa'
2024-10-10 19:36:27 | INFO | Convert Genbank object to CDS fasta file '/tmp/tmpe2nraqqe/UNY149P_B247_lp28-4.faa'
2024-10-10 19:36:27 | INFO | Convert Genbank object to CDS fasta file '/tmp/tmpe2nraqqe/UCT92H_lp28-4.faa'
2024-10-10 19:36:27 | INFO | Convert Genbank object to CDS fasta file '/tmp/tmpe2nraqqe/UCT32H_lp28-4.faa'
2024-10-10 19:36:27 | INFO | Convert Genbank object to CDS fasta file '/tmp/tmpe2nraqqe/URI47H_lp28-4.faa'
2024-10-10 19:36:27 | INFO | Convert Genbank object to CDS fasta file '/tmp/tmpe2nraqqe/URI93H_lp28-4.faa'
2024-10-10 19:36:27 | INFO | Convert Genbank object to CDS fasta file '/tmp/tmpe2nraqqe/URI107H_lp28-4.faa'
2024-10-10 19:36:27 | INFO | Convert Genbank object to CDS fasta file '/tmp/tmpe2nraqqe/URI87H_lp28-4.faa'
2024-10-10 19:36:27 | INFO | Convert Genbank object to CDS fasta file '/tmp/tmpe2nraqqe/UCT29H_lp28-4.faa'
2024-10-10 19:36:27 | INFO | Convert Genbank object to CDS fasta file '/tmp/tmpe2nraqqe/URI101H_lp28-4.faa'
2024-10-10 19:36:27 | INFO | Convert Genbank object to CDS fasta file '/tmp/tmpe2nraqqe/URI111H_lp28-4.faa'
2024-10-10 19:36:27 | INFO | Convert Genbank object to CDS fasta file '/tmp/tmpe2nraqqe/URI40H_lp28-4.faa'
2024-10-10 19:36:27 | INFO | ========== Start MMseqs RBH Search ==========
2024-10-10 19:36:27 | INFO | 01. MMseqs RBH Search 'URI39H_lp28-4' vs 'URI89H_lp28-4'
2024-10-10 19:36:27 | INFO | $ mmseqs easy-rbh '/tmp/tmpe2nraqqe/URI39H_lp28-4.faa' '/tmp/tmpe2nraqqe/URI89H_lp28-4.faa' '/tmp/tmpe2nraqqe/01_URI39H_lp28-4_vs_URI89H_lp28-4.tsv' /tmp/tmpe2nraqqe --threads 14 -e 0.001 -v 0
2024-10-10 19:36:29 | INFO | 02. MMseqs RBH Search 'URI89H_lp28-4' vs 'URI91H_lp28-4'
2024-10-10 19:36:29 | INFO | $ mmseqs easy-rbh '/tmp/tmpe2nraqqe/URI89H_lp28-4.faa' '/tmp/tmpe2nraqqe/URI91H_lp28-4.faa' '/tmp/tmpe2nraqqe/02_URI89H_lp28-4_vs_URI91H_lp28-4.tsv' /tmp/tmpe2nraqqe --threads 14 -e 0.001 -v 0
2024-10-10 19:36:31 | INFO | 03. MMseqs RBH Search 'URI91H_lp28-4' vs 'URI120H_lp28-4'
2024-10-10 19:36:31 | INFO | $ mmseqs easy-rbh '/tmp/tmpe2nraqqe/URI91H_lp28-4.faa' '/tmp/tmpe2nraqqe/URI120H_lp28-4.faa' '/tmp/tmpe2nraqqe/03_URI91H_lp28-4_vs_URI120H_lp28-4.tsv' /tmp/tmpe2nraqqe --threads 14 -e 0.001 -v 0
2024-10-10 19:36:33 | INFO | 04. MMseqs RBH Search 'URI120H_lp28-4' vs 'URI41H_lp28-4'
2024-10-10 19:36:33 | INFO | $ mmseqs easy-rbh '/tmp/tmpe2nraqqe/URI120H_lp28-4.faa' '/tmp/tmpe2nraqqe/URI41H_lp28-4.faa' '/tmp/tmpe2nraqqe/04_URI120H_lp28-4_vs_URI41H_lp28-4.tsv' /tmp/tmpe2nraqqe --threads 14 -e 0.001 -v 0
2024-10-10 19:36:34 | INFO | 05. MMseqs RBH Search 'URI41H_lp28-4' vs 'UCT31H_lp28-4'
2024-10-10 19:36:34 | INFO | $ mmseqs easy-rbh '/tmp/tmpe2nraqqe/URI41H_lp28-4.faa' '/tmp/tmpe2nraqqe/UCT31H_lp28-4.faa' '/tmp/tmpe2nraqqe/05_URI41H_lp28-4_vs_UCT31H_lp28-4.tsv' /tmp/tmpe2nraqqe --threads 14 -e 0.001 -v 0
2024-10-10 19:36:36 | INFO | 06. MMseqs RBH Search 'UCT31H_lp28-4' vs 'UCT96H_lp28-4'
2024-10-10 19:36:36 | INFO | $ mmseqs easy-rbh '/tmp/tmpe2nraqqe/UCT31H_lp28-4.faa' '/tmp/tmpe2nraqqe/UCT96H_lp28-4.faa' '/tmp/tmpe2nraqqe/06_UCT31H_lp28-4_vs_UCT96H_lp28-4.tsv' /tmp/tmpe2nraqqe --threads 14 -e 0.001 -v 0
2024-10-10 19:36:38 | INFO | 07. MMseqs RBH Search 'UCT96H_lp28-4' vs 'ESI26H_lp28-4'
2024-10-10 19:36:38 | INFO | $ mmseqs easy-rbh '/tmp/tmpe2nraqqe/UCT96H_lp28-4.faa' '/tmp/tmpe2nraqqe/ESI26H_lp28-4.faa' '/tmp/tmpe2nraqqe/07_UCT96H_lp28-4_vs_ESI26H_lp28-4.tsv' /tmp/tmpe2nraqqe --threads 14 -e 0.001 -v 0
2024-10-10 19:36:39 | INFO | 08. MMseqs RBH Search 'ESI26H_lp28-4' vs 'URI33H_lp28-4'
2024-10-10 19:36:39 | INFO | $ mmseqs easy-rbh '/tmp/tmpe2nraqqe/ESI26H_lp28-4.faa' '/tmp/tmpe2nraqqe/URI33H_lp28-4.faa' '/tmp/tmpe2nraqqe/08_ESI26H_lp28-4_vs_URI33H_lp28-4.tsv' /tmp/tmpe2nraqqe --threads 14 -e 0.001 -v 0
2024-10-10 19:36:41 | INFO | 09. MMseqs RBH Search 'URI33H_lp28-4' vs 'URI48H_lp28-4'
2024-10-10 19:36:41 | INFO | $ mmseqs easy-rbh '/tmp/tmpe2nraqqe/URI33H_lp28-4.faa' '/tmp/tmpe2nraqqe/URI48H_lp28-4.faa' '/tmp/tmpe2nraqqe/09_URI33H_lp28-4_vs_URI48H_lp28-4.tsv' /tmp/tmpe2nraqqe --threads 14 -e 0.001 -v 0
2024-10-10 19:36:43 | INFO | 10. MMseqs RBH Search 'URI48H_lp28-4' vs 'UNY172P_B356_lp28-4'
2024-10-10 19:36:43 | INFO | $ mmseqs easy-rbh '/tmp/tmpe2nraqqe/URI48H_lp28-4.faa' '/tmp/tmpe2nraqqe/UNY172P_B356_lp28-4.faa' '/tmp/tmpe2nraqqe/10_URI48H_lp28-4_vs_UNY172P_B356_lp28-4.tsv' /tmp/tmpe2nraqqe --threads 14 -e 0.001 -v 0
2024-10-10 19:36:45 | INFO | 11. MMseqs RBH Search 'UNY172P_B356_lp28-4' vs 'UWI283P_MC149_lp28-4'
2024-10-10 19:36:45 | INFO | $ mmseqs easy-rbh '/tmp/tmpe2nraqqe/UNY172P_B356_lp28-4.faa' '/tmp/tmpe2nraqqe/UWI283P_MC149_lp28-4.faa' '/tmp/tmpe2nraqqe/11_UNY172P_B356_lp28-4_vs_UWI283P_MC149_lp28-4.tsv' /tmp/tmpe2nraqqe --threads 14 -e 0.001 -v 0
2024-10-10 19:36:47 | INFO | 12. MMseqs RBH Search 'UWI283P_MC149_lp28-4' vs 'UCT50H_lp28-4'
2024-10-10 19:36:47 | INFO | $ mmseqs easy-rbh '/tmp/tmpe2nraqqe/UWI283P_MC149_lp28-4.faa' '/tmp/tmpe2nraqqe/UCT50H_lp28-4.faa' '/tmp/tmpe2nraqqe/12_UWI283P_MC149_lp28-4_vs_UCT50H_lp28-4.tsv' /tmp/tmpe2nraqqe --threads 14 -e 0.001 -v 0
2024-10-10 19:36:48 | INFO | 13. MMseqs RBH Search 'UCT50H_lp28-4' vs 'UNY169P_B348_lp28-4'
2024-10-10 19:36:48 | INFO | $ mmseqs easy-rbh '/tmp/tmpe2nraqqe/UCT50H_lp28-4.faa' '/tmp/tmpe2nraqqe/UNY169P_B348_lp28-4.faa' '/tmp/tmpe2nraqqe/13_UCT50H_lp28-4_vs_UNY169P_B348_lp28-4.tsv' /tmp/tmpe2nraqqe --threads 14 -e 0.001 -v 0
2024-10-10 19:36:50 | INFO | 14. MMseqs RBH Search 'UNY169P_B348_lp28-4' vs 'URI36H_lp28-4'
2024-10-10 19:36:50 | INFO | $ mmseqs easy-rbh '/tmp/tmpe2nraqqe/UNY169P_B348_lp28-4.faa' '/tmp/tmpe2nraqqe/URI36H_lp28-4.faa' '/tmp/tmpe2nraqqe/14_UNY169P_B348_lp28-4_vs_URI36H_lp28-4.tsv' /tmp/tmpe2nraqqe --threads 14 -e 0.001 -v 0
2024-10-10 19:36:52 | INFO | 15. MMseqs RBH Search 'URI36H_lp28-4' vs 'URI56H_lp28-4'
2024-10-10 19:36:52 | INFO | $ mmseqs easy-rbh '/tmp/tmpe2nraqqe/URI36H_lp28-4.faa' '/tmp/tmpe2nraqqe/URI56H_lp28-4.faa' '/tmp/tmpe2nraqqe/15_URI36H_lp28-4_vs_URI56H_lp28-4.tsv' /tmp/tmpe2nraqqe --threads 14 -e 0.001 -v 0
2024-10-10 19:36:54 | INFO | 16. MMseqs RBH Search 'URI56H_lp28-4' vs 'UNY193P_B477_lp28-4'
2024-10-10 19:36:54 | INFO | $ mmseqs easy-rbh '/tmp/tmpe2nraqqe/URI56H_lp28-4.faa' '/tmp/tmpe2nraqqe/UNY193P_B477_lp28-4.faa' '/tmp/tmpe2nraqqe/16_URI56H_lp28-4_vs_UNY193P_B477_lp28-4.tsv' /tmp/tmpe2nraqqe --threads 14 -e 0.001 -v 0
2024-10-10 19:36:55 | INFO | 17. MMseqs RBH Search 'UNY193P_B477_lp28-4' vs 'URI34H_lp28-4'
2024-10-10 19:36:55 | INFO | $ mmseqs easy-rbh '/tmp/tmpe2nraqqe/UNY193P_B477_lp28-4.faa' '/tmp/tmpe2nraqqe/URI34H_lp28-4.faa' '/tmp/tmpe2nraqqe/17_UNY193P_B477_lp28-4_vs_URI34H_lp28-4.tsv' /tmp/tmpe2nraqqe --threads 14 -e 0.001 -v 0
2024-10-10 19:36:57 | INFO | 18. MMseqs RBH Search 'URI34H_lp28-4' vs 'UCT35H_lp28-4'
2024-10-10 19:36:57 | INFO | $ mmseqs easy-rbh '/tmp/tmpe2nraqqe/URI34H_lp28-4.faa' '/tmp/tmpe2nraqqe/UCT35H_lp28-4.faa' '/tmp/tmpe2nraqqe/18_URI34H_lp28-4_vs_UCT35H_lp28-4.tsv' /tmp/tmpe2nraqqe --threads 14 -e 0.001 -v 0
2024-10-10 19:36:59 | INFO | 19. MMseqs RBH Search 'UCT35H_lp28-4' vs 'UWI247P_MC104_lp28-4'
2024-10-10 19:36:59 | INFO | $ mmseqs easy-rbh '/tmp/tmpe2nraqqe/UCT35H_lp28-4.faa' '/tmp/tmpe2nraqqe/UWI247P_MC104_lp28-4.faa' '/tmp/tmpe2nraqqe/19_UCT35H_lp28-4_vs_UWI247P_MC104_lp28-4.tsv' /tmp/tmpe2nraqqe --threads 14 -e 0.001 -v 0
2024-10-10 19:37:01 | INFO | 20. MMseqs RBH Search 'UWI247P_MC104_lp28-4' vs 'UWI248P_MC105_lp28-4'
2024-10-10 19:37:01 | INFO | $ mmseqs easy-rbh '/tmp/tmpe2nraqqe/UWI247P_MC104_lp28-4.faa' '/tmp/tmpe2nraqqe/UWI248P_MC105_lp28-4.faa' '/tmp/tmpe2nraqqe/20_UWI247P_MC104_lp28-4_vs_UWI248P_MC105_lp28-4.tsv' /tmp/tmpe2nraqqe --threads 14 -e 0.001 -v 0
2024-10-10 19:37:02 | INFO | 21. MMseqs RBH Search 'UWI248P_MC105_lp28-4' vs 'UCT113H_lp28-4'
2024-10-10 19:37:02 | INFO | $ mmseqs easy-rbh '/tmp/tmpe2nraqqe/UWI248P_MC105_lp28-4.faa' '/tmp/tmpe2nraqqe/UCT113H_lp28-4.faa' '/tmp/tmpe2nraqqe/21_UWI248P_MC105_lp28-4_vs_UCT113H_lp28-4.tsv' /tmp/tmpe2nraqqe --threads 14 -e 0.001 -v 0
2024-10-10 19:37:04 | INFO | 22. MMseqs RBH Search 'UCT113H_lp28-4' vs 'UNY208P_MR641_lp28-4'
2024-10-10 19:37:04 | INFO | $ mmseqs easy-rbh '/tmp/tmpe2nraqqe/UCT113H_lp28-4.faa' '/tmp/tmpe2nraqqe/UNY208P_MR641_lp28-4.faa' '/tmp/tmpe2nraqqe/22_UCT113H_lp28-4_vs_UNY208P_MR641_lp28-4.tsv' /tmp/tmpe2nraqqe --threads 14 -e 0.001 -v 0
2024-10-10 19:37:06 | INFO | 23. MMseqs RBH Search 'UNY208P_MR641_lp28-4' vs 'URI88H_lp28-4'
2024-10-10 19:37:06 | INFO | $ mmseqs easy-rbh '/tmp/tmpe2nraqqe/UNY208P_MR641_lp28-4.faa' '/tmp/tmpe2nraqqe/URI88H_lp28-4.faa' '/tmp/tmpe2nraqqe/23_UNY208P_MR641_lp28-4_vs_URI88H_lp28-4.tsv' /tmp/tmpe2nraqqe --threads 14 -e 0.001 -v 0
2024-10-10 19:37:07 | INFO | 24. MMseqs RBH Search 'URI88H_lp28-4' vs 'UWI263P_MC123_lp28-4'
2024-10-10 19:37:07 | INFO | $ mmseqs easy-rbh '/tmp/tmpe2nraqqe/URI88H_lp28-4.faa' '/tmp/tmpe2nraqqe/UWI263P_MC123_lp28-4.faa' '/tmp/tmpe2nraqqe/24_URI88H_lp28-4_vs_UWI263P_MC123_lp28-4.tsv' /tmp/tmpe2nraqqe --threads 14 -e 0.001 -v 0
2024-10-10 19:37:09 | INFO | 25. MMseqs RBH Search 'UWI263P_MC123_lp28-4' vs 'URI103H_lp28-4'
2024-10-10 19:37:09 | INFO | $ mmseqs easy-rbh '/tmp/tmpe2nraqqe/UWI263P_MC123_lp28-4.faa' '/tmp/tmpe2nraqqe/URI103H_lp28-4.faa' '/tmp/tmpe2nraqqe/25_UWI263P_MC123_lp28-4_vs_URI103H_lp28-4.tsv' /tmp/tmpe2nraqqe --threads 14 -e 0.001 -v 0
2024-10-10 19:37:11 | INFO | 26. MMseqs RBH Search 'URI103H_lp28-4' vs 'URI86H_lp28-4'
2024-10-10 19:37:11 | INFO | $ mmseqs easy-rbh '/tmp/tmpe2nraqqe/URI103H_lp28-4.faa' '/tmp/tmpe2nraqqe/URI86H_lp28-4.faa' '/tmp/tmpe2nraqqe/26_URI103H_lp28-4_vs_URI86H_lp28-4.tsv' /tmp/tmpe2nraqqe --threads 14 -e 0.001 -v 0
2024-10-10 19:37:13 | INFO | 27. MMseqs RBH Search 'URI86H_lp28-4' vs 'URI118H_lp28-4'
2024-10-10 19:37:13 | INFO | $ mmseqs easy-rbh '/tmp/tmpe2nraqqe/URI86H_lp28-4.faa' '/tmp/tmpe2nraqqe/URI118H_lp28-4.faa' '/tmp/tmpe2nraqqe/27_URI86H_lp28-4_vs_URI118H_lp28-4.tsv' /tmp/tmpe2nraqqe --threads 14 -e 0.001 -v 0
2024-10-10 19:37:15 | INFO | 28. MMseqs RBH Search 'URI118H_lp28-4' vs 'URI44H_lp28-4'
2024-10-10 19:37:15 | INFO | $ mmseqs easy-rbh '/tmp/tmpe2nraqqe/URI118H_lp28-4.faa' '/tmp/tmpe2nraqqe/URI44H_lp28-4.faa' '/tmp/tmpe2nraqqe/28_URI118H_lp28-4_vs_URI44H_lp28-4.tsv' /tmp/tmpe2nraqqe --threads 14 -e 0.001 -v 0
2024-10-10 19:37:16 | INFO | 29. MMseqs RBH Search 'URI44H_lp28-4' vs 'URI46H_lp28-4'
2024-10-10 19:37:16 | INFO | $ mmseqs easy-rbh '/tmp/tmpe2nraqqe/URI44H_lp28-4.faa' '/tmp/tmpe2nraqqe/URI46H_lp28-4.faa' '/tmp/tmpe2nraqqe/29_URI44H_lp28-4_vs_URI46H_lp28-4.tsv' /tmp/tmpe2nraqqe --threads 14 -e 0.001 -v 0
2024-10-10 19:37:18 | INFO | 30. MMseqs RBH Search 'URI46H_lp28-4' vs 'URI112H_lp28-4'
2024-10-10 19:37:18 | INFO | $ mmseqs easy-rbh '/tmp/tmpe2nraqqe/URI46H_lp28-4.faa' '/tmp/tmpe2nraqqe/URI112H_lp28-4.faa' '/tmp/tmpe2nraqqe/30_URI46H_lp28-4_vs_URI112H_lp28-4.tsv' /tmp/tmpe2nraqqe --threads 14 -e 0.001 -v 0
2024-10-10 19:37:20 | INFO | 31. MMseqs RBH Search 'URI112H_lp28-4' vs 'URI117H_lp28-4'
2024-10-10 19:37:20 | INFO | $ mmseqs easy-rbh '/tmp/tmpe2nraqqe/URI112H_lp28-4.faa' '/tmp/tmpe2nraqqe/URI117H_lp28-4.faa' '/tmp/tmpe2nraqqe/31_URI112H_lp28-4_vs_URI117H_lp28-4.tsv' /tmp/tmpe2nraqqe --threads 14 -e 0.001 -v 0
2024-10-10 19:37:22 | INFO | 32. MMseqs RBH Search 'URI117H_lp28-4' vs 'UCT30H_lp28-4'
2024-10-10 19:37:22 | INFO | $ mmseqs easy-rbh '/tmp/tmpe2nraqqe/URI117H_lp28-4.faa' '/tmp/tmpe2nraqqe/UCT30H_lp28-4.faa' '/tmp/tmpe2nraqqe/32_URI117H_lp28-4_vs_UCT30H_lp28-4.tsv' /tmp/tmpe2nraqqe --threads 14 -e 0.001 -v 0
2024-10-10 19:37:23 | INFO | 33. MMseqs RBH Search 'UCT30H_lp28-4' vs 'UCT110H_lp28-4'
2024-10-10 19:37:23 | INFO | $ mmseqs easy-rbh '/tmp/tmpe2nraqqe/UCT30H_lp28-4.faa' '/tmp/tmpe2nraqqe/UCT110H_lp28-4.faa' '/tmp/tmpe2nraqqe/33_UCT30H_lp28-4_vs_UCT110H_lp28-4.tsv' /tmp/tmpe2nraqqe --threads 14 -e 0.001 -v 0
2024-10-10 19:37:25 | INFO | 34. MMseqs RBH Search 'UCT110H_lp28-4' vs 'UNY149P_B247_lp28-4'
2024-10-10 19:37:25 | INFO | $ mmseqs easy-rbh '/tmp/tmpe2nraqqe/UCT110H_lp28-4.faa' '/tmp/tmpe2nraqqe/UNY149P_B247_lp28-4.faa' '/tmp/tmpe2nraqqe/34_UCT110H_lp28-4_vs_UNY149P_B247_lp28-4.tsv' /tmp/tmpe2nraqqe --threads 14 -e 0.001 -v 0
2024-10-10 19:37:27 | INFO | 35. MMseqs RBH Search 'UNY149P_B247_lp28-4' vs 'UCT92H_lp28-4'
2024-10-10 19:37:27 | INFO | $ mmseqs easy-rbh '/tmp/tmpe2nraqqe/UNY149P_B247_lp28-4.faa' '/tmp/tmpe2nraqqe/UCT92H_lp28-4.faa' '/tmp/tmpe2nraqqe/35_UNY149P_B247_lp28-4_vs_UCT92H_lp28-4.tsv' /tmp/tmpe2nraqqe --threads 14 -e 0.001 -v 0
2024-10-10 19:37:29 | INFO | 36. MMseqs RBH Search 'UCT92H_lp28-4' vs 'UCT32H_lp28-4'
2024-10-10 19:37:29 | INFO | $ mmseqs easy-rbh '/tmp/tmpe2nraqqe/UCT92H_lp28-4.faa' '/tmp/tmpe2nraqqe/UCT32H_lp28-4.faa' '/tmp/tmpe2nraqqe/36_UCT92H_lp28-4_vs_UCT32H_lp28-4.tsv' /tmp/tmpe2nraqqe --threads 14 -e 0.001 -v 0
2024-10-10 19:37:30 | INFO | 37. MMseqs RBH Search 'UCT32H_lp28-4' vs 'URI47H_lp28-4'
2024-10-10 19:37:30 | INFO | $ mmseqs easy-rbh '/tmp/tmpe2nraqqe/UCT32H_lp28-4.faa' '/tmp/tmpe2nraqqe/URI47H_lp28-4.faa' '/tmp/tmpe2nraqqe/37_UCT32H_lp28-4_vs_URI47H_lp28-4.tsv' /tmp/tmpe2nraqqe --threads 14 -e 0.001 -v 0
2024-10-10 19:37:32 | INFO | 38. MMseqs RBH Search 'URI47H_lp28-4' vs 'URI93H_lp28-4'
2024-10-10 19:37:32 | INFO | $ mmseqs easy-rbh '/tmp/tmpe2nraqqe/URI47H_lp28-4.faa' '/tmp/tmpe2nraqqe/URI93H_lp28-4.faa' '/tmp/tmpe2nraqqe/38_URI47H_lp28-4_vs_URI93H_lp28-4.tsv' /tmp/tmpe2nraqqe --threads 14 -e 0.001 -v 0
2024-10-10 19:37:34 | INFO | 39. MMseqs RBH Search 'URI93H_lp28-4' vs 'URI107H_lp28-4'
2024-10-10 19:37:34 | INFO | $ mmseqs easy-rbh '/tmp/tmpe2nraqqe/URI93H_lp28-4.faa' '/tmp/tmpe2nraqqe/URI107H_lp28-4.faa' '/tmp/tmpe2nraqqe/39_URI93H_lp28-4_vs_URI107H_lp28-4.tsv' /tmp/tmpe2nraqqe --threads 14 -e 0.001 -v 0
2024-10-10 19:37:36 | INFO | 40. MMseqs RBH Search 'URI107H_lp28-4' vs 'URI87H_lp28-4'
2024-10-10 19:37:36 | INFO | $ mmseqs easy-rbh '/tmp/tmpe2nraqqe/URI107H_lp28-4.faa' '/tmp/tmpe2nraqqe/URI87H_lp28-4.faa' '/tmp/tmpe2nraqqe/40_URI107H_lp28-4_vs_URI87H_lp28-4.tsv' /tmp/tmpe2nraqqe --threads 14 -e 0.001 -v 0
2024-10-10 19:37:37 | INFO | 41. MMseqs RBH Search 'URI87H_lp28-4' vs 'UCT29H_lp28-4'
2024-10-10 19:37:37 | INFO | $ mmseqs easy-rbh '/tmp/tmpe2nraqqe/URI87H_lp28-4.faa' '/tmp/tmpe2nraqqe/UCT29H_lp28-4.faa' '/tmp/tmpe2nraqqe/41_URI87H_lp28-4_vs_UCT29H_lp28-4.tsv' /tmp/tmpe2nraqqe --threads 14 -e 0.001 -v 0
2024-10-10 19:37:39 | INFO | 42. MMseqs RBH Search 'UCT29H_lp28-4' vs 'URI101H_lp28-4'
2024-10-10 19:37:39 | INFO | $ mmseqs easy-rbh '/tmp/tmpe2nraqqe/UCT29H_lp28-4.faa' '/tmp/tmpe2nraqqe/URI101H_lp28-4.faa' '/tmp/tmpe2nraqqe/42_UCT29H_lp28-4_vs_URI101H_lp28-4.tsv' /tmp/tmpe2nraqqe --threads 14 -e 0.001 -v 0
2024-10-10 19:37:41 | INFO | 43. MMseqs RBH Search 'URI101H_lp28-4' vs 'URI111H_lp28-4'
2024-10-10 19:37:41 | INFO | $ mmseqs easy-rbh '/tmp/tmpe2nraqqe/URI101H_lp28-4.faa' '/tmp/tmpe2nraqqe/URI111H_lp28-4.faa' '/tmp/tmpe2nraqqe/43_URI101H_lp28-4_vs_URI111H_lp28-4.tsv' /tmp/tmpe2nraqqe --threads 14 -e 0.001 -v 0
2024-10-10 19:37:43 | INFO | 44. MMseqs RBH Search 'URI111H_lp28-4' vs 'URI40H_lp28-4'
2024-10-10 19:37:43 | INFO | $ mmseqs easy-rbh '/tmp/tmpe2nraqqe/URI111H_lp28-4.faa' '/tmp/tmpe2nraqqe/URI40H_lp28-4.faa' '/tmp/tmpe2nraqqe/44_URI111H_lp28-4_vs_URI40H_lp28-4.tsv' /tmp/tmpe2nraqqe --threads 14 -e 0.001 -v 0
2024-10-10 19:37:44 | INFO | ========== Finish MMseqs RBH Search ==========
2024-10-10 19:37:44 | INFO | Write alignment result to 'lp28-4a/align_coords.tsv'
2024-10-10 19:37:44 | INFO | Filter alignment result by length_thr=100, identity_thr=70.0 evalue_thr=0.001
2024-10-10 19:37:46 | INFO | Plotting PNG format result...
2024-10-10 19:38:05 | INFO | Output result image file 'lp28-4a/result.png'
2024-10-10 19:38:05 | INFO | Plotting HTML format result...
2024-10-10 19:38:18 | INFO | Output result image file 'lp28-4a/result.html'
2024-10-10 19:38:18 | INFO | Done (elapsed time: 111.25[s])
