Bakta v1.10.0
Options and arguments:
	input: /home/mf019/longread_pangenome/expanded_dataset_analysis/results/v7_filtered_nsp/roary_v7_filtered_nsp/pan_genome_reference.fa
	db: /db, version 5.1, full
	translation table: 11
	taxon: Borrelia burgdorferi sensu-stricto
	gram: -
	output: /home/mf019/longread_pangenome/expanded_dataset_analysis/results/v7_filtered_nsp/bakta_v7_filtered_nsp
	force: True
	tmp directory: /tmp/tmpgh6_emn1
	keep/sequence headers: True
	prefix: roary_pangenome_v7_filtered_nsp
	threads: 359
	skip plot: True

Parse genome sequences...
	imported: 4760
	filtered & revised: 4760
	chromosomes: 1
	plasmids: 5
	contigs: 4754

Start annotation...
predict tRNAs...
	found: 0
predict tmRNAs...
	found: 0
predict rRNAs...
	found: 0
predict ncRNAs...
	found: 0
predict ncRNA regions...
	found: 1
predict CRISPR arrays...
	found: 0
predict & annotate CDSs...
	predicted: 4207 
	discarded spurious: 0
	revised translational exceptions: 0
	detected IPSs: 3226
	found PSCs: 585
	found PSCCs: 282
	lookup annotations...
	conduct expert systems...
		amrfinder: 1
		protein sequences: 57
	combine annotations and mark hypotheticals...
	detect pseudogenes...
		candidates: 111
		verified: 19
	analyze hypothetical proteins: 310
		detected Pfam hits: 25 
		calculated proteins statistics
	revise special cases...
detect & annotate sORF...
	detected: 42288
	discarded due to overlaps: 41172
	discarded spurious: 0
	detected IPSs: 1
	found PSCs: 0
	lookup annotations...
	filter and combine annotations...
	filtered sORFs: 1
detect gaps...
	found: 3
detect oriCs/oriVs...
	found: 0
detect oriTs...
	found: 0
apply feature overlap filters...
select features and create locus tags...
	selected: 4212
improve annotations...
	revised gene symbols: 6

Genome statistics:
	Genome size: 3,400,401 bp
	Contigs/replicons: 4760
	GC: 30.2 %
	N50: 876
	N ratio: 0.0 %
	coding density: 96.2 %

annotation summary:
	tRNAs: 0
	tmRNAs: 0
	rRNAs: 0
	ncRNAs: 0
	ncRNA regions: 1
	CRISPR arrays: 0
	CDSs: 4207
		hypotheticals: 310
		pseudogenes: 19
	sORFs: 1
	gaps: 3
	oriCs/oriVs: 0
	oriTs: 0

Export annotation results to: /home/mf019/longread_pangenome/expanded_dataset_analysis/results/v7_filtered_nsp/bakta_v7_filtered_nsp
	human readable TSV...
	GFF3...
	INSDC GenBank & EMBL...
	genome sequences...
	feature nucleotide sequences...
	translated CDS sequences...
	feature inferences...
	skip generation of circular genome plot...
	hypothetical TSV...
	translated hypothetical CDS sequences...
	machine readable JSON...
	Genome and annotation summary...

If you use these results please cite Bakta: https://doi.org/10.1099/mgen.0.000685
Annotation successfully finished in 126:02 [mm:ss].
