/quast-5.2.0/quast.py -t 64 /home/mf019/longread_pangenome/expanded_dataset_analysis/assemblies/GCA_032595515.1_ASM3259551v1_genomic/GCA_032595515.1_ASM3259551v1_genomic.fna -r ref/GCF_000008685.2_ASM868v2_genomic.fna -g ref/GCF_000008685.2_ASM868v2_genomic.gff --gene-finding --circos -o /home/mf019/longread_pangenome/expanded_dataset_analysis/reports/quast/GCA_032595515.1_ASM3259551v1_genomic

Version: 5.2.0

System information:
  OS: Linux-6.1.0-27-cloud-amd64-x86_64-with-Ubuntu-20.04-focal (linux_64)
  Python version: 2.7.18
  CPUs number: 64

Started: 2024-11-21 23:28:30

Logging to /home/mf019/longread_pangenome/expanded_dataset_analysis/reports/quast/GCA_032595515.1_ASM3259551v1_genomic/quast.log

CWD: /home/mf019/longread_pangenome
Main parameters: 
  MODE: default, threads: 64, min contig length: 500, min alignment length: 65, min alignment IDY: 95.0, \
  ambiguity: one, min local misassembly length: 200, min extensive misassembly length: 1000

Reference:
  /home/mf019/longread_pangenome/ref/GCF_000008685.2_ASM868v2_genomic.fna ==> GCF_000008685.2_ASM868v2_genomic

Contigs:
  Pre-processing...
  /home/mf019/longread_pangenome/expanded_dataset_analysis/assemblies/GCA_032595515.1_ASM3259551v1_genomic/GCA_032595515.1_ASM3259551v1_genomic.fna ==> GCA_032595515.1_ASM3259551v1_genomic

2024-11-21 23:28:30
Running Basic statistics processor...
  Reference genome:
    GCF_000008685.2_ASM868v2_genomic.fna, length = 1521208, num fragments = 22, GC % = 28.18
  Contig files: 
    GCA_032595515.1_ASM3259551v1_genomic
  Calculating N50 and L50...
    GCA_032595515.1_ASM3259551v1_genomic, N50 = 911399, L50 = 1, auN = 830273.7, Total length = 1004596, GC % = 28.40, # N's per 100 kbp =  982.88
  Drawing Nx plot...
    saved to /home/mf019/longread_pangenome/expanded_dataset_analysis/reports/quast/GCA_032595515.1_ASM3259551v1_genomic/basic_stats/Nx_plot.pdf
  Drawing NGx plot...
    saved to /home/mf019/longread_pangenome/expanded_dataset_analysis/reports/quast/GCA_032595515.1_ASM3259551v1_genomic/basic_stats/NGx_plot.pdf
  Drawing cumulative plot...
    saved to /home/mf019/longread_pangenome/expanded_dataset_analysis/reports/quast/GCA_032595515.1_ASM3259551v1_genomic/basic_stats/cumulative_plot.pdf
  Drawing GC content plot...
    saved to /home/mf019/longread_pangenome/expanded_dataset_analysis/reports/quast/GCA_032595515.1_ASM3259551v1_genomic/basic_stats/GC_content_plot.pdf
  Drawing GCA_032595515.1_ASM3259551v1_genomic GC content plot...
    saved to /home/mf019/longread_pangenome/expanded_dataset_analysis/reports/quast/GCA_032595515.1_ASM3259551v1_genomic/basic_stats/GCA_032595515.1_ASM3259551v1_genomic_GC_content_plot.pdf
Done.

2024-11-21 23:28:31
Running Contig analyzer...
  GCA_032595515.1_ASM3259551v1_genomic
  Logging to files /home/mf019/longread_pangenome/expanded_dataset_analysis/reports/quast/GCA_032595515.1_ASM3259551v1_genomic/contigs_reports/contigs_report_GCA_032595515-1_ASM3259551v1_genomic.stdout and contigs_report_GCA_032595515-1_ASM3259551v1_genomic.stderr...
  Aligning contigs to the reference
  /quast-5.2.0/quast_libs/minimap2/minimap2 -c -x asm10 -B5 -O4,16 --no-long-join \
  -r 200 -N 50 -s 65 -z 200 --mask-level 0.9 --min-occ 200 -g 2500 --score-N 2 --cs \
  -t 64 expanded_dataset_analysis/reports/quast/GCA_032595515.1_ASM3259551v1_genomic/quast_corrected_input/GCF_000008685.2_ASM868v2_genomic.fna \
  expanded_dataset_analysis/reports/quast/GCA_032595515.1_ASM3259551v1_genomic/quast_corrected_input/GCA_032595515-1_ASM3259551v1_genomic.fna \
  > expanded_dataset_analysis/reports/quast/GCA_032595515.1_ASM3259551v1_genomic/contigs_reports/minimap_output/GCA_032595515-1_ASM3259551v1_genomic.coords_tmp \
  2>> expanded_dataset_analysis/reports/quast/GCA_032595515.1_ASM3259551v1_genomic/contigs_reports/contigs_report_GCA_032595515-1_ASM3259551v1_genomic.stderr
  Analysis is finished.

  Creating total report...
    saved to /home/mf019/longread_pangenome/expanded_dataset_analysis/reports/quast/GCA_032595515.1_ASM3259551v1_genomic/contigs_reports/misassemblies_report.txt, misassemblies_report.tsv, and misassemblies_report.tex
  Transposed version of total report...
    saved to /home/mf019/longread_pangenome/expanded_dataset_analysis/reports/quast/GCA_032595515.1_ASM3259551v1_genomic/contigs_reports/transposed_report_misassemblies.txt, transposed_report_misassemblies.tsv, and transposed_report_misassemblies.tex
  Creating total report...
    saved to /home/mf019/longread_pangenome/expanded_dataset_analysis/reports/quast/GCA_032595515.1_ASM3259551v1_genomic/contigs_reports/unaligned_report.txt, unaligned_report.tsv, and unaligned_report.tex
  Drawing misassemblies by types plot...
    saved to /home/mf019/longread_pangenome/expanded_dataset_analysis/reports/quast/GCA_032595515.1_ASM3259551v1_genomic/contigs_reports/misassemblies_plot.pdf
  Drawing misassemblies FRCurve plot...
    saved to /home/mf019/longread_pangenome/expanded_dataset_analysis/reports/quast/GCA_032595515.1_ASM3259551v1_genomic/contigs_reports/misassemblies_frcurve_plot.pdf
Done.

2024-11-21 23:28:32
Running NA-NGA calculation...
  GCA_032595515.1_ASM3259551v1_genomic, Largest alignment = 901525, NA50 = 901525, NGA50 = 901525, LA50 = 1, LGA50 = 1
  Drawing cumulative plot...
    saved to /home/mf019/longread_pangenome/expanded_dataset_analysis/reports/quast/GCA_032595515.1_ASM3259551v1_genomic/aligned_stats/cumulative_plot.pdf
  Drawing NAx plot...
    saved to /home/mf019/longread_pangenome/expanded_dataset_analysis/reports/quast/GCA_032595515.1_ASM3259551v1_genomic/aligned_stats/NAx_plot.pdf
  Drawing NGAx plot...
    saved to /home/mf019/longread_pangenome/expanded_dataset_analysis/reports/quast/GCA_032595515.1_ASM3259551v1_genomic/aligned_stats/NGAx_plot.pdf
Done.

2024-11-21 23:28:32
Running Genome analyzer...
  NOTICE: No file with operons were provided. Use the -O option if you want to specify it.
  Loaded 1693 genomic features of type "ANY"
  GCA_032595515.1_ASM3259551v1_genomic
  Analysis is finished.
  Drawing genomic features cumulative plot...
    saved to /home/mf019/longread_pangenome/expanded_dataset_analysis/reports/quast/GCA_032595515.1_ASM3259551v1_genomic/genome_stats/features_cumulative_plot.pdf
  Drawing genomic features FRCurve plot...
    saved to /home/mf019/longread_pangenome/expanded_dataset_analysis/reports/quast/GCA_032595515.1_ASM3259551v1_genomic/genome_stats/features_frcurve_plot.pdf
  Skipping drawing # complete genomic features histogram... (less than 2 columns histogram makes no sense)
  Skipping drawing Genome fraction, % histogram... (less than 2 columns histogram makes no sense)
Done.

2024-11-21 23:28:32
Running GeneMarkS...
  GCA_032595515.1_ASM3259551v1_genomic
    perl /quast-5.2.0/quast_libs/genemark/linux_64/gmsn.pl --name GCA_032595515-1_ASM3259551v1_genomic \
    --clean --out expanded_dataset_analysis/reports/quast/GCA_032595515.1_ASM3259551v1_genomic/predicted_genes/tmp/tmpYy79ca \
    expanded_dataset_analysis/reports/quast/GCA_032595515.1_ASM3259551v1_genomic/quast_corrected_input/GCA_032595515-1_ASM3259551v1_genomic.fna \
    > expanded_dataset_analysis/reports/quast/GCA_032595515.1_ASM3259551v1_genomic/predicted_genes/GCA_032595515-1_ASM3259551v1_genomic_genemark.stderr \
    2> expanded_dataset_analysis/reports/quast/GCA_032595515.1_ASM3259551v1_genomic/predicted_genes/GCA_032595515-1_ASM3259551v1_genomic_genemark.stderr
    The tool returned non-zero. See expanded_dataset_analysis/reports/quast/GCA_032595515.1_ASM3259551v1_genomic/predicted_genes/GCA_032595515-1_ASM3259551v1_genomic_genemark.stderr for stderr.

WARNING: License period for GeneMark has ended! 
To update license, please visit http://exon.gatech.edu/GeneMark/license_download.cgi page and fill in the form.
You should choose GeneMarkS tool and your operating system (note that GeneMark is free for non-commercial use).
Download the license key and replace your ~/.gm_key with the updated version. After that you can restart QUAST.


NOTICE: Genes are not predicted by default. Use --gene-finding or --glimmer option to enable it.

2024-11-21 23:28:33
Creating large visual summaries...
This may take a while: press Ctrl-C to skip this step..
  1 of 3: Creating PDF with all tables and plots...
  2 of 3: Creating Icarus viewers...
  3 of 3: Creating Circos plot...
WARNING: Circos is not installed!
If you want to create Circos plots, install Circos as described at http://circos.ca/tutorials/lessons/configuration/distribution_and_installation and run the following command:
	circos -conf /home/mf019/longread_pangenome/expanded_dataset_analysis/reports/quast/GCA_032595515.1_ASM3259551v1_genomic/circos/circos.conf
The plot legend is saved to /home/mf019/longread_pangenome/expanded_dataset_analysis/reports/quast/GCA_032595515.1_ASM3259551v1_genomic/circos/legend.txt

Done

2024-11-21 23:28:33
RESULTS:
  Text versions of total report are saved to /home/mf019/longread_pangenome/expanded_dataset_analysis/reports/quast/GCA_032595515.1_ASM3259551v1_genomic/report.txt, report.tsv, and report.tex
  Text versions of transposed total report are saved to /home/mf019/longread_pangenome/expanded_dataset_analysis/reports/quast/GCA_032595515.1_ASM3259551v1_genomic/transposed_report.txt, transposed_report.tsv, and transposed_report.tex
  HTML version (interactive tables and plots) is saved to /home/mf019/longread_pangenome/expanded_dataset_analysis/reports/quast/GCA_032595515.1_ASM3259551v1_genomic/report.html
  PDF version (tables and plots) is saved to /home/mf019/longread_pangenome/expanded_dataset_analysis/reports/quast/GCA_032595515.1_ASM3259551v1_genomic/report.pdf
  Icarus (contig browser) is saved to /home/mf019/longread_pangenome/expanded_dataset_analysis/reports/quast/GCA_032595515.1_ASM3259551v1_genomic/icarus.html
  Log is saved to /home/mf019/longread_pangenome/expanded_dataset_analysis/reports/quast/GCA_032595515.1_ASM3259551v1_genomic/quast.log

Finished: 2024-11-21 23:28:33
Elapsed time: 0:00:03.738224
NOTICEs: 2; WARNINGs: 2; non-fatal ERRORs: 0

Thank you for using QUAST!
