2024-10-10 19:00:22 | INFO | Run pyGenomeViz v1.3.0 CLI workflow (pgv-mmseqs)
2024-10-10 19:00:22 | INFO | $ pgv-mmseqs -q --threads=14 /home/mf019/longread_pangenome/synteny/pgv-interesting-mosaicism/temp/tmp5ojaes5j/URI39H_lp28-4.gbff /home/mf019/longread_pangenome/synteny/pgv-interesting-mosaicism/temp/tmprw0l68mj/URI89H_lp28-4.gbff /home/mf019/longread_pangenome/synteny/pgv-interesting-mosaicism/temp/tmppoua9s3j/URI91H_lp28-4.gbff /home/mf019/longread_pangenome/synteny/pgv-interesting-mosaicism/temp/tmpf64ccks2/URI120H_lp28-4.gbff /home/mf019/longread_pangenome/synteny/pgv-interesting-mosaicism/temp/tmpn3p2r4ph/URI41H_lp28-4.gbff /home/mf019/longread_pangenome/synteny/pgv-interesting-mosaicism/temp/tmpvm6hw9_g/UCT31H_lp28-4.gbff /home/mf019/longread_pangenome/synteny/pgv-interesting-mosaicism/temp/tmpmxh3vudv/UCT96H_lp28-4.gbff /home/mf019/longread_pangenome/synteny/pgv-interesting-mosaicism/temp/tmpk08y1xoh/ESI26H_lp28-4.gbff /home/mf019/longread_pangenome/synteny/pgv-interesting-mosaicism/temp/tmp2wpup0n1/URI33H_lp28-4.gbff /home/mf019/longread_pangenome/synteny/pgv-interesting-mosaicism/temp/tmp67mmpufc/URI48H_lp28-4.gbff /home/mf019/longread_pangenome/synteny/pgv-interesting-mosaicism/temp/tmpt9oi8ryy/UNY172P_B356_lp28-4 /home/mf019/longread_pangenome/synteny/pgv-interesting-mosaicism/temp/tmpk1ewktro/UWI283P_MC149_lp28-4 /home/mf019/longread_pangenome/synteny/pgv-interesting-mosaicism/temp/tmpi88eq7mi/UCT50H_lp28-4.gbff /home/mf019/longread_pangenome/synteny/pgv-interesting-mosaicism/temp/tmplxfw5euq/UNY169P_B348_lp28-4 /home/mf019/longread_pangenome/synteny/pgv-interesting-mosaicism/temp/tmpedrp0zyd/URI36H_lp28-4.gbff /home/mf019/longread_pangenome/synteny/pgv-interesting-mosaicism/temp/tmp46584r36/URI56H_lp28-4.gbff /home/mf019/longread_pangenome/synteny/pgv-interesting-mosaicism/temp/tmpitajr2dv/URI56H_lp28-4.gbff /home/mf019/longread_pangenome/synteny/pgv-interesting-mosaicism/temp/tmpn6w14u69/UNY193P_B477_lp28-4 /home/mf019/longread_pangenome/synteny/pgv-interesting-mosaicism/temp/tmpi0x3boof/URI34H_lp28-4.gbff /home/mf019/longread_pangenome/synteny/pgv-interesting-mosaicism/temp/tmpmavoypbm/UCT35H_lp28-4.gbff /home/mf019/longread_pangenome/synteny/pgv-interesting-mosaicism/temp/tmpy49lfgol/UWI247P_MC104_lp28-4 /home/mf019/longread_pangenome/synteny/pgv-interesting-mosaicism/temp/tmpj21e_xvv/UWI248P_MC105_lp28-4 /home/mf019/longread_pangenome/synteny/pgv-interesting-mosaicism/temp/tmpcin_dcle/UCT113H_lp28-4.gbff /home/mf019/longread_pangenome/synteny/pgv-interesting-mosaicism/temp/tmpgf3fd_6_/UCT113H_lp28-4.gbff /home/mf019/longread_pangenome/synteny/pgv-interesting-mosaicism/temp/tmpp0uxm26m/UNY208P_MR641_lp28-4 /home/mf019/longread_pangenome/synteny/pgv-interesting-mosaicism/temp/tmpzmzleoiz/URI88H_lp28-4.gbff /home/mf019/longread_pangenome/synteny/pgv-interesting-mosaicism/temp/tmp7ed4vxgg/UWI263P_MC123_lp28-4 /home/mf019/longread_pangenome/synteny/pgv-interesting-mosaicism/temp/tmps_pu7zki/URI103H_lp28-4.gbff /home/mf019/longread_pangenome/synteny/pgv-interesting-mosaicism/temp/tmpf8gd7ui1/URI86H_lp28-4.gbff /home/mf019/longread_pangenome/synteny/pgv-interesting-mosaicism/temp/tmp1fo204il/URI86H_lp28-4.gbff /home/mf019/longread_pangenome/synteny/pgv-interesting-mosaicism/temp/tmp9y4912b_/URI118H_lp28-4.gbff /home/mf019/longread_pangenome/synteny/pgv-interesting-mosaicism/temp/tmpgc_926ee/URI44H_lp28-4.gbff /home/mf019/longread_pangenome/synteny/pgv-interesting-mosaicism/temp/tmp2jpkodz5/URI46H_lp28-4.gbff /home/mf019/longread_pangenome/synteny/pgv-interesting-mosaicism/temp/tmphelvlao5/URI46H_lp28-4.gbff /home/mf019/longread_pangenome/synteny/pgv-interesting-mosaicism/temp/tmpzcesiob4/URI112H_lp28-4.gbff /home/mf019/longread_pangenome/synteny/pgv-interesting-mosaicism/temp/tmplyb1az2c/URI117H_lp28-4.gbff /home/mf019/longread_pangenome/synteny/pgv-interesting-mosaicism/temp/tmpnkc1f9le/UCT30H_lp28-4.gbff /home/mf019/longread_pangenome/synteny/pgv-interesting-mosaicism/temp/tmpci0za3ms/UCT30H_lp28-4.gbff /home/mf019/longread_pangenome/synteny/pgv-interesting-mosaicism/temp/tmpjb09l8ev/UCT110H_lp28-4.gbff /home/mf019/longread_pangenome/synteny/pgv-interesting-mosaicism/temp/tmpot2ycudh/UNY149P_B247_lp28-4 /home/mf019/longread_pangenome/synteny/pgv-interesting-mosaicism/temp/tmpmm2rsws7/UCT92H_lp28-4.gbff /home/mf019/longread_pangenome/synteny/pgv-interesting-mosaicism/temp/tmpaw99klc_/UCT92H_lp28-4.gbff /home/mf019/longread_pangenome/synteny/pgv-interesting-mosaicism/temp/tmp05_62dot/UCT32H_lp28-4.gbff /home/mf019/longread_pangenome/synteny/pgv-interesting-mosaicism/temp/tmpsf17885m/UCT32H_lp28-4.gbff /home/mf019/longread_pangenome/synteny/pgv-interesting-mosaicism/temp/tmp8hhs_5bg/URI47H_lp28-4.gbff /home/mf019/longread_pangenome/synteny/pgv-interesting-mosaicism/temp/tmp49bghu2e/URI47H_lp28-4.gbff /home/mf019/longread_pangenome/synteny/pgv-interesting-mosaicism/temp/tmplj6som3h/URI93H_lp28-4.gbff /home/mf019/longread_pangenome/synteny/pgv-interesting-mosaicism/temp/tmpc5c3y1fw/URI107H_lp28-4.gbff /home/mf019/longread_pangenome/synteny/pgv-interesting-mosaicism/temp/tmp9r27eald/URI87H_lp28-4.gbff /home/mf019/longread_pangenome/synteny/pgv-interesting-mosaicism/temp/tmplxhdngp9/UCT29H_lp28-4.gbff /home/mf019/longread_pangenome/synteny/pgv-interesting-mosaicism/temp/tmp5u80ckgq/URI101H_lp28-4.gbff /home/mf019/longread_pangenome/synteny/pgv-interesting-mosaicism/temp/tmp4o0gv_5p/URI111H_lp28-4.gbff /home/mf019/longread_pangenome/synteny/pgv-interesting-mosaicism/temp/tmp5gnx6__8/URI40H_lp28-4.gbff -o lp28-4 --show_scale_bar --curve --length_thr=100 --identity_thr=70
2024-10-10 19:00:22 | INFO | Operating System: linux
2024-10-10 19:00:22 | INFO | Python Version: v3.12.2
2024-10-10 19:00:22 | INFO | Check Dependencies: matplotlib v3.8.4
2024-10-10 19:00:22 | INFO | Check Dependencies: biopython v1.83
2024-10-10 19:00:22 | INFO | Parameters: seqs=['/home/mf019/longread_pangenome/synteny/pgv-interesting-mosaicism/temp/tmp5ojaes5j/URI39H_lp28-4.gbff', '/home/mf019/longread_pangenome/synteny/pgv-interesting-mosaicism/temp/tmprw0l68mj/URI89H_lp28-4.gbff', '/home/mf019/longread_pangenome/synteny/pgv-interesting-mosaicism/temp/tmppoua9s3j/URI91H_lp28-4.gbff', '/home/mf019/longread_pangenome/synteny/pgv-interesting-mosaicism/temp/tmpf64ccks2/URI120H_lp28-4.gbff', '/home/mf019/longread_pangenome/synteny/pgv-interesting-mosaicism/temp/tmpn3p2r4ph/URI41H_lp28-4.gbff', '/home/mf019/longread_pangenome/synteny/pgv-interesting-mosaicism/temp/tmpvm6hw9_g/UCT31H_lp28-4.gbff', '/home/mf019/longread_pangenome/synteny/pgv-interesting-mosaicism/temp/tmpmxh3vudv/UCT96H_lp28-4.gbff', '/home/mf019/longread_pangenome/synteny/pgv-interesting-mosaicism/temp/tmpk08y1xoh/ESI26H_lp28-4.gbff', '/home/mf019/longread_pangenome/synteny/pgv-interesting-mosaicism/temp/tmp2wpup0n1/URI33H_lp28-4.gbff', '/home/mf019/longread_pangenome/synteny/pgv-interesting-mosaicism/temp/tmp67mmpufc/URI48H_lp28-4.gbff', '/home/mf019/longread_pangenome/synteny/pgv-interesting-mosaicism/temp/tmpt9oi8ryy/UNY172P_B356_lp28-4', '/home/mf019/longread_pangenome/synteny/pgv-interesting-mosaicism/temp/tmpk1ewktro/UWI283P_MC149_lp28-4', '/home/mf019/longread_pangenome/synteny/pgv-interesting-mosaicism/temp/tmpi88eq7mi/UCT50H_lp28-4.gbff', '/home/mf019/longread_pangenome/synteny/pgv-interesting-mosaicism/temp/tmplxfw5euq/UNY169P_B348_lp28-4', '/home/mf019/longread_pangenome/synteny/pgv-interesting-mosaicism/temp/tmpedrp0zyd/URI36H_lp28-4.gbff', '/home/mf019/longread_pangenome/synteny/pgv-interesting-mosaicism/temp/tmp46584r36/URI56H_lp28-4.gbff', '/home/mf019/longread_pangenome/synteny/pgv-interesting-mosaicism/temp/tmpitajr2dv/URI56H_lp28-4.gbff', '/home/mf019/longread_pangenome/synteny/pgv-interesting-mosaicism/temp/tmpn6w14u69/UNY193P_B477_lp28-4', '/home/mf019/longread_pangenome/synteny/pgv-interesting-mosaicism/temp/tmpi0x3boof/URI34H_lp28-4.gbff', '/home/mf019/longread_pangenome/synteny/pgv-interesting-mosaicism/temp/tmpmavoypbm/UCT35H_lp28-4.gbff', '/home/mf019/longread_pangenome/synteny/pgv-interesting-mosaicism/temp/tmpy49lfgol/UWI247P_MC104_lp28-4', '/home/mf019/longread_pangenome/synteny/pgv-interesting-mosaicism/temp/tmpj21e_xvv/UWI248P_MC105_lp28-4', '/home/mf019/longread_pangenome/synteny/pgv-interesting-mosaicism/temp/tmpcin_dcle/UCT113H_lp28-4.gbff', '/home/mf019/longread_pangenome/synteny/pgv-interesting-mosaicism/temp/tmpgf3fd_6_/UCT113H_lp28-4.gbff', '/home/mf019/longread_pangenome/synteny/pgv-interesting-mosaicism/temp/tmpp0uxm26m/UNY208P_MR641_lp28-4', '/home/mf019/longread_pangenome/synteny/pgv-interesting-mosaicism/temp/tmpzmzleoiz/URI88H_lp28-4.gbff', '/home/mf019/longread_pangenome/synteny/pgv-interesting-mosaicism/temp/tmp7ed4vxgg/UWI263P_MC123_lp28-4', '/home/mf019/longread_pangenome/synteny/pgv-interesting-mosaicism/temp/tmps_pu7zki/URI103H_lp28-4.gbff', '/home/mf019/longread_pangenome/synteny/pgv-interesting-mosaicism/temp/tmpf8gd7ui1/URI86H_lp28-4.gbff', '/home/mf019/longread_pangenome/synteny/pgv-interesting-mosaicism/temp/tmp1fo204il/URI86H_lp28-4.gbff', '/home/mf019/longread_pangenome/synteny/pgv-interesting-mosaicism/temp/tmp9y4912b_/URI118H_lp28-4.gbff', '/home/mf019/longread_pangenome/synteny/pgv-interesting-mosaicism/temp/tmpgc_926ee/URI44H_lp28-4.gbff', '/home/mf019/longread_pangenome/synteny/pgv-interesting-mosaicism/temp/tmp2jpkodz5/URI46H_lp28-4.gbff', '/home/mf019/longread_pangenome/synteny/pgv-interesting-mosaicism/temp/tmphelvlao5/URI46H_lp28-4.gbff', '/home/mf019/longread_pangenome/synteny/pgv-interesting-mosaicism/temp/tmpzcesiob4/URI112H_lp28-4.gbff', '/home/mf019/longread_pangenome/synteny/pgv-interesting-mosaicism/temp/tmplyb1az2c/URI117H_lp28-4.gbff', '/home/mf019/longread_pangenome/synteny/pgv-interesting-mosaicism/temp/tmpnkc1f9le/UCT30H_lp28-4.gbff', '/home/mf019/longread_pangenome/synteny/pgv-interesting-mosaicism/temp/tmpci0za3ms/UCT30H_lp28-4.gbff', '/home/mf019/longread_pangenome/synteny/pgv-interesting-mosaicism/temp/tmpjb09l8ev/UCT110H_lp28-4.gbff', '/home/mf019/longread_pangenome/synteny/pgv-interesting-mosaicism/temp/tmpot2ycudh/UNY149P_B247_lp28-4', '/home/mf019/longread_pangenome/synteny/pgv-interesting-mosaicism/temp/tmpmm2rsws7/UCT92H_lp28-4.gbff', '/home/mf019/longread_pangenome/synteny/pgv-interesting-mosaicism/temp/tmpaw99klc_/UCT92H_lp28-4.gbff', '/home/mf019/longread_pangenome/synteny/pgv-interesting-mosaicism/temp/tmp05_62dot/UCT32H_lp28-4.gbff', '/home/mf019/longread_pangenome/synteny/pgv-interesting-mosaicism/temp/tmpsf17885m/UCT32H_lp28-4.gbff', '/home/mf019/longread_pangenome/synteny/pgv-interesting-mosaicism/temp/tmp8hhs_5bg/URI47H_lp28-4.gbff', '/home/mf019/longread_pangenome/synteny/pgv-interesting-mosaicism/temp/tmp49bghu2e/URI47H_lp28-4.gbff', '/home/mf019/longread_pangenome/synteny/pgv-interesting-mosaicism/temp/tmplj6som3h/URI93H_lp28-4.gbff', '/home/mf019/longread_pangenome/synteny/pgv-interesting-mosaicism/temp/tmpc5c3y1fw/URI107H_lp28-4.gbff', '/home/mf019/longread_pangenome/synteny/pgv-interesting-mosaicism/temp/tmp9r27eald/URI87H_lp28-4.gbff', '/home/mf019/longread_pangenome/synteny/pgv-interesting-mosaicism/temp/tmplxhdngp9/UCT29H_lp28-4.gbff', '/home/mf019/longread_pangenome/synteny/pgv-interesting-mosaicism/temp/tmp5u80ckgq/URI101H_lp28-4.gbff', '/home/mf019/longread_pangenome/synteny/pgv-interesting-mosaicism/temp/tmp4o0gv_5p/URI111H_lp28-4.gbff', '/home/mf019/longread_pangenome/synteny/pgv-interesting-mosaicism/temp/tmp5gnx6__8/URI40H_lp28-4.gbff']
2024-10-10 19:00:22 | INFO | Parameters: outdir='lp28-4'
2024-10-10 19:00:22 | INFO | Parameters: formats=('png', 'html')
2024-10-10 19:00:22 | INFO | Parameters: reuse=False
2024-10-10 19:00:22 | INFO | Parameters: quiet=True
2024-10-10 19:00:22 | INFO | Parameters: debug=False
2024-10-10 19:00:22 | INFO | Parameters: threads=14
2024-10-10 19:00:22 | INFO | Parameters: length_thr=100
2024-10-10 19:00:22 | INFO | Parameters: identity_thr=70.0
2024-10-10 19:00:22 | INFO | Parameters: evalue_thr=0.001
2024-10-10 19:00:22 | INFO | Parameters: fig_width=15
2024-10-10 19:00:22 | INFO | Parameters: fig_track_height=1.0
2024-10-10 19:00:22 | INFO | Parameters: track_align_type='center'
2024-10-10 19:00:22 | INFO | Parameters: feature_track_ratio=0.25
2024-10-10 19:00:22 | INFO | Parameters: show_scale_bar=True
2024-10-10 19:00:22 | INFO | Parameters: show_scale_xticks=False
2024-10-10 19:00:22 | INFO | Parameters: curve=True
2024-10-10 19:00:22 | INFO | Parameters: dpi=300
2024-10-10 19:00:22 | INFO | Parameters: track_labelsize=20
2024-10-10 19:00:22 | INFO | Parameters: scale_labelsize=15
2024-10-10 19:00:22 | INFO | Parameters: normal_link_color='grey'
2024-10-10 19:00:22 | INFO | Parameters: inverted_link_color='red'
2024-10-10 19:00:22 | INFO | Parameters: segment_space=0.02
2024-10-10 19:00:22 | INFO | Parameters: feature_type2color={'CDS': 'orange'}
2024-10-10 19:00:22 | INFO | Parameters: pseudo_color='lightgrey'
2024-10-10 19:00:22 | INFO | Parameters: feature_plotstyle='arrow'
2024-10-10 19:00:22 | INFO | Parameters: feature_linewidth=0.0
2024-10-10 19:00:22 | INFO | Parameters: feature_labeltrack='top'
2024-10-10 19:00:22 | INFO | Parameters: feature_labeltype=None
2024-10-10 19:00:22 | INFO | Parameters: feature_labelsize=8
2024-10-10 19:00:22 | INFO | Parameters: cbar_width=0.01
2024-10-10 19:00:22 | INFO | Parameters: cbar_height=0.2
2024-10-10 19:00:23 | INFO | Convert Genbank object to CDS fasta file '/tmp/tmp_0xz4gjk/URI39H_lp28-4.faa'
2024-10-10 19:00:23 | INFO | Convert Genbank object to CDS fasta file '/tmp/tmp_0xz4gjk/URI89H_lp28-4.faa'
2024-10-10 19:00:23 | INFO | Convert Genbank object to CDS fasta file '/tmp/tmp_0xz4gjk/URI91H_lp28-4.faa'
2024-10-10 19:00:23 | INFO | Convert Genbank object to CDS fasta file '/tmp/tmp_0xz4gjk/URI120H_lp28-4.faa'
2024-10-10 19:00:23 | INFO | Convert Genbank object to CDS fasta file '/tmp/tmp_0xz4gjk/URI41H_lp28-4.faa'
2024-10-10 19:00:23 | INFO | Convert Genbank object to CDS fasta file '/tmp/tmp_0xz4gjk/UCT31H_lp28-4.faa'
2024-10-10 19:00:23 | INFO | Convert Genbank object to CDS fasta file '/tmp/tmp_0xz4gjk/UCT96H_lp28-4.faa'
2024-10-10 19:00:23 | INFO | Convert Genbank object to CDS fasta file '/tmp/tmp_0xz4gjk/ESI26H_lp28-4.faa'
2024-10-10 19:00:23 | INFO | Convert Genbank object to CDS fasta file '/tmp/tmp_0xz4gjk/URI33H_lp28-4.faa'
2024-10-10 19:00:23 | INFO | Convert Genbank object to CDS fasta file '/tmp/tmp_0xz4gjk/URI48H_lp28-4.faa'
2024-10-10 19:00:23 | INFO | Convert Genbank object to CDS fasta file '/tmp/tmp_0xz4gjk/UNY172P_B356_lp28-4.faa'
2024-10-10 19:00:23 | INFO | Convert Genbank object to CDS fasta file '/tmp/tmp_0xz4gjk/UWI283P_MC149_lp28-4.faa'
2024-10-10 19:00:23 | INFO | Convert Genbank object to CDS fasta file '/tmp/tmp_0xz4gjk/UCT50H_lp28-4.faa'
2024-10-10 19:00:23 | INFO | Convert Genbank object to CDS fasta file '/tmp/tmp_0xz4gjk/UNY169P_B348_lp28-4.faa'
2024-10-10 19:00:23 | INFO | Convert Genbank object to CDS fasta file '/tmp/tmp_0xz4gjk/URI36H_lp28-4.faa'
2024-10-10 19:00:23 | INFO | Convert Genbank object to CDS fasta file '/tmp/tmp_0xz4gjk/URI56H_lp28-4.faa'
2024-10-10 19:00:23 | INFO | Convert Genbank object to CDS fasta file '/tmp/tmp_0xz4gjk/URI56H_lp28-4.faa'
2024-10-10 19:00:23 | INFO | Convert Genbank object to CDS fasta file '/tmp/tmp_0xz4gjk/UNY193P_B477_lp28-4.faa'
2024-10-10 19:00:23 | INFO | Convert Genbank object to CDS fasta file '/tmp/tmp_0xz4gjk/URI34H_lp28-4.faa'
2024-10-10 19:00:23 | INFO | Convert Genbank object to CDS fasta file '/tmp/tmp_0xz4gjk/UCT35H_lp28-4.faa'
2024-10-10 19:00:23 | INFO | Convert Genbank object to CDS fasta file '/tmp/tmp_0xz4gjk/UWI247P_MC104_lp28-4.faa'
2024-10-10 19:00:23 | INFO | Convert Genbank object to CDS fasta file '/tmp/tmp_0xz4gjk/UWI248P_MC105_lp28-4.faa'
2024-10-10 19:00:23 | INFO | Convert Genbank object to CDS fasta file '/tmp/tmp_0xz4gjk/UCT113H_lp28-4.faa'
2024-10-10 19:00:23 | INFO | Convert Genbank object to CDS fasta file '/tmp/tmp_0xz4gjk/UCT113H_lp28-4.faa'
2024-10-10 19:00:23 | INFO | Convert Genbank object to CDS fasta file '/tmp/tmp_0xz4gjk/UNY208P_MR641_lp28-4.faa'
2024-10-10 19:00:23 | INFO | Convert Genbank object to CDS fasta file '/tmp/tmp_0xz4gjk/URI88H_lp28-4.faa'
2024-10-10 19:00:23 | INFO | Convert Genbank object to CDS fasta file '/tmp/tmp_0xz4gjk/UWI263P_MC123_lp28-4.faa'
2024-10-10 19:00:23 | INFO | Convert Genbank object to CDS fasta file '/tmp/tmp_0xz4gjk/URI103H_lp28-4.faa'
2024-10-10 19:00:23 | INFO | Convert Genbank object to CDS fasta file '/tmp/tmp_0xz4gjk/URI86H_lp28-4.faa'
2024-10-10 19:00:23 | INFO | Convert Genbank object to CDS fasta file '/tmp/tmp_0xz4gjk/URI86H_lp28-4.faa'
2024-10-10 19:00:23 | INFO | Convert Genbank object to CDS fasta file '/tmp/tmp_0xz4gjk/URI118H_lp28-4.faa'
2024-10-10 19:00:23 | INFO | Convert Genbank object to CDS fasta file '/tmp/tmp_0xz4gjk/URI44H_lp28-4.faa'
2024-10-10 19:00:23 | INFO | Convert Genbank object to CDS fasta file '/tmp/tmp_0xz4gjk/URI46H_lp28-4.faa'
2024-10-10 19:00:23 | INFO | Convert Genbank object to CDS fasta file '/tmp/tmp_0xz4gjk/URI46H_lp28-4.faa'
2024-10-10 19:00:23 | INFO | Convert Genbank object to CDS fasta file '/tmp/tmp_0xz4gjk/URI112H_lp28-4.faa'
2024-10-10 19:00:23 | INFO | Convert Genbank object to CDS fasta file '/tmp/tmp_0xz4gjk/URI117H_lp28-4.faa'
2024-10-10 19:00:23 | INFO | Convert Genbank object to CDS fasta file '/tmp/tmp_0xz4gjk/UCT30H_lp28-4.faa'
2024-10-10 19:00:23 | INFO | Convert Genbank object to CDS fasta file '/tmp/tmp_0xz4gjk/UCT30H_lp28-4.faa'
2024-10-10 19:00:23 | INFO | Convert Genbank object to CDS fasta file '/tmp/tmp_0xz4gjk/UCT110H_lp28-4.faa'
2024-10-10 19:00:23 | INFO | Convert Genbank object to CDS fasta file '/tmp/tmp_0xz4gjk/UNY149P_B247_lp28-4.faa'
2024-10-10 19:00:23 | INFO | Convert Genbank object to CDS fasta file '/tmp/tmp_0xz4gjk/UCT92H_lp28-4.faa'
2024-10-10 19:00:23 | INFO | Convert Genbank object to CDS fasta file '/tmp/tmp_0xz4gjk/UCT92H_lp28-4.faa'
2024-10-10 19:00:23 | INFO | Convert Genbank object to CDS fasta file '/tmp/tmp_0xz4gjk/UCT32H_lp28-4.faa'
2024-10-10 19:00:23 | INFO | Convert Genbank object to CDS fasta file '/tmp/tmp_0xz4gjk/UCT32H_lp28-4.faa'
2024-10-10 19:00:23 | INFO | Convert Genbank object to CDS fasta file '/tmp/tmp_0xz4gjk/URI47H_lp28-4.faa'
2024-10-10 19:00:23 | INFO | Convert Genbank object to CDS fasta file '/tmp/tmp_0xz4gjk/URI47H_lp28-4.faa'
2024-10-10 19:00:23 | INFO | Convert Genbank object to CDS fasta file '/tmp/tmp_0xz4gjk/URI93H_lp28-4.faa'
2024-10-10 19:00:23 | INFO | Convert Genbank object to CDS fasta file '/tmp/tmp_0xz4gjk/URI107H_lp28-4.faa'
2024-10-10 19:00:23 | INFO | Convert Genbank object to CDS fasta file '/tmp/tmp_0xz4gjk/URI87H_lp28-4.faa'
2024-10-10 19:00:23 | INFO | Convert Genbank object to CDS fasta file '/tmp/tmp_0xz4gjk/UCT29H_lp28-4.faa'
2024-10-10 19:00:23 | INFO | Convert Genbank object to CDS fasta file '/tmp/tmp_0xz4gjk/URI101H_lp28-4.faa'
2024-10-10 19:00:23 | INFO | Convert Genbank object to CDS fasta file '/tmp/tmp_0xz4gjk/URI111H_lp28-4.faa'
2024-10-10 19:00:23 | INFO | Convert Genbank object to CDS fasta file '/tmp/tmp_0xz4gjk/URI40H_lp28-4.faa'
2024-10-10 19:00:23 | INFO | ========== Start MMseqs RBH Search ==========
2024-10-10 19:00:23 | INFO | 01. MMseqs RBH Search 'URI39H_lp28-4' vs 'URI89H_lp28-4'
2024-10-10 19:00:23 | INFO | $ mmseqs easy-rbh '/tmp/tmp_0xz4gjk/URI39H_lp28-4.faa' '/tmp/tmp_0xz4gjk/URI89H_lp28-4.faa' '/tmp/tmp_0xz4gjk/01_URI39H_lp28-4_vs_URI89H_lp28-4.tsv' /tmp/tmp_0xz4gjk --threads 14 -e 0.001 -v 0
2024-10-10 19:00:24 | INFO | 02. MMseqs RBH Search 'URI89H_lp28-4' vs 'URI91H_lp28-4'
2024-10-10 19:00:24 | INFO | $ mmseqs easy-rbh '/tmp/tmp_0xz4gjk/URI89H_lp28-4.faa' '/tmp/tmp_0xz4gjk/URI91H_lp28-4.faa' '/tmp/tmp_0xz4gjk/02_URI89H_lp28-4_vs_URI91H_lp28-4.tsv' /tmp/tmp_0xz4gjk --threads 14 -e 0.001 -v 0
2024-10-10 19:00:26 | INFO | 03. MMseqs RBH Search 'URI91H_lp28-4' vs 'URI120H_lp28-4'
2024-10-10 19:00:26 | INFO | $ mmseqs easy-rbh '/tmp/tmp_0xz4gjk/URI91H_lp28-4.faa' '/tmp/tmp_0xz4gjk/URI120H_lp28-4.faa' '/tmp/tmp_0xz4gjk/03_URI91H_lp28-4_vs_URI120H_lp28-4.tsv' /tmp/tmp_0xz4gjk --threads 14 -e 0.001 -v 0
2024-10-10 19:00:28 | INFO | 04. MMseqs RBH Search 'URI120H_lp28-4' vs 'URI41H_lp28-4'
2024-10-10 19:00:28 | INFO | $ mmseqs easy-rbh '/tmp/tmp_0xz4gjk/URI120H_lp28-4.faa' '/tmp/tmp_0xz4gjk/URI41H_lp28-4.faa' '/tmp/tmp_0xz4gjk/04_URI120H_lp28-4_vs_URI41H_lp28-4.tsv' /tmp/tmp_0xz4gjk --threads 14 -e 0.001 -v 0
2024-10-10 19:00:30 | INFO | 05. MMseqs RBH Search 'URI41H_lp28-4' vs 'UCT31H_lp28-4'
2024-10-10 19:00:30 | INFO | $ mmseqs easy-rbh '/tmp/tmp_0xz4gjk/URI41H_lp28-4.faa' '/tmp/tmp_0xz4gjk/UCT31H_lp28-4.faa' '/tmp/tmp_0xz4gjk/05_URI41H_lp28-4_vs_UCT31H_lp28-4.tsv' /tmp/tmp_0xz4gjk --threads 14 -e 0.001 -v 0
2024-10-10 19:00:31 | INFO | 06. MMseqs RBH Search 'UCT31H_lp28-4' vs 'UCT96H_lp28-4'
2024-10-10 19:00:31 | INFO | $ mmseqs easy-rbh '/tmp/tmp_0xz4gjk/UCT31H_lp28-4.faa' '/tmp/tmp_0xz4gjk/UCT96H_lp28-4.faa' '/tmp/tmp_0xz4gjk/06_UCT31H_lp28-4_vs_UCT96H_lp28-4.tsv' /tmp/tmp_0xz4gjk --threads 14 -e 0.001 -v 0
2024-10-10 19:00:33 | INFO | 07. MMseqs RBH Search 'UCT96H_lp28-4' vs 'ESI26H_lp28-4'
2024-10-10 19:00:33 | INFO | $ mmseqs easy-rbh '/tmp/tmp_0xz4gjk/UCT96H_lp28-4.faa' '/tmp/tmp_0xz4gjk/ESI26H_lp28-4.faa' '/tmp/tmp_0xz4gjk/07_UCT96H_lp28-4_vs_ESI26H_lp28-4.tsv' /tmp/tmp_0xz4gjk --threads 14 -e 0.001 -v 0
2024-10-10 19:00:35 | INFO | 08. MMseqs RBH Search 'ESI26H_lp28-4' vs 'URI33H_lp28-4'
2024-10-10 19:00:35 | INFO | $ mmseqs easy-rbh '/tmp/tmp_0xz4gjk/ESI26H_lp28-4.faa' '/tmp/tmp_0xz4gjk/URI33H_lp28-4.faa' '/tmp/tmp_0xz4gjk/08_ESI26H_lp28-4_vs_URI33H_lp28-4.tsv' /tmp/tmp_0xz4gjk --threads 14 -e 0.001 -v 0
2024-10-10 19:00:37 | INFO | 09. MMseqs RBH Search 'URI33H_lp28-4' vs 'URI48H_lp28-4'
2024-10-10 19:00:37 | INFO | $ mmseqs easy-rbh '/tmp/tmp_0xz4gjk/URI33H_lp28-4.faa' '/tmp/tmp_0xz4gjk/URI48H_lp28-4.faa' '/tmp/tmp_0xz4gjk/09_URI33H_lp28-4_vs_URI48H_lp28-4.tsv' /tmp/tmp_0xz4gjk --threads 14 -e 0.001 -v 0
2024-10-10 19:00:39 | INFO | 10. MMseqs RBH Search 'URI48H_lp28-4' vs 'UNY172P_B356_lp28-4'
2024-10-10 19:00:39 | INFO | $ mmseqs easy-rbh '/tmp/tmp_0xz4gjk/URI48H_lp28-4.faa' '/tmp/tmp_0xz4gjk/UNY172P_B356_lp28-4.faa' '/tmp/tmp_0xz4gjk/10_URI48H_lp28-4_vs_UNY172P_B356_lp28-4.tsv' /tmp/tmp_0xz4gjk --threads 14 -e 0.001 -v 0
2024-10-10 19:00:40 | INFO | 11. MMseqs RBH Search 'UNY172P_B356_lp28-4' vs 'UWI283P_MC149_lp28-4'
2024-10-10 19:00:40 | INFO | $ mmseqs easy-rbh '/tmp/tmp_0xz4gjk/UNY172P_B356_lp28-4.faa' '/tmp/tmp_0xz4gjk/UWI283P_MC149_lp28-4.faa' '/tmp/tmp_0xz4gjk/11_UNY172P_B356_lp28-4_vs_UWI283P_MC149_lp28-4.tsv' /tmp/tmp_0xz4gjk --threads 14 -e 0.001 -v 0
2024-10-10 19:00:42 | INFO | 12. MMseqs RBH Search 'UWI283P_MC149_lp28-4' vs 'UCT50H_lp28-4'
2024-10-10 19:00:42 | INFO | $ mmseqs easy-rbh '/tmp/tmp_0xz4gjk/UWI283P_MC149_lp28-4.faa' '/tmp/tmp_0xz4gjk/UCT50H_lp28-4.faa' '/tmp/tmp_0xz4gjk/12_UWI283P_MC149_lp28-4_vs_UCT50H_lp28-4.tsv' /tmp/tmp_0xz4gjk --threads 14 -e 0.001 -v 0
2024-10-10 19:00:44 | INFO | 13. MMseqs RBH Search 'UCT50H_lp28-4' vs 'UNY169P_B348_lp28-4'
2024-10-10 19:00:44 | INFO | $ mmseqs easy-rbh '/tmp/tmp_0xz4gjk/UCT50H_lp28-4.faa' '/tmp/tmp_0xz4gjk/UNY169P_B348_lp28-4.faa' '/tmp/tmp_0xz4gjk/13_UCT50H_lp28-4_vs_UNY169P_B348_lp28-4.tsv' /tmp/tmp_0xz4gjk --threads 14 -e 0.001 -v 0
2024-10-10 19:00:46 | INFO | 14. MMseqs RBH Search 'UNY169P_B348_lp28-4' vs 'URI36H_lp28-4'
2024-10-10 19:00:46 | INFO | $ mmseqs easy-rbh '/tmp/tmp_0xz4gjk/UNY169P_B348_lp28-4.faa' '/tmp/tmp_0xz4gjk/URI36H_lp28-4.faa' '/tmp/tmp_0xz4gjk/14_UNY169P_B348_lp28-4_vs_URI36H_lp28-4.tsv' /tmp/tmp_0xz4gjk --threads 14 -e 0.001 -v 0
2024-10-10 19:00:47 | INFO | 15. MMseqs RBH Search 'URI36H_lp28-4' vs 'URI56H_lp28-4'
2024-10-10 19:00:47 | INFO | $ mmseqs easy-rbh '/tmp/tmp_0xz4gjk/URI36H_lp28-4.faa' '/tmp/tmp_0xz4gjk/URI56H_lp28-4.faa' '/tmp/tmp_0xz4gjk/15_URI36H_lp28-4_vs_URI56H_lp28-4.tsv' /tmp/tmp_0xz4gjk --threads 14 -e 0.001 -v 0
2024-10-10 19:00:49 | INFO | 16. MMseqs RBH Search 'URI56H_lp28-4' vs 'URI56H_lp28-4'
2024-10-10 19:00:49 | INFO | $ mmseqs easy-rbh '/tmp/tmp_0xz4gjk/URI56H_lp28-4.faa' '/tmp/tmp_0xz4gjk/URI56H_lp28-4.faa' '/tmp/tmp_0xz4gjk/16_URI56H_lp28-4_vs_URI56H_lp28-4.tsv' /tmp/tmp_0xz4gjk --threads 14 -e 0.001 -v 0
2024-10-10 19:00:51 | INFO | 17. MMseqs RBH Search 'URI56H_lp28-4' vs 'UNY193P_B477_lp28-4'
2024-10-10 19:00:51 | INFO | $ mmseqs easy-rbh '/tmp/tmp_0xz4gjk/URI56H_lp28-4.faa' '/tmp/tmp_0xz4gjk/UNY193P_B477_lp28-4.faa' '/tmp/tmp_0xz4gjk/17_URI56H_lp28-4_vs_UNY193P_B477_lp28-4.tsv' /tmp/tmp_0xz4gjk --threads 14 -e 0.001 -v 0
2024-10-10 19:00:53 | INFO | 18. MMseqs RBH Search 'UNY193P_B477_lp28-4' vs 'URI34H_lp28-4'
2024-10-10 19:00:53 | INFO | $ mmseqs easy-rbh '/tmp/tmp_0xz4gjk/UNY193P_B477_lp28-4.faa' '/tmp/tmp_0xz4gjk/URI34H_lp28-4.faa' '/tmp/tmp_0xz4gjk/18_UNY193P_B477_lp28-4_vs_URI34H_lp28-4.tsv' /tmp/tmp_0xz4gjk --threads 14 -e 0.001 -v 0
2024-10-10 19:00:54 | INFO | 19. MMseqs RBH Search 'URI34H_lp28-4' vs 'UCT35H_lp28-4'
2024-10-10 19:00:54 | INFO | $ mmseqs easy-rbh '/tmp/tmp_0xz4gjk/URI34H_lp28-4.faa' '/tmp/tmp_0xz4gjk/UCT35H_lp28-4.faa' '/tmp/tmp_0xz4gjk/19_URI34H_lp28-4_vs_UCT35H_lp28-4.tsv' /tmp/tmp_0xz4gjk --threads 14 -e 0.001 -v 0
2024-10-10 19:00:56 | INFO | 20. MMseqs RBH Search 'UCT35H_lp28-4' vs 'UWI247P_MC104_lp28-4'
2024-10-10 19:00:56 | INFO | $ mmseqs easy-rbh '/tmp/tmp_0xz4gjk/UCT35H_lp28-4.faa' '/tmp/tmp_0xz4gjk/UWI247P_MC104_lp28-4.faa' '/tmp/tmp_0xz4gjk/20_UCT35H_lp28-4_vs_UWI247P_MC104_lp28-4.tsv' /tmp/tmp_0xz4gjk --threads 14 -e 0.001 -v 0
2024-10-10 19:00:58 | INFO | 21. MMseqs RBH Search 'UWI247P_MC104_lp28-4' vs 'UWI248P_MC105_lp28-4'
2024-10-10 19:00:58 | INFO | $ mmseqs easy-rbh '/tmp/tmp_0xz4gjk/UWI247P_MC104_lp28-4.faa' '/tmp/tmp_0xz4gjk/UWI248P_MC105_lp28-4.faa' '/tmp/tmp_0xz4gjk/21_UWI247P_MC104_lp28-4_vs_UWI248P_MC105_lp28-4.tsv' /tmp/tmp_0xz4gjk --threads 14 -e 0.001 -v 0
2024-10-10 19:01:00 | INFO | 22. MMseqs RBH Search 'UWI248P_MC105_lp28-4' vs 'UCT113H_lp28-4'
2024-10-10 19:01:00 | INFO | $ mmseqs easy-rbh '/tmp/tmp_0xz4gjk/UWI248P_MC105_lp28-4.faa' '/tmp/tmp_0xz4gjk/UCT113H_lp28-4.faa' '/tmp/tmp_0xz4gjk/22_UWI248P_MC105_lp28-4_vs_UCT113H_lp28-4.tsv' /tmp/tmp_0xz4gjk --threads 14 -e 0.001 -v 0
2024-10-10 19:01:01 | INFO | 23. MMseqs RBH Search 'UCT113H_lp28-4' vs 'UCT113H_lp28-4'
2024-10-10 19:01:01 | INFO | $ mmseqs easy-rbh '/tmp/tmp_0xz4gjk/UCT113H_lp28-4.faa' '/tmp/tmp_0xz4gjk/UCT113H_lp28-4.faa' '/tmp/tmp_0xz4gjk/23_UCT113H_lp28-4_vs_UCT113H_lp28-4.tsv' /tmp/tmp_0xz4gjk --threads 14 -e 0.001 -v 0
2024-10-10 19:01:03 | INFO | 24. MMseqs RBH Search 'UCT113H_lp28-4' vs 'UNY208P_MR641_lp28-4'
2024-10-10 19:01:03 | INFO | $ mmseqs easy-rbh '/tmp/tmp_0xz4gjk/UCT113H_lp28-4.faa' '/tmp/tmp_0xz4gjk/UNY208P_MR641_lp28-4.faa' '/tmp/tmp_0xz4gjk/24_UCT113H_lp28-4_vs_UNY208P_MR641_lp28-4.tsv' /tmp/tmp_0xz4gjk --threads 14 -e 0.001 -v 0
2024-10-10 19:01:05 | INFO | 25. MMseqs RBH Search 'UNY208P_MR641_lp28-4' vs 'URI88H_lp28-4'
2024-10-10 19:01:05 | INFO | $ mmseqs easy-rbh '/tmp/tmp_0xz4gjk/UNY208P_MR641_lp28-4.faa' '/tmp/tmp_0xz4gjk/URI88H_lp28-4.faa' '/tmp/tmp_0xz4gjk/25_UNY208P_MR641_lp28-4_vs_URI88H_lp28-4.tsv' /tmp/tmp_0xz4gjk --threads 14 -e 0.001 -v 0
2024-10-10 19:01:07 | INFO | 26. MMseqs RBH Search 'URI88H_lp28-4' vs 'UWI263P_MC123_lp28-4'
2024-10-10 19:01:07 | INFO | $ mmseqs easy-rbh '/tmp/tmp_0xz4gjk/URI88H_lp28-4.faa' '/tmp/tmp_0xz4gjk/UWI263P_MC123_lp28-4.faa' '/tmp/tmp_0xz4gjk/26_URI88H_lp28-4_vs_UWI263P_MC123_lp28-4.tsv' /tmp/tmp_0xz4gjk --threads 14 -e 0.001 -v 0
2024-10-10 19:01:08 | INFO | 27. MMseqs RBH Search 'UWI263P_MC123_lp28-4' vs 'URI103H_lp28-4'
2024-10-10 19:01:08 | INFO | $ mmseqs easy-rbh '/tmp/tmp_0xz4gjk/UWI263P_MC123_lp28-4.faa' '/tmp/tmp_0xz4gjk/URI103H_lp28-4.faa' '/tmp/tmp_0xz4gjk/27_UWI263P_MC123_lp28-4_vs_URI103H_lp28-4.tsv' /tmp/tmp_0xz4gjk --threads 14 -e 0.001 -v 0
2024-10-10 19:01:10 | INFO | 28. MMseqs RBH Search 'URI103H_lp28-4' vs 'URI86H_lp28-4'
2024-10-10 19:01:10 | INFO | $ mmseqs easy-rbh '/tmp/tmp_0xz4gjk/URI103H_lp28-4.faa' '/tmp/tmp_0xz4gjk/URI86H_lp28-4.faa' '/tmp/tmp_0xz4gjk/28_URI103H_lp28-4_vs_URI86H_lp28-4.tsv' /tmp/tmp_0xz4gjk --threads 14 -e 0.001 -v 0
2024-10-10 19:01:12 | INFO | 29. MMseqs RBH Search 'URI86H_lp28-4' vs 'URI86H_lp28-4'
2024-10-10 19:01:12 | INFO | $ mmseqs easy-rbh '/tmp/tmp_0xz4gjk/URI86H_lp28-4.faa' '/tmp/tmp_0xz4gjk/URI86H_lp28-4.faa' '/tmp/tmp_0xz4gjk/29_URI86H_lp28-4_vs_URI86H_lp28-4.tsv' /tmp/tmp_0xz4gjk --threads 14 -e 0.001 -v 0
2024-10-10 19:01:14 | INFO | 30. MMseqs RBH Search 'URI86H_lp28-4' vs 'URI118H_lp28-4'
2024-10-10 19:01:14 | INFO | $ mmseqs easy-rbh '/tmp/tmp_0xz4gjk/URI86H_lp28-4.faa' '/tmp/tmp_0xz4gjk/URI118H_lp28-4.faa' '/tmp/tmp_0xz4gjk/30_URI86H_lp28-4_vs_URI118H_lp28-4.tsv' /tmp/tmp_0xz4gjk --threads 14 -e 0.001 -v 0
2024-10-10 19:01:16 | INFO | 31. MMseqs RBH Search 'URI118H_lp28-4' vs 'URI44H_lp28-4'
2024-10-10 19:01:16 | INFO | $ mmseqs easy-rbh '/tmp/tmp_0xz4gjk/URI118H_lp28-4.faa' '/tmp/tmp_0xz4gjk/URI44H_lp28-4.faa' '/tmp/tmp_0xz4gjk/31_URI118H_lp28-4_vs_URI44H_lp28-4.tsv' /tmp/tmp_0xz4gjk --threads 14 -e 0.001 -v 0
2024-10-10 19:01:17 | INFO | 32. MMseqs RBH Search 'URI44H_lp28-4' vs 'URI46H_lp28-4'
2024-10-10 19:01:17 | INFO | $ mmseqs easy-rbh '/tmp/tmp_0xz4gjk/URI44H_lp28-4.faa' '/tmp/tmp_0xz4gjk/URI46H_lp28-4.faa' '/tmp/tmp_0xz4gjk/32_URI44H_lp28-4_vs_URI46H_lp28-4.tsv' /tmp/tmp_0xz4gjk --threads 14 -e 0.001 -v 0
2024-10-10 19:01:19 | INFO | 33. MMseqs RBH Search 'URI46H_lp28-4' vs 'URI46H_lp28-4'
2024-10-10 19:01:19 | INFO | $ mmseqs easy-rbh '/tmp/tmp_0xz4gjk/URI46H_lp28-4.faa' '/tmp/tmp_0xz4gjk/URI46H_lp28-4.faa' '/tmp/tmp_0xz4gjk/33_URI46H_lp28-4_vs_URI46H_lp28-4.tsv' /tmp/tmp_0xz4gjk --threads 14 -e 0.001 -v 0
2024-10-10 19:01:21 | INFO | 34. MMseqs RBH Search 'URI46H_lp28-4' vs 'URI112H_lp28-4'
2024-10-10 19:01:21 | INFO | $ mmseqs easy-rbh '/tmp/tmp_0xz4gjk/URI46H_lp28-4.faa' '/tmp/tmp_0xz4gjk/URI112H_lp28-4.faa' '/tmp/tmp_0xz4gjk/34_URI46H_lp28-4_vs_URI112H_lp28-4.tsv' /tmp/tmp_0xz4gjk --threads 14 -e 0.001 -v 0
2024-10-10 19:01:23 | INFO | 35. MMseqs RBH Search 'URI112H_lp28-4' vs 'URI117H_lp28-4'
2024-10-10 19:01:23 | INFO | $ mmseqs easy-rbh '/tmp/tmp_0xz4gjk/URI112H_lp28-4.faa' '/tmp/tmp_0xz4gjk/URI117H_lp28-4.faa' '/tmp/tmp_0xz4gjk/35_URI112H_lp28-4_vs_URI117H_lp28-4.tsv' /tmp/tmp_0xz4gjk --threads 14 -e 0.001 -v 0
2024-10-10 19:01:24 | INFO | 36. MMseqs RBH Search 'URI117H_lp28-4' vs 'UCT30H_lp28-4'
2024-10-10 19:01:24 | INFO | $ mmseqs easy-rbh '/tmp/tmp_0xz4gjk/URI117H_lp28-4.faa' '/tmp/tmp_0xz4gjk/UCT30H_lp28-4.faa' '/tmp/tmp_0xz4gjk/36_URI117H_lp28-4_vs_UCT30H_lp28-4.tsv' /tmp/tmp_0xz4gjk --threads 14 -e 0.001 -v 0
2024-10-10 19:01:26 | INFO | 37. MMseqs RBH Search 'UCT30H_lp28-4' vs 'UCT30H_lp28-4'
2024-10-10 19:01:26 | INFO | $ mmseqs easy-rbh '/tmp/tmp_0xz4gjk/UCT30H_lp28-4.faa' '/tmp/tmp_0xz4gjk/UCT30H_lp28-4.faa' '/tmp/tmp_0xz4gjk/37_UCT30H_lp28-4_vs_UCT30H_lp28-4.tsv' /tmp/tmp_0xz4gjk --threads 14 -e 0.001 -v 0
2024-10-10 19:01:28 | INFO | 38. MMseqs RBH Search 'UCT30H_lp28-4' vs 'UCT110H_lp28-4'
2024-10-10 19:01:28 | INFO | $ mmseqs easy-rbh '/tmp/tmp_0xz4gjk/UCT30H_lp28-4.faa' '/tmp/tmp_0xz4gjk/UCT110H_lp28-4.faa' '/tmp/tmp_0xz4gjk/38_UCT30H_lp28-4_vs_UCT110H_lp28-4.tsv' /tmp/tmp_0xz4gjk --threads 14 -e 0.001 -v 0
2024-10-10 19:01:30 | INFO | 39. MMseqs RBH Search 'UCT110H_lp28-4' vs 'UNY149P_B247_lp28-4'
2024-10-10 19:01:30 | INFO | $ mmseqs easy-rbh '/tmp/tmp_0xz4gjk/UCT110H_lp28-4.faa' '/tmp/tmp_0xz4gjk/UNY149P_B247_lp28-4.faa' '/tmp/tmp_0xz4gjk/39_UCT110H_lp28-4_vs_UNY149P_B247_lp28-4.tsv' /tmp/tmp_0xz4gjk --threads 14 -e 0.001 -v 0
2024-10-10 19:01:31 | INFO | 40. MMseqs RBH Search 'UNY149P_B247_lp28-4' vs 'UCT92H_lp28-4'
2024-10-10 19:01:31 | INFO | $ mmseqs easy-rbh '/tmp/tmp_0xz4gjk/UNY149P_B247_lp28-4.faa' '/tmp/tmp_0xz4gjk/UCT92H_lp28-4.faa' '/tmp/tmp_0xz4gjk/40_UNY149P_B247_lp28-4_vs_UCT92H_lp28-4.tsv' /tmp/tmp_0xz4gjk --threads 14 -e 0.001 -v 0
2024-10-10 19:01:33 | INFO | 41. MMseqs RBH Search 'UCT92H_lp28-4' vs 'UCT92H_lp28-4'
2024-10-10 19:01:33 | INFO | $ mmseqs easy-rbh '/tmp/tmp_0xz4gjk/UCT92H_lp28-4.faa' '/tmp/tmp_0xz4gjk/UCT92H_lp28-4.faa' '/tmp/tmp_0xz4gjk/41_UCT92H_lp28-4_vs_UCT92H_lp28-4.tsv' /tmp/tmp_0xz4gjk --threads 14 -e 0.001 -v 0
2024-10-10 19:01:35 | INFO | 42. MMseqs RBH Search 'UCT92H_lp28-4' vs 'UCT32H_lp28-4'
2024-10-10 19:01:35 | INFO | $ mmseqs easy-rbh '/tmp/tmp_0xz4gjk/UCT92H_lp28-4.faa' '/tmp/tmp_0xz4gjk/UCT32H_lp28-4.faa' '/tmp/tmp_0xz4gjk/42_UCT92H_lp28-4_vs_UCT32H_lp28-4.tsv' /tmp/tmp_0xz4gjk --threads 14 -e 0.001 -v 0
2024-10-10 19:01:37 | INFO | 43. MMseqs RBH Search 'UCT32H_lp28-4' vs 'UCT32H_lp28-4'
2024-10-10 19:01:37 | INFO | $ mmseqs easy-rbh '/tmp/tmp_0xz4gjk/UCT32H_lp28-4.faa' '/tmp/tmp_0xz4gjk/UCT32H_lp28-4.faa' '/tmp/tmp_0xz4gjk/43_UCT32H_lp28-4_vs_UCT32H_lp28-4.tsv' /tmp/tmp_0xz4gjk --threads 14 -e 0.001 -v 0
2024-10-10 19:01:38 | INFO | 44. MMseqs RBH Search 'UCT32H_lp28-4' vs 'URI47H_lp28-4'
2024-10-10 19:01:38 | INFO | $ mmseqs easy-rbh '/tmp/tmp_0xz4gjk/UCT32H_lp28-4.faa' '/tmp/tmp_0xz4gjk/URI47H_lp28-4.faa' '/tmp/tmp_0xz4gjk/44_UCT32H_lp28-4_vs_URI47H_lp28-4.tsv' /tmp/tmp_0xz4gjk --threads 14 -e 0.001 -v 0
2024-10-10 19:01:40 | INFO | 45. MMseqs RBH Search 'URI47H_lp28-4' vs 'URI47H_lp28-4'
2024-10-10 19:01:40 | INFO | $ mmseqs easy-rbh '/tmp/tmp_0xz4gjk/URI47H_lp28-4.faa' '/tmp/tmp_0xz4gjk/URI47H_lp28-4.faa' '/tmp/tmp_0xz4gjk/45_URI47H_lp28-4_vs_URI47H_lp28-4.tsv' /tmp/tmp_0xz4gjk --threads 14 -e 0.001 -v 0
2024-10-10 19:01:42 | INFO | 46. MMseqs RBH Search 'URI47H_lp28-4' vs 'URI93H_lp28-4'
2024-10-10 19:01:42 | INFO | $ mmseqs easy-rbh '/tmp/tmp_0xz4gjk/URI47H_lp28-4.faa' '/tmp/tmp_0xz4gjk/URI93H_lp28-4.faa' '/tmp/tmp_0xz4gjk/46_URI47H_lp28-4_vs_URI93H_lp28-4.tsv' /tmp/tmp_0xz4gjk --threads 14 -e 0.001 -v 0
2024-10-10 19:01:44 | INFO | 47. MMseqs RBH Search 'URI93H_lp28-4' vs 'URI107H_lp28-4'
2024-10-10 19:01:44 | INFO | $ mmseqs easy-rbh '/tmp/tmp_0xz4gjk/URI93H_lp28-4.faa' '/tmp/tmp_0xz4gjk/URI107H_lp28-4.faa' '/tmp/tmp_0xz4gjk/47_URI93H_lp28-4_vs_URI107H_lp28-4.tsv' /tmp/tmp_0xz4gjk --threads 14 -e 0.001 -v 0
2024-10-10 19:01:45 | INFO | 48. MMseqs RBH Search 'URI107H_lp28-4' vs 'URI87H_lp28-4'
2024-10-10 19:01:45 | INFO | $ mmseqs easy-rbh '/tmp/tmp_0xz4gjk/URI107H_lp28-4.faa' '/tmp/tmp_0xz4gjk/URI87H_lp28-4.faa' '/tmp/tmp_0xz4gjk/48_URI107H_lp28-4_vs_URI87H_lp28-4.tsv' /tmp/tmp_0xz4gjk --threads 14 -e 0.001 -v 0
2024-10-10 19:01:47 | INFO | 49. MMseqs RBH Search 'URI87H_lp28-4' vs 'UCT29H_lp28-4'
2024-10-10 19:01:47 | INFO | $ mmseqs easy-rbh '/tmp/tmp_0xz4gjk/URI87H_lp28-4.faa' '/tmp/tmp_0xz4gjk/UCT29H_lp28-4.faa' '/tmp/tmp_0xz4gjk/49_URI87H_lp28-4_vs_UCT29H_lp28-4.tsv' /tmp/tmp_0xz4gjk --threads 14 -e 0.001 -v 0
2024-10-10 19:01:49 | INFO | 50. MMseqs RBH Search 'UCT29H_lp28-4' vs 'URI101H_lp28-4'
2024-10-10 19:01:49 | INFO | $ mmseqs easy-rbh '/tmp/tmp_0xz4gjk/UCT29H_lp28-4.faa' '/tmp/tmp_0xz4gjk/URI101H_lp28-4.faa' '/tmp/tmp_0xz4gjk/50_UCT29H_lp28-4_vs_URI101H_lp28-4.tsv' /tmp/tmp_0xz4gjk --threads 14 -e 0.001 -v 0
2024-10-10 19:01:51 | INFO | 51. MMseqs RBH Search 'URI101H_lp28-4' vs 'URI111H_lp28-4'
2024-10-10 19:01:51 | INFO | $ mmseqs easy-rbh '/tmp/tmp_0xz4gjk/URI101H_lp28-4.faa' '/tmp/tmp_0xz4gjk/URI111H_lp28-4.faa' '/tmp/tmp_0xz4gjk/51_URI101H_lp28-4_vs_URI111H_lp28-4.tsv' /tmp/tmp_0xz4gjk --threads 14 -e 0.001 -v 0
2024-10-10 19:01:53 | INFO | 52. MMseqs RBH Search 'URI111H_lp28-4' vs 'URI40H_lp28-4'
2024-10-10 19:01:53 | INFO | $ mmseqs easy-rbh '/tmp/tmp_0xz4gjk/URI111H_lp28-4.faa' '/tmp/tmp_0xz4gjk/URI40H_lp28-4.faa' '/tmp/tmp_0xz4gjk/52_URI111H_lp28-4_vs_URI40H_lp28-4.tsv' /tmp/tmp_0xz4gjk --threads 14 -e 0.001 -v 0
2024-10-10 19:01:54 | INFO | ========== Finish MMseqs RBH Search ==========
2024-10-10 19:01:54 | INFO | Write alignment result to 'lp28-4/align_coords.tsv'
2024-10-10 19:01:54 | INFO | Filter alignment result by length_thr=100, identity_thr=70.0 evalue_thr=0.001
2024-10-10 19:01:54 | ERROR | name='URI56H_lp28-4' track is already exists!!
