2024-07-26 17:13:09 | INFO | Run pyGenomeViz v1.2.1 CLI workflow (pgv-mummer)
2024-07-26 17:13:09 | INFO | $ pgv-mummer GCF_000008685.2.gbff /home/mf019/longread_pangenome/longread_analysis/paired_assemblies/paired_only/longread/annotation/URI86H/URI86H.gbff -o pgv_mummer_output/URI86H --show_scale_bar
2024-07-26 17:13:09 | INFO | Operating System: linux
2024-07-26 17:13:09 | INFO | Python Version: v3.12.4
2024-07-26 17:13:09 | INFO | Check Dependencies: matplotlib v3.9.1
2024-07-26 17:13:09 | INFO | Check Dependencies: biopython v1.84
2024-07-26 17:13:09 | INFO | Parameters: seqs=['GCF_000008685.2.gbff', '/home/mf019/longread_pangenome/longread_analysis/paired_assemblies/paired_only/longread/annotation/URI86H/URI86H.gbff']
2024-07-26 17:13:09 | INFO | Parameters: outdir=' pgv_mummer_output/URI86H'
2024-07-26 17:13:09 | INFO | Parameters: formats=('png', 'html')
2024-07-26 17:13:09 | INFO | Parameters: reuse=False
2024-07-26 17:13:09 | INFO | Parameters: quiet=False
2024-07-26 17:13:09 | INFO | Parameters: debug=False
2024-07-26 17:13:09 | INFO | Parameters: seqtype='nucleotide'
2024-07-26 17:13:09 | INFO | Parameters: threads=89
2024-07-26 17:13:09 | INFO | Parameters: length_thr=0
2024-07-26 17:13:09 | INFO | Parameters: identity_thr=0
2024-07-26 17:13:09 | INFO | Parameters: fig_width=15
2024-07-26 17:13:09 | INFO | Parameters: fig_track_height=1.0
2024-07-26 17:13:09 | INFO | Parameters: track_align_type='center'
2024-07-26 17:13:09 | INFO | Parameters: feature_track_ratio=0.25
2024-07-26 17:13:09 | INFO | Parameters: show_scale_bar=True
2024-07-26 17:13:09 | INFO | Parameters: show_scale_xticks=False
2024-07-26 17:13:09 | INFO | Parameters: curve=False
2024-07-26 17:13:09 | INFO | Parameters: dpi=300
2024-07-26 17:13:09 | INFO | Parameters: track_labelsize=20
2024-07-26 17:13:09 | INFO | Parameters: scale_labelsize=15
2024-07-26 17:13:09 | INFO | Parameters: normal_link_color='grey'
2024-07-26 17:13:09 | INFO | Parameters: inverted_link_color='red'
2024-07-26 17:13:09 | INFO | Parameters: segment_space=0.02
2024-07-26 17:13:09 | INFO | Parameters: feature_type2color={'CDS': 'orange'}
2024-07-26 17:13:09 | INFO | Parameters: pseudo_color='lightgrey'
2024-07-26 17:13:09 | INFO | Parameters: feature_plotstyle='arrow'
2024-07-26 17:13:09 | INFO | Parameters: feature_linewidth=0.0
2024-07-26 17:13:09 | INFO | Parameters: feature_labeltrack='top'
2024-07-26 17:13:09 | INFO | Parameters: feature_labeltype=None
2024-07-26 17:13:09 | INFO | Parameters: feature_labelsize=8
2024-07-26 17:13:09 | INFO | Parameters: cbar_width=0.01
2024-07-26 17:13:09 | INFO | Parameters: cbar_height=0.2
2024-07-26 17:13:09 | INFO | Convert Genbank object to genome fasta file '/tmp/tmpdwc9tedh/GCF_000008685.2.fna'
2024-07-26 17:13:09 | INFO | Convert Genbank object to genome fasta file '/tmp/tmpdwc9tedh/URI86H.fna'
2024-07-26 17:13:09 | INFO | ========== Start MUMmer Alignment ==========
2024-07-26 17:13:09 | INFO | 01. MUMmer Alignment 'GCF_000008685.2' vs 'URI86H'
2024-07-26 17:13:09 | INFO | $ nucmer --mum '/tmp/tmpdwc9tedh/URI86H.fna' '/tmp/tmpdwc9tedh/GCF_000008685.2.fna' --prefix=/tmp/tmpdwc9tedh/01_GCF_000008685.2_vs_URI86H
2024-07-26 17:13:15 | INFO | $ delta-filter -1 '/tmp/tmpdwc9tedh/01_GCF_000008685.2_vs_URI86H.delta'
2024-07-26 17:13:15 | INFO | > Save cmd stdout results to '/tmp/tmpdwc9tedh/01_GCF_000008685.2_vs_URI86H_filter.delta'
2024-07-26 17:13:15 | INFO | $ show-coords -H -T -r -k '/tmp/tmpdwc9tedh/01_GCF_000008685.2_vs_URI86H_filter.delta'
2024-07-26 17:13:15 | INFO | > Save cmd stdout results to '/tmp/tmpdwc9tedh/01_GCF_000008685.2_vs_URI86H_coords.tsv'
2024-07-26 17:13:15 | INFO | ========== Finish MUMmer Alignment ==========
2024-07-26 17:13:15 | INFO | Write alignment result to ' pgv_mummer_output/URI86H/align_coords.tsv'
2024-07-26 17:13:15 | INFO | Filter alignment result by length_thr=0, identity_thr=0
2024-07-26 17:13:15 | INFO | Plotting PNG format result...
2024-07-26 17:13:17 | INFO | Output result image file ' pgv_mummer_output/URI86H/result.png'
2024-07-26 17:13:17 | INFO | Plotting HTML format result...
2024-07-26 17:13:19 | INFO | Output result image file ' pgv_mummer_output/URI86H/result.html'
2024-07-26 17:13:19 | INFO | Done (elapsed time: 10.21[s])
