/quast-5.2.0/quast.py -t 32 expanded_dataset_analysis/assemblies/UCT96H/UCT96H.fna -r ref/GCF_000008685.2_ASM868v2_genomic.fna -g ref/GCF_000008685.2_ASM868v2_genomic.gff --gene-finding --circos -o expanded_dataset_analysis/quast/UCT96H

Version: 5.2.0

System information:
  OS: Linux-6.1.0-27-cloud-amd64-x86_64-with-Ubuntu-20.04-focal (linux_64)
  Python version: 2.7.18
  CPUs number: 128

Started: 2024-11-15 16:44:27

Logging to /home/mf019/longread_pangenome/expanded_dataset_analysis/quast/UCT96H/quast.log

CWD: /home/mf019/longread_pangenome
Main parameters: 
  MODE: default, threads: 32, min contig length: 500, min alignment length: 65, min alignment IDY: 95.0, \
  ambiguity: one, min local misassembly length: 200, min extensive misassembly length: 1000

Reference:
  /home/mf019/longread_pangenome/ref/GCF_000008685.2_ASM868v2_genomic.fna ==> GCF_000008685.2_ASM868v2_genomic

Contigs:
  Pre-processing...
  expanded_dataset_analysis/assemblies/UCT96H/UCT96H.fna ==> UCT96H

2024-11-15 16:44:27
Running Basic statistics processor...
  Reference genome:
    GCF_000008685.2_ASM868v2_genomic.fna, length = 1521208, num fragments = 22, GC % = 28.18
  Contig files: 
    UCT96H
  Calculating N50 and L50...
    UCT96H, N50 = 900898, L50 = 1, auN = 560751.3, Total length = 1479028, GC % = 28.17, # N's per 100 kbp =  0.00
  Drawing Nx plot...
    saved to /home/mf019/longread_pangenome/expanded_dataset_analysis/quast/UCT96H/basic_stats/Nx_plot.pdf
  Drawing NGx plot...
    saved to /home/mf019/longread_pangenome/expanded_dataset_analysis/quast/UCT96H/basic_stats/NGx_plot.pdf
  Drawing cumulative plot...
    saved to /home/mf019/longread_pangenome/expanded_dataset_analysis/quast/UCT96H/basic_stats/cumulative_plot.pdf
  Drawing GC content plot...
    saved to /home/mf019/longread_pangenome/expanded_dataset_analysis/quast/UCT96H/basic_stats/GC_content_plot.pdf
  Drawing UCT96H GC content plot...
    saved to /home/mf019/longread_pangenome/expanded_dataset_analysis/quast/UCT96H/basic_stats/UCT96H_GC_content_plot.pdf
Done.

2024-11-15 16:44:28
Running Contig analyzer...
  UCT96H
  Logging to files /home/mf019/longread_pangenome/expanded_dataset_analysis/quast/UCT96H/contigs_reports/contigs_report_UCT96H.stdout and contigs_report_UCT96H.stderr...
  Aligning contigs to the reference
  /quast-5.2.0/quast_libs/minimap2/minimap2 -c -x asm10 -B5 -O4,16 --no-long-join \
  -r 200 -N 50 -s 65 -z 200 --mask-level 0.9 --min-occ 200 -g 2500 --score-N 2 --cs \
  -t 32 expanded_dataset_analysis/quast/UCT96H/quast_corrected_input/GCF_000008685.2_ASM868v2_genomic.fna \
  expanded_dataset_analysis/quast/UCT96H/quast_corrected_input/UCT96H.fna > expanded_dataset_analysis/quast/UCT96H/contigs_reports/minimap_output/UCT96H.coords_tmp \
  2>> expanded_dataset_analysis/quast/UCT96H/contigs_reports/contigs_report_UCT96H.stderr
  Analysis is finished.

  Creating total report...
    saved to /home/mf019/longread_pangenome/expanded_dataset_analysis/quast/UCT96H/contigs_reports/misassemblies_report.txt, misassemblies_report.tsv, and misassemblies_report.tex
  Transposed version of total report...
    saved to /home/mf019/longread_pangenome/expanded_dataset_analysis/quast/UCT96H/contigs_reports/transposed_report_misassemblies.txt, transposed_report_misassemblies.tsv, and transposed_report_misassemblies.tex
  Creating total report...
    saved to /home/mf019/longread_pangenome/expanded_dataset_analysis/quast/UCT96H/contigs_reports/unaligned_report.txt, unaligned_report.tsv, and unaligned_report.tex
  Drawing misassemblies by types plot...
    saved to /home/mf019/longread_pangenome/expanded_dataset_analysis/quast/UCT96H/contigs_reports/misassemblies_plot.pdf
  Drawing misassemblies FRCurve plot...
    saved to /home/mf019/longread_pangenome/expanded_dataset_analysis/quast/UCT96H/contigs_reports/misassemblies_frcurve_plot.pdf
Done.

2024-11-15 16:44:29
Running NA-NGA calculation...
  UCT96H, Largest alignment = 900898, NA50 = 900898, NGA50 = 900898, LA50 = 1, LGA50 = 1
  Drawing cumulative plot...
    saved to /home/mf019/longread_pangenome/expanded_dataset_analysis/quast/UCT96H/aligned_stats/cumulative_plot.pdf
  Drawing NAx plot...
    saved to /home/mf019/longread_pangenome/expanded_dataset_analysis/quast/UCT96H/aligned_stats/NAx_plot.pdf
  Drawing NGAx plot...
    saved to /home/mf019/longread_pangenome/expanded_dataset_analysis/quast/UCT96H/aligned_stats/NGAx_plot.pdf
Done.

2024-11-15 16:44:29
Running Genome analyzer...
  NOTICE: No file with operons were provided. Use the -O option if you want to specify it.
  Loaded 1693 genomic features of type "ANY"
  UCT96H
  Analysis is finished.
  Drawing genomic features cumulative plot...
    saved to /home/mf019/longread_pangenome/expanded_dataset_analysis/quast/UCT96H/genome_stats/features_cumulative_plot.pdf
  Drawing genomic features FRCurve plot...
    saved to /home/mf019/longread_pangenome/expanded_dataset_analysis/quast/UCT96H/genome_stats/features_frcurve_plot.pdf
  Skipping drawing # complete genomic features histogram... (less than 2 columns histogram makes no sense)
  Skipping drawing Genome fraction, % histogram... (less than 2 columns histogram makes no sense)
Done.

2024-11-15 16:44:30
Running GeneMarkS...
  UCT96H
    perl /quast-5.2.0/quast_libs/genemark/linux_64/gmsn.pl --name UCT96H --clean --out \
    expanded_dataset_analysis/quast/UCT96H/predicted_genes/tmp/tmpRHz6Uw expanded_dataset_analysis/quast/UCT96H/quast_corrected_input/UCT96H.fna \
    > expanded_dataset_analysis/quast/UCT96H/predicted_genes/UCT96H_genemark.stderr \
    2> expanded_dataset_analysis/quast/UCT96H/predicted_genes/UCT96H_genemark.stderr
    The tool returned non-zero. See expanded_dataset_analysis/quast/UCT96H/predicted_genes/UCT96H_genemark.stderr for stderr.

WARNING: License period for GeneMark has ended! 
To update license, please visit http://exon.gatech.edu/GeneMark/license_download.cgi page and fill in the form.
You should choose GeneMarkS tool and your operating system (note that GeneMark is free for non-commercial use).
Download the license key and replace your ~/.gm_key with the updated version. After that you can restart QUAST.


NOTICE: Genes are not predicted by default. Use --gene-finding or --glimmer option to enable it.

2024-11-15 16:44:30
Creating large visual summaries...
This may take a while: press Ctrl-C to skip this step..
  1 of 3: Creating PDF with all tables and plots...
  2 of 3: Creating Icarus viewers...
  3 of 3: Creating Circos plot...
WARNING: Circos is not installed!
If you want to create Circos plots, install Circos as described at http://circos.ca/tutorials/lessons/configuration/distribution_and_installation and run the following command:
	circos -conf /home/mf019/longread_pangenome/expanded_dataset_analysis/quast/UCT96H/circos/circos.conf
The plot legend is saved to /home/mf019/longread_pangenome/expanded_dataset_analysis/quast/UCT96H/circos/legend.txt

Done

2024-11-15 16:44:31
RESULTS:
  Text versions of total report are saved to /home/mf019/longread_pangenome/expanded_dataset_analysis/quast/UCT96H/report.txt, report.tsv, and report.tex
  Text versions of transposed total report are saved to /home/mf019/longread_pangenome/expanded_dataset_analysis/quast/UCT96H/transposed_report.txt, transposed_report.tsv, and transposed_report.tex
  HTML version (interactive tables and plots) is saved to /home/mf019/longread_pangenome/expanded_dataset_analysis/quast/UCT96H/report.html
  PDF version (tables and plots) is saved to /home/mf019/longread_pangenome/expanded_dataset_analysis/quast/UCT96H/report.pdf
  Icarus (contig browser) is saved to /home/mf019/longread_pangenome/expanded_dataset_analysis/quast/UCT96H/icarus.html
  Log is saved to /home/mf019/longread_pangenome/expanded_dataset_analysis/quast/UCT96H/quast.log

Finished: 2024-11-15 16:44:31
Elapsed time: 0:00:03.814009
NOTICEs: 2; WARNINGs: 2; non-fatal ERRORs: 0

Thank you for using QUAST!
