Aligning contigs to reference...
	Aligning contigs to the reference
Filtering alignments...
Parsing coords...
Loading reference...
	Loaded [NC_001853.1]
	Loaded [NC_000949.1]
	Loaded [NC_001855.1]
	Loaded [NC_001318.1]
	Loaded [NC_001854.1]
	Loaded [NC_001904.1]
	Loaded [NC_000948.1]
	Loaded [NC_001857.2]
	Loaded [NC_001856.1]
	Loaded [NC_000951.1]
	Loaded [NC_000950.1]
	Loaded [NC_001850.1]
	Loaded [NC_000956.1]
	Loaded [NC_001903.1]
	Loaded [NC_001851.2]
	Loaded [NC_001852.1]
	Loaded [NC_000957.1]
	Loaded [NC_000954.1]
	Loaded [NC_000955.2]
	Loaded [NC_001849.2]
	Loaded [NC_000953.1]
	Loaded [NC_000952.1]
	Total Regions: 22
	Total Region Length: 1521208
Analyzing contigs...
CONTIG: contig_1 (906713bp)
Best alignment score: 899631.7 (LEN: 904607, IDY: 99.45), Total number of alignments: 3
		Skipping these alignments as insignificant (option --ambiguity-score is set to "0.99"):
			Skipping alignment 2438 3729 | 905422 906713 | 1292 1292 | 99.38 | NC_000955.2 contig_1
			Skipping alignment 905332 906146 | 904609 905423 | 815 815 | 99.51 | NC_001318.1 contig_1
		One align captures most of this contig: 83 905067 | 2 904608 | 904985 904607 | 99.45 | NC_001318.1 contig_1

CONTIG: contig_2 (53789bp)
Best alignment score: 46102.3 (LEN: 46521, IDY: 99.10), Total number of alignments: 2
			Looking for the best set of alignments (out of 2 total alignments)
			The best set is below. Score: 50112.4, number of alignments: 2, unaligned bases: 2980
		This contig is misassembled.
		This contig is partially unaligned. (Aligned 50809 out of 53789 non-N bases (94.46%))
			Real Alignment 1: 49338 53623 | 4288 1 | 4286 4288 | 99.35 | NC_001857.2 contig_2
			  Extensive misassembly (relocation, inconsistency = -2945 [linear representation of circular genome]) between these two alignments
			Real Alignment 2: 1 46464 | 53788 7268 | 46464 46521 | 99.1 | NC_001857.2 contig_2
		Unaligned bases: 2980

CONTIG: contig_3 (42605bp)
Best alignment score: 6033.3 (LEN: 6195, IDY: 97.39), Total number of alignments: 10
			Looking for the best set of alignments (out of 10 total alignments)
			Skipping redundant alignments after choosing the best set of alignments
		Skipping redundant alignment 842 1365 | 17451 17971 | 524 521 | 95.04 | NC_000956.1 contig_3
		Skipping redundant alignment 35852 36380 | 17449 17971 | 529 523 | 95.66 | NC_001855.1 contig_3
		Skipping redundant alignment 15332 15429 | 26351 26447 | 98 97 | 98.98 | NC_001849.2 contig_3
		This contig has several significant sets of alignments. [An ambiguously mapped contig]
		Using only the very best set (option --ambiguity-usage is set to "one").
			The best set is below. Score: 18148.0, number of alignments: 7, unaligned bases: 22961
		This contig is misassembled.
		This contig is partially unaligned. (Aligned 19644 out of 42605 non-N bases (46.11%))
			Warning! This contig is more unaligned than misassembled. Contig length is 42605 (number of Ns: 0) and total length of all aligns is 19644
		Alignment: 1 4117 | 22 4130 | 4117 4109 | 98.35 | NC_001852.1 contig_3
		Alignment: 2807 4011 | 5469 6672 | 1205 1204 | 95.1 | NC_001852.1 contig_3
		Alignment: 9453 10842 | 15431 14052 | 1390 1380 | 97.05 | NC_001850.1 contig_3
		Alignment: 26344 26872 | 17449 17971 | 529 523 | 96.22 | NC_001854.1 contig_3
		Alignment: 15432 16821 | 26348 24960 | 1390 1389 | 97.85 | NC_001849.2 contig_3
		Alignment: 10428 15331 | 31291 26448 | 4904 4844 | 98.14 | NC_001849.2 contig_3
		Alignment: 3997 10186 | 37486 31292 | 6190 6195 | 97.39 | NC_001849.2 contig_3
		Unaligned bases: 22961

CONTIG: contig_4 (31291bp)
Best alignment score: 231.0 (LEN: 239, IDY: 96.65), Total number of alignments: 4
			Looking for the best set of alignments (out of 4 total alignments)
			Skipping redundant alignments after choosing the best set of alignments
		Skipping redundant alignment 18410 18647 | 5138 4900 | 238 239 | 96.65 | NC_000955.2 contig_4
		Skipping redundant alignment 1175 1261 | 28352 28266 | 87 87 | 97.7 | NC_000955.2 contig_4
		Skipping redundant alignment 23102 23200 | 28254 28352 | 99 99 | 97.98 | NC_001850.1 contig_4
		This contig has several significant sets of alignments. [An ambiguously mapped contig]
		Using only the very best set (option --ambiguity-usage is set to "one").
			The best set is below. Score: 231.0, number of alignments: 1, unaligned bases: 31052
		This contig is partially unaligned. (Aligned 239 out of 31291 non-N bases (0.76%))
		Alignment: 18410 18647 | 1675 1913 | 238 239 | 96.65 | NC_000955.2 contig_4
		Unaligned bases: 1 to 1674 (1674)
		Unaligned bases: 1914 to 31291 (29378)

CONTIG: contig_5 (30910bp)
Best alignment score: 12025.3 (LEN: 12542, IDY: 95.88), Total number of alignments: 3
			Looking for the best set of alignments (out of 3 total alignments)
			The best set is below. Score: 14113.7, number of alignments: 3, unaligned bases: 15439
		This contig is misassembled.
		This contig is partially unaligned. (Aligned 15471 out of 30910 non-N bases (50.05%))
			Real Alignment 1: 15142 16771 | 13834 15464 | 1630 1631 | 97.98 | NC_000953.1 contig_5
			  Extensive misassembly (translocation) between these two alignments
			Excluding internal overlap of size 2759 between Alignment 2 and 3: 31048 35107 | 26854 30910 | 4060 4057 --> 33808 35107 | 29613 30910 | 1300 1298
			Real Alignment 2: 18169 30750 | 17071 29612 | 12582 12542 | 95.88 | NC_000948.1 contig_5
			  Extensive misassembly (translocation) between these two alignments
			Real Alignment 3: 33808 35107 | 29613 30910 | 1300 1298 | 95.64 | NC_000956.1 contig_5
		Unaligned bases: 15439

CONTIG: contig_6 (30858bp)
Best alignment score: 15354.8 (LEN: 15734, IDY: 97.59), Total number of alignments: 3
			Looking for the best set of alignments (out of 3 total alignments)
			The best set is below. Score: 29269.6, number of alignments: 3, unaligned bases: 372
		This contig is misassembled.
			Real Alignment 1: 1 12132 | 12110 1 | 12132 12110 | 96.18 | NC_000952.1 contig_6
			  Extensive misassembly (translocation) between these two alignments
			Real Alignment 2: 15142 30885 | 27844 12111 | 15744 15734 | 97.59 | NC_000953.1 contig_6
			  Gap between these two alignments (local misassembly). Inconsistency = 3
			Real Alignment 3: 12125 14766 | 30858 28217 | 2642 2642 | 95.32 | NC_000953.1 contig_6

CONTIG: contig_7 (30795bp)
Best alignment score: 9127.6 (LEN: 9445, IDY: 96.64), Total number of alignments: 6
			Looking for the best set of alignments (out of 6 total alignments)
			Skipping redundant alignments after choosing the best set of alignments
		Skipping redundant alignment 31048 36935 | 13953 8072 | 5888 5882 | 96.45 | NC_000956.1 contig_7
		Skipping redundant alignment 27320 30750 | 14625 11195 | 3431 3431 | 98.4 | NC_000948.1 contig_7
		Skipping redundant alignment 26721 27292 | 15200 14626 | 572 575 | 95.83 | NC_000948.1 contig_7
		This contig has several significant sets of alignments. [An ambiguously mapped contig]
		Using only the very best set (option --ambiguity-usage is set to "one").
			The best set is below. Score: 12806.5, number of alignments: 3, unaligned bases: 17344
		This contig is misassembled.
		This contig is partially unaligned. (Aligned 13451 out of 30795 non-N bases (43.68%))
			Warning! This contig is more unaligned than misassembled. Contig length is 30795 (number of Ns: 0) and total length of all aligns is 13451
		Alignment: 1 9444 | 11194 1750 | 9444 9445 | 96.64 | NC_000951.1 contig_7
		Alignment: 27455 30885 | 14625 11195 | 3431 3431 | 98.48 | NC_000953.1 contig_7
		Alignment: 26856 27427 | 15200 14626 | 572 575 | 95.83 | NC_000953.1 contig_7
		Unaligned bases: 17344

CONTIG: contig_8 (30669bp)
Best alignment score: 11217.1 (LEN: 11676, IDY: 96.07), Total number of alignments: 8
			Looking for the best set of alignments (out of 8 total alignments)
			Skipping redundant alignments after choosing the best set of alignments
		Skipping redundant alignment 27320 30750 | 15112 11682 | 3431 3431 | 97.7 | NC_000948.1 contig_8
		Skipping redundant alignment 26721 27292 | 15687 15113 | 572 575 | 95.83 | NC_000948.1 contig_8
			The best set is below. Score: 19557.2, number of alignments: 6, unaligned bases: 9826
		This contig is misassembled.
		This contig is partially unaligned. (Aligned 20843 out of 30669 non-N bases (67.96%))
			Real Alignment 1: 1 11698 | 11681 6 | 11698 11676 | 96.07 | NC_000952.1 contig_8
			  Extensive misassembly (translocation) between these two alignments
			Real Alignment 2: 27455 30885 | 15112 11682 | 3431 3431 | 97.73 | NC_000953.1 contig_8
			  Indel (> 5bp) between these two alignments: deletion of length 27; 0 mismatches (number of Ns: 0)
			Real Alignment 3: 26856 27427 | 15687 15113 | 572 575 | 95.83 | NC_000953.1 contig_8
			  Gap between these two alignments (local misassembly). Inconsistency = 304
			Real Alignment 4: 16973 17536 | 25266 24703 | 564 564 | 95.74 | NC_000953.1 contig_8
			  Gap between these two alignments (local misassembly). Inconsistency = -130
			Real Alignment 5: 15142 16733 | 27226 25636 | 1592 1591 | 97.8 | NC_000953.1 contig_8
			  Extensive misassembly (translocation) between these two alignments
			Real Alignment 6: 11762 14766 | 30604 27599 | 3005 3006 | 95.34 | NC_000948.1 contig_8
		Unaligned bases: 9826

CONTIG: contig_9 (30627bp)
Best alignment score: 9577.6 (LEN: 9957, IDY: 96.19), Total number of alignments: 7
			Looking for the best set of alignments (out of 7 total alignments)
			Skipping redundant alignments after choosing the best set of alignments
		Skipping redundant alignment 1 9434 | 12047 2611 | 9434 9437 | 97.81 | NC_000949.1 contig_9
		Skipping redundant alignment 1 9434 | 12047 2611 | 9434 9437 | 97.51 | NC_000948.1 contig_9
		Skipping redundant alignment 1 9434 | 12047 2611 | 9434 9437 | 97.51 | NC_000953.1 contig_9
			The best set is below. Score: 20389.0, number of alignments: 4, unaligned bases: 8852
		This contig is misassembled.
		This contig is partially unaligned. (Aligned 21775 out of 30627 non-N bases (71.10%))
			Real Alignment 1: 10321 12019 | 1699 1 | 1699 1699 | 95.88 | NC_000952.1 contig_9
			  Gap between these two alignments (local misassembly). Inconsistency = -27
			Real Alignment 2: 1 9956 | 12047 2091 | 9956 9957 | 96.19 | NC_000952.1 contig_9
			  Extensive misassembly (translocation) between these two alignments
			Real Alignment 3: 17704 26216 | 24760 16275 | 8513 8486 | 95.09 | NC_000951.1 contig_9
			  Extensive misassembly (translocation) between these two alignments
			Real Alignment 4: 18689 20321 | 27442 25810 | 1633 1633 | 98.9 | NC_000956.1 contig_9
		Unaligned bases: 8852

CONTIG: contig_10 (30301bp)
Best alignment score: 9125.6 (LEN: 9402, IDY: 97.06), Total number of alignments: 7
			Looking for the best set of alignments (out of 7 total alignments)
			Skipping redundant alignments after choosing the best set of alignments
		Skipping redundant alignment 1 9399 | 12177 2777 | 9399 9401 | 96.52 | NC_000951.1 contig_10
		Skipping redundant alignment 1 9408 | 12177 2776 | 9408 9402 | 96.93 | NC_000954.1 contig_10
			The best set is below. Score: 16050.5, number of alignments: 5, unaligned bases: 12638
		This contig is misassembled.
		This contig is partially unaligned. (Aligned 17663 out of 30301 non-N bases (58.29%))
			Real Alignment 1: 11934 12261 | 444 117 | 328 328 | 95.73 | NC_000950.1 contig_10
			  Gap between these two alignments (local misassembly). Inconsistency = 202
			Excluding internal overlap of size 3126 between Alignment 2 and 3: 31840 36935 | 14145 9052 | 5096 5094 --> 31840 33807 | 14145 12178 | 1968 1968
			Real Alignment 2: 1 9400 | 12177 2776 | 9400 9402 | 97.06 | NC_000950.1 contig_10
			  Extensive misassembly (translocation) between these two alignments
			Real Alignment 3: 31840 33807 | 14145 12178 | 1968 1968 | 95.11 | NC_000956.1 contig_10
			  Extensive misassembly (translocation) between these two alignments
			Real Alignment 4: 17566 22193 | 24346 19713 | 4628 4634 | 96.53 | NC_000950.1 contig_10
			  Extensive misassembly (translocation) between these two alignments
			Real Alignment 5: 15139 16468 | 27588 26258 | 1330 1331 | 97.07 | NC_000949.1 contig_10
		Unaligned bases: 12638

CONTIG: contig_11 (30285bp)
Best alignment score: 9124.8 (LEN: 9445, IDY: 96.61), Total number of alignments: 5
			Looking for the best set of alignments (out of 5 total alignments)
			Skipping redundant alignments after choosing the best set of alignments
		Skipping redundant alignment 15288 16840 | 2140 588 | 1553 1553 | 98.07 | NC_000954.1 contig_11
		Skipping redundant alignment 15142 16739 | 2190 592 | 1598 1599 | 98.25 | NC_000953.1 contig_11
		This contig has several significant sets of alignments. [An ambiguously mapped contig]
		Using only the very best set (option --ambiguity-usage is set to "one").
			The best set is below. Score: 11891.2, number of alignments: 3, unaligned bases: 17227
		This contig is misassembled.
		This contig is partially unaligned. (Aligned 13058 out of 30285 non-N bases (43.12%))
			Warning! This contig is more unaligned than misassembled. Contig length is 30285 (number of Ns: 0) and total length of all aligns is 13058
		Alignment: 15143 16778 | 2140 505 | 1636 1636 | 98.23 | NC_000950.1 contig_11
		Alignment: 1 9444 | 17321 7877 | 9444 9445 | 96.61 | NC_000951.1 contig_11
		Alignment: 31831 36935 | 19298 14199 | 5105 5100 | 96.63 | NC_000956.1 contig_11
		Unaligned bases: 17227

CONTIG: contig_12 (30263bp)
Best alignment score: 4644.0 (LEN: 4801, IDY: 96.73), Total number of alignments: 2
			Looking for the best set of alignments (out of 2 total alignments)
			Skipping redundant alignments after choosing the best set of alignments
		Skipping redundant alignment 2877 2988 | 7716 7605 | 112 112 | 95.54 | NC_000956.1 contig_12
			The best set is below. Score: 4644.0, number of alignments: 1, unaligned bases: 25462
		This contig is partially unaligned. (Aligned 4801 out of 30263 non-N bases (15.86%))
		Alignment: 24 4829 | 38 4838 | 4806 4801 | 96.73 | NC_001850.1 contig_12
		Unaligned bases: 1 to 37 (37)
		Unaligned bases: 4839 to 30263 (25425)

CONTIG: contig_13 (30262bp)
Best alignment score: 9177.8 (LEN: 9448, IDY: 97.14), Total number of alignments: 10
			Looking for the best set of alignments (out of 10 total alignments)
			Skipping redundant alignments after choosing the best set of alignments
		Skipping redundant alignment 22279 22358 | 84 5 | 80 80 | 98.75 | NC_000951.1 contig_13
		Skipping redundant alignment 20418 20523 | 180 75 | 106 106 | 96.23 | NC_000956.1 contig_13
		Skipping redundant alignment 19925 20328 | 694 290 | 404 405 | 98.02 | NC_000956.1 contig_13
		Skipping redundant alignment 1 9452 | 17669 8222 | 9452 9448 | 96.27 | NC_000954.1 contig_13
		Skipping redundant alignment 1 9444 | 17669 8222 | 9444 9448 | 95.84 | NC_000950.1 contig_13
		This contig has several significant sets of alignments. [An ambiguously mapped contig]
		Using only the very best set (option --ambiguity-usage is set to "one").
			The best set is below. Score: 20265.0, number of alignments: 5, unaligned bases: 8319
		This contig is misassembled.
		This contig is partially unaligned. (Aligned 21943 out of 30262 non-N bases (72.51%))
			Real Alignment 1: 15139 17271 | 2527 394 | 2133 2134 | 98.78 | NC_000949.1 contig_13
			  Extensive misassembly (translocation) between these two alignments
			Excluding internal overlap of size 3126 between Alignment 2 and 3: 31817 36935 | 19660 14544 | 5119 5117 --> 31817 33807 | 19660 17670 | 1991 1991
			Real Alignment 2: 1 9444 | 17669 8222 | 9444 9448 | 97.14 | NC_000951.1 contig_13
			  Extensive misassembly (translocation) between these two alignments
			Real Alignment 3: 31817 33807 | 19660 17670 | 1991 1991 | 96.68 | NC_000956.1 contig_13
			  Extensive misassembly (translocation) between these two alignments
			Real Alignment 4: 18672 26656 | 29112 21181 | 7985 7932 | 96.27 | NC_000949.1 contig_13
			  Gap between these two alignments (local misassembly). Inconsistency = -65
			Real Alignment 5: 17590 18024 | 30262 29825 | 435 438 | 95.94 | NC_000949.1 contig_13
		Unaligned bases: 8319

CONTIG: contig_14 (27932bp)
Best alignment score: 22271.1 (LEN: 22967, IDY: 96.97), Total number of alignments: 4
			Looking for the best set of alignments (out of 4 total alignments)
			Skipping redundant alignments after choosing the best set of alignments
		Skipping redundant alignment 1180 1766 | 26985 26397 | 587 589 | 95.93 | NC_000955.2 contig_14
		This contig has several significant sets of alignments. [An ambiguously mapped contig]
		Using only the very best set (option --ambiguity-usage is set to "one").
			The best set is below. Score: 24307.1, number of alignments: 3, unaligned bases: 2144
		This contig is misassembled.
		This contig is partially unaligned. (Aligned 25788 out of 27932 non-N bases (92.32%))
			Real Alignment 1: 14 2197 | 1 2182 | 2184 2182 | 98.81 | NC_001855.1 contig_14
			  Extensive misassembly (translocation) between these two alignments
			Excluding internal overlap of size 2222 between Alignment 2 and 3: 23017 25877 | 5887 3027 | 2861 2861 --> 25239 25877 | 3665 3027 | 639 639
			Real Alignment 2: 25239 25877 | 3665 3027 | 639 639 | 98.6 | NC_001854.1 contig_14
			  Extensive misassembly (relocation, inconsistency = 1090) between these two alignments
			Real Alignment 3: 1627 24148 | 26632 3666 | 22522 22967 | 96.97 | NC_001854.1 contig_14
		Unaligned bases: 2144

CONTIG: contig_15 (26514bp)
Best alignment score: 25615.5 (LEN: 26101, IDY: 98.14), Total number of alignments: 2
			Looking for the best set of alignments (out of 2 total alignments)
			The best set is below. Score: 26021.5, number of alignments: 2, unaligned bases: 5
		This contig is misassembled.
			Real Alignment 1: 4 26088 | 26101 1 | 26085 26101 | 98.14 | NC_001903.1 contig_15
			  Not a misassembly [linear representation of circular genome] between these two alignments
			Real Alignment 2: 26089 26496 | 26514 26107 | 408 408 | 99.51 | NC_001903.1 contig_15

CONTIG: contig_16 (26061bp)
Best alignment score: 25928.1 (LEN: 26061, IDY: 99.49), Total number of alignments: 1
		One align captures most of this contig: 1043 27043 | 1 26061 | 26001 26061 | 99.49 | NC_001853.1 contig_16

CONTIG: contig_17 (26016bp)
Best alignment score: 4281.0 (LEN: 4296, IDY: 99.65), Total number of alignments: 13
			Looking for the best set of alignments (out of 13 total alignments)
			Skipping redundant alignments after choosing the best set of alignments
		Skipping redundant alignment 1667 2084 | 4827 5244 | 418 418 | 96.65 | NC_001851.2 contig_17
		Skipping redundant alignment 35364 35525 | 25855 26016 | 162 162 | 100.0 | NC_001855.1 contig_17
		This contig has several significant sets of alignments. [An ambiguously mapped contig]
		Using only the very best set (option --ambiguity-usage is set to "one").
			The best set is below. Score: 9491.0, number of alignments: 11, unaligned bases: 15540
		This contig is misassembled.
		This contig is partially unaligned. (Aligned 10476 out of 26016 non-N bases (40.27%))
			Warning! This contig is more unaligned than misassembled. Contig length is 26016 (number of Ns: 0) and total length of all aligns is 10476
		Alignment: 14476 18768 | 1 4296 | 4293 4296 | 99.65 | NC_000955.2 contig_17
		Alignment: 1 1667 | 5051 6716 | 1667 1666 | 98.44 | NC_001851.2 contig_17
		Alignment: 5405 7966 | 14384 11823 | 2562 2562 | 99.65 | NC_001851.2 contig_17
		Alignment: 5166 5409 | 14446 14689 | 244 244 | 99.18 | NC_001851.2 contig_17
		Alignment: 5166 5409 | 14757 15000 | 244 244 | 99.18 | NC_001851.2 contig_17
		Alignment: 5166 5409 | 15068 15311 | 244 244 | 99.18 | NC_001851.2 contig_17
		Alignment: 5166 5409 | 15379 15622 | 244 244 | 99.18 | NC_001851.2 contig_17
		Alignment: 5166 5409 | 15690 15933 | 244 244 | 99.18 | NC_001851.2 contig_17
		Alignment: 5166 5409 | 16001 16244 | 244 244 | 99.18 | NC_001851.2 contig_17
		Alignment: 5166 5409 | 16312 16555 | 244 244 | 98.77 | NC_001851.2 contig_17
		Alignment: 5166 5409 | 16623 16866 | 244 244 | 99.18 | NC_001851.2 contig_17
		Unaligned bases: 15540

CONTIG: contig_18 (25601bp)
Best alignment score: 13544.9 (LEN: 14026, IDY: 96.57), Total number of alignments: 4
			Looking for the best set of alignments (out of 4 total alignments)
			Skipping redundant alignments after choosing the best set of alignments
		Skipping redundant alignment 26033 26144 | 25600 25489 | 112 112 | 100.0 | NC_001854.1 contig_18
		Skipping redundant alignment 27442 27553 | 25600 25489 | 112 112 | 99.11 | NC_001853.1 contig_18
		This contig has several significant sets of alignments. [An ambiguously mapped contig]
		Using only the very best set (option --ambiguity-usage is set to "one").
			The best set is below. Score: 13631.9, number of alignments: 2, unaligned bases: 11486
		This contig is misassembled.
		This contig is partially unaligned. (Aligned 14115 out of 25601 non-N bases (55.13%))
			Real Alignment 1: 9743 23727 | 19804 5779 | 13985 14026 | 96.57 | NC_001852.1 contig_18
			  Gap between these two alignments (local misassembly). Inconsistency = 114
			Real Alignment 2: 8846 8934 | 20587 20499 | 89 89 | 97.75 | NC_001852.1 contig_18
		Unaligned bases: 11486

CONTIG: contig_19 (25528bp)
Best alignment score: 13223.2 (LEN: 13283, IDY: 99.55), Total number of alignments: 20
			Looking for the best set of alignments (out of 20 total alignments)
			Skipping redundant alignments after choosing the best set of alignments
		Skipping redundant alignment 10655 11657 | 3815 4812 | 1003 998 | 98.6 | NC_001851.2 contig_19
		Skipping redundant alignment 1209 1369 | 21210 21048 | 161 163 | 95.09 | NC_001854.1 contig_19
		Skipping redundant alignment 1 83 | 22487 22405 | 83 83 | 97.59 | NC_001849.2 contig_19
		Skipping redundant alignment 52890 52970 | 22410 22490 | 81 81 | 98.77 | NC_000956.1 contig_19
		Skipping redundant alignment 2 88 | 22496 22410 | 87 87 | 98.85 | NC_001853.1 contig_19
		Skipping redundant alignment 52890 52970 | 22625 22545 | 81 81 | 98.77 | NC_000956.1 contig_19
		Skipping redundant alignment 2 88 | 22539 22625 | 87 87 | 98.85 | NC_001853.1 contig_19
		Skipping redundant alignment 1 83 | 22548 22630 | 83 83 | 97.59 | NC_001849.2 contig_19
		Skipping redundant alignment 1209 1369 | 23825 23987 | 161 163 | 95.09 | NC_001854.1 contig_19
		This contig has several significant sets of alignments. [An ambiguously mapped contig]
		Using only the very best set (option --ambiguity-usage is set to "one").
			The best set is below. Score: 20787.9, number of alignments: 11, unaligned bases: 2700
		This contig is misassembled.
		This contig is partially unaligned. (Aligned 22828 out of 25528 non-N bases (89.42%))
			Real Alignment 1: 34385 35481 | 1315 220 | 1097 1096 | 98.91 | NC_001855.1 contig_19
			  Extensive misassembly (translocation) between these two alignments
			Excluding internal overlap of size 71 between Alignment 2 and 3: 9778 10270 | 2313 2805 | 493 493 --> 9849 10270 | 2384 2805 | 422 422
			Real Alignment 2: 3153 4117 | 2383 1417 | 965 967 | 95.14 | NC_001852.1 contig_19
			  Extensive misassembly (translocation) between these two alignments
			Real Alignment 3: 9849 10270 | 2384 2805 | 422 422 | 97.77 | NC_001851.2 contig_19
			  Indel (> 5bp) between these two alignments: insertion of length 62; 0 mismatches (number of Ns: 0)
			Real Alignment 4: 10271 10522 | 2868 3117 | 252 250 | 97.22 | NC_001851.2 contig_19
			  Extensive misassembly (translocation) between these two alignments
			Excluding internal overlap of size 1 between Alignment 5 and 6: 19301 23197 | 7977 4058 | 3897 3920 --> 19302 23197 | 7976 4058 | 3896 3919
			Real Alignment 5: 19302 23197 | 7976 4058 | 3896 3919 | 98.57 | NC_001855.1 contig_19
			  Extensive misassembly (relocation, inconsistency = 2214) between these two alignments
			Real Alignment 6: 3808 17087 | 21259 7977 | 13280 13283 | 99.55 | NC_001855.1 contig_19
			  Extensive misassembly (translocation) between these two alignments
			Real Alignment 7: 50244 50345 | 21291 21392 | 102 102 | 100.0 | NC_000956.1 contig_19
			  Indel (> 5bp) between these two alignments: insertion of length 60; 0 mismatches (number of Ns: 0)
			Real Alignment 8: 50346 50806 | 21453 21920 | 461 468 | 95.09 | NC_000956.1 contig_19
			  Extensive misassembly (relocation, inconsistency = -1655) between these two alignments
			Real Alignment 9: 50346 50806 | 23582 23115 | 461 468 | 95.09 | NC_000956.1 contig_19
			  Indel (> 5bp) between these two alignments: insertion of length 60; 0 mismatches (number of Ns: 0)
			Real Alignment 10: 50244 50345 | 23744 23643 | 102 102 | 100.0 | NC_000956.1 contig_19
			  Extensive misassembly (translocation) between these two alignments
			Real Alignment 11: 3808 5558 | 23776 25526 | 1751 1751 | 99.32 | NC_001855.1 contig_19
		Unaligned bases: 2700

CONTIG: contig_20 (21172bp)
Best alignment score: 4477.3 (LEN: 4633, IDY: 96.64), Total number of alignments: 11
			Looking for the best set of alignments (out of 11 total alignments)
			Skipping redundant alignments after choosing the best set of alignments
		Skipping redundant alignment 10240 10392 | 19759 19911 | 153 153 | 95.42 | NC_000954.1 contig_20
		Skipping redundant alignment 10355 11580 | 19947 21172 | 1226 1226 | 98.37 | NC_000950.1 contig_20
		Skipping redundant alignment 10462 11725 | 19912 21172 | 1264 1261 | 96.99 | NC_000954.1 contig_20
		Skipping redundant alignment 13765 15126 | 19811 21172 | 1362 1362 | 97.44 | NC_000956.1 contig_20
		Skipping redundant alignment 10275 11636 | 19811 21172 | 1362 1362 | 97.44 | NC_000949.1 contig_20
		Skipping redundant alignment 10222 11636 | 19759 21172 | 1415 1414 | 97.53 | NC_000953.1 contig_20
		Skipping redundant alignment 10222 11636 | 19759 21172 | 1415 1414 | 97.53 | NC_000948.1 contig_20
		This contig has several significant sets of alignments. [An ambiguously mapped contig]
		Using only the very best set (option --ambiguity-usage is set to "one").
			The best set is below. Score: 7513.4, number of alignments: 4, unaligned bases: 13171
		This contig is misassembled.
		This contig is partially unaligned. (Aligned 8001 out of 21172 non-N bases (37.79%))
			Warning! This contig is more unaligned than misassembled. Contig length is 21172 (number of Ns: 0) and total length of all aligns is 8001
		Alignment: 15288 16956 | 3561 5229 | 1669 1669 | 98.68 | NC_000954.1 contig_20
		Alignment: 17044 17328 | 5230 5514 | 285 285 | 97.54 | NC_000954.1 contig_20
		Alignment: 17772 22395 | 6203 10835 | 4624 4633 | 96.64 | NC_000954.1 contig_20
		Alignment: 10232 11646 | 19759 21172 | 1415 1414 | 98.03 | NC_000951.1 contig_20
		Unaligned bases: 13171

CONTIG: contig_21 (21164bp)
Best alignment score: 5654.1 (LEN: 5915, IDY: 95.59), Total number of alignments: 8
			Looking for the best set of alignments (out of 8 total alignments)
			Skipping redundant alignments after choosing the best set of alignments
		Skipping redundant alignment 1 6081 | 1285 7199 | 6081 5915 | 95.59 | NC_000949.1 contig_21
		Skipping redundant alignment 1 6081 | 1285 7199 | 6081 5915 | 95.25 | NC_000953.1 contig_21
		Skipping redundant alignment 1 6081 | 1285 7199 | 6081 5915 | 95.25 | NC_000948.1 contig_21
		Skipping redundant alignment 18689 20229 | 8001 9541 | 1541 1541 | 98.38 | NC_000956.1 contig_21
		This contig has several significant sets of alignments. [An ambiguously mapped contig]
		Using only the very best set (option --ambiguity-usage is set to "one").
			The best set is below. Score: 11031.3, number of alignments: 4, unaligned bases: 9221
		This contig is misassembled.
		This contig is partially unaligned. (Aligned 11943 out of 21164 non-N bases (56.43%))
			Real Alignment 1: 32525 34181 | 1 1658 | 1657 1658 | 95.54 | NC_000956.1 contig_21
			  Extensive misassembly (translocation) between these two alignments
			Real Alignment 2: 540 6080 | 1659 7199 | 5541 5541 | 97.15 | NC_000952.1 contig_21
			  Extensive misassembly (translocation) between these two alignments
			Real Alignment 3: 15158 16489 | 7951 9283 | 1332 1333 | 98.2 | NC_000951.1 contig_21
			  Gap between these two alignments (local misassembly). Inconsistency = 20
			Real Alignment 4: 17390 20801 | 10164 13574 | 3412 3411 | 95.49 | NC_000951.1 contig_21
		Unaligned bases: 9221

CONTIG: contig_22 (15297bp)
Best alignment score: 5464.2 (LEN: 5535, IDY: 98.72), Total number of alignments: 4
			Looking for the best set of alignments (out of 4 total alignments)
			Skipping redundant alignments after choosing the best set of alignments
		Skipping redundant alignment 11664 11846 | 6916 7098 | 183 183 | 97.81 | NC_001851.2 contig_22
		This contig has several significant sets of alignments. [An ambiguously mapped contig]
		Using only the very best set (option --ambiguity-usage is set to "one").
			The best set is below. Score: 9197.3, number of alignments: 3, unaligned bases: 5435
		This contig is misassembled.
		This contig is partially unaligned. (Aligned 9862 out of 15297 non-N bases (64.47%))
			Real Alignment 1: 11927 15550 | 6647 3020 | 3624 3628 | 97.66 | NC_001851.2 contig_22
			  Extensive misassembly (translocation) between these two alignments
			Excluding internal overlap of size 2 between Alignment 2 and 3: 903449 904148 | 9064 9764 | 700 701 --> 903449 904146 | 9064 9762 | 698 699
			Real Alignment 2: 903449 904146 | 9064 9762 | 698 699 | 99.0 | NC_001318.1 contig_22
			  Extensive misassembly (relocation, inconsistency = 1051) between these two alignments
			Real Alignment 3: 905198 910713 | 9763 15297 | 5516 5535 | 98.72 | NC_001318.1 contig_22
		Unaligned bases: 5435

CONTIG: contig_23 (1193bp)
Best alignment score: 434.0 (LEN: 444, IDY: 97.75), Total number of alignments: 4
			Looking for the best set of alignments (out of 4 total alignments)
			Skipping redundant alignments after choosing the best set of alignments
		Skipping redundant alignment 201 375 | 708 532 | 175 177 | 95.48 | NC_001853.1 contig_23
		Skipping redundant alignment 52624 52798 | 532 708 | 175 177 | 95.48 | NC_000956.1 contig_23
		This contig has several significant sets of alignments. [An ambiguously mapped contig]
		Using only the very best set (option --ambiguity-usage is set to "one").
			The best set is below. Score: 542.0, number of alignments: 2, unaligned bases: 572
		This contig is misassembled.
		This contig is partially unaligned. (Aligned 621 out of 1193 non-N bases (52.05%))
			Real Alignment 1: 140 314 | 708 532 | 175 177 | 95.48 | NC_001849.2 contig_23
			  Extensive misassembly (translocation) between these two alignments
			Real Alignment 2: 1667 2109 | 1152 709 | 443 444 | 97.75 | NC_001851.2 contig_23
		Unaligned bases: 572

CONTIG: contig_24 (969bp)
		This contig is unaligned. (969 bp)
		Unaligned bases: 969 (number of Ns: 0)

CONTIG: contig_25 (956bp)
Best alignment score: 399.0 (LEN: 408, IDY: 97.80), Total number of alignments: 2
			Looking for the best set of alignments (out of 2 total alignments)
			The best set is below. Score: 749.0, number of alignments: 2, unaligned bases: 140
		This contig is misassembled.
			Real Alignment 1: 29356 29764 | 12 419 | 409 408 | 97.8 | NC_001852.1 contig_25
			  Extensive misassembly (inversion) between these two alignments
			Real Alignment 2: 29356 29764 | 945 538 | 409 408 | 97.8 | NC_001852.1 contig_25

CONTIG: contig_26 (928bp)
Best alignment score: 913.0 (LEN: 918, IDY: 99.46), Total number of alignments: 3
			Looking for the best set of alignments (out of 3 total alignments)
			Skipping redundant alignments after choosing the best set of alignments
		Skipping redundant alignment 49 865 | 810 1 | 817 810 | 98.65 | NC_001849.2 contig_26
		Skipping redundant alignment 52073 52970 | 1 912 | 898 912 | 96.74 | NC_000956.1 contig_26
			The best set is below. Score: 913.0, number of alignments: 1, unaligned bases: 10
		Alignment: 2 920 | 918 1 | 919 918 | 99.46 | NC_001853.1 contig_26

CONTIG: contig_27 (752bp)
		This contig is unaligned. (752 bp)
		Unaligned bases: 752 (number of Ns: 0)

CONTIG: contig_28 (636bp)
		This contig is unaligned. (636 bp)
		Unaligned bases: 636 (number of Ns: 0)

CONTIG: contig_29 (545bp)
		This contig is unaligned. (545 bp)
		Unaligned bases: 545 (number of Ns: 0)

Analyzing coverage...
Writing SNPs into /home/mf019/longread_pangenome/expanded_dataset_analysis/quast/UCT92H/contigs_reports/minimap_output/UCT92H.used_snps

Analysis is finished!
Founded SNPs were written into /home/mf019/longread_pangenome/expanded_dataset_analysis/quast/UCT92H/contigs_reports/minimap_output/UCT92H.used_snps

Results:
	Local Misassemblies: 8
	Misassemblies: 29
		Relocations: 5
		Translocations: 23
		Inversions: 1
	Scaffold gap extensive misassemblies: 0
	Scaffold gap local misassemblies: 0
	Misassembled Contigs: 13
	Misassembled Contig Bases: 329486
	Misassemblies Inter-Contig Overlap ("Extra" Aligned Bases): 0
Unaligned Contigs: 4 + 19 part
Half Unaligned Contigs with Misassemblies: 5
Unaligned Bases in Fully and Partially Unaligned Contigs: 235271

Ambiguously Mapped Contigs: 13
Total Bases in Ambiguously Mapped Contigs: 329141
"Extra" Aligned Bases in Ambiguously Mapped Contigs: 0
Note that --allow-ambiguity option was set to "one" and only first alignment per each of these contigs was used (there is no "extra" aligned bases).

	Covered Bases in Reference: 1217282
	Raw Aligned Bases in Assembly: 1293626
	Total Aligned Bases in Assembly (with "Extras"): 1293626

	SNPs: 11765
	Insertions: 1608
	Deletions: 1377

