Aligning contigs to reference...
	Aligning contigs to the reference
Filtering alignments...
Parsing coords...
Loading reference...
	Loaded [NC_001853.1]
	Loaded [NC_000949.1]
	Loaded [NC_001855.1]
	Loaded [NC_001318.1]
	Loaded [NC_001854.1]
	Loaded [NC_001904.1]
	Loaded [NC_000948.1]
	Loaded [NC_001857.2]
	Loaded [NC_001856.1]
	Loaded [NC_000951.1]
	Loaded [NC_000950.1]
	Loaded [NC_001850.1]
	Loaded [NC_000956.1]
	Loaded [NC_001903.1]
	Loaded [NC_001851.2]
	Loaded [NC_001852.1]
	Loaded [NC_000957.1]
	Loaded [NC_000954.1]
	Loaded [NC_000955.2]
	Loaded [NC_001849.2]
	Loaded [NC_000953.1]
	Loaded [NC_000952.1]
	Total Regions: 22
	Total Region Length: 1521208
Analyzing contigs...
CONTIG: CP124100.1 (910422bp)
Best alignment score: 907326.6 (LEN: 910422, IDY: 99.66), Total number of alignments: 1
		One align captures most of this contig: 1 910724 | 1 910422 | 910724 910422 | 99.66 | NC_001318.1 CP124100.1

CONTIG: CP124098.1 (17222bp)
Best alignment score: 6241.9 (LEN: 6328, IDY: 98.64), Total number of alignments: 6
			Looking for the best set of alignments (out of 6 total alignments)
			Skipping redundant alignments after choosing the best set of alignments
		Skipping redundant alignment 1 1135 | 32 1166 | 1135 1135 | 99.12 | NC_000955.2 CP124098.1
		Skipping redundant alignment 4258 4515 | 5135 4878 | 258 258 | 99.61 | NC_001849.2 CP124098.1
			The best set is below. Score: 16191.9, number of alignments: 4, unaligned bases: 498
		This contig is misassembled.
			Real Alignment 1: 1 1415 | 42 1506 | 1415 1465 | 95.29 | NC_001854.1 CP124098.1
			  Extensive misassembly (translocation) between these two alignments
			Real Alignment 2: 1011 4257 | 1627 4877 | 3247 3251 | 99.78 | NC_001849.2 CP124098.1
			  Gap between these two alignments (local misassembly). Inconsistency = 0
			Real Alignment 3: 4516 10186 | 5136 10815 | 5671 5680 | 98.33 | NC_001849.2 CP124098.1
			  Gap between these two alignments (local misassembly). Inconsistency = 241
			Real Alignment 4: 10428 16821 | 10816 17143 | 6394 6328 | 98.64 | NC_001849.2 CP124098.1

CONTIG: CP124097.1 (26454bp)
Best alignment score: 25896.2 (LEN: 26449, IDY: 97.91), Total number of alignments: 1
		One align captures most of this contig: 4 26496 | 4 26452 | 26493 26449 | 97.91 | NC_001903.1 CP124097.1

CONTIG: CP124099.1 (53730bp)
Best alignment score: 53209.5 (LEN: 53709, IDY: 99.07), Total number of alignments: 1
		One align captures most of this contig: 1 53657 | 3 53711 | 53657 53709 | 99.07 | NC_001857.2 CP124099.1

Analyzing coverage...
Writing SNPs into /home/mf019/longread_pangenome/expanded_dataset_analysis/reports/quast/GCA_030445005.1_ASM3044500v1_genomic/contigs_reports/minimap_output/GCA_030445005-1_ASM3044500v1_genomic.used_snps

Analysis is finished!
Founded SNPs were written into /home/mf019/longread_pangenome/expanded_dataset_analysis/reports/quast/GCA_030445005.1_ASM3044500v1_genomic/contigs_reports/minimap_output/GCA_030445005-1_ASM3044500v1_genomic.used_snps

Results:
	Local Misassemblies: 2
	Misassemblies: 1
		Relocations: 0
		Translocations: 1
		Inversions: 0
	Scaffold gap extensive misassemblies: 0
	Scaffold gap local misassemblies: 0
	Misassembled Contigs: 1
	Misassembled Contig Bases: 17222
	Misassemblies Inter-Contig Overlap ("Extra" Aligned Bases): 0
Unaligned Contigs: 0 + 0 part
Half Unaligned Contigs with Misassemblies: 0
Unaligned Bases in Fully and Partially Unaligned Contigs: 0

Ambiguously Mapped Contigs: 0
Total Bases in Ambiguously Mapped Contigs: 0
"Extra" Aligned Bases in Ambiguously Mapped Contigs: 0
Note that --allow-ambiguity option was set to "one" and only first alignment per each of these contigs was used (there is no "extra" aligned bases).

	Covered Bases in Reference: 1007558
	Raw Aligned Bases in Assembly: 1007304
	Total Aligned Bases in Assembly (with "Extras"): 1007304

	SNPs: 3344
	Insertions: 365
	Deletions: 662

