Aligning contigs to reference...
	Aligning contigs to the reference
Filtering alignments...
Parsing coords...
Loading reference...
	Loaded [NC_001853.1]
	Loaded [NC_000949.1]
	Loaded [NC_001855.1]
	Loaded [NC_001318.1]
	Loaded [NC_001854.1]
	Loaded [NC_001904.1]
	Loaded [NC_000948.1]
	Loaded [NC_001857.2]
	Loaded [NC_001856.1]
	Loaded [NC_000951.1]
	Loaded [NC_000950.1]
	Loaded [NC_001850.1]
	Loaded [NC_000956.1]
	Loaded [NC_001903.1]
	Loaded [NC_001851.2]
	Loaded [NC_001852.1]
	Loaded [NC_000957.1]
	Loaded [NC_000954.1]
	Loaded [NC_000955.2]
	Loaded [NC_001849.2]
	Loaded [NC_000953.1]
	Loaded [NC_000952.1]
	Total Regions: 22
	Total Region Length: 1521208
Analyzing contigs...
CONTIG: NC_001318.1 (910724bp)
Best alignment score: 910724.0 (LEN: 910724, IDY: 100.00), Total number of alignments: 1
		One align captures most of this contig: 1 910724 | 1 910724 | 910724 910724 | 100.0 | NC_001318.1 NC_001318.1

CONTIG: NC_000957.1 (5228bp)
Best alignment score: 5228.0 (LEN: 5228, IDY: 100.00), Total number of alignments: 1
		One align captures most of this contig: 1 5228 | 1 5228 | 5228 5228 | 100.0 | NC_000957.1 NC_000957.1

CONTIG: NC_001904.1 (9386bp)
Best alignment score: 9386.0 (LEN: 9386, IDY: 100.00), Total number of alignments: 1
		One align captures most of this contig: 1 9386 | 1 9386 | 9386 9386 | 100.0 | NC_001904.1 NC_001904.1

CONTIG: NC_001849.2 (16821bp)
Best alignment score: 16821.0 (LEN: 16821, IDY: 100.00), Total number of alignments: 1
		One align captures most of this contig: 1 16821 | 1 16821 | 16821 16821 | 100.0 | NC_001849.2 NC_001849.2

CONTIG: NC_000955.2 (18777bp)
Best alignment score: 18777.0 (LEN: 18777, IDY: 100.00), Total number of alignments: 1
		One align captures most of this contig: 1 18777 | 1 18777 | 18777 18777 | 100.0 | NC_000955.2 NC_000955.2

CONTIG: NC_001850.1 (24177bp)
Best alignment score: 24177.0 (LEN: 24177, IDY: 100.00), Total number of alignments: 1
		One align captures most of this contig: 1 24177 | 1 24177 | 24177 24177 | 100.0 | NC_001850.1 NC_001850.1

CONTIG: NC_001903.1 (26498bp)
Best alignment score: 26498.0 (LEN: 26498, IDY: 100.00), Total number of alignments: 1
		One align captures most of this contig: 1 26498 | 1 26498 | 26498 26498 | 100.0 | NC_001903.1 NC_001903.1

CONTIG: NC_001851.2 (28155bp)
Best alignment score: 28155.0 (LEN: 28155, IDY: 100.00), Total number of alignments: 1
		One align captures most of this contig: 1 28155 | 1 28155 | 28155 28155 | 100.0 | NC_001851.2 NC_001851.2

CONTIG: NC_001852.1 (29766bp)
Best alignment score: 29766.0 (LEN: 29766, IDY: 100.00), Total number of alignments: 1
		One align captures most of this contig: 1 29766 | 1 29766 | 29766 29766 | 100.0 | NC_001852.1 NC_001852.1

CONTIG: NC_001853.1 (28601bp)
Best alignment score: 28601.0 (LEN: 28601, IDY: 100.00), Total number of alignments: 1
		One align captures most of this contig: 1 28601 | 1 28601 | 28601 28601 | 100.0 | NC_001853.1 NC_001853.1

CONTIG: NC_001854.1 (27323bp)
Best alignment score: 27323.0 (LEN: 27323, IDY: 100.00), Total number of alignments: 1
		One align captures most of this contig: 1 27323 | 1 27323 | 27323 27323 | 100.0 | NC_001854.1 NC_001854.1

CONTIG: NC_000948.1 (30750bp)
Best alignment score: 30750.0 (LEN: 30750, IDY: 100.00), Total number of alignments: 1
		One align captures most of this contig: 1 30750 | 1 30750 | 30750 30750 | 100.0 | NC_000948.1 NC_000948.1

CONTIG: NC_000949.1 (30223bp)
Best alignment score: 30223.0 (LEN: 30223, IDY: 100.00), Total number of alignments: 1
		One align captures most of this contig: 1 30223 | 1 30223 | 30223 30223 | 100.0 | NC_000949.1 NC_000949.1

CONTIG: NC_000950.1 (30299bp)
Best alignment score: 30299.0 (LEN: 30299, IDY: 100.00), Total number of alignments: 1
		One align captures most of this contig: 1 30299 | 1 30299 | 30299 30299 | 100.0 | NC_000950.1 NC_000950.1

CONTIG: NC_000951.1 (29838bp)
Best alignment score: 29838.0 (LEN: 29838, IDY: 100.00), Total number of alignments: 1
		One align captures most of this contig: 1 29838 | 1 29838 | 29838 29838 | 100.0 | NC_000951.1 NC_000951.1

CONTIG: NC_000952.1 (30800bp)
Best alignment score: 30800.0 (LEN: 30800, IDY: 100.00), Total number of alignments: 1
		One align captures most of this contig: 1 30800 | 1 30800 | 30800 30800 | 100.0 | NC_000952.1 NC_000952.1

CONTIG: NC_000953.1 (30885bp)
Best alignment score: 30885.0 (LEN: 30885, IDY: 100.00), Total number of alignments: 1
		One align captures most of this contig: 1 30885 | 1 30885 | 30885 30885 | 100.0 | NC_000953.1 NC_000953.1

CONTIG: NC_000954.1 (30651bp)
Best alignment score: 30651.0 (LEN: 30651, IDY: 100.00), Total number of alignments: 1
		One align captures most of this contig: 1 30651 | 1 30651 | 30651 30651 | 100.0 | NC_000954.1 NC_000954.1

CONTIG: NC_001855.1 (36849bp)
Best alignment score: 36849.0 (LEN: 36849, IDY: 100.00), Total number of alignments: 1
		One align captures most of this contig: 1 36849 | 1 36849 | 36849 36849 | 100.0 | NC_001855.1 NC_001855.1

CONTIG: NC_001856.1 (38829bp)
Best alignment score: 38829.0 (LEN: 38829, IDY: 100.00), Total number of alignments: 1
		One align captures most of this contig: 1 38829 | 1 38829 | 38829 38829 | 100.0 | NC_001856.1 NC_001856.1

CONTIG: NC_001857.2 (53657bp)
Best alignment score: 53657.0 (LEN: 53657, IDY: 100.00), Total number of alignments: 1
		One align captures most of this contig: 1 53657 | 1 53657 | 53657 53657 | 100.0 | NC_001857.2 NC_001857.2

CONTIG: NC_000956.1 (52971bp)
Best alignment score: 52971.0 (LEN: 52971, IDY: 100.00), Total number of alignments: 1
		One align captures most of this contig: 1 52971 | 1 52971 | 52971 52971 | 100.0 | NC_000956.1 NC_000956.1

Analyzing coverage...
Writing SNPs into /home/mf019/longread_pangenome/expanded_dataset_analysis/quast/GCF_000008685.2_ASM868v2_genomic/contigs_reports/minimap_output/GCF_000008685-2_ASM868v2_genomic.used_snps

Analysis is finished!
Founded SNPs were written into /home/mf019/longread_pangenome/expanded_dataset_analysis/quast/GCF_000008685.2_ASM868v2_genomic/contigs_reports/minimap_output/GCF_000008685-2_ASM868v2_genomic.used_snps

Results:
	Local Misassemblies: 0
	Misassemblies: 0
		Relocations: 0
		Translocations: 0
		Inversions: 0
	Scaffold gap extensive misassemblies: 0
	Scaffold gap local misassemblies: 0
	Misassembled Contigs: 0
	Misassembled Contig Bases: 0
	Misassemblies Inter-Contig Overlap ("Extra" Aligned Bases): 0
Unaligned Contigs: 0 + 0 part
Half Unaligned Contigs with Misassemblies: 0
Unaligned Bases in Fully and Partially Unaligned Contigs: 0

Ambiguously Mapped Contigs: 0
Total Bases in Ambiguously Mapped Contigs: 0
"Extra" Aligned Bases in Ambiguously Mapped Contigs: 0
Note that --allow-ambiguity option was set to "one" and only first alignment per each of these contigs was used (there is no "extra" aligned bases).

	Covered Bases in Reference: 1521153
	Raw Aligned Bases in Assembly: 1521208
	Total Aligned Bases in Assembly (with "Extras"): 1521208

	SNPs: 0
	Insertions: 0
	Deletions: 0

