Aligning contigs to reference...
	Aligning contigs to the reference
Filtering alignments...
Parsing coords...
Loading reference...
	Loaded [NC_001853.1]
	Loaded [NC_000949.1]
	Loaded [NC_001855.1]
	Loaded [NC_001318.1]
	Loaded [NC_001854.1]
	Loaded [NC_001904.1]
	Loaded [NC_000948.1]
	Loaded [NC_001857.2]
	Loaded [NC_001856.1]
	Loaded [NC_000951.1]
	Loaded [NC_000950.1]
	Loaded [NC_001850.1]
	Loaded [NC_000956.1]
	Loaded [NC_001903.1]
	Loaded [NC_001851.2]
	Loaded [NC_001852.1]
	Loaded [NC_000957.1]
	Loaded [NC_000954.1]
	Loaded [NC_000955.2]
	Loaded [NC_001849.2]
	Loaded [NC_000953.1]
	Loaded [NC_000952.1]
	Total Regions: 22
	Total Region Length: 1521208
Analyzing contigs...
CONTIG: NC_017418.1 (902191bp)
Best alignment score: 895441.2 (LEN: 902026, IDY: 99.27), Total number of alignments: 1
		One align captures most of this contig: 247 903437 | 1 902026 | 903191 902026 | 99.27 | NC_001318.1 NC_017418.1

CONTIG: NC_017401.1 (26498bp)
Best alignment score: 26074.0 (LEN: 26498, IDY: 98.40), Total number of alignments: 1
		One align captures most of this contig: 1 26498 | 1 26498 | 26498 26498 | 98.4 | NC_001903.1 NC_017401.1

CONTIG: NC_017424.1 (30154bp)
Best alignment score: 14314.5 (LEN: 14742, IDY: 97.10), Total number of alignments: 4
			Looking for the best set of alignments (out of 4 total alignments)
			Skipping redundant alignments after choosing the best set of alignments
		Skipping redundant alignment 18623 19971 | 15138 16488 | 1349 1351 | 96.6 | NC_000956.1 NC_017424.1
			The best set is below. Score: 20893.2, number of alignments: 3, unaligned bases: 8002
		This contig is misassembled.
		This contig is partially unaligned. (Aligned 22152 out of 30154 non-N bases (73.46%))
			Real Alignment 1: 1 14732 | 1 14742 | 14732 14742 | 97.1 | NC_000952.1 NC_017424.1
			  Extensive misassembly (translocation) between these two alignments
			Excluding internal overlap of size 113 between Alignment 2 and 3: 15124 17339 | 15138 17354 | 2216 2217 --> 15124 17226 | 15138 17241 | 2103 2104
			Real Alignment 2: 15124 17226 | 15138 17241 | 2103 2104 | 97.25 | NC_000948.1 NC_017424.1
			  Extensive misassembly (translocation) between these two alignments
			Real Alignment 3: 20839 26125 | 17242 22547 | 5287 5306 | 95.95 | NC_000956.1 NC_017424.1
		Unaligned bases: 8002

CONTIG: NC_017423.1 (27767bp)
		This contig is unaligned. (27767 bp)
		Unaligned bases: 27767 (number of Ns: 0)

CONTIG: NC_017400.1 (15915bp)
Best alignment score: 1231.1 (LEN: 1269, IDY: 97.01), Total number of alignments: 7
			Looking for the best set of alignments (out of 7 total alignments)
			Skipping redundant alignments after choosing the best set of alignments
		Skipping redundant alignment 1 1036 | 1 1036 | 1036 1036 | 98.65 | NC_000950.1 NC_017400.1
		Skipping redundant alignment 1 1037 | 1 1037 | 1037 1037 | 98.94 | NC_000953.1 NC_017400.1
		Skipping redundant alignment 1 1037 | 1 1037 | 1037 1037 | 98.94 | NC_000948.1 NC_017400.1
		Skipping redundant alignment 1 1037 | 1 1037 | 1037 1037 | 98.75 | NC_000949.1 NC_017400.1
		Skipping redundant alignment 1 1040 | 1 1037 | 1040 1037 | 97.6 | NC_000954.1 NC_017400.1
		This contig has several significant sets of alignments. [An ambiguously mapped contig]
		Using only the very best set (option --ambiguity-usage is set to "one").
			The best set is below. Score: 2007.6, number of alignments: 2, unaligned bases: 13610
		This contig is misassembled.
		This contig is partially unaligned. (Aligned 2305 out of 15915 non-N bases (14.48%))
			Warning! This contig is more unaligned than misassembled. Contig length is 15915 (number of Ns: 0) and total length of all aligns is 2305
		Alignment: 1 1037 | 1 1037 | 1037 1037 | 99.23 | NC_000951.1 NC_017400.1
		Alignment: 18963 20231 | 1037 2305 | 1269 1269 | 97.01 | NC_000956.1 NC_017400.1
		Unaligned bases: 13610

CONTIG: NC_017398.1 (29615bp)
Best alignment score: 5380.9 (LEN: 5489, IDY: 98.03), Total number of alignments: 13
			Looking for the best set of alignments (out of 13 total alignments)
			Skipping redundant alignments after choosing the best set of alignments
		Skipping redundant alignment 10326 12026 | 8316 6617 | 1701 1700 | 97.41 | NC_000950.1 NC_017398.1
		Skipping redundant alignment 10442 12171 | 8346 6617 | 1730 1730 | 96.82 | NC_000954.1 NC_017398.1
		Skipping redundant alignment 6611 12092 | 12099 6617 | 5482 5483 | 96.01 | NC_000951.1 NC_017398.1
		Skipping redundant alignment 6605 9525 | 12105 9184 | 2921 2922 | 97.33 | NC_000950.1 NC_017398.1
		Skipping redundant alignment 6611 10370 | 12105 8347 | 3760 3759 | 95.77 | NC_000954.1 NC_017398.1
		Skipping redundant alignment 6595 12082 | 12105 6617 | 5488 5489 | 96.96 | NC_000948.1 NC_017398.1
		Skipping redundant alignment 6595 12082 | 12105 6617 | 5488 5489 | 96.96 | NC_000953.1 NC_017398.1
		Skipping redundant alignment 10065 15572 | 12105 6617 | 5508 5489 | 96.49 | NC_000956.1 NC_017398.1
		This contig has several significant sets of alignments. [An ambiguously mapped contig]
		Using only the very best set (option --ambiguity-usage is set to "one").
			The best set is below. Score: 13977.5, number of alignments: 5, unaligned bases: 15035
		This contig is misassembled.
		This contig is partially unaligned. (Aligned 14580 out of 29615 non-N bases (49.23%))
			Warning! This contig is more unaligned than misassembled. Contig length is 29615 (number of Ns: 0) and total length of all aligns is 14580
		Alignment: 6595 12082 | 12105 6617 | 5488 5489 | 98.03 | NC_000949.1 NC_017398.1
		Alignment: 12092 14744 | 12105 14756 | 2653 2652 | 97.06 | NC_000951.1 NC_017398.1
		Alignment: 15153 16489 | 15174 16510 | 1337 1337 | 97.83 | NC_000951.1 NC_017398.1
		Alignment: 22659 26216 | 22536 26097 | 3558 3562 | 97.39 | NC_000951.1 NC_017398.1
		Alignment: 28298 29838 | 28075 29615 | 1541 1541 | 97.21 | NC_000951.1 NC_017398.1
		Unaligned bases: 15035

CONTIG: NC_017422.1 (17483bp)
Best alignment score: 7690.1 (LEN: 8008, IDY: 96.03), Total number of alignments: 2
			Looking for the best set of alignments (out of 2 total alignments)
			The best set is below. Score: 8914.1, number of alignments: 2, unaligned bases: 7924
		This contig is misassembled.
		This contig is partially unaligned. (Aligned 9559 out of 17483 non-N bases (54.68%))
			Real Alignment 1: 18182 26193 | 5952 13959 | 8012 8008 | 96.03 | NC_000952.1 NC_017422.1
			  Extensive misassembly (translocation) between these two alignments
			Real Alignment 2: 31817 33367 | 15933 17483 | 1551 1551 | 95.1 | NC_000956.1 NC_017422.1
		Unaligned bases: 7924

CONTIG: NC_017402.1 (30658bp)
Best alignment score: 8973.3 (LEN: 9401, IDY: 95.45), Total number of alignments: 8
			Looking for the best set of alignments (out of 8 total alignments)
			Skipping redundant alignments after choosing the best set of alignments
		Skipping redundant alignment 1 9413 | 1 9401 | 9413 9401 | 95.45 | NC_000954.1 NC_017402.1
		Skipping redundant alignment 1 9395 | 1 9401 | 9395 9401 | 95.09 | NC_000953.1 NC_017402.1
		Skipping redundant alignment 12079 14850 | 11944 14715 | 2772 2772 | 95.09 | NC_000954.1 NC_017402.1
			The best set is below. Score: 20268.3, number of alignments: 5, unaligned bases: 9021
		This contig is misassembled.
		This contig is partially unaligned. (Aligned 21637 out of 30658 non-N bases (70.58%))
			Real Alignment 1: 1 9405 | 1 9401 | 9405 9401 | 95.14 | NC_000950.1 NC_017402.1
			  Gap between these two alignments (local misassembly). Inconsistency = -14
			Real Alignment 2: 11934 14885 | 11944 14896 | 2952 2953 | 95.23 | NC_000950.1 NC_017402.1
			  Indel (<= 5bp) between these two alignments: deletion of length 3; 185 mismatches (number of Ns: 0)
			Real Alignment 3: 15077 17169 | 15085 17179 | 2093 2095 | 97.33 | NC_000950.1 NC_017402.1
			  Extensive misassembly (translocation) between these two alignments
			Real Alignment 4: 18243 22408 | 18215 22389 | 4166 4175 | 97.17 | NC_000954.1 NC_017402.1
			  Extensive misassembly (translocation) between these two alignments
			Real Alignment 5: 27874 30885 | 27646 30658 | 3012 3013 | 96.85 | NC_000953.1 NC_017402.1
		Unaligned bases: 9021

CONTIG: NC_017399.1 (8722bp)
Best alignment score: 2381.1 (LEN: 2421, IDY: 98.35), Total number of alignments: 2
			Looking for the best set of alignments (out of 2 total alignments)
			The best set is below. Score: 3168.5, number of alignments: 2, unaligned bases: 5234
		This contig is misassembled.
		This contig is partially unaligned. (Aligned 3488 out of 8722 non-N bases (39.99%))
			Warning! This contig is more unaligned than misassembled. Contig length is 8722 (number of Ns: 0) and total length of all aligns is 3488
		Alignment: 218 1284 | 235 1301 | 1067 1067 | 97.28 | NC_001904.1 NC_017399.1
		Alignment: 6911 9318 | 6221 8641 | 2408 2421 | 98.35 | NC_001904.1 NC_017399.1
		Unaligned bases: 5234

CONTIG: NC_017417.1 (20672bp)
Best alignment score: 8660.9 (LEN: 8834, IDY: 98.04), Total number of alignments: 6
			Looking for the best set of alignments (out of 6 total alignments)
			Skipping redundant alignments after choosing the best set of alignments
		Skipping redundant alignment 4258 4515 | 8044 7789 | 258 256 | 99.22 | NC_001849.2 NC_017417.1
			The best set is below. Score: 18836.9, number of alignments: 5, unaligned bases: 681
		This contig is misassembled.
			Excluding internal overlap of size 1526 between Alignment 1 and 2: 31672 34386 | 2997 294 | 2715 2704 --> 33209 34386 | 1471 294 | 1178 1178
			Real Alignment 1: 33209 34386 | 1471 294 | 1178 1178 | 95.06 | NC_001855.1 NC_017417.1
			  Extensive misassembly (relocation, inconsistency = 2362) between these two alignments
			Real Alignment 2: 27360 30846 | 4957 1472 | 3487 3486 | 98.57 | NC_001855.1 NC_017417.1
			  Extensive misassembly (translocation) between these two alignments
			Real Alignment 3: 1440 4257 | 4967 7788 | 2818 2822 | 98.41 | NC_001849.2 NC_017417.1
			  Gap between these two alignments (local misassembly). Inconsistency = 2
			Real Alignment 4: 4516 13326 | 8045 16878 | 8811 8834 | 98.04 | NC_001849.2 NC_017417.1
			  Gap between these two alignments (local misassembly). Inconsistency = -231
			Real Alignment 5: 13147 16821 | 16930 20600 | 3675 3671 | 98.53 | NC_001849.2 NC_017417.1

CONTIG: NC_017420.1 (23394bp)
Best alignment score: 13166.0 (LEN: 13406, IDY: 98.21), Total number of alignments: 3
			Looking for the best set of alignments (out of 3 total alignments)
			The best set is below. Score: 15527.9, number of alignments: 3, unaligned bases: 7557
		This contig is misassembled.
		This contig is partially unaligned. (Aligned 15837 out of 23394 non-N bases (67.70%))
			Real Alignment 1: 6156 19547 | 5935 19340 | 13392 13406 | 98.21 | NC_001850.1 NC_017420.1
			  Gap between these two alignments (local misassembly). Inconsistency = -78
			Real Alignment 2: 21093 23305 | 20964 23176 | 2213 2213 | 97.33 | NC_001850.1 NC_017420.1
			  Indel (> 5bp) between these two alignments: deletion of length 73; 0 mismatches (number of Ns: 0)
			Real Alignment 3: 23379 23595 | 23177 23394 | 217 218 | 95.41 | NC_001850.1 NC_017420.1
		Unaligned bases: 7557

CONTIG: NC_017419.1 (29521bp)
Best alignment score: 17627.6 (LEN: 17969, IDY: 98.10), Total number of alignments: 3
			Looking for the best set of alignments (out of 3 total alignments)
			Skipping redundant alignments after choosing the best set of alignments
		Skipping redundant alignment 29583 29765 | 232 50 | 183 183 | 99.45 | NC_001852.1 NC_017419.1
		This contig has several significant sets of alignments. [An ambiguously mapped contig]
		Using only the very best set (option --ambiguity-usage is set to "one").
			The best set is below. Score: 27395.6, number of alignments: 2, unaligned bases: 1276
		This contig is misassembled.
		This contig is partially unaligned. (Aligned 28245 out of 29521 non-N bases (95.68%))
			Real Alignment 1: 90 18062 | 233 18201 | 17973 17969 | 98.1 | NC_001852.1 NC_017419.1
			  Gap between these two alignments (local misassembly). Inconsistency = -714 [linear representation of circular genome]
			Real Alignment 2: 19125 29525 | 19246 29521 | 10401 10276 | 95.29 | NC_001852.1 NC_017419.1
		Unaligned bases: 1276

CONTIG: NC_017416.1 (29424bp)
Best alignment score: 22259.9 (LEN: 22833, IDY: 97.49), Total number of alignments: 8
			Looking for the best set of alignments (out of 8 total alignments)
			Skipping redundant alignments after choosing the best set of alignments
		Skipping redundant alignment 201 375 | 980 1156 | 175 177 | 95.48 | NC_001853.1 NC_017416.1
		Skipping redundant alignment 140 314 | 980 1156 | 175 177 | 95.48 | NC_001849.2 NC_017416.1
		Skipping redundant alignment 52624 52798 | 1156 980 | 175 177 | 95.48 | NC_000956.1 NC_017416.1
		Skipping redundant alignment 1180 1766 | 2756 3344 | 587 589 | 96.1 | NC_000955.2 NC_017416.1
		This contig has several significant sets of alignments. [An ambiguously mapped contig]
		Using only the very best set (option --ambiguity-usage is set to "one").
			The best set is below. Score: 24306.9, number of alignments: 4, unaligned bases: 3507
		This contig is misassembled.
		This contig is partially unaligned. (Aligned 25917 out of 29424 non-N bases (88.08%))
			Real Alignment 1: 1667 2109 | 535 979 | 443 445 | 97.3 | NC_001851.2 NC_017416.1
			  Extensive misassembly (translocation) between these two alignments
			Excluding internal overlap of size 2222 between Alignment 2 and 3: 23017 25877 | 23720 26580 | 2861 2861 --> 25239 25877 | 25942 26580 | 639 639
			Real Alignment 2: 1627 24148 | 3109 25941 | 22522 22833 | 97.49 | NC_001854.1 NC_017416.1
			  Extensive misassembly (relocation, inconsistency = 1090) between these two alignments
			Real Alignment 3: 25239 25877 | 25942 26580 | 639 639 | 98.6 | NC_001854.1 NC_017416.1
			  Extensive misassembly (translocation) between these two alignments
			Real Alignment 4: 198 2197 | 29424 27425 | 2000 2000 | 99.25 | NC_001855.1 NC_017416.1
		Unaligned bases: 3507

CONTIG: NC_017415.1 (26642bp)
Best alignment score: 1636.9 (LEN: 1643, IDY: 99.63), Total number of alignments: 8
			Looking for the best set of alignments (out of 8 total alignments)
			Skipping redundant alignments after choosing the best set of alignments
		Skipping redundant alignment 27039 27553 | 16549 17063 | 515 515 | 99.42 | NC_001853.1 NC_017415.1
		Skipping redundant alignment 27039 27554 | 24070 24585 | 516 516 | 99.42 | NC_001853.1 NC_017415.1
		Skipping redundant alignment 1667 2084 | 26445 26028 | 418 418 | 97.13 | NC_001851.2 NC_017415.1
			The best set is below. Score: 4640.9, number of alignments: 5, unaligned bases: 20876
		This contig is misassembled.
		This contig is partially unaligned. (Aligned 5766 out of 26642 non-N bases (21.64%))
			Warning! This contig is more unaligned than misassembled. Contig length is 26642 (number of Ns: 0) and total length of all aligns is 5766
		Alignment: 35364 36507 | 1143 1 | 1144 1143 | 97.65 | NC_001855.1 NC_017415.1
		Alignment: 5405 5757 | 10304 10654 | 353 351 | 95.48 | NC_001851.2 NC_017415.1
		Alignment: 2807 4117 | 15705 17016 | 1311 1312 | 97.33 | NC_001852.1 NC_017415.1
		Alignment: 2805 4117 | 23221 24537 | 1313 1317 | 97.11 | NC_001852.1 NC_017415.1
		Alignment: 1 1642 | 26221 24579 | 1642 1643 | 99.63 | NC_001851.2 NC_017415.1
		Unaligned bases: 20876

CONTIG: NC_017414.1 (29194bp)
Best alignment score: 18036.7 (LEN: 18330, IDY: 98.40), Total number of alignments: 9
			Looking for the best set of alignments (out of 9 total alignments)
			Skipping redundant alignments after choosing the best set of alignments
		Skipping redundant alignment 1 88 | 25 112 | 88 88 | 96.59 | NC_000955.2 NC_017414.1
		Skipping redundant alignment 2 118 | 15 131 | 117 117 | 98.29 | NC_001853.1 NC_017414.1
		Skipping redundant alignment 52855 52970 | 136 21 | 116 116 | 98.28 | NC_000956.1 NC_017414.1
		Skipping redundant alignment 1209 1369 | 1328 1490 | 161 163 | 95.09 | NC_001854.1 NC_017414.1
		Skipping redundant alignment 25813 27038 | 19609 20863 | 1226 1255 | 96.42 | NC_001855.1 NC_017414.1
		This contig has several significant sets of alignments. [An ambiguously mapped contig]
		Using only the very best set (option --ambiguity-usage is set to "one").
			The best set is below. Score: 19899.1, number of alignments: 4, unaligned bases: 8180
		This contig is misassembled.
		This contig is partially unaligned. (Aligned 21014 out of 29194 non-N bases (71.98%))
			Real Alignment 1: 2131 2676 | 621 1170 | 546 550 | 95.45 | NC_001849.2 NC_017414.1
			  Extensive misassembly (translocation) between these two alignments
			Real Alignment 2: 3808 22235 | 1279 19608 | 18428 18330 | 98.4 | NC_001855.1 NC_017414.1
			  Extensive misassembly (translocation) between these two alignments
			Excluding internal overlap of size 8 between Alignment 3 and 4: 29428 30314 | 20856 21742 | 887 887 --> 29436 30314 | 20864 21742 | 879 879
			Real Alignment 3: 3727 4985 | 20863 19609 | 1259 1255 | 97.24 | NC_001851.2 NC_017414.1
			  Extensive misassembly (translocation) between these two alignments
			Real Alignment 4: 29436 30314 | 20864 21742 | 879 879 | 99.44 | NC_001855.1 NC_017414.1
		Unaligned bases: 8180

CONTIG: NC_017421.1 (37903bp)
Best alignment score: 19559.4 (LEN: 19759, IDY: 98.99), Total number of alignments: 3
			Looking for the best set of alignments (out of 3 total alignments)
			The best set is below. Score: 36123.4, number of alignments: 3, unaligned bases: 1024
		This contig is misassembled.
		This contig is partially unaligned. (Aligned 36879 out of 37903 non-N bases (97.30%))
			Real Alignment 1: 56 9660 | 1 9568 | 9605 9568 | 98.47 | NC_001856.1 NC_017421.1
			  Gap between these two alignments (local misassembly). Inconsistency = -398
			Excluding internal overlap of size 25 between Alignment 2 and 3: 31130 38700 | 30327 37903 | 7571 7577 --> 31155 38700 | 30352 37903 | 7546 7552
			Real Alignment 2: 10287 30062 | 10593 30351 | 19776 19759 | 98.99 | NC_001856.1 NC_017421.1
			  Extensive misassembly (relocation, inconsistency = 1092) between these two alignments
			Real Alignment 3: 31155 38700 | 30352 37903 | 7546 7552 | 98.37 | NC_001856.1 NC_017421.1
		Unaligned bases: 1024

CONTIG: NC_013130.1 (53786bp)
Best alignment score: 46108.5 (LEN: 46485, IDY: 99.19), Total number of alignments: 2
			Looking for the best set of alignments (out of 2 total alignments)
			The best set is below. Score: 50167.6, number of alignments: 2, unaligned bases: 2978
		This contig is misassembled.
		This contig is partially unaligned. (Aligned 50808 out of 53786 non-N bases (94.46%))
			Real Alignment 1: 7 46464 | 1 46485 | 46458 46485 | 99.19 | NC_001857.2 NC_013130.1
			  Extensive misassembly (relocation, inconsistency = -2972 [linear representation of circular genome]) between these two alignments
			Real Alignment 2: 49338 53657 | 49464 53786 | 4320 4323 | 99.68 | NC_001857.2 NC_013130.1
		Unaligned bases: 2978

Analyzing coverage...
Writing SNPs into /home/mf019/longread_pangenome/expanded_dataset_analysis/quast/GCF_000166635.1_ASM16663v1_genomic/contigs_reports/minimap_output/GCF_000166635-1_ASM16663v1_genomic.used_snps

Analysis is finished!
Founded SNPs were written into /home/mf019/longread_pangenome/expanded_dataset_analysis/quast/GCF_000166635.1_ASM16663v1_genomic/contigs_reports/minimap_output/GCF_000166635-1_ASM16663v1_genomic.used_snps

Results:
	Local Misassemblies: 6
	Misassemblies: 15
		Relocations: 4
		Translocations: 11
		Inversions: 0
	Scaffold gap extensive misassemblies: 0
	Scaffold gap local misassemblies: 0
	Misassembled Contigs: 8
	Misassembled Contig Bases: 249274
	Misassemblies Inter-Contig Overlap ("Extra" Aligned Bases): 0
Unaligned Contigs: 1 + 13 part
Half Unaligned Contigs with Misassemblies: 4
Unaligned Bases in Fully and Partially Unaligned Contigs: 131991

Ambiguously Mapped Contigs: 5
Total Bases in Ambiguously Mapped Contigs: 133669
"Extra" Aligned Bases in Ambiguously Mapped Contigs: 0
Note that --allow-ambiguity option was set to "one" and only first alignment per each of these contigs was used (there is no "extra" aligned bases).

	Covered Bases in Reference: 1203433
	Raw Aligned Bases in Assembly: 1206591
	Total Aligned Bases in Assembly (with "Extras"): 1206591

	SNPs: 9965
	Insertions: 1076
	Deletions: 2157

