Aligning contigs to reference...
	Aligning contigs to the reference
Filtering alignments...
Parsing coords...
Loading reference...
	Loaded [NC_001853.1]
	Loaded [NC_000949.1]
	Loaded [NC_001855.1]
	Loaded [NC_001318.1]
	Loaded [NC_001854.1]
	Loaded [NC_001904.1]
	Loaded [NC_000948.1]
	Loaded [NC_001857.2]
	Loaded [NC_001856.1]
	Loaded [NC_000951.1]
	Loaded [NC_000950.1]
	Loaded [NC_001850.1]
	Loaded [NC_000956.1]
	Loaded [NC_001903.1]
	Loaded [NC_001851.2]
	Loaded [NC_001852.1]
	Loaded [NC_000957.1]
	Loaded [NC_000954.1]
	Loaded [NC_000955.2]
	Loaded [NC_001849.2]
	Loaded [NC_000953.1]
	Loaded [NC_000952.1]
	Total Regions: 22
	Total Region Length: 1521208
Analyzing contigs...
CONTIG: CP132425.1 (911399bp)
Best alignment score: 207803.1 (LEN: 208533, IDY: 99.65), Total number of alignments: 11
			Looking for the best set of alignments (out of 11 total alignments)
		This contig has several significant sets of alignments. [An ambiguously mapped contig]
		Using only the very best set (option --ambiguity-usage is set to "one").
			The best set is below. Score: 898289.2, number of alignments: 11, unaligned bases: 9874
		This contig is misassembled.
			Real Alignment 1: 368 69420 | 1 69048 | 69053 69048 | 99.7 | NC_001318.1 CP132425.1
			  Scaffold gap between these two alignments, gap lengths difference (reference vs assembly) = 0 (local)
			Real Alignment 2: 70535 83740 | 70163 83351 | 13206 13189 | 99.52 | NC_001318.1 CP132425.1
			  Scaffold gap between these two alignments, gap lengths difference (reference vs assembly) = 33 (local)
			Real Alignment 3: 84043 103174 | 83621 102785 | 19132 19165 | 99.64 | NC_001318.1 CP132425.1
			  Scaffold gap between these two alignments, gap lengths difference (reference vs assembly) = 0 (local)
			Real Alignment 4: 103529 244826 | 103140 244438 | 141298 141299 | 99.7 | NC_001318.1 CP132425.1
			  Scaffold gap between these two alignments, gap lengths difference (reference vs assembly) = 0 (local)
			Real Alignment 5: 247564 443058 | 247176 442655 | 195495 195480 | 99.61 | NC_001318.1 CP132425.1
			  Scaffold gap between these two alignments, gap lengths difference (reference vs assembly) = -1467 (extensive)
			Real Alignment 6: 444466 509069 | 445530 510134 | 64604 64605 | 99.81 | NC_001318.1 CP132425.1
			  Scaffold gap between these two alignments, gap lengths difference (reference vs assembly) = 3000 (extensive)
			Real Alignment 7: 512587 515733 | 510652 513798 | 3147 3147 | 100.0 | NC_001318.1 CP132425.1
			  Extensive misassembly (relocation, inconsistency = -3000) between these two alignments
			Real Alignment 8: 512734 721346 | 513799 722331 | 208613 208533 | 99.65 | NC_001318.1 CP132425.1
			  Scaffold gap between these two alignments, gap lengths difference (reference vs assembly) = 0 (local)
			Real Alignment 9: 722041 735974 | 723026 736958 | 13934 13933 | 99.78 | NC_001318.1 CP132425.1
			  Scaffold gap between these two alignments, gap lengths difference (reference vs assembly) = 0 (local)
			Real Alignment 10: 736892 905673 | 737876 906600 | 168782 168725 | 99.69 | NC_001318.1 CP132425.1
			  Scaffold gap between these two alignments, gap lengths difference (reference vs assembly) = 0 (local)
			Real Alignment 11: 906072 910469 | 906999 911399 | 4398 4401 | 99.8 | NC_001318.1 CP132425.1

CONTIG: CP132427.1 (17285bp)
Best alignment score: 6366.7 (LEN: 6391, IDY: 99.62), Total number of alignments: 6
			Looking for the best set of alignments (out of 6 total alignments)
			Skipping redundant alignments after choosing the best set of alignments
		Skipping redundant alignment 1 1135 | 32 1166 | 1135 1135 | 99.12 | NC_000955.2 CP132427.1
		Skipping redundant alignment 4258 4515 | 5135 4878 | 258 258 | 99.61 | NC_001849.2 CP132427.1
			The best set is below. Score: 16319.4, number of alignments: 4, unaligned bases: 498
		This contig is misassembled.
			Real Alignment 1: 1 1415 | 42 1506 | 1415 1465 | 95.36 | NC_001854.1 CP132427.1
			  Extensive misassembly (translocation) between these two alignments
			Real Alignment 2: 1011 4257 | 1627 4877 | 3247 3251 | 99.78 | NC_001849.2 CP132427.1
			  Gap between these two alignments (local misassembly). Inconsistency = 0
			Real Alignment 3: 4516 10186 | 5136 10815 | 5671 5680 | 98.36 | NC_001849.2 CP132427.1
			  Gap between these two alignments (local misassembly). Inconsistency = 241
			Real Alignment 4: 10428 16821 | 10816 17206 | 6394 6391 | 99.62 | NC_001849.2 CP132427.1

CONTIG: CP132426.1 (26523bp)
Best alignment score: 26022.1 (LEN: 26518, IDY: 98.13), Total number of alignments: 1
		One align captures most of this contig: 4 26496 | 4 26521 | 26493 26518 | 98.13 | NC_001903.1 CP132426.1

CONTIG: CP132428.1 (49389bp)
Best alignment score: 48979.1 (LEN: 49389, IDY: 99.17), Total number of alignments: 1
		One align captures most of this contig: 71 49460 | 1 49389 | 49390 49389 | 99.17 | NC_001857.2 CP132428.1

Analyzing coverage...
Writing SNPs into /home/mf019/longread_pangenome/expanded_dataset_analysis/reports/quast/GCA_032595515.1_ASM3259551v1_genomic/contigs_reports/minimap_output/GCA_032595515-1_ASM3259551v1_genomic.used_snps

Analysis is finished!
Founded SNPs were written into /home/mf019/longread_pangenome/expanded_dataset_analysis/reports/quast/GCA_032595515.1_ASM3259551v1_genomic/contigs_reports/minimap_output/GCA_032595515-1_ASM3259551v1_genomic.used_snps

Results:
	Local Misassemblies: 2
	Misassemblies: 2
		Relocations: 1
		Translocations: 1
		Inversions: 0
	Scaffold gap extensive misassemblies: 2
	Scaffold gap local misassemblies: 7
	Misassembled Contigs: 2
	Misassembled Contig Bases: 928684
	Misassemblies Inter-Contig Overlap ("Extra" Aligned Bases): 0
Unaligned Contigs: 0 + 0 part
Half Unaligned Contigs with Misassemblies: 0
Unaligned Bases in Fully and Partially Unaligned Contigs: 0

Ambiguously Mapped Contigs: 1
Total Bases in Ambiguously Mapped Contigs: 911399
"Extra" Aligned Bases in Ambiguously Mapped Contigs: 0
Note that --allow-ambiguity option was set to "one" and only first alignment per each of these contigs was used (there is no "extra" aligned bases).

	Covered Bases in Reference: 991230
	Raw Aligned Bases in Assembly: 994219
	Total Aligned Bases in Assembly (with "Extras"): 994219

	SNPs: 3365
	Insertions: 315
	Deletions: 368

