Bakta v1.10.0
Options and arguments:
	input: /home/mf019/longread_pangenome/assemblies/jel/B418PP/B418PP.fasta
	db: /db, version 5.1, full
	translation table: 11
	gram: -
	output: /home/mf019/longread_pangenome/expanded_dataset_analysis/assemblies/B418PP
	force: True
	tmp directory: /tmp/tmp7ufnfhfe
	keep/sequence headers: True
	prefix: B418PP
	threads: 32
	skip plot: True

Parse genome sequences...
	imported: 18
	filtered & revised: 18
	contigs: 18

Start annotation...
predict tRNAs...
	found: 33
predict tmRNAs...
	found: 1
predict rRNAs...
	found: 5
predict ncRNAs...
	found: 2
predict ncRNA regions...
	found: 0
predict CRISPR arrays...
	found: 0
predict & annotate CDSs...
	predicted: 1338 
	discarded spurious: 0
	revised translational exceptions: 0
	detected IPSs: 1192
	found PSCs: 96
	found PSCCs: 31
	lookup annotations...
	conduct expert systems...
		amrfinder: 0
		protein sequences: 43
	combine annotations and mark hypotheticals...
	detect pseudogenes...
		candidates: 15
		verified: 9
	analyze hypothetical proteins: 78
		detected Pfam hits: 4 
		calculated proteins statistics
	revise special cases...
detect & annotate sORF...
	detected: 17136
	discarded due to overlaps: 14809
	discarded spurious: 0
	detected IPSs: 0
	found PSCs: 0
	lookup annotations...
	filter and combine annotations...
	filtered sORFs: 0
detect gaps...
	found: 0
detect oriCs/oriVs...
	found: 1
detect oriTs...
	found: 0
apply feature overlap filters...
select features and create locus tags...
	selected: 1378
improve annotations...
	revised gene symbols: 4

Genome statistics:
	Genome size: 1,376,853 bp
	Contigs/replicons: 18
	GC: 28.3 %
	N50: 902,773
	N ratio: 0.0 %
	coding density: 87.9 %

annotation summary:
	tRNAs: 33
	tmRNAs: 1
	rRNAs: 5
	ncRNAs: 2
	ncRNA regions: 0
	CRISPR arrays: 0
	CDSs: 1336
		hypotheticals: 77
		pseudogenes: 9
	sORFs: 0
	gaps: 0
	oriCs/oriVs: 1
	oriTs: 0

Export annotation results to: /home/mf019/longread_pangenome/expanded_dataset_analysis/assemblies/B418PP
	human readable TSV...
	GFF3...
	INSDC GenBank & EMBL...
	genome sequences...
	feature nucleotide sequences...
	translated CDS sequences...
	feature inferences...
	skip generation of circular genome plot...
	hypothetical TSV...
	translated hypothetical CDS sequences...
	machine readable JSON...
	Genome and annotation summary...

If you use these results please cite Bakta: https://doi.org/10.1099/mgen.0.000685
Annotation successfully finished in 3:19 [mm:ss].
