Bakta v1.10.0
Options and arguments:
	input: /home/mf019/longread_pangenome/assemblies/jel/ESI26H/ESI26H.fasta
	db: /db, version 5.1, full
	translation table: 11
	gram: -
	output: /home/mf019/longread_pangenome/expanded_dataset_analysis/assemblies/ESI26H
	force: True
	tmp directory: /tmp/tmpesdq_42r
	keep/sequence headers: True
	prefix: ESI26H
	threads: 32
	skip plot: True

Parse genome sequences...
	imported: 64
	filtered & revised: 64
	contigs: 64

Start annotation...
predict tRNAs...
	found: 32
predict tmRNAs...
	found: 1
predict rRNAs...
	found: 5
predict ncRNAs...
	found: 2
predict ncRNA regions...
	found: 0
predict CRISPR arrays...
	found: 0
predict & annotate CDSs...
	predicted: 1216 
	discarded spurious: 0
	revised translational exceptions: 0
	detected IPSs: 1000
	found PSCs: 163
	found PSCCs: 39
	lookup annotations...
	conduct expert systems...
		amrfinder: 0
		protein sequences: 38
	combine annotations and mark hypotheticals...
	detect pseudogenes...
		candidates: 11
		verified: 9
	analyze hypothetical proteins: 68
		detected Pfam hits: 7 
		calculated proteins statistics
	revise special cases...
detect & annotate sORF...
	detected: 15896
	discarded due to overlaps: 13833
	discarded spurious: 0
	detected IPSs: 0
	found PSCs: 1
	lookup annotations...
	filter and combine annotations...
	filtered sORFs: 0
detect gaps...
	found: 0
detect oriCs/oriVs...
	found: 1
detect oriTs...
	found: 0
apply feature overlap filters...
select features and create locus tags...
	selected: 1254
improve annotations...
	revised gene symbols: 4

Genome statistics:
	Genome size: 1,276,481 bp
	Contigs/replicons: 64
	GC: 28.5 %
	N50: 910,396
	N ratio: 0.0 %
	coding density: 88.2 %

annotation summary:
	tRNAs: 32
	tmRNAs: 1
	rRNAs: 5
	ncRNAs: 2
	ncRNA regions: 0
	CRISPR arrays: 0
	CDSs: 1213
		hypotheticals: 66
		pseudogenes: 9
	sORFs: 0
	gaps: 0
	oriCs/oriVs: 1
	oriTs: 0

Export annotation results to: /home/mf019/longread_pangenome/expanded_dataset_analysis/assemblies/ESI26H
	human readable TSV...
	GFF3...
	INSDC GenBank & EMBL...
	genome sequences...
	feature nucleotide sequences...
	translated CDS sequences...
	feature inferences...
	skip generation of circular genome plot...
	hypothetical TSV...
	translated hypothetical CDS sequences...
	machine readable JSON...
	Genome and annotation summary...

If you use these results please cite Bakta: https://doi.org/10.1099/mgen.0.000685
Annotation successfully finished in 3:38 [mm:ss].
