Bakta v1.10.0
Options and arguments:
	input: /home/mf019/longread_pangenome/assemblies/jel/ESI36H/ESI36H.fasta
	db: /db, version 5.1, full
	translation table: 11
	gram: -
	output: /home/mf019/longread_pangenome/expanded_dataset_analysis/assemblies/ESI36H
	force: True
	tmp directory: /tmp/tmp_0qd960s
	keep/sequence headers: True
	prefix: ESI36H
	threads: 32
	skip plot: True

Parse genome sequences...
	imported: 11
	filtered & revised: 11
	contigs: 11

Start annotation...
predict tRNAs...
	found: 32
predict tmRNAs...
	found: 1
predict rRNAs...
	found: 5
predict ncRNAs...
	found: 2
predict ncRNA regions...
	found: 0
predict CRISPR arrays...
	found: 0
predict & annotate CDSs...
	predicted: 1121 
	discarded spurious: 0
	revised translational exceptions: 0
	detected IPSs: 963
	found PSCs: 133
	found PSCCs: 22
	lookup annotations...
	conduct expert systems...
		amrfinder: 0
		protein sequences: 39
	combine annotations and mark hypotheticals...
	detect pseudogenes...
		candidates: 4
		verified: 4
	analyze hypothetical proteins: 32
		detected Pfam hits: 1 
		calculated proteins statistics
	revise special cases...
detect & annotate sORF...
	detected: 14763
	discarded due to overlaps: 13010
	discarded spurious: 0
	detected IPSs: 0
	found PSCs: 0
	lookup annotations...
	filter and combine annotations...
	filtered sORFs: 0
detect gaps...
	found: 0
detect oriCs/oriVs...
	found: 1
detect oriTs...
	found: 0
apply feature overlap filters...
select features and create locus tags...
	selected: 1159
improve annotations...
	revised gene symbols: 4

Genome statistics:
	Genome size: 1,182,078 bp
	Contigs/replicons: 11
	GC: 28.2 %
	N50: 909,934
	N ratio: 0.0 %
	coding density: 89.6 %

annotation summary:
	tRNAs: 32
	tmRNAs: 1
	rRNAs: 5
	ncRNAs: 2
	ncRNA regions: 0
	CRISPR arrays: 0
	CDSs: 1118
		hypotheticals: 30
		pseudogenes: 4
	sORFs: 0
	gaps: 0
	oriCs/oriVs: 1
	oriTs: 0

Export annotation results to: /home/mf019/longread_pangenome/expanded_dataset_analysis/assemblies/ESI36H
	human readable TSV...
	GFF3...
	INSDC GenBank & EMBL...
	genome sequences...
	feature nucleotide sequences...
	translated CDS sequences...
	feature inferences...
	skip generation of circular genome plot...
	hypothetical TSV...
	translated hypothetical CDS sequences...
	machine readable JSON...
	Genome and annotation summary...

If you use these results please cite Bakta: https://doi.org/10.1099/mgen.0.000685
Annotation successfully finished in 3:29 [mm:ss].
