Bakta v1.10.0
Options and arguments:
	input: /home/mf019/longread_pangenome/assemblies/jel/ESI425H/ESI425H.fasta
	db: /db, version 5.1, full
	translation table: 11
	gram: -
	output: /home/mf019/longread_pangenome/expanded_dataset_analysis/assemblies/ESI425H
	force: True
	tmp directory: /tmp/tmp5xxvh6ox
	keep/sequence headers: True
	prefix: ESI425H
	threads: 32
	skip plot: True

Parse genome sequences...
	imported: 21
	filtered & revised: 21
	contigs: 21

Start annotation...
predict tRNAs...
	found: 32
predict tmRNAs...
	found: 1
predict rRNAs...
	found: 3
predict ncRNAs...
	found: 2
predict ncRNA regions...
	found: 0
predict CRISPR arrays...
	found: 0
predict & annotate CDSs...
	predicted: 1201 
	discarded spurious: 0
	revised translational exceptions: 0
	detected IPSs: 1023
	found PSCs: 140
	found PSCCs: 27
	lookup annotations...
	conduct expert systems...
		amrfinder: 0
		protein sequences: 40
	combine annotations and mark hypotheticals...
	detect pseudogenes...
		candidates: 2
		verified: 1
	analyze hypothetical proteins: 47
		detected Pfam hits: 2 
		calculated proteins statistics
	revise special cases...
detect & annotate sORF...
	detected: 15814
	discarded due to overlaps: 13704
	discarded spurious: 0
	detected IPSs: 0
	found PSCs: 0
	lookup annotations...
	filter and combine annotations...
	filtered sORFs: 0
detect gaps...
	found: 0
detect oriCs/oriVs...
	found: 1
detect oriTs...
	found: 0
apply feature overlap filters...
select features and create locus tags...
	selected: 1238
improve annotations...
	revised gene symbols: 4

Genome statistics:
	Genome size: 1,260,215 bp
	Contigs/replicons: 21
	GC: 28.2 %
	N50: 342,816
	N ratio: 0.0 %
	coding density: 88.3 %

annotation summary:
	tRNAs: 32
	tmRNAs: 1
	rRNAs: 3
	ncRNAs: 2
	ncRNA regions: 0
	CRISPR arrays: 0
	CDSs: 1199
		hypotheticals: 46
		pseudogenes: 1
	sORFs: 0
	gaps: 0
	oriCs/oriVs: 1
	oriTs: 0

Export annotation results to: /home/mf019/longread_pangenome/expanded_dataset_analysis/assemblies/ESI425H
	human readable TSV...
	GFF3...
	INSDC GenBank & EMBL...
	genome sequences...
	feature nucleotide sequences...
	translated CDS sequences...
	feature inferences...
	skip generation of circular genome plot...
	hypothetical TSV...
	translated hypothetical CDS sequences...
	machine readable JSON...
	Genome and annotation summary...

If you use these results please cite Bakta: https://doi.org/10.1099/mgen.0.000685
Annotation successfully finished in 3:45 [mm:ss].
