Bakta v1.10.0
Options and arguments:
	input: /home/mf019/longread_pangenome/assemblies/ncbi/GCA_002151465.1_ASM215146v1_genomic/GCA_002151465.1_ASM215146v1_genomic.fna
	db: /db, version 5.1, full
	translation table: 11
	gram: -
	output: /home/mf019/longread_pangenome/expanded_dataset_analysis/assemblies/GCA_002151465.1_ASM215146v1_genomic
	force: True
	tmp directory: /tmp/tmpcsu2bqn8
	keep/sequence headers: True
	prefix: GCA_002151465.1_ASM215146v1_genomic
	threads: 64
	skip plot: True

Parse genome sequences...
	imported: 12
	filtered & revised: 12
	plasmids: 11
	contigs: 1

Start annotation...
predict tRNAs...
	found: 32
predict tmRNAs...
	found: 1
predict rRNAs...
	found: 5
predict ncRNAs...
	found: 2
predict ncRNA regions...
	found: 0
predict CRISPR arrays...
	found: 0
predict & annotate CDSs...
	predicted: 1277 
	discarded spurious: 0
	revised translational exceptions: 0
	detected IPSs: 1167
	found PSCs: 63
	found PSCCs: 23
	lookup annotations...
	conduct expert systems...
		amrfinder: 0
		protein sequences: 48
	combine annotations and mark hypotheticals...
	detect pseudogenes...
		candidates: 19
		verified: 18
	analyze hypothetical proteins: 58
		detected Pfam hits: 2 
		calculated proteins statistics
	revise special cases...
detect & annotate sORF...
	detected: 16193
	discarded due to overlaps: 14233
	discarded spurious: 0
	detected IPSs: 0
	found PSCs: 0
	lookup annotations...
	filter and combine annotations...
	filtered sORFs: 0
detect gaps...
	found: 0
detect oriCs/oriVs...
	found: 1
detect oriTs...
	found: 0
apply feature overlap filters...
select features and create locus tags...
	selected: 1315
improve annotations...
	revised gene symbols: 4

Genome statistics:
	Genome size: 1,288,112 bp
	Contigs/replicons: 12
	GC: 28.3 %
	N50: 909,921
	N ratio: 0.0 %
	coding density: 89.4 %

annotation summary:
	tRNAs: 32
	tmRNAs: 1
	rRNAs: 5
	ncRNAs: 2
	ncRNA regions: 0
	CRISPR arrays: 0
	CDSs: 1274
		hypotheticals: 56
		pseudogenes: 18
	sORFs: 0
	gaps: 0
	oriCs/oriVs: 1
	oriTs: 0

Export annotation results to: /home/mf019/longread_pangenome/expanded_dataset_analysis/assemblies/GCA_002151465.1_ASM215146v1_genomic
	human readable TSV...
	GFF3...
	INSDC GenBank & EMBL...
	genome sequences...
	feature nucleotide sequences...
	translated CDS sequences...
	feature inferences...
	skip generation of circular genome plot...
	hypothetical TSV...
	translated hypothetical CDS sequences...
	machine readable JSON...
	Genome and annotation summary...

If you use these results please cite Bakta: https://doi.org/10.1099/mgen.0.000685
Annotation successfully finished in 3:14 [mm:ss].
