Bakta v1.10.0
Options and arguments:
	input: /home/mf019/longread_pangenome/assemblies/ncbi/GCA_024662155.1_ASM2466215v1_genomic/GCA_024662155.1_ASM2466215v1_genomic.fna
	db: /db, version 5.1, full
	translation table: 11
	gram: -
	output: /home/mf019/longread_pangenome/expanded_dataset_analysis/assemblies/GCA_024662155.1_ASM2466215v1_genomic
	force: True
	tmp directory: /tmp/tmpucl_twsg
	keep/sequence headers: True
	prefix: GCA_024662155.1_ASM2466215v1_genomic
	threads: 64
	skip plot: True

Parse genome sequences...
	imported: 18
	filtered & revised: 18
	chromosomes: 1
	plasmids: 17

Start annotation...
predict tRNAs...
	found: 32
predict tmRNAs...
	found: 1
predict rRNAs...
	found: 5
predict ncRNAs...
	found: 2
predict ncRNA regions...
	found: 0
predict CRISPR arrays...
	found: 0
predict & annotate CDSs...
	predicted: 1360 
	discarded spurious: 0
	revised translational exceptions: 0
	detected IPSs: 1221
	found PSCs: 96
	found PSCCs: 24
	lookup annotations...
	conduct expert systems...
		amrfinder: 0
		protein sequences: 45
	combine annotations and mark hypotheticals...
	detect pseudogenes...
		candidates: 10
		verified: 7
	analyze hypothetical proteins: 74
		detected Pfam hits: 4 
		calculated proteins statistics
	revise special cases...
detect & annotate sORF...
	detected: 17321
	discarded due to overlaps: 14962
	discarded spurious: 0
	detected IPSs: 0
	found PSCs: 0
	lookup annotations...
	filter and combine annotations...
	filtered sORFs: 0
detect gaps...
	found: 0
detect oriCs/oriVs...
	found: 1
detect oriTs...
	found: 0
apply feature overlap filters...
select features and create locus tags...
	selected: 1398
improve annotations...
	revised gene symbols: 4

Genome statistics:
	Genome size: 1,392,060 bp
	Contigs/replicons: 18
	GC: 28.3 %
	N50: 903,249
	N ratio: 0.0 %
	coding density: 88.1 %

annotation summary:
	tRNAs: 32
	tmRNAs: 1
	rRNAs: 5
	ncRNAs: 2
	ncRNA regions: 0
	CRISPR arrays: 0
	CDSs: 1357
		hypotheticals: 72
		pseudogenes: 7
	sORFs: 0
	gaps: 0
	oriCs/oriVs: 1
	oriTs: 0

Export annotation results to: /home/mf019/longread_pangenome/expanded_dataset_analysis/assemblies/GCA_024662155.1_ASM2466215v1_genomic
	human readable TSV...
	GFF3...
	INSDC GenBank & EMBL...
	genome sequences...
	feature nucleotide sequences...
	translated CDS sequences...
	feature inferences...
	skip generation of circular genome plot...
	hypothetical TSV...
	translated hypothetical CDS sequences...
	machine readable JSON...
	Genome and annotation summary...

If you use these results please cite Bakta: https://doi.org/10.1099/mgen.0.000685
Annotation successfully finished in 3:20 [mm:ss].
