Bakta v1.10.0
Options and arguments:
	input: /home/mf019/longread_pangenome/assemblies/ncbi/GCA_002151485.1_ASM215148v1_genomic/GCA_002151485.1_ASM215148v1_genomic.fna
	db: /db, version 5.1, full
	translation table: 11
	gram: -
	output: /home/mf019/longread_pangenome/expanded_dataset_analysis/assemblies/GCA_002151485.1_ASM215148v1_genomic
	force: True
	tmp directory: /tmp/tmpu8i4wq3w
	keep/sequence headers: True
	prefix: GCA_002151485.1_ASM215148v1_genomic
	threads: 64
	skip plot: True

Parse genome sequences...
	imported: 11
	filtered & revised: 11
	chromosomes: 1
	plasmids: 10

Start annotation...
predict tRNAs...
	found: 32
predict tmRNAs...
	found: 1
predict rRNAs...
	found: 5
predict ncRNAs...
	found: 2
predict ncRNA regions...
	found: 0
predict CRISPR arrays...
	found: 0
predict & annotate CDSs...
	predicted: 1308 
	discarded spurious: 0
	revised translational exceptions: 0
	detected IPSs: 1191
	found PSCs: 65
	found PSCCs: 26
	lookup annotations...
	conduct expert systems...
		amrfinder: 0
		protein sequences: 47
	combine annotations and mark hypotheticals...
	detect pseudogenes...
		candidates: 23
		verified: 22
	analyze hypothetical proteins: 59
		detected Pfam hits: 3 
		calculated proteins statistics
	revise special cases...
detect & annotate sORF...
	detected: 16306
	discarded due to overlaps: 14479
	discarded spurious: 0
	detected IPSs: 0
	found PSCs: 0
	lookup annotations...
	filter and combine annotations...
	filtered sORFs: 0
detect gaps...
	found: 0
detect oriCs/oriVs...
	found: 1
detect oriTs...
	found: 0
apply feature overlap filters...
select features and create locus tags...
	selected: 1346
improve annotations...
	revised gene symbols: 3

Genome statistics:
	Genome size: 1,301,554 bp
	Contigs/replicons: 11
	GC: 28.5 %
	N50: 910,728
	N ratio: 0.0 %
	coding density: 90.0 %

annotation summary:
	tRNAs: 32
	tmRNAs: 1
	rRNAs: 5
	ncRNAs: 2
	ncRNA regions: 0
	CRISPR arrays: 0
	CDSs: 1305
		hypotheticals: 57
		pseudogenes: 22
	sORFs: 0
	gaps: 0
	oriCs/oriVs: 1
	oriTs: 0

Export annotation results to: /home/mf019/longread_pangenome/expanded_dataset_analysis/assemblies/GCA_002151485.1_ASM215148v1_genomic
	human readable TSV...
	GFF3...
	INSDC GenBank & EMBL...
	genome sequences...
	feature nucleotide sequences...
	translated CDS sequences...
	feature inferences...
	skip generation of circular genome plot...
	hypothetical TSV...
	translated hypothetical CDS sequences...
	machine readable JSON...
	Genome and annotation summary...

If you use these results please cite Bakta: https://doi.org/10.1099/mgen.0.000685
Annotation successfully finished in 3:18 [mm:ss].
