Bakta v1.10.0
Options and arguments:
	input: /home/mf019/longread_pangenome/assemblies/ncbi/GCF_040790785.1_ASM4079078v1_genomic/GCF_040790785.1_ASM4079078v1_genomic.fna
	db: /db, version 5.1, full
	translation table: 11
	gram: -
	output: /home/mf019/longread_pangenome/expanded_dataset_analysis/assemblies/GCF_040790785.1_ASM4079078v1_genomic
	force: True
	tmp directory: /tmp/tmpqw18srpk
	keep/sequence headers: True
	prefix: GCF_040790785.1_ASM4079078v1_genomic
	threads: 64
	skip plot: True

Parse genome sequences...
	imported: 18
	filtered & revised: 18
	chromosomes: 1
	plasmids: 17

Start annotation...
predict tRNAs...
	found: 32
predict tmRNAs...
	found: 1
predict rRNAs...
	found: 5
predict ncRNAs...
	found: 2
predict ncRNA regions...
	found: 0
predict CRISPR arrays...
	found: 0
predict & annotate CDSs...
	predicted: 1350 
	discarded spurious: 0
	revised translational exceptions: 0
	detected IPSs: 1191
	found PSCs: 129
	found PSCCs: 16
	lookup annotations...
	conduct expert systems...
		amrfinder: 0
		protein sequences: 44
	combine annotations and mark hypotheticals...
	detect pseudogenes...
		candidates: 6
		verified: 5
	analyze hypothetical proteins: 57
		detected Pfam hits: 2 
		calculated proteins statistics
	revise special cases...
detect & annotate sORF...
	detected: 17402
	discarded due to overlaps: 15100
	discarded spurious: 0
	detected IPSs: 0
	found PSCs: 0
	lookup annotations...
	filter and combine annotations...
	filtered sORFs: 0
detect gaps...
	found: 1
detect oriCs/oriVs...
	found: 1
detect oriTs...
	found: 0
apply feature overlap filters...
select features and create locus tags...
	selected: 1389
improve annotations...
	revised gene symbols: 3

Genome statistics:
	Genome size: 1,383,845 bp
	Contigs/replicons: 18
	GC: 28.3 %
	N50: 910,048
	N ratio: 0.0 %
	coding density: 88.4 %

annotation summary:
	tRNAs: 32
	tmRNAs: 1
	rRNAs: 5
	ncRNAs: 2
	ncRNA regions: 0
	CRISPR arrays: 0
	CDSs: 1347
		hypotheticals: 55
		pseudogenes: 5
	sORFs: 0
	gaps: 1
	oriCs/oriVs: 1
	oriTs: 0

Export annotation results to: /home/mf019/longread_pangenome/expanded_dataset_analysis/assemblies/GCF_040790785.1_ASM4079078v1_genomic
	human readable TSV...
	GFF3...
	INSDC GenBank & EMBL...
	genome sequences...
	feature nucleotide sequences...
	translated CDS sequences...
	feature inferences...
	skip generation of circular genome plot...
	hypothetical TSV...
	translated hypothetical CDS sequences...
	machine readable JSON...
	Genome and annotation summary...

If you use these results please cite Bakta: https://doi.org/10.1099/mgen.0.000685
Annotation successfully finished in 3:17 [mm:ss].
