Bakta v1.10.0
Options and arguments:
	input: /home/mf019/longread_pangenome/assemblies/ncbi/GCF_000172315.2_ASM17231v2_genomic/GCF_000172315.2_ASM17231v2_genomic.fna
	db: /db, version 5.1, full
	translation table: 11
	gram: -
	output: /home/mf019/longread_pangenome/expanded_dataset_analysis/assemblies/GCF_000172315.2_ASM17231v2_genomic
	force: True
	tmp directory: /tmp/tmpgln_ctb9
	keep/sequence headers: True
	prefix: GCF_000172315.2_ASM17231v2_genomic
	threads: 32
	skip plot: True

Parse genome sequences...
	imported: 26
	filtered & revised: 26
	plasmids: 12
	contigs: 14

Start annotation...
predict tRNAs...
	found: 31
predict tmRNAs...
	found: 1
predict rRNAs...
	found: 7
predict ncRNAs...
	found: 2
predict ncRNA regions...
	found: 0
predict CRISPR arrays...
	found: 0
predict & annotate CDSs...
	predicted: 1256 
	discarded spurious: 0
	revised translational exceptions: 0
	detected IPSs: 1146
	found PSCs: 73
	found PSCCs: 16
	lookup annotations...
	conduct expert systems...
		amrfinder: 0
		protein sequences: 41
	combine annotations and mark hypotheticals...
	detect pseudogenes...
		candidates: 14
		verified: 13
	analyze hypothetical proteins: 56
		detected Pfam hits: 10 
		calculated proteins statistics
	revise special cases...
detect & annotate sORF...
	detected: 15999
	discarded due to overlaps: 13906
	discarded spurious: 0
	detected IPSs: 0
	found PSCs: 0
	lookup annotations...
	filter and combine annotations...
	filtered sORFs: 0
detect gaps...
	found: 0
detect oriCs/oriVs...
	found: 1
detect oriTs...
	found: 0
apply feature overlap filters...
select features and create locus tags...
	selected: 1294
improve annotations...
	revised gene symbols: 2

Genome statistics:
	Genome size: 1,294,354 bp
	Contigs/replicons: 26
	GC: 28.4 %
	N50: 83,077
	N ratio: 0.0 %
	coding density: 88.4 %

annotation summary:
	tRNAs: 31
	tmRNAs: 1
	rRNAs: 7
	ncRNAs: 2
	ncRNA regions: 0
	CRISPR arrays: 0
	CDSs: 1252
		hypotheticals: 53
		pseudogenes: 13
	sORFs: 0
	gaps: 0
	oriCs/oriVs: 1
	oriTs: 0

Export annotation results to: /home/mf019/longread_pangenome/expanded_dataset_analysis/assemblies/GCF_000172315.2_ASM17231v2_genomic
	human readable TSV...
	GFF3...
	INSDC GenBank & EMBL...
	genome sequences...
	feature nucleotide sequences...
	translated CDS sequences...
	feature inferences...
	skip generation of circular genome plot...
	hypothetical TSV...
	translated hypothetical CDS sequences...
	machine readable JSON...
	Genome and annotation summary...

If you use these results please cite Bakta: https://doi.org/10.1099/mgen.0.000685
Annotation successfully finished in 3:48 [mm:ss].
