Bakta v1.10.0
Options and arguments:
	input: /home/mf019/longread_pangenome/assemblies/ncbi/GCF_040790775.1_ASM4079077v1_genomic/GCF_040790775.1_ASM4079077v1_genomic.fna
	db: /db, version 5.1, full
	translation table: 11
	gram: -
	output: /home/mf019/longread_pangenome/expanded_dataset_analysis/assemblies/GCF_040790775.1_ASM4079077v1_genomic
	force: True
	tmp directory: /tmp/tmp30sj9xjk
	keep/sequence headers: True
	prefix: GCF_040790775.1_ASM4079077v1_genomic
	threads: 64
	skip plot: True

Parse genome sequences...
	imported: 17
	filtered & revised: 17
	chromosomes: 1
	plasmids: 16

Start annotation...
predict tRNAs...
	found: 32
predict tmRNAs...
	found: 1
predict rRNAs...
	found: 3
predict ncRNAs...
	found: 2
predict ncRNA regions...
	found: 1
predict CRISPR arrays...
	found: 0
predict & annotate CDSs...
	predicted: 1385 
	discarded spurious: 0
	revised translational exceptions: 0
	detected IPSs: 1266
	found PSCs: 73
	found PSCCs: 20
	lookup annotations...
	conduct expert systems...
		amrfinder: 2
		protein sequences: 50
	combine annotations and mark hypotheticals...
	detect pseudogenes...
		candidates: 19
		verified: 16
	analyze hypothetical proteins: 77
		detected Pfam hits: 3 
		calculated proteins statistics
	revise special cases...
detect & annotate sORF...
	detected: 17621
	discarded due to overlaps: 15066
	discarded spurious: 0
	detected IPSs: 0
	found PSCs: 0
	lookup annotations...
	filter and combine annotations...
	filtered sORFs: 0
detect gaps...
	found: 0
detect oriCs/oriVs...
	found: 1
detect oriTs...
	found: 0
apply feature overlap filters...
select features and create locus tags...
	selected: 1423
improve annotations...
	revised gene symbols: 4

Genome statistics:
	Genome size: 1,417,953 bp
	Contigs/replicons: 17
	GC: 28.1 %
	N50: 907,632
	N ratio: 0.0 %
	coding density: 86.4 %

annotation summary:
	tRNAs: 32
	tmRNAs: 1
	rRNAs: 3
	ncRNAs: 2
	ncRNA regions: 1
	CRISPR arrays: 0
	CDSs: 1383
		hypotheticals: 76
		pseudogenes: 16
	sORFs: 0
	gaps: 0
	oriCs/oriVs: 1
	oriTs: 0

Export annotation results to: /home/mf019/longread_pangenome/expanded_dataset_analysis/assemblies/GCF_040790775.1_ASM4079077v1_genomic
	human readable TSV...
	GFF3...
	INSDC GenBank & EMBL...
	genome sequences...
	feature nucleotide sequences...
	translated CDS sequences...
	feature inferences...
	skip generation of circular genome plot...
	hypothetical TSV...
	translated hypothetical CDS sequences...
	machine readable JSON...
	Genome and annotation summary...

If you use these results please cite Bakta: https://doi.org/10.1099/mgen.0.000685
Annotation successfully finished in 3:20 [mm:ss].
