Bakta v1.10.0
Options and arguments:
	input: /home/mf019/longread_pangenome/assemblies/ncbi/GCF_040790745.1_ASM4079074v1_genomic/GCF_040790745.1_ASM4079074v1_genomic.fna
	db: /db, version 5.1, full
	translation table: 11
	gram: -
	output: /home/mf019/longread_pangenome/expanded_dataset_analysis/assemblies/GCF_040790745.1_ASM4079074v1_genomic
	force: True
	tmp directory: /tmp/tmp6wclsmcn
	keep/sequence headers: True
	prefix: GCF_040790745.1_ASM4079074v1_genomic
	threads: 64
	skip plot: True

Parse genome sequences...
	imported: 18
	filtered & revised: 18
	chromosomes: 1
	plasmids: 17

Start annotation...
predict tRNAs...
	found: 33
predict tmRNAs...
	found: 1
predict rRNAs...
	found: 5
predict ncRNAs...
	found: 2
predict ncRNA regions...
	found: 0
predict CRISPR arrays...
	found: 0
predict & annotate CDSs...
	predicted: 1333 
	discarded spurious: 0
	revised translational exceptions: 0
	detected IPSs: 1169
	found PSCs: 108
	found PSCCs: 30
	lookup annotations...
	conduct expert systems...
		amrfinder: 0
		protein sequences: 43
	combine annotations and mark hypotheticals...
	detect pseudogenes...
		candidates: 14
		verified: 11
	analyze hypothetical proteins: 79
		detected Pfam hits: 4 
		calculated proteins statistics
	revise special cases...
detect & annotate sORF...
	detected: 17043
	discarded due to overlaps: 14693
	discarded spurious: 0
	detected IPSs: 0
	found PSCs: 0
	lookup annotations...
	filter and combine annotations...
	filtered sORFs: 0
detect gaps...
	found: 3
detect oriCs/oriVs...
	found: 1
detect oriTs...
	found: 0
apply feature overlap filters...
select features and create locus tags...
	selected: 1376
improve annotations...
	revised gene symbols: 4

Genome statistics:
	Genome size: 1,371,468 bp
	Contigs/replicons: 18
	GC: 28.2 %
	N50: 902,797
	N ratio: 0.0 %
	coding density: 87.7 %

annotation summary:
	tRNAs: 33
	tmRNAs: 1
	rRNAs: 5
	ncRNAs: 2
	ncRNA regions: 0
	CRISPR arrays: 0
	CDSs: 1331
		hypotheticals: 78
		pseudogenes: 11
	sORFs: 0
	gaps: 3
	oriCs/oriVs: 1
	oriTs: 0

Export annotation results to: /home/mf019/longread_pangenome/expanded_dataset_analysis/assemblies/GCF_040790745.1_ASM4079074v1_genomic
	human readable TSV...
	GFF3...
	INSDC GenBank & EMBL...
	genome sequences...
	feature nucleotide sequences...
	translated CDS sequences...
	feature inferences...
	skip generation of circular genome plot...
	hypothetical TSV...
	translated hypothetical CDS sequences...
	machine readable JSON...
	Genome and annotation summary...

If you use these results please cite Bakta: https://doi.org/10.1099/mgen.0.000685
Annotation successfully finished in 3:21 [mm:ss].
