Bakta v1.10.0
Options and arguments:
	input: /home/mf019/longread_pangenome/assemblies/ncbi/GCF_000181575.2_ASM18157v2_genomic/GCF_000181575.2_ASM18157v2_genomic.fna
	db: /db, version 5.1, full
	translation table: 11
	gram: -
	output: /home/mf019/longread_pangenome/expanded_dataset_analysis/assemblies/GCF_000181575.2_ASM18157v2_genomic
	force: True
	tmp directory: /tmp/tmp7hi5dqd0
	keep/sequence headers: True
	prefix: GCF_000181575.2_ASM18157v2_genomic
	threads: 32
	skip plot: True

Parse genome sequences...
	imported: 20
	filtered & revised: 20
	plasmids: 16
	contigs: 4

Start annotation...
predict tRNAs...
	found: 30
predict tmRNAs...
	found: 1
predict rRNAs...
	found: 5
predict ncRNAs...
	found: 2
predict ncRNA regions...
	found: 0
predict CRISPR arrays...
	found: 0
predict & annotate CDSs...
	predicted: 1309 
	discarded spurious: 0
	revised translational exceptions: 0
	detected IPSs: 1220
	found PSCs: 63
	found PSCCs: 16
	lookup annotations...
	conduct expert systems...
		amrfinder: 0
		protein sequences: 42
	combine annotations and mark hypotheticals...
	detect pseudogenes...
		candidates: 6
		verified: 6
	analyze hypothetical proteins: 55
		detected Pfam hits: 2 
		calculated proteins statistics
	revise special cases...
detect & annotate sORF...
	detected: 16475
	discarded due to overlaps: 14612
	discarded spurious: 0
	detected IPSs: 0
	found PSCs: 1
	lookup annotations...
	filter and combine annotations...
	filtered sORFs: 0
detect gaps...
	found: 0
detect oriCs/oriVs...
	found: 1
detect oriTs...
	found: 0
apply feature overlap filters...
select features and create locus tags...
	selected: 1345
improve annotations...
	revised gene symbols: 3

Genome statistics:
	Genome size: 1,321,434 bp
	Contigs/replicons: 20
	GC: 28.6 %
	N50: 170,966
	N ratio: 0.0 %
	coding density: 90.0 %

annotation summary:
	tRNAs: 30
	tmRNAs: 1
	rRNAs: 5
	ncRNAs: 2
	ncRNA regions: 0
	CRISPR arrays: 0
	CDSs: 1306
		hypotheticals: 53
		pseudogenes: 6
	sORFs: 0
	gaps: 0
	oriCs/oriVs: 1
	oriTs: 0

Export annotation results to: /home/mf019/longread_pangenome/expanded_dataset_analysis/assemblies/GCF_000181575.2_ASM18157v2_genomic
	human readable TSV...
	GFF3...
	INSDC GenBank & EMBL...
	genome sequences...
	feature nucleotide sequences...
	translated CDS sequences...
	feature inferences...
	skip generation of circular genome plot...
	hypothetical TSV...
	translated hypothetical CDS sequences...
	machine readable JSON...
	Genome and annotation summary...

If you use these results please cite Bakta: https://doi.org/10.1099/mgen.0.000685
Annotation successfully finished in 3:31 [mm:ss].
