Bakta v1.10.0
Options and arguments:
	input: /home/mf019/longread_pangenome/assemblies/ncbi/GCF_000172295.2_ASM17229v2_genomic/GCF_000172295.2_ASM17229v2_genomic.fna
	db: /db, version 5.1, full
	translation table: 11
	gram: -
	output: /home/mf019/longread_pangenome/expanded_dataset_analysis/assemblies/GCF_000172295.2_ASM17229v2_genomic
	force: True
	tmp directory: /tmp/tmpxru677lk
	keep/sequence headers: True
	prefix: GCF_000172295.2_ASM17229v2_genomic
	threads: 32
	skip plot: True

Parse genome sequences...
	imported: 53
	filtered & revised: 53
	plasmids: 15
	contigs: 38

Start annotation...
predict tRNAs...
	found: 30
predict tmRNAs...
	found: 1
predict rRNAs...
	found: 3
predict ncRNAs...
	found: 2
predict ncRNA regions...
	found: 0
predict CRISPR arrays...
	found: 0
predict & annotate CDSs...
	predicted: 1303 
	discarded spurious: 0
	revised translational exceptions: 0
	detected IPSs: 1123
	found PSCs: 91
	found PSCCs: 29
	lookup annotations...
	conduct expert systems...
		amrfinder: 0
		protein sequences: 39
	combine annotations and mark hypotheticals...
	detect pseudogenes...
		candidates: 39
		verified: 24
	analyze hypothetical proteins: 94
		detected Pfam hits: 15 
		calculated proteins statistics
	revise special cases...
detect & annotate sORF...
	detected: 16816
	discarded due to overlaps: 14169
	discarded spurious: 0
	detected IPSs: 0
	found PSCs: 0
	lookup annotations...
	filter and combine annotations...
	filtered sORFs: 0
detect gaps...
	found: 0
detect oriCs/oriVs...
	found: 1
detect oriTs...
	found: 0
apply feature overlap filters...
select features and create locus tags...
	selected: 1339
improve annotations...
	revised gene symbols: 5

Genome statistics:
	Genome size: 1,344,204 bp
	Contigs/replicons: 53
	GC: 28.3 %
	N50: 35,743
	N ratio: 0.0 %
	coding density: 86.1 %

annotation summary:
	tRNAs: 30
	tmRNAs: 1
	rRNAs: 3
	ncRNAs: 2
	ncRNA regions: 0
	CRISPR arrays: 0
	CDSs: 1302
		hypotheticals: 94
		pseudogenes: 24
	sORFs: 0
	gaps: 0
	oriCs/oriVs: 1
	oriTs: 0

Export annotation results to: /home/mf019/longread_pangenome/expanded_dataset_analysis/assemblies/GCF_000172295.2_ASM17229v2_genomic
	human readable TSV...
	GFF3...
	INSDC GenBank & EMBL...
	genome sequences...
	feature nucleotide sequences...
	translated CDS sequences...
	feature inferences...
	skip generation of circular genome plot...
	hypothetical TSV...
	translated hypothetical CDS sequences...
	machine readable JSON...
	Genome and annotation summary...

If you use these results please cite Bakta: https://doi.org/10.1099/mgen.0.000685
Annotation successfully finished in 3:55 [mm:ss].
