Bakta v1.10.0
Options and arguments:
	input: /home/mf019/longread_pangenome/assemblies/ncbi/GCF_000181855.2_ASM18185v2_genomic/GCF_000181855.2_ASM18185v2_genomic.fna
	db: /db, version 5.1, full
	translation table: 11
	gram: -
	output: /home/mf019/longread_pangenome/expanded_dataset_analysis/assemblies/GCF_000181855.2_ASM18185v2_genomic
	force: True
	tmp directory: /tmp/tmpk_r27lm6
	keep/sequence headers: True
	prefix: GCF_000181855.2_ASM18185v2_genomic
	threads: 32
	skip plot: True

Parse genome sequences...
	imported: 54
	filtered & revised: 54
	plasmids: 23
	contigs: 31

Start annotation...
predict tRNAs...
	found: 27
predict tmRNAs...
	found: 1
predict rRNAs...
	found: 6
predict ncRNAs...
	found: 2
predict ncRNA regions...
	found: 0
predict CRISPR arrays...
	found: 0
predict & annotate CDSs...
	predicted: 1414 
	discarded spurious: 0
	revised translational exceptions: 0
	detected IPSs: 1214
	found PSCs: 91
	found PSCCs: 39
	lookup annotations...
	conduct expert systems...
		amrfinder: 0
		protein sequences: 40
	combine annotations and mark hypotheticals...
	detect pseudogenes...
		candidates: 36
		verified: 33
	analyze hypothetical proteins: 104
		detected Pfam hits: 5 
		calculated proteins statistics
	revise special cases...
detect & annotate sORF...
	detected: 17823
	discarded due to overlaps: 14998
	discarded spurious: 0
	detected IPSs: 0
	found PSCs: 0
	lookup annotations...
	filter and combine annotations...
	filtered sORFs: 0
detect gaps...
	found: 0
detect oriCs/oriVs...
	found: 1
detect oriTs...
	found: 0
apply feature overlap filters...
select features and create locus tags...
	selected: 1448
improve annotations...
	revised gene symbols: 4

Genome statistics:
	Genome size: 1,427,907 bp
	Contigs/replicons: 54
	GC: 28.3 %
	N50: 36,967
	N ratio: 0.0 %
	coding density: 85.6 %

annotation summary:
	tRNAs: 27
	tmRNAs: 1
	rRNAs: 6
	ncRNAs: 2
	ncRNA regions: 0
	CRISPR arrays: 0
	CDSs: 1411
		hypotheticals: 102
		pseudogenes: 33
	sORFs: 0
	gaps: 0
	oriCs/oriVs: 1
	oriTs: 0

Export annotation results to: /home/mf019/longread_pangenome/expanded_dataset_analysis/assemblies/GCF_000181855.2_ASM18185v2_genomic
	human readable TSV...
	GFF3...
	INSDC GenBank & EMBL...
	genome sequences...
	feature nucleotide sequences...
	translated CDS sequences...
	feature inferences...
	skip generation of circular genome plot...
	hypothetical TSV...
	translated hypothetical CDS sequences...
	machine readable JSON...
	Genome and annotation summary...

If you use these results please cite Bakta: https://doi.org/10.1099/mgen.0.000685
Annotation successfully finished in 3:50 [mm:ss].
