Bakta v1.10.0
Options and arguments:
	input: /home/mf019/longread_pangenome/assemblies/ncbi/GCF_040819585.1_PFhe_I_PB_Ill_cons_genomic/GCF_040819585.1_PFhe_I_PB_Ill_cons_genomic.fna
	db: /db, version 5.1, full
	translation table: 11
	gram: -
	output: /home/mf019/longread_pangenome/expanded_dataset_analysis/assemblies/GCF_040819585.1_PFhe_I_PB_Ill_cons_genomic
	force: True
	tmp directory: /tmp/tmp38jat0o2
	keep/sequence headers: True
	prefix: GCF_040819585.1_PFhe_I_PB_Ill_cons_genomic
	threads: 64
	skip plot: True

Parse genome sequences...
	imported: 15
	filtered & revised: 15
	chromosomes: 1
	plasmids: 14

Start annotation...
predict tRNAs...
	found: 32
predict tmRNAs...
	found: 1
predict rRNAs...
	found: 5
predict ncRNAs...
	found: 2
predict ncRNA regions...
	found: 0
predict CRISPR arrays...
	found: 0
predict & annotate CDSs...
	predicted: 1320 
	discarded spurious: 0
	revised translational exceptions: 0
	detected IPSs: 1012
	found PSCs: 228
	found PSCCs: 50
	lookup annotations...
	conduct expert systems...
		amrfinder: 0
		protein sequences: 41
	combine annotations and mark hypotheticals...
	detect pseudogenes...
		candidates: 20
		verified: 20
	analyze hypothetical proteins: 91
		detected Pfam hits: 5 
		calculated proteins statistics
	revise special cases...
detect & annotate sORF...
	detected: 16622
	discarded due to overlaps: 14493
	discarded spurious: 0
	detected IPSs: 0
	found PSCs: 0
	lookup annotations...
	filter and combine annotations...
	filtered sORFs: 0
detect gaps...
	found: 0
detect oriCs/oriVs...
	found: 1
detect oriTs...
	found: 0
apply feature overlap filters...
select features and create locus tags...
	selected: 1358
improve annotations...
	revised gene symbols: 4

Genome statistics:
	Genome size: 1,341,511 bp
	Contigs/replicons: 15
	GC: 28.4 %
	N50: 910,259
	N ratio: 0.0 %
	coding density: 88.8 %

annotation summary:
	tRNAs: 32
	tmRNAs: 1
	rRNAs: 5
	ncRNAs: 2
	ncRNA regions: 0
	CRISPR arrays: 0
	CDSs: 1317
		hypotheticals: 89
		pseudogenes: 20
	sORFs: 0
	gaps: 0
	oriCs/oriVs: 1
	oriTs: 0

Export annotation results to: /home/mf019/longread_pangenome/expanded_dataset_analysis/assemblies/GCF_040819585.1_PFhe_I_PB_Ill_cons_genomic
	human readable TSV...
	GFF3...
	INSDC GenBank & EMBL...
	genome sequences...
	feature nucleotide sequences...
	translated CDS sequences...
	feature inferences...
	skip generation of circular genome plot...
	hypothetical TSV...
	translated hypothetical CDS sequences...
	machine readable JSON...
	Genome and annotation summary...

If you use these results please cite Bakta: https://doi.org/10.1099/mgen.0.000685
Annotation successfully finished in 3:28 [mm:ss].
