Bakta v1.10.0
Options and arguments:
	input: /home/mf019/longread_pangenome/assemblies/ncbi/GCF_000171735.2_ASM17173v2_genomic/GCF_000171735.2_ASM17173v2_genomic.fna
	db: /db, version 5.1, full
	translation table: 11
	gram: -
	output: /home/mf019/longread_pangenome/expanded_dataset_analysis/assemblies/GCF_000171735.2_ASM17173v2_genomic
	force: True
	tmp directory: /tmp/tmp81tje_2b
	keep/sequence headers: True
	prefix: GCF_000171735.2_ASM17173v2_genomic
	threads: 32
	skip plot: True

Parse genome sequences...
	imported: 27
	filtered & revised: 27
	plasmids: 19
	contigs: 8

Start annotation...
predict tRNAs...
	found: 30
predict tmRNAs...
	found: 1
predict rRNAs...
	found: 3
predict ncRNAs...
	found: 2
predict ncRNA regions...
	found: 0
predict CRISPR arrays...
	found: 0
predict & annotate CDSs...
	predicted: 1443 
	discarded spurious: 0
	revised translational exceptions: 0
	detected IPSs: 1369
	found PSCs: 56
	found PSCCs: 7
	lookup annotations...
	conduct expert systems...
		amrfinder: 0
		protein sequences: 47
	combine annotations and mark hypotheticals...
	detect pseudogenes...
		candidates: 6
		verified: 2
	analyze hypothetical proteins: 62
		detected Pfam hits: 4 
		calculated proteins statistics
	revise special cases...
detect & annotate sORF...
	detected: 18041
	discarded due to overlaps: 15555
	discarded spurious: 0
	detected IPSs: 0
	found PSCs: 0
	lookup annotations...
	filter and combine annotations...
	filtered sORFs: 0
detect gaps...
	found: 0
detect oriCs/oriVs...
	found: 1
detect oriTs...
	found: 0
apply feature overlap filters...
select features and create locus tags...
	selected: 1478
improve annotations...
	revised gene symbols: 3

Genome statistics:
	Genome size: 1,453,013 bp
	Contigs/replicons: 27
	GC: 28.2 %
	N50: 85,309
	N ratio: 0.0 %
	coding density: 88.0 %

annotation summary:
	tRNAs: 30
	tmRNAs: 1
	rRNAs: 3
	ncRNAs: 2
	ncRNA regions: 0
	CRISPR arrays: 0
	CDSs: 1441
		hypotheticals: 61
		pseudogenes: 2
	sORFs: 0
	gaps: 0
	oriCs/oriVs: 1
	oriTs: 0

Export annotation results to: /home/mf019/longread_pangenome/expanded_dataset_analysis/assemblies/GCF_000171735.2_ASM17173v2_genomic
	human readable TSV...
	GFF3...
	INSDC GenBank & EMBL...
	genome sequences...
	feature nucleotide sequences...
	translated CDS sequences...
	feature inferences...
	skip generation of circular genome plot...
	hypothetical TSV...
	translated hypothetical CDS sequences...
	machine readable JSON...
	Genome and annotation summary...

If you use these results please cite Bakta: https://doi.org/10.1099/mgen.0.000685
Annotation successfully finished in 3:41 [mm:ss].
