Bakta v1.10.0
Options and arguments:
	input: /home/mf019/longread_pangenome/assemblies/ncbi/GCF_000166655.1_ASM16665v1_genomic/GCF_000166655.1_ASM16665v1_genomic.fna
	db: /db, version 5.1, full
	translation table: 11
	gram: -
	output: /home/mf019/longread_pangenome/expanded_dataset_analysis/assemblies/GCF_000166655.1_ASM16665v1_genomic
	force: True
	tmp directory: /tmp/tmprr0nchda
	keep/sequence headers: True
	prefix: GCF_000166655.1_ASM16665v1_genomic
	threads: 32
	skip plot: True

Parse genome sequences...
	imported: 21
	filtered & revised: 21
	plasmids: 20
	contigs: 1

Start annotation...
predict tRNAs...
	found: 32
predict tmRNAs...
	found: 1
predict rRNAs...
	found: 5
predict ncRNAs...
	found: 2
predict ncRNA regions...
	found: 0
predict CRISPR arrays...
	found: 0
predict & annotate CDSs...
	predicted: 1522 
	discarded spurious: 0
	revised translational exceptions: 0
	detected IPSs: 1374
	found PSCs: 111
	found PSCCs: 19
	lookup annotations...
	conduct expert systems...
		amrfinder: 0
		protein sequences: 48
	combine annotations and mark hypotheticals...
	detect pseudogenes...
		candidates: 9
		verified: 6
	analyze hypothetical proteins: 79
		detected Pfam hits: 1 
		calculated proteins statistics
	revise special cases...
detect & annotate sORF...
	detected: 18992
	discarded due to overlaps: 16385
	discarded spurious: 0
	detected IPSs: 0
	found PSCs: 0
	lookup annotations...
	filter and combine annotations...
	filtered sORFs: 0
detect gaps...
	found: 0
detect oriCs/oriVs...
	found: 1
detect oriTs...
	found: 0
apply feature overlap filters...
select features and create locus tags...
	selected: 1560
improve annotations...
	revised gene symbols: 3

Genome statistics:
	Genome size: 1,531,091 bp
	Contigs/replicons: 21
	GC: 28.3 %
	N50: 922,801
	N ratio: 0.0 %
	coding density: 87.7 %

annotation summary:
	tRNAs: 32
	tmRNAs: 1
	rRNAs: 5
	ncRNAs: 2
	ncRNA regions: 0
	CRISPR arrays: 0
	CDSs: 1519
		hypotheticals: 77
		pseudogenes: 6
	sORFs: 0
	gaps: 0
	oriCs/oriVs: 1
	oriTs: 0

Export annotation results to: /home/mf019/longread_pangenome/expanded_dataset_analysis/assemblies/GCF_000166655.1_ASM16665v1_genomic
	human readable TSV...
	GFF3...
	INSDC GenBank & EMBL...
	genome sequences...
	feature nucleotide sequences...
	translated CDS sequences...
	feature inferences...
	skip generation of circular genome plot...
	hypothetical TSV...
	translated hypothetical CDS sequences...
	machine readable JSON...
	Genome and annotation summary...

If you use these results please cite Bakta: https://doi.org/10.1099/mgen.0.000685
Annotation successfully finished in 3:21 [mm:ss].
