Bakta v1.10.0
Options and arguments:
	input: /home/mf019/longread_pangenome/assemblies/ncbi/GCF_002151505.1_ASM215150v1_genomic/GCF_002151505.1_ASM215150v1_genomic.fna
	db: /db, version 5.1, full
	translation table: 11
	gram: -
	output: /home/mf019/longread_pangenome/expanded_dataset_analysis/assemblies/GCF_002151505.1_ASM215150v1_genomic
	force: True
	tmp directory: /tmp/tmp8dfxc4cm
	keep/sequence headers: True
	prefix: GCF_002151505.1_ASM215150v1_genomic
	threads: 64
	skip plot: True

Parse genome sequences...
	imported: 13
	filtered & revised: 13
	chromosomes: 1
	plasmids: 12

Start annotation...
predict tRNAs...
	found: 32
predict tmRNAs...
	found: 1
predict rRNAs...
	found: 5
predict ncRNAs...
	found: 2
predict ncRNA regions...
	found: 0
predict CRISPR arrays...
	found: 0
predict & annotate CDSs...
	predicted: 1342 
	discarded spurious: 0
	revised translational exceptions: 0
	detected IPSs: 1230
	found PSCs: 68
	found PSCCs: 23
	lookup annotations...
	conduct expert systems...
		amrfinder: 0
		protein sequences: 49
	combine annotations and mark hypotheticals...
	detect pseudogenes...
		candidates: 16
		verified: 15
	analyze hypothetical proteins: 62
		detected Pfam hits: 2 
		calculated proteins statistics
	revise special cases...
detect & annotate sORF...
	detected: 16887
	discarded due to overlaps: 14818
	discarded spurious: 0
	detected IPSs: 0
	found PSCs: 0
	lookup annotations...
	filter and combine annotations...
	filtered sORFs: 0
detect gaps...
	found: 0
detect oriCs/oriVs...
	found: 1
detect oriTs...
	found: 0
apply feature overlap filters...
select features and create locus tags...
	selected: 1380
improve annotations...
	revised gene symbols: 4

Genome statistics:
	Genome size: 1,341,182 bp
	Contigs/replicons: 13
	GC: 28.4 %
	N50: 909,921
	N ratio: 0.0 %
	coding density: 89.2 %

annotation summary:
	tRNAs: 32
	tmRNAs: 1
	rRNAs: 5
	ncRNAs: 2
	ncRNA regions: 0
	CRISPR arrays: 0
	CDSs: 1339
		hypotheticals: 60
		pseudogenes: 15
	sORFs: 0
	gaps: 0
	oriCs/oriVs: 1
	oriTs: 0

Export annotation results to: /home/mf019/longread_pangenome/expanded_dataset_analysis/assemblies/GCF_002151505.1_ASM215150v1_genomic
	human readable TSV...
	GFF3...
	INSDC GenBank & EMBL...
	genome sequences...
	feature nucleotide sequences...
	translated CDS sequences...
	feature inferences...
	skip generation of circular genome plot...
	hypothetical TSV...
	translated hypothetical CDS sequences...
	machine readable JSON...
	Genome and annotation summary...

If you use these results please cite Bakta: https://doi.org/10.1099/mgen.0.000685
Annotation successfully finished in 3:17 [mm:ss].
