Bakta v1.10.0
Options and arguments:
	input: /home/mf019/longread_pangenome/assemblies/ncbi/GCF_000181715.2_ASM18171v2_genomic/GCF_000181715.2_ASM18171v2_genomic.fna
	db: /db, version 5.1, full
	translation table: 11
	gram: -
	output: /home/mf019/longread_pangenome/expanded_dataset_analysis/assemblies/GCF_000181715.2_ASM18171v2_genomic
	force: True
	tmp directory: /tmp/tmp2p4e_adm
	keep/sequence headers: True
	prefix: GCF_000181715.2_ASM18171v2_genomic
	threads: 32
	skip plot: True

Parse genome sequences...
	imported: 25
	filtered & revised: 25
	plasmids: 16
	contigs: 9

Start annotation...
predict tRNAs...
	found: 29
predict tmRNAs...
	found: 1
predict rRNAs...
	found: 3
predict ncRNAs...
	found: 2
predict ncRNA regions...
	found: 0
predict CRISPR arrays...
	found: 0
predict & annotate CDSs...
	predicted: 1256 
	discarded spurious: 0
	revised translational exceptions: 0
	detected IPSs: 1145
	found PSCs: 85
	found PSCCs: 10
	lookup annotations...
	conduct expert systems...
		amrfinder: 0
		protein sequences: 41
	combine annotations and mark hypotheticals...
	detect pseudogenes...
		candidates: 8
		verified: 6
	analyze hypothetical proteins: 46
		detected Pfam hits: 1 
		calculated proteins statistics
	revise special cases...
detect & annotate sORF...
	detected: 16242
	discarded due to overlaps: 14145
	discarded spurious: 0
	detected IPSs: 0
	found PSCs: 0
	lookup annotations...
	filter and combine annotations...
	filtered sORFs: 0
detect gaps...
	found: 0
detect oriCs/oriVs...
	found: 1
detect oriTs...
	found: 0
apply feature overlap filters...
select features and create locus tags...
	selected: 1291
improve annotations...
	revised gene symbols: 3

Genome statistics:
	Genome size: 1,295,451 bp
	Contigs/replicons: 25
	GC: 28.3 %
	N50: 169,491
	N ratio: 0.0 %
	coding density: 88.5 %

annotation summary:
	tRNAs: 29
	tmRNAs: 1
	rRNAs: 3
	ncRNAs: 2
	ncRNA regions: 0
	CRISPR arrays: 0
	CDSs: 1255
		hypotheticals: 46
		pseudogenes: 6
	sORFs: 0
	gaps: 0
	oriCs/oriVs: 1
	oriTs: 0

Export annotation results to: /home/mf019/longread_pangenome/expanded_dataset_analysis/assemblies/GCF_000181715.2_ASM18171v2_genomic
	human readable TSV...
	GFF3...
	INSDC GenBank & EMBL...
	genome sequences...
	feature nucleotide sequences...
	translated CDS sequences...
	feature inferences...
	skip generation of circular genome plot...
	hypothetical TSV...
	translated hypothetical CDS sequences...
	machine readable JSON...
	Genome and annotation summary...

If you use these results please cite Bakta: https://doi.org/10.1099/mgen.0.000685
Annotation successfully finished in 3:28 [mm:ss].
