Bakta v1.10.0
Options and arguments:
	input: /home/mf019/longread_pangenome/assemblies/ncbi/GCF_000181555.2_ASM18155v2_genomic/GCF_000181555.2_ASM18155v2_genomic.fna
	db: /db, version 5.1, full
	translation table: 11
	gram: -
	output: /home/mf019/longread_pangenome/expanded_dataset_analysis/assemblies/GCF_000181555.2_ASM18155v2_genomic
	force: True
	tmp directory: /tmp/tmp7m5vhbpz
	keep/sequence headers: True
	prefix: GCF_000181555.2_ASM18155v2_genomic
	threads: 32
	skip plot: True

Parse genome sequences...
	imported: 32
	filtered & revised: 32
	chromosomes: 1
	plasmids: 30
	contigs: 1

Start annotation...
predict tRNAs...
	found: 32
predict tmRNAs...
	found: 1
predict rRNAs...
	found: 4
predict ncRNAs...
	found: 2
predict ncRNA regions...
	found: 0
predict CRISPR arrays...
	found: 0
predict & annotate CDSs...
	predicted: 1420 
	discarded spurious: 0
	revised translational exceptions: 0
	detected IPSs: 1307
	found PSCs: 84
	found PSCCs: 16
	lookup annotations...
	conduct expert systems...
		amrfinder: 0
		protein sequences: 46
	combine annotations and mark hypotheticals...
	detect pseudogenes...
		candidates: 8
		verified: 4
	analyze hypothetical proteins: 62
		detected Pfam hits: 1 
		calculated proteins statistics
	revise special cases...
detect & annotate sORF...
	detected: 18127
	discarded due to overlaps: 15581
	discarded spurious: 0
	detected IPSs: 0
	found PSCs: 0
	lookup annotations...
	filter and combine annotations...
	filtered sORFs: 0
detect gaps...
	found: 0
detect oriCs/oriVs...
	found: 1
detect oriTs...
	found: 0
apply feature overlap filters...
select features and create locus tags...
	selected: 1458
improve annotations...
	revised gene symbols: 3

Genome statistics:
	Genome size: 1,469,834 bp
	Contigs/replicons: 32
	GC: 28.1 %
	N50: 908,814
	N ratio: 0.0 %
	coding density: 86.7 %

annotation summary:
	tRNAs: 32
	tmRNAs: 1
	rRNAs: 4
	ncRNAs: 2
	ncRNA regions: 0
	CRISPR arrays: 0
	CDSs: 1418
		hypotheticals: 61
		pseudogenes: 4
	sORFs: 0
	gaps: 0
	oriCs/oriVs: 1
	oriTs: 0

Export annotation results to: /home/mf019/longread_pangenome/expanded_dataset_analysis/assemblies/GCF_000181555.2_ASM18155v2_genomic
	human readable TSV...
	GFF3...
	INSDC GenBank & EMBL...
	genome sequences...
	feature nucleotide sequences...
	translated CDS sequences...
	feature inferences...
	skip generation of circular genome plot...
	hypothetical TSV...
	translated hypothetical CDS sequences...
	machine readable JSON...
	Genome and annotation summary...

If you use these results please cite Bakta: https://doi.org/10.1099/mgen.0.000685
Annotation successfully finished in 3:16 [mm:ss].
