Bakta v1.10.0
Options and arguments:
	input: /home/mf019/longread_pangenome/assemblies/ncbi/GCF_040790715.1_ASM4079071v1_genomic/GCF_040790715.1_ASM4079071v1_genomic.fna
	db: /db, version 5.1, full
	translation table: 11
	gram: -
	output: /home/mf019/longread_pangenome/expanded_dataset_analysis/assemblies/GCF_040790715.1_ASM4079071v1_genomic
	force: True
	tmp directory: /tmp/tmpen6fj9jv
	keep/sequence headers: True
	prefix: GCF_040790715.1_ASM4079071v1_genomic
	threads: 64
	skip plot: True

Parse genome sequences...
	imported: 14
	filtered & revised: 14
	chromosomes: 1
	plasmids: 13

Start annotation...
predict tRNAs...
	found: 32
predict tmRNAs...
	found: 1
predict rRNAs...
	found: 3
predict ncRNAs...
	found: 2
predict ncRNA regions...
	found: 0
predict CRISPR arrays...
	found: 0
predict & annotate CDSs...
	predicted: 1218 
	discarded spurious: 0
	revised translational exceptions: 0
	detected IPSs: 1090
	found PSCs: 101
	found PSCCs: 18
	lookup annotations...
	conduct expert systems...
		amrfinder: 0
		protein sequences: 43
	combine annotations and mark hypotheticals...
	detect pseudogenes...
		candidates: 3
		verified: 2
	analyze hypothetical proteins: 52
		detected Pfam hits: 2 
		calculated proteins statistics
	revise special cases...
detect & annotate sORF...
	detected: 15945
	discarded due to overlaps: 13807
	discarded spurious: 0
	detected IPSs: 0
	found PSCs: 0
	lookup annotations...
	filter and combine annotations...
	filtered sORFs: 0
detect gaps...
	found: 0
detect oriCs/oriVs...
	found: 1
detect oriTs...
	found: 0
apply feature overlap filters...
select features and create locus tags...
	selected: 1255
improve annotations...
	revised gene symbols: 3

Genome statistics:
	Genome size: 1,289,159 bp
	Contigs/replicons: 14
	GC: 28.0 %
	N50: 908,738
	N ratio: 0.0 %
	coding density: 87.7 %

annotation summary:
	tRNAs: 32
	tmRNAs: 1
	rRNAs: 3
	ncRNAs: 2
	ncRNA regions: 0
	CRISPR arrays: 0
	CDSs: 1216
		hypotheticals: 51
		pseudogenes: 2
	sORFs: 0
	gaps: 0
	oriCs/oriVs: 1
	oriTs: 0

Export annotation results to: /home/mf019/longread_pangenome/expanded_dataset_analysis/assemblies/GCF_040790715.1_ASM4079071v1_genomic
	human readable TSV...
	GFF3...
	INSDC GenBank & EMBL...
	genome sequences...
	feature nucleotide sequences...
	translated CDS sequences...
	feature inferences...
	skip generation of circular genome plot...
	hypothetical TSV...
	translated hypothetical CDS sequences...
	machine readable JSON...
	Genome and annotation summary...

If you use these results please cite Bakta: https://doi.org/10.1099/mgen.0.000685
Annotation successfully finished in 3:21 [mm:ss].
