Bakta v1.10.0
Options and arguments:
	input: /home/mf019/longread_pangenome/assemblies/ncbi/GCF_000172335.2_ASM17233v2_genomic/GCF_000172335.2_ASM17233v2_genomic.fna
	db: /db, version 5.1, full
	translation table: 11
	gram: -
	output: /home/mf019/longread_pangenome/expanded_dataset_analysis/assemblies/GCF_000172335.2_ASM17233v2_genomic
	force: True
	tmp directory: /tmp/tmpa79iqjbj
	keep/sequence headers: True
	prefix: GCF_000172335.2_ASM17233v2_genomic
	threads: 32
	skip plot: True

Parse genome sequences...
	imported: 24
	filtered & revised: 24
	plasmids: 18
	contigs: 6

Start annotation...
predict tRNAs...
	found: 31
predict tmRNAs...
	found: 1
predict rRNAs...
	found: 3
predict ncRNAs...
	found: 2
predict ncRNA regions...
	found: 0
predict CRISPR arrays...
	found: 0
predict & annotate CDSs...
	predicted: 1477 
	discarded spurious: 0
	revised translational exceptions: 0
	detected IPSs: 1328
	found PSCs: 96
	found PSCCs: 21
	lookup annotations...
	conduct expert systems...
		amrfinder: 0
		protein sequences: 49
	combine annotations and mark hypotheticals...
	detect pseudogenes...
		candidates: 16
		verified: 11
	analyze hypothetical proteins: 78
		detected Pfam hits: 8 
		calculated proteins statistics
	revise special cases...
detect & annotate sORF...
	detected: 18633
	discarded due to overlaps: 16033
	discarded spurious: 0
	detected IPSs: 0
	found PSCs: 0
	lookup annotations...
	filter and combine annotations...
	filtered sORFs: 0
detect gaps...
	found: 0
detect oriCs/oriVs...
	found: 1
detect oriTs...
	found: 0
apply feature overlap filters...
select features and create locus tags...
	selected: 1513
improve annotations...
	revised gene symbols: 5

Genome statistics:
	Genome size: 1,485,884 bp
	Contigs/replicons: 24
	GC: 28.4 %
	N50: 169,176
	N ratio: 0.0 %
	coding density: 87.9 %

annotation summary:
	tRNAs: 31
	tmRNAs: 1
	rRNAs: 3
	ncRNAs: 2
	ncRNA regions: 0
	CRISPR arrays: 0
	CDSs: 1475
		hypotheticals: 77
		pseudogenes: 11
	sORFs: 0
	gaps: 0
	oriCs/oriVs: 1
	oriTs: 0

Export annotation results to: /home/mf019/longread_pangenome/expanded_dataset_analysis/assemblies/GCF_000172335.2_ASM17233v2_genomic
	human readable TSV...
	GFF3...
	INSDC GenBank & EMBL...
	genome sequences...
	feature nucleotide sequences...
	translated CDS sequences...
	feature inferences...
	skip generation of circular genome plot...
	hypothetical TSV...
	translated hypothetical CDS sequences...
	machine readable JSON...
	Genome and annotation summary...

If you use these results please cite Bakta: https://doi.org/10.1099/mgen.0.000685
Annotation successfully finished in 3:18 [mm:ss].
