Bakta v1.10.0
Options and arguments:
	input: /home/mf019/longread_pangenome/assemblies/jel/UCT124H/UCT124H.fasta
	db: /db, version 5.1, full
	translation table: 11
	gram: -
	output: /home/mf019/longread_pangenome/expanded_dataset_analysis/assemblies/UCT124H
	force: True
	tmp directory: /tmp/tmpz6dhl9iu
	keep/sequence headers: True
	prefix: UCT124H
	threads: 32
	skip plot: True

Parse genome sequences...
	imported: 50
	filtered & revised: 50
	contigs: 50

Start annotation...
predict tRNAs...
	found: 32
predict tmRNAs...
	found: 1
predict rRNAs...
	found: 5
predict ncRNAs...
	found: 2
predict ncRNA regions...
	found: 0
predict CRISPR arrays...
	found: 0
predict & annotate CDSs...
	predicted: 1479 
	discarded spurious: 0
	revised translational exceptions: 0
	detected IPSs: 1304
	found PSCs: 122
	found PSCCs: 30
	lookup annotations...
	conduct expert systems...
		amrfinder: 0
		protein sequences: 50
	combine annotations and mark hypotheticals...
	detect pseudogenes...
		candidates: 11
		verified: 8
	analyze hypothetical proteins: 83
		detected Pfam hits: 3 
		calculated proteins statistics
	revise special cases...
detect & annotate sORF...
	detected: 18823
	discarded due to overlaps: 15999
	discarded spurious: 0
	detected IPSs: 0
	found PSCs: 0
	lookup annotations...
	filter and combine annotations...
	filtered sORFs: 0
detect gaps...
	found: 0
detect oriCs/oriVs...
	found: 1
detect oriTs...
	found: 0
apply feature overlap filters...
select features and create locus tags...
	selected: 1517
improve annotations...
	revised gene symbols: 5

Genome statistics:
	Genome size: 1,510,565 bp
	Contigs/replicons: 50
	GC: 28.3 %
	N50: 900,914
	N ratio: 0.0 %
	coding density: 86.5 %

annotation summary:
	tRNAs: 32
	tmRNAs: 1
	rRNAs: 5
	ncRNAs: 2
	ncRNA regions: 0
	CRISPR arrays: 0
	CDSs: 1476
		hypotheticals: 81
		pseudogenes: 8
	sORFs: 0
	gaps: 0
	oriCs/oriVs: 1
	oriTs: 0

Export annotation results to: /home/mf019/longread_pangenome/expanded_dataset_analysis/assemblies/UCT124H
	human readable TSV...
	GFF3...
	INSDC GenBank & EMBL...
	genome sequences...
	feature nucleotide sequences...
	translated CDS sequences...
	feature inferences...
	skip generation of circular genome plot...
	hypothetical TSV...
	translated hypothetical CDS sequences...
	machine readable JSON...
	Genome and annotation summary...

If you use these results please cite Bakta: https://doi.org/10.1099/mgen.0.000685
Annotation successfully finished in 3:32 [mm:ss].
