Bakta v1.10.0
Options and arguments:
	input: /home/mf019/longread_pangenome/assemblies/jel/UCT35H/UCT35H.fasta
	db: /db, version 5.1, full
	translation table: 11
	gram: -
	output: /home/mf019/longread_pangenome/expanded_dataset_analysis/assemblies/UCT35H
	force: True
	tmp directory: /tmp/tmp528h4cbz
	keep/sequence headers: True
	prefix: UCT35H
	threads: 32
	skip plot: True

Parse genome sequences...
	imported: 33
	filtered & revised: 33
	contigs: 33

Start annotation...
predict tRNAs...
	found: 32
predict tmRNAs...
	found: 1
predict rRNAs...
	found: 5
predict ncRNAs...
	found: 2
predict ncRNA regions...
	found: 0
predict CRISPR arrays...
	found: 0
predict & annotate CDSs...
	predicted: 1281 
	discarded spurious: 0
	revised translational exceptions: 0
	detected IPSs: 1178
	found PSCs: 76
	found PSCCs: 17
	lookup annotations...
	conduct expert systems...
		amrfinder: 0
		protein sequences: 41
	combine annotations and mark hypotheticals...
	detect pseudogenes...
		candidates: 3
		verified: 2
	analyze hypothetical proteins: 53
		detected Pfam hits: 2 
		calculated proteins statistics
	revise special cases...
detect & annotate sORF...
	detected: 16720
	discarded due to overlaps: 14286
	discarded spurious: 0
	detected IPSs: 0
	found PSCs: 0
	lookup annotations...
	filter and combine annotations...
	filtered sORFs: 0
detect gaps...
	found: 0
detect oriCs/oriVs...
	found: 1
detect oriTs...
	found: 0
apply feature overlap filters...
select features and create locus tags...
	selected: 1319
improve annotations...
	revised gene symbols: 5

Genome statistics:
	Genome size: 1,350,407 bp
	Contigs/replicons: 33
	GC: 28.0 %
	N50: 910,022
	N ratio: 0.0 %
	coding density: 87.0 %

annotation summary:
	tRNAs: 32
	tmRNAs: 1
	rRNAs: 5
	ncRNAs: 2
	ncRNA regions: 0
	CRISPR arrays: 0
	CDSs: 1278
		hypotheticals: 51
		pseudogenes: 2
	sORFs: 0
	gaps: 0
	oriCs/oriVs: 1
	oriTs: 0

Export annotation results to: /home/mf019/longread_pangenome/expanded_dataset_analysis/assemblies/UCT35H
	human readable TSV...
	GFF3...
	INSDC GenBank & EMBL...
	genome sequences...
	feature nucleotide sequences...
	translated CDS sequences...
	feature inferences...
	skip generation of circular genome plot...
	hypothetical TSV...
	translated hypothetical CDS sequences...
	machine readable JSON...
	Genome and annotation summary...

If you use these results please cite Bakta: https://doi.org/10.1099/mgen.0.000685
Annotation successfully finished in 3:41 [mm:ss].
