Bakta v1.10.0
Options and arguments:
	input: /home/mf019/longread_pangenome/assemblies/jel/UCT95H/UCT95H.fasta
	db: /db, version 5.1, full
	translation table: 11
	gram: -
	output: /home/mf019/longread_pangenome/expanded_dataset_analysis/assemblies/UCT95H
	force: True
	tmp directory: /tmp/tmp_g7wbv0f
	keep/sequence headers: True
	prefix: UCT95H
	threads: 32
	skip plot: True

Parse genome sequences...
	imported: 15
	filtered & revised: 15
	contigs: 15

Start annotation...
predict tRNAs...
	found: 33
predict tmRNAs...
	found: 1
predict rRNAs...
	found: 5
predict ncRNAs...
	found: 2
predict ncRNA regions...
	found: 0
predict CRISPR arrays...
	found: 0
predict & annotate CDSs...
	predicted: 3050 
	discarded spurious: 3
	revised translational exceptions: 0
	detected IPSs: 50
	found PSCs: 184
	found PSCCs: 405
	lookup annotations...
	conduct expert systems...
		amrfinder: 0
		protein sequences: 9
	combine annotations and mark hypotheticals...
	detect pseudogenes...
		candidates: 525
		verified: 507
	analyze hypothetical proteins: 2091
		detected Pfam hits: 398 
		calculated proteins statistics
	revise special cases...
detect & annotate sORF...
	detected: 20682
	discarded due to overlaps: 10443
	discarded spurious: 0
	detected IPSs: 0
	found PSCs: 0
	lookup annotations...
	filter and combine annotations...
	filtered sORFs: 0
detect gaps...
	found: 0
detect oriCs/oriVs...
	found: 1
detect oriTs...
	found: 0
apply feature overlap filters...
select features and create locus tags...
	selected: 3084
improve annotations...
	revised gene symbols: 0

Genome statistics:
	Genome size: 1,491,903 bp
	Contigs/replicons: 15
	GC: 28.2 %
	N50: 893,639
	N ratio: 0.0 %
	coding density: 55.6 %

annotation summary:
	tRNAs: 33
	tmRNAs: 1
	rRNAs: 5
	ncRNAs: 2
	ncRNA regions: 0
	CRISPR arrays: 0
	CDSs: 3042
		hypotheticals: 2086
		pseudogenes: 507
	sORFs: 0
	gaps: 0
	oriCs/oriVs: 1
	oriTs: 0

Export annotation results to: /home/mf019/longread_pangenome/expanded_dataset_analysis/assemblies/UCT95H
	human readable TSV...
	GFF3...
	INSDC GenBank & EMBL...
	genome sequences...
	feature nucleotide sequences...
	translated CDS sequences...
	feature inferences...
	skip generation of circular genome plot...
	hypothetical TSV...
	translated hypothetical CDS sequences...
	machine readable JSON...
	Genome and annotation summary...

If you use these results please cite Bakta: https://doi.org/10.1099/mgen.0.000685
Annotation successfully finished in 4:06 [mm:ss].
