Bakta v1.10.0
Options and arguments:
	input: /home/mf019/longread_pangenome/assemblies/jel/UNY1038P/UNY1038P.fasta
	db: /db, version 5.1, full
	translation table: 11
	gram: -
	output: /home/mf019/longread_pangenome/expanded_dataset_analysis/assemblies/UNY1038P
	force: True
	tmp directory: /tmp/tmp0nt4v8j3
	keep/sequence headers: True
	prefix: UNY1038P
	threads: 32
	skip plot: True

Parse genome sequences...
	imported: 19
	filtered & revised: 19
	contigs: 19

Start annotation...
predict tRNAs...
	found: 32
predict tmRNAs...
	found: 1
predict rRNAs...
	found: 5
predict ncRNAs...
	found: 2
predict ncRNA regions...
	found: 0
predict CRISPR arrays...
	found: 0
predict & annotate CDSs...
	predicted: 1357 
	discarded spurious: 0
	revised translational exceptions: 0
	detected IPSs: 1248
	found PSCs: 68
	found PSCCs: 25
	lookup annotations...
	conduct expert systems...
		amrfinder: 0
		protein sequences: 47
	combine annotations and mark hypotheticals...
	detect pseudogenes...
		candidates: 9
		verified: 4
	analyze hypothetical proteins: 65
		detected Pfam hits: 1 
		calculated proteins statistics
	revise special cases...
detect & annotate sORF...
	detected: 17459
	discarded due to overlaps: 14948
	discarded spurious: 0
	detected IPSs: 0
	found PSCs: 0
	lookup annotations...
	filter and combine annotations...
	filtered sORFs: 0
detect gaps...
	found: 0
detect oriCs/oriVs...
	found: 1
detect oriTs...
	found: 0
apply feature overlap filters...
select features and create locus tags...
	selected: 1395
improve annotations...
	revised gene symbols: 3

Genome statistics:
	Genome size: 1,403,595 bp
	Contigs/replicons: 19
	GC: 28.2 %
	N50: 915,733
	N ratio: 0.0 %
	coding density: 87.2 %

annotation summary:
	tRNAs: 32
	tmRNAs: 1
	rRNAs: 5
	ncRNAs: 2
	ncRNA regions: 0
	CRISPR arrays: 0
	CDSs: 1354
		hypotheticals: 63
		pseudogenes: 4
	sORFs: 0
	gaps: 0
	oriCs/oriVs: 1
	oriTs: 0

Export annotation results to: /home/mf019/longread_pangenome/expanded_dataset_analysis/assemblies/UNY1038P
	human readable TSV...
	GFF3...
	INSDC GenBank & EMBL...
	genome sequences...
	feature nucleotide sequences...
	translated CDS sequences...
	feature inferences...
	skip generation of circular genome plot...
	hypothetical TSV...
	translated hypothetical CDS sequences...
	machine readable JSON...
	Genome and annotation summary...

If you use these results please cite Bakta: https://doi.org/10.1099/mgen.0.000685
Annotation successfully finished in 3:28 [mm:ss].
