Bakta v1.10.0
Options and arguments:
	input: /home/mf019/longread_pangenome/assemblies/jel/UNY1083P/UNY1083P.fasta
	db: /db, version 5.1, full
	translation table: 11
	gram: -
	output: /home/mf019/longread_pangenome/expanded_dataset_analysis/assemblies/UNY1083P
	force: True
	tmp directory: /tmp/tmpwjripob3
	keep/sequence headers: True
	prefix: UNY1083P
	threads: 32
	skip plot: True

Parse genome sequences...
	imported: 226
	filtered & revised: 226
	contigs: 226

Start annotation...
predict tRNAs...
	found: 33
predict tmRNAs...
	found: 1
predict rRNAs...
	found: 5
predict ncRNAs...
	found: 2
predict ncRNA regions...
	found: 0
predict CRISPR arrays...
	found: 0
predict & annotate CDSs...
	predicted: 1408 
	discarded spurious: 1
	revised translational exceptions: 0
	detected IPSs: 1179
	found PSCs: 166
	found PSCCs: 35
	lookup annotations...
	conduct expert systems...
		amrfinder: 0
		protein sequences: 44
	combine annotations and mark hypotheticals...
	detect pseudogenes...
		candidates: 9
		verified: 6
	analyze hypothetical proteins: 85
		detected Pfam hits: 2 
		calculated proteins statistics
	revise special cases...
detect & annotate sORF...
	detected: 18375
	discarded due to overlaps: 15199
	discarded spurious: 0
	detected IPSs: 0
	found PSCs: 0
	lookup annotations...
	filter and combine annotations...
	filtered sORFs: 0
detect gaps...
	found: 0
detect oriCs/oriVs...
	found: 1
detect oriTs...
	found: 0
apply feature overlap filters...
select features and create locus tags...
	selected: 1447
improve annotations...
	revised gene symbols: 3

Genome statistics:
	Genome size: 1,494,188 bp
	Contigs/replicons: 226
	GC: 28.5 %
	N50: 923,130
	N ratio: 0.0 %
	coding density: 83.9 %

annotation summary:
	tRNAs: 33
	tmRNAs: 1
	rRNAs: 5
	ncRNAs: 2
	ncRNA regions: 0
	CRISPR arrays: 0
	CDSs: 1405
		hypotheticals: 84
		pseudogenes: 6
	sORFs: 0
	gaps: 0
	oriCs/oriVs: 1
	oriTs: 0

Export annotation results to: /home/mf019/longread_pangenome/expanded_dataset_analysis/assemblies/UNY1083P
	human readable TSV...
	GFF3...
	INSDC GenBank & EMBL...
	genome sequences...
	feature nucleotide sequences...
	translated CDS sequences...
	feature inferences...
	skip generation of circular genome plot...
	hypothetical TSV...
	translated hypothetical CDS sequences...
	machine readable JSON...
	Genome and annotation summary...

If you use these results please cite Bakta: https://doi.org/10.1099/mgen.0.000685
Annotation successfully finished in 4:15 [mm:ss].
