Bakta v1.10.0
Options and arguments:
	input: /home/mf019/longread_pangenome/assemblies/jel/URI102H/URI102H.fasta
	db: /db, version 5.1, full
	translation table: 11
	gram: -
	output: /home/mf019/longread_pangenome/expanded_dataset_analysis/assemblies/URI102H
	force: True
	tmp directory: /tmp/tmpiqnkfic7
	keep/sequence headers: True
	prefix: URI102H
	threads: 32
	skip plot: True

Parse genome sequences...
	imported: 44
	filtered & revised: 44
	contigs: 44

Start annotation...
predict tRNAs...
	found: 33
predict tmRNAs...
	found: 1
predict rRNAs...
	found: 5
predict ncRNAs...
	found: 2
predict ncRNA regions...
	found: 0
predict CRISPR arrays...
	found: 0
predict & annotate CDSs...
	predicted: 1395 
	discarded spurious: 0
	revised translational exceptions: 0
	detected IPSs: 1255
	found PSCs: 89
	found PSCCs: 24
	lookup annotations...
	conduct expert systems...
		amrfinder: 0
		protein sequences: 50
	combine annotations and mark hypotheticals...
	detect pseudogenes...
		candidates: 18
		verified: 16
	analyze hypothetical proteins: 81
		detected Pfam hits: 2 
		calculated proteins statistics
	revise special cases...
detect & annotate sORF...
	detected: 17939
	discarded due to overlaps: 15175
	discarded spurious: 0
	detected IPSs: 0
	found PSCs: 0
	lookup annotations...
	filter and combine annotations...
	filtered sORFs: 0
detect gaps...
	found: 0
detect oriCs/oriVs...
	found: 1
detect oriTs...
	found: 0
apply feature overlap filters...
select features and create locus tags...
	selected: 1434
improve annotations...
	revised gene symbols: 4

Genome statistics:
	Genome size: 1,442,774 bp
	Contigs/replicons: 44
	GC: 28.2 %
	N50: 910,559
	N ratio: 0.0 %
	coding density: 85.7 %

annotation summary:
	tRNAs: 33
	tmRNAs: 1
	rRNAs: 5
	ncRNAs: 2
	ncRNA regions: 0
	CRISPR arrays: 0
	CDSs: 1392
		hypotheticals: 79
		pseudogenes: 16
	sORFs: 0
	gaps: 0
	oriCs/oriVs: 1
	oriTs: 0

Export annotation results to: /home/mf019/longread_pangenome/expanded_dataset_analysis/assemblies/URI102H
	human readable TSV...
	GFF3...
	INSDC GenBank & EMBL...
	genome sequences...
	feature nucleotide sequences...
	translated CDS sequences...
	feature inferences...
	skip generation of circular genome plot...
	hypothetical TSV...
	translated hypothetical CDS sequences...
	machine readable JSON...
	Genome and annotation summary...

If you use these results please cite Bakta: https://doi.org/10.1099/mgen.0.000685
Annotation successfully finished in 3:29 [mm:ss].
