Bakta v1.10.0
Options and arguments:
	input: /home/mf019/longread_pangenome/assemblies/jel/URI46H/URI46H.fasta
	db: /db, version 5.1, full
	translation table: 11
	gram: -
	output: /home/mf019/longread_pangenome/expanded_dataset_analysis/assemblies/URI46H
	force: True
	tmp directory: /tmp/tmpe6xvbipg
	keep/sequence headers: True
	prefix: URI46H
	threads: 32
	skip plot: True

Parse genome sequences...
	imported: 95
	filtered & revised: 95
	contigs: 95

Start annotation...
predict tRNAs...
	found: 32
predict tmRNAs...
	found: 1
predict rRNAs...
	found: 5
predict ncRNAs...
	found: 2
predict ncRNA regions...
	found: 0
predict CRISPR arrays...
	found: 0
predict & annotate CDSs...
	predicted: 1366 
	discarded spurious: 0
	revised translational exceptions: 0
	detected IPSs: 1227
	found PSCs: 92
	found PSCCs: 31
	lookup annotations...
	conduct expert systems...
		amrfinder: 0
		protein sequences: 47
	combine annotations and mark hypotheticals...
	detect pseudogenes...
		candidates: 7
		verified: 4
	analyze hypothetical proteins: 64
		detected Pfam hits: 1 
		calculated proteins statistics
	revise special cases...
detect & annotate sORF...
	detected: 17741
	discarded due to overlaps: 14839
	discarded spurious: 0
	detected IPSs: 0
	found PSCs: 0
	lookup annotations...
	filter and combine annotations...
	filtered sORFs: 0
detect gaps...
	found: 0
detect oriCs/oriVs...
	found: 1
detect oriTs...
	found: 0
apply feature overlap filters...
select features and create locus tags...
	selected: 1404
improve annotations...
	revised gene symbols: 3

Genome statistics:
	Genome size: 1,437,550 bp
	Contigs/replicons: 95
	GC: 28.0 %
	N50: 906,762
	N ratio: 0.0 %
	coding density: 84.8 %

annotation summary:
	tRNAs: 32
	tmRNAs: 1
	rRNAs: 5
	ncRNAs: 2
	ncRNA regions: 0
	CRISPR arrays: 0
	CDSs: 1363
		hypotheticals: 62
		pseudogenes: 4
	sORFs: 0
	gaps: 0
	oriCs/oriVs: 1
	oriTs: 0

Export annotation results to: /home/mf019/longread_pangenome/expanded_dataset_analysis/assemblies/URI46H
	human readable TSV...
	GFF3...
	INSDC GenBank & EMBL...
	genome sequences...
	feature nucleotide sequences...
	translated CDS sequences...
	feature inferences...
	skip generation of circular genome plot...
	hypothetical TSV...
	translated hypothetical CDS sequences...
	machine readable JSON...
	Genome and annotation summary...

If you use these results please cite Bakta: https://doi.org/10.1099/mgen.0.000685
Annotation successfully finished in 3:52 [mm:ss].
