Bakta v1.10.0
Options and arguments:
	input: /home/mf019/longread_pangenome/assemblies/jel/URI44H/URI44H.fasta
	db: /db, version 5.1, full
	translation table: 11
	gram: -
	output: /home/mf019/longread_pangenome/expanded_dataset_analysis/assemblies/URI44H
	force: True
	tmp directory: /tmp/tmp7fiwcvej
	keep/sequence headers: True
	prefix: URI44H
	threads: 32
	skip plot: True

Parse genome sequences...
	imported: 75
	filtered & revised: 75
	contigs: 75

Start annotation...
predict tRNAs...
	found: 32
predict tmRNAs...
	found: 1
predict rRNAs...
	found: 5
predict ncRNAs...
	found: 2
predict ncRNA regions...
	found: 0
predict CRISPR arrays...
	found: 0
predict & annotate CDSs...
	predicted: 1344 
	discarded spurious: 0
	revised translational exceptions: 0
	detected IPSs: 1222
	found PSCs: 80
	found PSCCs: 26
	lookup annotations...
	conduct expert systems...
		amrfinder: 0
		protein sequences: 48
	combine annotations and mark hypotheticals...
	detect pseudogenes...
		candidates: 7
		verified: 3
	analyze hypothetical proteins: 62
		detected Pfam hits: 1 
		calculated proteins statistics
	revise special cases...
detect & annotate sORF...
	detected: 17557
	discarded due to overlaps: 14757
	discarded spurious: 0
	detected IPSs: 0
	found PSCs: 0
	lookup annotations...
	filter and combine annotations...
	filtered sORFs: 0
detect gaps...
	found: 0
detect oriCs/oriVs...
	found: 1
detect oriTs...
	found: 0
apply feature overlap filters...
select features and create locus tags...
	selected: 1382
improve annotations...
	revised gene symbols: 3

Genome statistics:
	Genome size: 1,417,636 bp
	Contigs/replicons: 75
	GC: 28.1 %
	N50: 921,082
	N ratio: 0.0 %
	coding density: 85.3 %

annotation summary:
	tRNAs: 32
	tmRNAs: 1
	rRNAs: 5
	ncRNAs: 2
	ncRNA regions: 0
	CRISPR arrays: 0
	CDSs: 1341
		hypotheticals: 60
		pseudogenes: 3
	sORFs: 0
	gaps: 0
	oriCs/oriVs: 1
	oriTs: 0

Export annotation results to: /home/mf019/longread_pangenome/expanded_dataset_analysis/assemblies/URI44H
	human readable TSV...
	GFF3...
	INSDC GenBank & EMBL...
	genome sequences...
	feature nucleotide sequences...
	translated CDS sequences...
	feature inferences...
	skip generation of circular genome plot...
	hypothetical TSV...
	translated hypothetical CDS sequences...
	machine readable JSON...
	Genome and annotation summary...

If you use these results please cite Bakta: https://doi.org/10.1099/mgen.0.000685
Annotation successfully finished in 3:34 [mm:ss].
