Bakta v1.10.0
Options and arguments:
	input: /home/mf019/longread_pangenome/assemblies/jel/URI87H/URI87H.fasta
	db: /db, version 5.1, full
	translation table: 11
	gram: -
	output: /home/mf019/longread_pangenome/expanded_dataset_analysis/assemblies/URI87H
	force: True
	tmp directory: /tmp/tmpaqdw441v
	keep/sequence headers: True
	prefix: URI87H
	threads: 32
	skip plot: True

Parse genome sequences...
	imported: 66
	filtered & revised: 66
	contigs: 66

Start annotation...
predict tRNAs...
	found: 32
predict tmRNAs...
	found: 1
predict rRNAs...
	found: 5
predict ncRNAs...
	found: 2
predict ncRNA regions...
	found: 0
predict CRISPR arrays...
	found: 0
predict & annotate CDSs...
	predicted: 1469 
	discarded spurious: 0
	revised translational exceptions: 0
	detected IPSs: 1319
	found PSCs: 97
	found PSCCs: 27
	lookup annotations...
	conduct expert systems...
		amrfinder: 0
		protein sequences: 53
	combine annotations and mark hypotheticals...
	detect pseudogenes...
		candidates: 19
		verified: 15
	analyze hypothetical proteins: 83
		detected Pfam hits: 2 
		calculated proteins statistics
	revise special cases...
detect & annotate sORF...
	detected: 18725
	discarded due to overlaps: 15782
	discarded spurious: 0
	detected IPSs: 0
	found PSCs: 0
	lookup annotations...
	filter and combine annotations...
	filtered sORFs: 0
detect gaps...
	found: 0
detect oriCs/oriVs...
	found: 1
detect oriTs...
	found: 0
apply feature overlap filters...
select features and create locus tags...
	selected: 1507
improve annotations...
	revised gene symbols: 5

Genome statistics:
	Genome size: 1,505,755 bp
	Contigs/replicons: 66
	GC: 28.3 %
	N50: 910,570
	N ratio: 0.0 %
	coding density: 85.5 %

annotation summary:
	tRNAs: 32
	tmRNAs: 1
	rRNAs: 5
	ncRNAs: 2
	ncRNA regions: 0
	CRISPR arrays: 0
	CDSs: 1466
		hypotheticals: 81
		pseudogenes: 15
	sORFs: 0
	gaps: 0
	oriCs/oriVs: 1
	oriTs: 0

Export annotation results to: /home/mf019/longread_pangenome/expanded_dataset_analysis/assemblies/URI87H
	human readable TSV...
	GFF3...
	INSDC GenBank & EMBL...
	genome sequences...
	feature nucleotide sequences...
	translated CDS sequences...
	feature inferences...
	skip generation of circular genome plot...
	hypothetical TSV...
	translated hypothetical CDS sequences...
	machine readable JSON...
	Genome and annotation summary...

If you use these results please cite Bakta: https://doi.org/10.1099/mgen.0.000685
Annotation successfully finished in 3:30 [mm:ss].
