Bakta v1.10.0
Options and arguments:
	input: /home/mf019/longread_pangenome/assemblies/jel/URI86H/URI86H.fasta
	db: /db, version 5.1, full
	translation table: 11
	gram: -
	output: /home/mf019/longread_pangenome/expanded_dataset_analysis/assemblies/URI86H
	force: True
	tmp directory: /tmp/tmp0lnd3by5
	keep/sequence headers: True
	prefix: URI86H
	threads: 32
	skip plot: True

Parse genome sequences...
	imported: 88
	filtered & revised: 88
	contigs: 88

Start annotation...
predict tRNAs...
	found: 32
predict tmRNAs...
	found: 1
predict rRNAs...
	found: 5
predict ncRNAs...
	found: 2
predict ncRNA regions...
	found: 0
predict CRISPR arrays...
	found: 0
predict & annotate CDSs...
	predicted: 1332 
	discarded spurious: 0
	revised translational exceptions: 0
	detected IPSs: 1208
	found PSCs: 80
	found PSCCs: 29
	lookup annotations...
	conduct expert systems...
		amrfinder: 0
		protein sequences: 47
	combine annotations and mark hypotheticals...
	detect pseudogenes...
		candidates: 8
		verified: 4
	analyze hypothetical proteins: 62
		detected Pfam hits: 3 
		calculated proteins statistics
	revise special cases...
detect & annotate sORF...
	detected: 17425
	discarded due to overlaps: 14618
	discarded spurious: 0
	detected IPSs: 0
	found PSCs: 0
	lookup annotations...
	filter and combine annotations...
	filtered sORFs: 0
detect gaps...
	found: 0
detect oriCs/oriVs...
	found: 1
detect oriTs...
	found: 0
apply feature overlap filters...
select features and create locus tags...
	selected: 1370
improve annotations...
	revised gene symbols: 3

Genome statistics:
	Genome size: 1,406,230 bp
	Contigs/replicons: 88
	GC: 28.1 %
	N50: 919,077
	N ratio: 0.0 %
	coding density: 85.3 %

annotation summary:
	tRNAs: 32
	tmRNAs: 1
	rRNAs: 5
	ncRNAs: 2
	ncRNA regions: 0
	CRISPR arrays: 0
	CDSs: 1329
		hypotheticals: 60
		pseudogenes: 4
	sORFs: 0
	gaps: 0
	oriCs/oriVs: 1
	oriTs: 0

Export annotation results to: /home/mf019/longread_pangenome/expanded_dataset_analysis/assemblies/URI86H
	human readable TSV...
	GFF3...
	INSDC GenBank & EMBL...
	genome sequences...
	feature nucleotide sequences...
	translated CDS sequences...
	feature inferences...
	skip generation of circular genome plot...
	hypothetical TSV...
	translated hypothetical CDS sequences...
	machine readable JSON...
	Genome and annotation summary...

If you use these results please cite Bakta: https://doi.org/10.1099/mgen.0.000685
Annotation successfully finished in 3:52 [mm:ss].
