Aligning contigs to reference...
	Aligning contigs to the reference
Filtering alignments...
Parsing coords...
Loading reference...
	Loaded [NC_001853.1]
	Loaded [NC_000949.1]
	Loaded [NC_001855.1]
	Loaded [NC_001318.1]
	Loaded [NC_001854.1]
	Loaded [NC_001904.1]
	Loaded [NC_000948.1]
	Loaded [NC_001857.2]
	Loaded [NC_001856.1]
	Loaded [NC_000951.1]
	Loaded [NC_000950.1]
	Loaded [NC_001850.1]
	Loaded [NC_000956.1]
	Loaded [NC_001903.1]
	Loaded [NC_001851.2]
	Loaded [NC_001852.1]
	Loaded [NC_000957.1]
	Loaded [NC_000954.1]
	Loaded [NC_000955.2]
	Loaded [NC_001849.2]
	Loaded [NC_000953.1]
	Loaded [NC_000952.1]
	Total Regions: 22
	Total Region Length: 1521208
Analyzing contigs...
CONTIG: CP124088.1 (910229bp)
Best alignment score: 907680.4 (LEN: 910229, IDY: 99.72), Total number of alignments: 1
		One align captures most of this contig: 402 910724 | 1 910229 | 910323 910229 | 99.72 | NC_001318.1 CP124088.1

CONTIG: CP124086.1 (16517bp)
Best alignment score: 6389.7 (LEN: 6398, IDY: 99.87), Total number of alignments: 8
			Looking for the best set of alignments (out of 8 total alignments)
			Skipping redundant alignments after choosing the best set of alignments
		Skipping redundant alignment 1 1135 | 32 1166 | 1135 1135 | 99.12 | NC_000955.2 CP124086.1
		Skipping redundant alignment 50969 51927 | 2585 1627 | 959 959 | 99.79 | NC_000956.1 CP124086.1
		Skipping redundant alignment 4258 4515 | 4360 4103 | 258 258 | 99.61 | NC_001849.2 CP124086.1
			The best set is below. Score: 15524.3, number of alignments: 5, unaligned bases: 498
		This contig is misassembled.
			Real Alignment 1: 1 1415 | 42 1506 | 1415 1465 | 95.36 | NC_001854.1 CP124086.1
			  Extensive misassembly (translocation) between these two alignments
			Excluding internal overlap of size 31 between Alignment 2 and 3: 1011 1968 | 1627 2585 | 958 959 --> 1011 1937 | 1627 2554 | 927 928
			Real Alignment 2: 1011 1937 | 1627 2554 | 927 928 | 99.58 | NC_001849.2 CP124086.1
			  Gap between these two alignments (local misassembly). Inconsistency = 775
			Real Alignment 3: 2713 4257 | 2555 4102 | 1545 1548 | 99.74 | NC_001849.2 CP124086.1
			  Gap between these two alignments (local misassembly). Inconsistency = 0
			Real Alignment 4: 4516 10186 | 4361 10040 | 5671 5680 | 98.31 | NC_001849.2 CP124086.1
			  Gap between these two alignments (local misassembly). Inconsistency = 241
			Real Alignment 5: 10428 16821 | 10041 16438 | 6394 6398 | 99.87 | NC_001849.2 CP124086.1

CONTIG: CP124085.1 (26525bp)
Best alignment score: 26291.6 (LEN: 26525, IDY: 99.12), Total number of alignments: 1
		One align captures most of this contig: 1 26498 | 1 26525 | 26498 26525 | 99.12 | NC_001903.1 CP124085.1

CONTIG: CP124087.1 (53232bp)
Best alignment score: 52702.2 (LEN: 53213, IDY: 99.04), Total number of alignments: 1
		One align captures most of this contig: 300 53657 | 1 53213 | 53358 53213 | 99.04 | NC_001857.2 CP124087.1

Analyzing coverage...
Writing SNPs into /home/mf019/longread_pangenome/expanded_dataset_analysis/reports/quast/GCA_030445065.1_ASM3044506v1_genomic/contigs_reports/minimap_output/GCA_030445065-1_ASM3044506v1_genomic.used_snps

Analysis is finished!
Founded SNPs were written into /home/mf019/longread_pangenome/expanded_dataset_analysis/reports/quast/GCA_030445065.1_ASM3044506v1_genomic/contigs_reports/minimap_output/GCA_030445065-1_ASM3044506v1_genomic.used_snps

Results:
	Local Misassemblies: 3
	Misassemblies: 1
		Relocations: 0
		Translocations: 1
		Inversions: 0
	Scaffold gap extensive misassemblies: 0
	Scaffold gap local misassemblies: 0
	Misassembled Contigs: 1
	Misassembled Contig Bases: 16517
	Misassemblies Inter-Contig Overlap ("Extra" Aligned Bases): 0
Unaligned Contigs: 0 + 0 part
Half Unaligned Contigs with Misassemblies: 0
Unaligned Bases in Fully and Partially Unaligned Contigs: 0

Ambiguously Mapped Contigs: 0
Total Bases in Ambiguously Mapped Contigs: 0
"Extra" Aligned Bases in Ambiguously Mapped Contigs: 0
Note that --allow-ambiguity option was set to "one" and only first alignment per each of these contigs was used (there is no "extra" aligned bases).

	Covered Bases in Reference: 1006088
	Raw Aligned Bases in Assembly: 1005955
	Total Aligned Bases in Assembly (with "Extras"): 1005955

	SNPs: 2879
	Insertions: 243
	Deletions: 388

