Bakta v1.9.3
Options and arguments:
	input: /home/mf019/longread_GWAS/longread_analysis/paired_assemblies/paired_only/shortread/contigs/ESI26.fasta
	db: /home/mf019/db/bakta, version 5.1, full
	output: /home/mf019/longread_GWAS/longread_analysis/paired_assemblies/paired_only/shortread/annotation/ESI26
	force: True
	tmp directory: /tmp/tmpvw7ffg6m
	prefix: ESI26
	threads: 60
	translation table: 11
	gram: -
	keep contig headers: True

parse genome sequences...
	imported: 162
	filtered & revised: 162
	contigs: 162

start annotation...
predict tRNAs...
	found: 32
predict tmRNAs...
	found: 1
predict rRNAs...
	found: 4
predict ncRNAs...
	found: 2
predict ncRNA regions...
	found: 0
predict CRISPR arrays...
	found: 0
predict & annotate CDSs...
	predicted: 1255 
	discarded spurious: 0
	revised translational exceptions: 0
	detected IPSs: 1007
	found PSCs: 180
	found PSCCs: 47
	lookup annotations...
	conduct expert systems...
		amrfinder: 0
		protein sequences: 40
	signal peptides: 156
	combine annotations and mark hypotheticals...
	detect pseudogenes...
		pseudogene candidates: 18
		found pseudogenes: 9
analyze hypothetical proteins: 86
	detected Pfam hits: 5 
	calculated proteins statistics
	revise special cases...
extract sORF...
	potential: 16321
	discarded due to overlaps: 13662
	discarded spurious: 0
	detected IPSs: 0
	found PSCs: 1
	lookup annotations...
	filter and combine annotations...
	filtered sORFs: 0
detect gaps...
	found: 0
detect oriCs/oriVs...
	found: 1
detect oriTs...
	found: 0
apply feature overlap filters...
select features and create locus tags...
selected: 1293
improve annotations...
	revised gene symbols: 4

genome statistics:
	Genome size: 1,326,575 bp
	Contigs/replicons: 162
	GC: 28.3 %
	N50: 221,524
	N ratio: 0.0 %
	coding density: 84.5 %

annotation summary:
	tRNAs: 32
	tmRNAs: 1
	rRNAs: 4
	ncRNAs: 2
	ncRNA regions: 0
	CRISPR arrays: 0
	CDSs: 1253
		hypotheticals: 85
		pseudogenes: 9
		signal peptides: 154
	sORFs: 0
	gaps: 0
	oriCs/oriVs: 1
	oriTs: 0

export annotation results to: /home/mf019/longread_GWAS/longread_analysis/paired_assemblies/paired_only/shortread/annotation/ESI26
	human readable TSV...
	GFF3...
	INSDC GenBank & EMBL...
	genome sequences...
	feature nucleotide sequences...
	translated CDS sequences...
	circular genome plot...
	hypothetical TSV...
	translated hypothetical CDS sequences...
	machine readable JSON...
	genome and annotation summary...

If you use these results please cite Bakta: https://doi.org/10.1099/mgen.0.000685
Annotation successfully finished in 4:37 [mm:ss].
