Bakta v1.9.3
Options and arguments:
	input: /home/mf019/longread_GWAS/longread_analysis/paired_assemblies/paired_only/shortread/contigs/UCT109.fasta
	db: /home/mf019/db/bakta, version 5.1, full
	output: /home/mf019/longread_GWAS/longread_analysis/paired_assemblies/paired_only/shortread/annotation/UCT109
	force: True
	tmp directory: /tmp/tmphgck2no4
	prefix: UCT109
	threads: 60
	translation table: 11
	gram: -
	keep contig headers: True

parse genome sequences...
	imported: 293
	filtered & revised: 293
	contigs: 293

start annotation...
predict tRNAs...
	found: 32
predict tmRNAs...
	found: 1
predict rRNAs...
	found: 4
predict ncRNAs...
	found: 2
predict ncRNA regions...
	found: 0
predict CRISPR arrays...
	found: 0
predict & annotate CDSs...
	predicted: 1301 
	discarded spurious: 1
	revised translational exceptions: 0
	detected IPSs: 1133
	found PSCs: 86
	found PSCCs: 33
	lookup annotations...
	conduct expert systems...
		amrfinder: 0
		protein sequences: 47
	signal peptides: 176
	combine annotations and mark hypotheticals...
	detect pseudogenes...
		pseudogene candidates: 20
		found pseudogenes: 11
analyze hypothetical proteins: 109
	detected Pfam hits: 4 
	calculated proteins statistics
	revise special cases...
extract sORF...
	potential: 17610
	discarded due to overlaps: 13946
	discarded spurious: 0
	detected IPSs: 0
	found PSCs: 0
	lookup annotations...
	filter and combine annotations...
	filtered sORFs: 0
detect gaps...
	found: 0
detect oriCs/oriVs...
	found: 1
detect oriTs...
	found: 0
apply feature overlap filters...
select features and create locus tags...
selected: 1338
improve annotations...
	revised gene symbols: 5

genome statistics:
	Genome size: 1,436,140 bp
	Contigs/replicons: 293
	GC: 27.9 %
	N50: 213,476
	N ratio: 0.0 %
	coding density: 79.6 %

annotation summary:
	tRNAs: 32
	tmRNAs: 1
	rRNAs: 4
	ncRNAs: 2
	ncRNA regions: 0
	CRISPR arrays: 0
	CDSs: 1298
		hypotheticals: 108
		pseudogenes: 11
		signal peptides: 168
	sORFs: 0
	gaps: 0
	oriCs/oriVs: 1
	oriTs: 0

export annotation results to: /home/mf019/longread_GWAS/longread_analysis/paired_assemblies/paired_only/shortread/annotation/UCT109
	human readable TSV...
	GFF3...
	INSDC GenBank & EMBL...
	genome sequences...
	feature nucleotide sequences...
	translated CDS sequences...
	circular genome plot...
	hypothetical TSV...
	translated hypothetical CDS sequences...
	machine readable JSON...
	genome and annotation summary...

If you use these results please cite Bakta: https://doi.org/10.1099/mgen.0.000685
Annotation successfully finished in 5:10 [mm:ss].
