Bakta v1.9.3
Options and arguments:
	input: /home/mf019/longread_GWAS/longread_analysis/paired_assemblies/paired_only/shortread/contigs/UCT31.fasta
	db: /home/mf019/db/bakta, version 5.1, full
	output: /home/mf019/longread_GWAS/longread_analysis/paired_assemblies/paired_only/shortread/annotation/UCT31
	force: True
	tmp directory: /tmp/tmpkv4vj4tr
	prefix: UCT31
	threads: 60
	translation table: 11
	gram: -
	keep contig headers: True

parse genome sequences...
	imported: 252
	filtered & revised: 252
	contigs: 252

start annotation...
predict tRNAs...
	found: 32
predict tmRNAs...
	found: 1
predict rRNAs...
	found: 4
predict ncRNAs...
	found: 2
predict ncRNA regions...
	found: 0
predict CRISPR arrays...
	found: 0
predict & annotate CDSs...
	predicted: 1277 
	discarded spurious: 0
	revised translational exceptions: 0
	detected IPSs: 1113
	found PSCs: 84
	found PSCCs: 31
	lookup annotations...
	conduct expert systems...
		amrfinder: 0
		protein sequences: 45
	signal peptides: 166
	combine annotations and mark hypotheticals...
	detect pseudogenes...
		pseudogene candidates: 23
		found pseudogenes: 13
analyze hypothetical proteins: 102
	detected Pfam hits: 3 
	calculated proteins statistics
	revise special cases...
extract sORF...
	potential: 17006
	discarded due to overlaps: 13805
	discarded spurious: 0
	detected IPSs: 0
	found PSCs: 0
	lookup annotations...
	filter and combine annotations...
	filtered sORFs: 0
detect gaps...
	found: 0
detect oriCs/oriVs...
	found: 1
detect oriTs...
	found: 0
apply feature overlap filters...
select features and create locus tags...
selected: 1315
improve annotations...
	revised gene symbols: 3

genome statistics:
	Genome size: 1,389,072 bp
	Contigs/replicons: 252
	GC: 28.0 %
	N50: 213,261
	N ratio: 0.0 %
	coding density: 81.3 %

annotation summary:
	tRNAs: 32
	tmRNAs: 1
	rRNAs: 4
	ncRNAs: 2
	ncRNA regions: 0
	CRISPR arrays: 0
	CDSs: 1275
		hypotheticals: 101
		pseudogenes: 13
		signal peptides: 161
	sORFs: 0
	gaps: 0
	oriCs/oriVs: 1
	oriTs: 0

export annotation results to: /home/mf019/longread_GWAS/longread_analysis/paired_assemblies/paired_only/shortread/annotation/UCT31
	human readable TSV...
	GFF3...
	INSDC GenBank & EMBL...
	genome sequences...
	feature nucleotide sequences...
	translated CDS sequences...
	circular genome plot...
	hypothetical TSV...
	translated hypothetical CDS sequences...
	machine readable JSON...
	genome and annotation summary...

If you use these results please cite Bakta: https://doi.org/10.1099/mgen.0.000685
Annotation successfully finished in 4:50 [mm:ss].
