Bakta v1.9.3
Options and arguments:
	input: /home/mf019/longread_GWAS/longread_analysis/paired_assemblies/paired_only/shortread/contigs/UCT30.fasta
	db: /home/mf019/db/bakta, version 5.1, full
	output: /home/mf019/longread_GWAS/longread_analysis/paired_assemblies/paired_only/shortread/annotation/UCT30
	force: True
	tmp directory: /tmp/tmp85q6g9by
	prefix: UCT30
	threads: 60
	translation table: 11
	gram: -
	keep contig headers: True

parse genome sequences...
	imported: 252
	filtered & revised: 252
	contigs: 252

start annotation...
predict tRNAs...
	found: 32
predict tmRNAs...
	found: 1
predict rRNAs...
	found: 4
predict ncRNAs...
	found: 2
predict ncRNA regions...
	found: 0
predict CRISPR arrays...
	found: 0
predict & annotate CDSs...
	predicted: 1263 
	discarded spurious: 0
	revised translational exceptions: 0
	detected IPSs: 1119
	found PSCs: 85
	found PSCCs: 32
	lookup annotations...
	conduct expert systems...
		amrfinder: 0
		protein sequences: 42
	signal peptides: 174
	combine annotations and mark hypotheticals...
	detect pseudogenes...
		pseudogene candidates: 18
		found pseudogenes: 4
analyze hypothetical proteins: 87
	detected Pfam hits: 3 
	calculated proteins statistics
	revise special cases...
extract sORF...
	potential: 16992
	discarded due to overlaps: 13791
	discarded spurious: 0
	detected IPSs: 1
	found PSCs: 0
	lookup annotations...
	filter and combine annotations...
	filtered sORFs: 0
detect gaps...
	found: 0
detect oriCs/oriVs...
	found: 1
detect oriTs...
	found: 0
apply feature overlap filters...
select features and create locus tags...
selected: 1301
improve annotations...
	revised gene symbols: 3

genome statistics:
	Genome size: 1,381,406 bp
	Contigs/replicons: 252
	GC: 28.0 %
	N50: 435,132
	N ratio: 0.0 %
	coding density: 81.9 %

annotation summary:
	tRNAs: 32
	tmRNAs: 1
	rRNAs: 4
	ncRNAs: 2
	ncRNA regions: 0
	CRISPR arrays: 0
	CDSs: 1261
		hypotheticals: 86
		pseudogenes: 4
		signal peptides: 173
	sORFs: 0
	gaps: 0
	oriCs/oriVs: 1
	oriTs: 0

export annotation results to: /home/mf019/longread_GWAS/longread_analysis/paired_assemblies/paired_only/shortread/annotation/UCT30
	human readable TSV...
	GFF3...
	INSDC GenBank & EMBL...
	genome sequences...
	feature nucleotide sequences...
	translated CDS sequences...
	circular genome plot...
	hypothetical TSV...
	translated hypothetical CDS sequences...
	machine readable JSON...
	genome and annotation summary...

If you use these results please cite Bakta: https://doi.org/10.1099/mgen.0.000685
Annotation successfully finished in 4:56 [mm:ss].
