Bakta v1.9.3
Options and arguments:
	input: /home/mf019/longread_GWAS/longread_analysis/paired_assemblies/paired_only/shortread/contigs/UCT50.fasta
	db: /home/mf019/db/bakta, version 5.1, full
	output: /home/mf019/longread_GWAS/longread_analysis/paired_assemblies/paired_only/shortread/annotation/UCT50
	force: True
	tmp directory: /tmp/tmp7rwce4og
	prefix: UCT50
	threads: 60
	translation table: 11
	gram: -
	keep contig headers: True

parse genome sequences...
	imported: 219
	filtered & revised: 219
	contigs: 219

start annotation...
predict tRNAs...
	found: 32
predict tmRNAs...
	found: 1
predict rRNAs...
	found: 2
predict ncRNAs...
	found: 2
predict ncRNA regions...
	found: 0
predict CRISPR arrays...
	found: 0
predict & annotate CDSs...
	predicted: 1271 
	discarded spurious: 0
	revised translational exceptions: 0
	detected IPSs: 1112
	found PSCs: 103
	found PSCCs: 26
	lookup annotations...
	conduct expert systems...
		amrfinder: 0
		protein sequences: 43
	signal peptides: 151
	combine annotations and mark hypotheticals...
	detect pseudogenes...
		pseudogene candidates: 16
		found pseudogenes: 8
analyze hypothetical proteins: 90
	detected Pfam hits: 6 
	calculated proteins statistics
	revise special cases...
extract sORF...
	potential: 16962
	discarded due to overlaps: 13974
	discarded spurious: 0
	detected IPSs: 0
	found PSCs: 0
	lookup annotations...
	filter and combine annotations...
	filtered sORFs: 0
detect gaps...
	found: 0
detect oriCs/oriVs...
	found: 1
detect oriTs...
	found: 0
apply feature overlap filters...
select features and create locus tags...
selected: 1308
improve annotations...
	revised gene symbols: 4

genome statistics:
	Genome size: 1,370,433 bp
	Contigs/replicons: 219
	GC: 28.2 %
	N50: 435,044
	N ratio: 0.0 %
	coding density: 83.2 %

annotation summary:
	tRNAs: 32
	tmRNAs: 1
	rRNAs: 2
	ncRNAs: 2
	ncRNA regions: 0
	CRISPR arrays: 0
	CDSs: 1270
		hypotheticals: 90
		pseudogenes: 8
		signal peptides: 141
	sORFs: 0
	gaps: 0
	oriCs/oriVs: 1
	oriTs: 0

export annotation results to: /home/mf019/longread_GWAS/longread_analysis/paired_assemblies/paired_only/shortread/annotation/UCT50
	human readable TSV...
	GFF3...
	INSDC GenBank & EMBL...
	genome sequences...
	feature nucleotide sequences...
	translated CDS sequences...
	circular genome plot...
	hypothetical TSV...
	translated hypothetical CDS sequences...
	machine readable JSON...
	genome and annotation summary...

If you use these results please cite Bakta: https://doi.org/10.1099/mgen.0.000685
Annotation successfully finished in 4:34 [mm:ss].
