Bakta v1.9.3
Options and arguments:
	input: /home/mf019/longread_GWAS/longread_analysis/paired_assemblies/paired_only/shortread/contigs/UNY149.fasta
	db: /home/mf019/db/bakta, version 5.1, full
	output: /home/mf019/longread_GWAS/longread_analysis/paired_assemblies/paired_only/shortread/annotation/UNY149
	force: True
	tmp directory: /tmp/tmpwgy86dcd
	prefix: UNY149
	threads: 60
	translation table: 11
	gram: -
	keep contig headers: True

parse genome sequences...
	imported: 187
	filtered & revised: 187
	contigs: 187

start annotation...
predict tRNAs...
	found: 32
predict tmRNAs...
	found: 1
predict rRNAs...
	found: 5
predict ncRNAs...
	found: 2
predict ncRNA regions...
	found: 0
predict CRISPR arrays...
	found: 0
predict & annotate CDSs...
	predicted: 1273 
	discarded spurious: 0
	revised translational exceptions: 0
	detected IPSs: 1133
	found PSCs: 93
	found PSCCs: 33
	lookup annotations...
	conduct expert systems...
		amrfinder: 0
		protein sequences: 43
	signal peptides: 175
	combine annotations and mark hypotheticals...
	detect pseudogenes...
		pseudogene candidates: 15
		found pseudogenes: 4
analyze hypothetical proteins: 73
	detected Pfam hits: 1 
	calculated proteins statistics
	revise special cases...
extract sORF...
	potential: 17032
	discarded due to overlaps: 14025
	discarded spurious: 0
	detected IPSs: 0
	found PSCs: 0
	lookup annotations...
	filter and combine annotations...
	filtered sORFs: 0
detect gaps...
	found: 1
detect oriCs/oriVs...
	found: 1
detect oriTs...
	found: 0
apply feature overlap filters...
select features and create locus tags...
selected: 1312
improve annotations...
	revised gene symbols: 5

genome statistics:
	Genome size: 1,382,065 bp
	Contigs/replicons: 187
	GC: 28.1 %
	N50: 903,204
	N ratio: 0.0 %
	coding density: 82.9 %

annotation summary:
	tRNAs: 32
	tmRNAs: 1
	rRNAs: 5
	ncRNAs: 2
	ncRNA regions: 0
	CRISPR arrays: 0
	CDSs: 1270
		hypotheticals: 71
		pseudogenes: 4
		signal peptides: 175
	sORFs: 0
	gaps: 1
	oriCs/oriVs: 1
	oriTs: 0

export annotation results to: /home/mf019/longread_GWAS/longread_analysis/paired_assemblies/paired_only/shortread/annotation/UNY149
	human readable TSV...
	GFF3...
	INSDC GenBank & EMBL...
	genome sequences...
	feature nucleotide sequences...
	translated CDS sequences...
	circular genome plot...
	hypothetical TSV...
	translated hypothetical CDS sequences...
	machine readable JSON...
	genome and annotation summary...

If you use these results please cite Bakta: https://doi.org/10.1099/mgen.0.000685
Annotation successfully finished in 4:29 [mm:ss].
