Bakta v1.9.3
Options and arguments:
	input: /home/mf019/longread_GWAS/longread_analysis/paired_assemblies/paired_only/shortread/contigs/UNY172.fasta
	db: /home/mf019/db/bakta, version 5.1, full
	output: /home/mf019/longread_GWAS/longread_analysis/paired_assemblies/paired_only/shortread/annotation/UNY172
	force: True
	tmp directory: /tmp/tmpjc6kpsx0
	prefix: UNY172
	threads: 60
	translation table: 11
	gram: -
	keep contig headers: True

parse genome sequences...
	imported: 124
	filtered & revised: 124
	contigs: 124

start annotation...
predict tRNAs...
	found: 32
predict tmRNAs...
	found: 1
predict rRNAs...
	found: 5
predict ncRNAs...
	found: 2
predict ncRNA regions...
	found: 0
predict CRISPR arrays...
	found: 0
predict & annotate CDSs...
	predicted: 1212 
	discarded spurious: 0
	revised translational exceptions: 0
	detected IPSs: 1088
	found PSCs: 80
	found PSCCs: 25
	lookup annotations...
	conduct expert systems...
		amrfinder: 0
		protein sequences: 42
	signal peptides: 153
	combine annotations and mark hypotheticals...
	detect pseudogenes...
		pseudogene candidates: 10
		found pseudogenes: 5
analyze hypothetical proteins: 66
	detected Pfam hits: 5 
	calculated proteins statistics
	revise special cases...
extract sORF...
	potential: 16483
	discarded due to overlaps: 13662
	discarded spurious: 0
	detected IPSs: 0
	found PSCs: 0
	lookup annotations...
	filter and combine annotations...
	filtered sORFs: 0
detect gaps...
	found: 0
detect oriCs/oriVs...
	found: 1
detect oriTs...
	found: 0
apply feature overlap filters...
select features and create locus tags...
selected: 1252
improve annotations...
	revised gene symbols: 5

genome statistics:
	Genome size: 1,320,367 bp
	Contigs/replicons: 124
	GC: 28.3 %
	N50: 132,470
	N ratio: 0.0 %
	coding density: 84.3 %

annotation summary:
	tRNAs: 32
	tmRNAs: 1
	rRNAs: 5
	ncRNAs: 2
	ncRNA regions: 0
	CRISPR arrays: 0
	CDSs: 1211
		hypotheticals: 66
		pseudogenes: 5
		signal peptides: 153
	sORFs: 0
	gaps: 0
	oriCs/oriVs: 1
	oriTs: 0

export annotation results to: /home/mf019/longread_GWAS/longread_analysis/paired_assemblies/paired_only/shortread/annotation/UNY172
	human readable TSV...
	GFF3...
	INSDC GenBank & EMBL...
	genome sequences...
	feature nucleotide sequences...
	translated CDS sequences...
	circular genome plot...
	hypothetical TSV...
	translated hypothetical CDS sequences...
	machine readable JSON...
	genome and annotation summary...

If you use these results please cite Bakta: https://doi.org/10.1099/mgen.0.000685
Annotation successfully finished in 4:09 [mm:ss].
