Bakta v1.9.3
Options and arguments:
	input: /home/mf019/longread_GWAS/longread_analysis/paired_assemblies/paired_only/shortread/contigs/UNY193.fasta
	db: /home/mf019/db/bakta, version 5.1, full
	output: /home/mf019/longread_GWAS/longread_analysis/paired_assemblies/paired_only/shortread/annotation/UNY193
	force: True
	tmp directory: /tmp/tmp845mw3jy
	prefix: UNY193
	threads: 60
	translation table: 11
	gram: -
	keep contig headers: True

parse genome sequences...
	imported: 588
	filtered & revised: 588
	contigs: 588

start annotation...
predict tRNAs...
	found: 33
predict tmRNAs...
	found: 1
predict rRNAs...
	found: 3
predict ncRNAs...
	found: 2
predict ncRNA regions...
	found: 0
predict CRISPR arrays...
	found: 0
predict & annotate CDSs...
	predicted: 1455 
	discarded spurious: 2
	revised translational exceptions: 0
	detected IPSs: 944
	found PSCs: 336
	found PSCCs: 85
	lookup annotations...
	conduct expert systems...
		amrfinder: 0
		protein sequences: 46
	signal peptides: 185
	combine annotations and mark hypotheticals...
	detect pseudogenes...
		pseudogene candidates: 52
		found pseudogenes: 14
analyze hypothetical proteins: 173
	detected Pfam hits: 12 
	calculated proteins statistics
	revise special cases...
extract sORF...
	potential: 19823
	discarded due to overlaps: 14321
	discarded spurious: 4
	detected IPSs: 0
	found PSCs: 0
	lookup annotations...
	filter and combine annotations...
	filtered sORFs: 0
detect gaps...
	found: 0
detect oriCs/oriVs...
	found: 1
detect oriTs...
	found: 0
apply feature overlap filters...
select features and create locus tags...
selected: 1491
improve annotations...
	revised gene symbols: 7

genome statistics:
	Genome size: 1,603,882 bp
	Contigs/replicons: 588
	GC: 28.3 %
	N50: 8,859
	N ratio: 0.0 %
	coding density: 72.9 %

annotation summary:
	tRNAs: 33
	tmRNAs: 1
	rRNAs: 3
	ncRNAs: 2
	ncRNA regions: 0
	CRISPR arrays: 0
	CDSs: 1451
		hypotheticals: 172
		pseudogenes: 14
		signal peptides: 184
	sORFs: 0
	gaps: 0
	oriCs/oriVs: 1
	oriTs: 0

export annotation results to: /home/mf019/longread_GWAS/longread_analysis/paired_assemblies/paired_only/shortread/annotation/UNY193
	human readable TSV...
	GFF3...
	INSDC GenBank & EMBL...
	genome sequences...
	feature nucleotide sequences...
	translated CDS sequences...
	circular genome plot...
	hypothetical TSV...
	translated hypothetical CDS sequences...
	machine readable JSON...
	genome and annotation summary...

If you use these results please cite Bakta: https://doi.org/10.1099/mgen.0.000685
Annotation successfully finished in 7:28 [mm:ss].
