Bakta v1.9.3
Options and arguments:
	input: /home/mf019/longread_GWAS/longread_analysis/paired_assemblies/paired_only/shortread/contigs/URI120.fasta
	db: /home/mf019/db/bakta, version 5.1, full
	output: /home/mf019/longread_GWAS/longread_analysis/paired_assemblies/paired_only/shortread/annotation/URI120
	force: True
	tmp directory: /tmp/tmplyhh64ze
	prefix: URI120
	threads: 60
	translation table: 11
	gram: -
	keep contig headers: True

parse genome sequences...
	imported: 471
	filtered & revised: 471
	contigs: 471

start annotation...
predict tRNAs...
	found: 32
predict tmRNAs...
	found: 1
predict rRNAs...
	found: 3
predict ncRNAs...
	found: 2
predict ncRNA regions...
	found: 0
predict CRISPR arrays...
	found: 0
predict & annotate CDSs...
	predicted: 1214 
	discarded spurious: 0
	revised translational exceptions: 0
	detected IPSs: 1058
	found PSCs: 65
	found PSCCs: 36
	lookup annotations...
	conduct expert systems...
		amrfinder: 0
		protein sequences: 41
	signal peptides: 148
	combine annotations and mark hypotheticals...
	detect pseudogenes...
		pseudogene candidates: 32
		found pseudogenes: 9
analyze hypothetical proteins: 106
	detected Pfam hits: 7 
	calculated proteins statistics
	revise special cases...
extract sORF...
	potential: 16996
	discarded due to overlaps: 13278
	discarded spurious: 0
	detected IPSs: 0
	found PSCs: 0
	lookup annotations...
	filter and combine annotations...
	filtered sORFs: 0
detect gaps...
	found: 0
detect oriCs/oriVs...
	found: 1
detect oriTs...
	found: 0
apply feature overlap filters...
select features and create locus tags...
selected: 1251
improve annotations...
	revised gene symbols: 9

genome statistics:
	Genome size: 1,391,422 bp
	Contigs/replicons: 471
	GC: 27.9 %
	N50: 213,224
	N ratio: 0.0 %
	coding density: 77.8 %

annotation summary:
	tRNAs: 32
	tmRNAs: 1
	rRNAs: 3
	ncRNAs: 2
	ncRNA regions: 0
	CRISPR arrays: 0
	CDSs: 1212
		hypotheticals: 105
		pseudogenes: 9
		signal peptides: 148
	sORFs: 0
	gaps: 0
	oriCs/oriVs: 1
	oriTs: 0

export annotation results to: /home/mf019/longread_GWAS/longread_analysis/paired_assemblies/paired_only/shortread/annotation/URI120
	human readable TSV...
	GFF3...
	INSDC GenBank & EMBL...
	genome sequences...
	feature nucleotide sequences...
	translated CDS sequences...
	circular genome plot...
	hypothetical TSV...
	translated hypothetical CDS sequences...
	machine readable JSON...
	genome and annotation summary...

If you use these results please cite Bakta: https://doi.org/10.1099/mgen.0.000685
Annotation successfully finished in 6:25 [mm:ss].
