Bakta v1.9.3
Options and arguments:
	input: /home/mf019/longread_GWAS/longread_analysis/paired_assemblies/paired_only/shortread/contigs/URI117.fasta
	db: /home/mf019/db/bakta, version 5.1, full
	output: /home/mf019/longread_GWAS/longread_analysis/paired_assemblies/paired_only/shortread/annotation/URI117
	force: True
	tmp directory: /tmp/tmphpnn_1ox
	prefix: URI117
	threads: 60
	translation table: 11
	gram: -
	keep contig headers: True

parse genome sequences...
	imported: 383
	filtered & revised: 383
	contigs: 383

start annotation...
predict tRNAs...
	found: 32
predict tmRNAs...
	found: 1
predict rRNAs...
	found: 3
predict ncRNAs...
	found: 2
predict ncRNA regions...
	found: 0
predict CRISPR arrays...
	found: 0
predict & annotate CDSs...
	predicted: 1187 
	discarded spurious: 0
	revised translational exceptions: 0
	detected IPSs: 1048
	found PSCs: 70
	found PSCCs: 41
	lookup annotations...
	conduct expert systems...
		amrfinder: 0
		protein sequences: 40
	signal peptides: 156
	combine annotations and mark hypotheticals...
	detect pseudogenes...
		pseudogene candidates: 29
		found pseudogenes: 3
analyze hypothetical proteins: 88
	detected Pfam hits: 2 
	calculated proteins statistics
	revise special cases...
extract sORF...
	potential: 16492
	discarded due to overlaps: 13169
	discarded spurious: 0
	detected IPSs: 0
	found PSCs: 0
	lookup annotations...
	filter and combine annotations...
	filtered sORFs: 0
detect gaps...
	found: 0
detect oriCs/oriVs...
	found: 1
detect oriTs...
	found: 0
apply feature overlap filters...
select features and create locus tags...
selected: 1224
improve annotations...
	revised gene symbols: 5

genome statistics:
	Genome size: 1,345,742 bp
	Contigs/replicons: 383
	GC: 27.9 %
	N50: 221,087
	N ratio: 0.0 %
	coding density: 80.3 %

annotation summary:
	tRNAs: 32
	tmRNAs: 1
	rRNAs: 3
	ncRNAs: 2
	ncRNA regions: 0
	CRISPR arrays: 0
	CDSs: 1185
		hypotheticals: 87
		pseudogenes: 3
		signal peptides: 156
	sORFs: 0
	gaps: 0
	oriCs/oriVs: 1
	oriTs: 0

export annotation results to: /home/mf019/longread_GWAS/longread_analysis/paired_assemblies/paired_only/shortread/annotation/URI117
	human readable TSV...
	GFF3...
	INSDC GenBank & EMBL...
	genome sequences...
	feature nucleotide sequences...
	translated CDS sequences...
	circular genome plot...
	hypothetical TSV...
	translated hypothetical CDS sequences...
	machine readable JSON...
	genome and annotation summary...

If you use these results please cite Bakta: https://doi.org/10.1099/mgen.0.000685
Annotation successfully finished in 5:44 [mm:ss].
