Bakta v1.9.3
Options and arguments:
	input: /home/mf019/longread_GWAS/longread_analysis/paired_assemblies/paired_only/shortread/contigs/URI103.fasta
	db: /home/mf019/db/bakta, version 5.1, full
	output: /home/mf019/longread_GWAS/longread_analysis/paired_assemblies/paired_only/shortread/annotation/URI103
	force: True
	tmp directory: /tmp/tmp9vw0o1o3
	prefix: URI103
	threads: 60
	translation table: 11
	gram: -
	keep contig headers: True

parse genome sequences...
	imported: 299
	filtered & revised: 299
	contigs: 299

start annotation...
predict tRNAs...
	found: 33
predict tmRNAs...
	found: 1
predict rRNAs...
	found: 4
predict ncRNAs...
	found: 2
predict ncRNA regions...
	found: 0
predict CRISPR arrays...
	found: 1
predict & annotate CDSs...
	predicted: 1249 
	discarded spurious: 0
	revised translational exceptions: 0
	detected IPSs: 1113
	found PSCs: 75
	found PSCCs: 38
	lookup annotations...
	conduct expert systems...
		amrfinder: 0
		protein sequences: 40
	signal peptides: 173
	combine annotations and mark hypotheticals...
	detect pseudogenes...
		pseudogene candidates: 14
		found pseudogenes: 3
analyze hypothetical proteins: 85
	detected Pfam hits: 2 
	calculated proteins statistics
	revise special cases...
extract sORF...
	potential: 17042
	discarded due to overlaps: 13747
	discarded spurious: 0
	detected IPSs: 0
	found PSCs: 0
	lookup annotations...
	filter and combine annotations...
	filtered sORFs: 0
detect gaps...
	found: 0
detect oriCs/oriVs...
	found: 1
detect oriTs...
	found: 0
apply feature overlap filters...
select features and create locus tags...
selected: 1289
improve annotations...
	revised gene symbols: 3

genome statistics:
	Genome size: 1,383,014 bp
	Contigs/replicons: 299
	GC: 28.1 %
	N50: 213,127
	N ratio: 0.0 %
	coding density: 81.5 %

annotation summary:
	tRNAs: 33
	tmRNAs: 1
	rRNAs: 4
	ncRNAs: 2
	ncRNA regions: 0
	CRISPR arrays: 1
	CDSs: 1247
		hypotheticals: 84
		pseudogenes: 3
		signal peptides: 170
	sORFs: 0
	gaps: 0
	oriCs/oriVs: 1
	oriTs: 0

export annotation results to: /home/mf019/longread_GWAS/longread_analysis/paired_assemblies/paired_only/shortread/annotation/URI103
	human readable TSV...
	GFF3...
	INSDC GenBank & EMBL...
	genome sequences...
	feature nucleotide sequences...
	translated CDS sequences...
	circular genome plot...
	hypothetical TSV...
	translated hypothetical CDS sequences...
	machine readable JSON...
	genome and annotation summary...

If you use these results please cite Bakta: https://doi.org/10.1099/mgen.0.000685
Annotation successfully finished in 5:09 [mm:ss].
