Bakta v1.9.3
Options and arguments:
	input: /home/mf019/longread_GWAS/longread_analysis/paired_assemblies/paired_only/shortread/contigs/URI33.fasta
	db: /home/mf019/db/bakta, version 5.1, full
	output: /home/mf019/longread_GWAS/longread_analysis/paired_assemblies/paired_only/shortread/annotation/URI33
	force: True
	tmp directory: /tmp/tmp7vxc0m00
	prefix: URI33
	threads: 60
	translation table: 11
	gram: -
	keep contig headers: True

parse genome sequences...
	imported: 196
	filtered & revised: 196
	contigs: 196

start annotation...
predict tRNAs...
	found: 32
predict tmRNAs...
	found: 1
predict rRNAs...
	found: 4
predict ncRNAs...
	found: 2
predict ncRNA regions...
	found: 0
predict CRISPR arrays...
	found: 0
predict & annotate CDSs...
	predicted: 1265 
	discarded spurious: 0
	revised translational exceptions: 0
	detected IPSs: 1035
	found PSCs: 164
	found PSCCs: 41
	lookup annotations...
	conduct expert systems...
		amrfinder: 0
		protein sequences: 40
	signal peptides: 164
	combine annotations and mark hypotheticals...
	detect pseudogenes...
		pseudogene candidates: 10
		found pseudogenes: 4
analyze hypothetical proteins: 91
	detected Pfam hits: 2 
	calculated proteins statistics
	revise special cases...
extract sORF...
	potential: 17088
	discarded due to overlaps: 13927
	discarded spurious: 0
	detected IPSs: 1
	found PSCs: 0
	lookup annotations...
	filter and combine annotations...
	filtered sORFs: 0
detect gaps...
	found: 0
detect oriCs/oriVs...
	found: 1
detect oriTs...
	found: 0
apply feature overlap filters...
select features and create locus tags...
selected: 1303
improve annotations...
	revised gene symbols: 4

genome statistics:
	Genome size: 1,382,639 bp
	Contigs/replicons: 196
	GC: 28.3 %
	N50: 213,335
	N ratio: 0.0 %
	coding density: 82.7 %

annotation summary:
	tRNAs: 32
	tmRNAs: 1
	rRNAs: 4
	ncRNAs: 2
	ncRNA regions: 0
	CRISPR arrays: 0
	CDSs: 1263
		hypotheticals: 90
		pseudogenes: 4
		signal peptides: 154
	sORFs: 0
	gaps: 0
	oriCs/oriVs: 1
	oriTs: 0

export annotation results to: /home/mf019/longread_GWAS/longread_analysis/paired_assemblies/paired_only/shortread/annotation/URI33
	human readable TSV...
	GFF3...
	INSDC GenBank & EMBL...
	genome sequences...
	feature nucleotide sequences...
	translated CDS sequences...
	circular genome plot...
	hypothetical TSV...
	translated hypothetical CDS sequences...
	machine readable JSON...
	genome and annotation summary...

If you use these results please cite Bakta: https://doi.org/10.1099/mgen.0.000685
Annotation successfully finished in 4:48 [mm:ss].
