Bakta v1.9.3
Options and arguments:
	input: /home/mf019/longread_GWAS/longread_analysis/paired_assemblies/paired_only/shortread/contigs/URI36.fasta
	db: /home/mf019/db/bakta, version 5.1, full
	output: /home/mf019/longread_GWAS/longread_analysis/paired_assemblies/paired_only/shortread/annotation/URI36
	force: True
	tmp directory: /tmp/tmpi_tib3_z
	prefix: URI36
	threads: 60
	translation table: 11
	gram: -
	keep contig headers: True

parse genome sequences...
	imported: 243
	filtered & revised: 243
	contigs: 243

start annotation...
predict tRNAs...
	found: 32
predict tmRNAs...
	found: 1
predict rRNAs...
	found: 4
predict ncRNAs...
	found: 2
predict ncRNA regions...
	found: 0
predict CRISPR arrays...
	found: 0
predict & annotate CDSs...
	predicted: 1276 
	discarded spurious: 0
	revised translational exceptions: 0
	detected IPSs: 1104
	found PSCs: 95
	found PSCCs: 43
	lookup annotations...
	conduct expert systems...
		amrfinder: 0
		protein sequences: 45
	signal peptides: 156
	combine annotations and mark hypotheticals...
	detect pseudogenes...
		pseudogene candidates: 13
		found pseudogenes: 4
analyze hypothetical proteins: 103
	detected Pfam hits: 4 
	calculated proteins statistics
	revise special cases...
extract sORF...
	potential: 17347
	discarded due to overlaps: 13787
	discarded spurious: 0
	detected IPSs: 2
	found PSCs: 0
	lookup annotations...
	filter and combine annotations...
	filtered sORFs: 0
detect gaps...
	found: 0
detect oriCs/oriVs...
	found: 1
detect oriTs...
	found: 0
apply feature overlap filters...
select features and create locus tags...
selected: 1314
improve annotations...
	revised gene symbols: 4

genome statistics:
	Genome size: 1,410,935 bp
	Contigs/replicons: 243
	GC: 28.0 %
	N50: 213,241
	N ratio: 0.0 %
	coding density: 80.5 %

annotation summary:
	tRNAs: 32
	tmRNAs: 1
	rRNAs: 4
	ncRNAs: 2
	ncRNA regions: 0
	CRISPR arrays: 0
	CDSs: 1274
		hypotheticals: 102
		pseudogenes: 4
		signal peptides: 153
	sORFs: 0
	gaps: 0
	oriCs/oriVs: 1
	oriTs: 0

export annotation results to: /home/mf019/longread_GWAS/longread_analysis/paired_assemblies/paired_only/shortread/annotation/URI36
	human readable TSV...
	GFF3...
	INSDC GenBank & EMBL...
	genome sequences...
	feature nucleotide sequences...
	translated CDS sequences...
	circular genome plot...
	hypothetical TSV...
	translated hypothetical CDS sequences...
	machine readable JSON...
	genome and annotation summary...

If you use these results please cite Bakta: https://doi.org/10.1099/mgen.0.000685
Annotation successfully finished in 4:46 [mm:ss].
