Bakta v1.9.3
Options and arguments:
	input: /home/mf019/longread_GWAS/longread_analysis/paired_assemblies/paired_only/shortread/contigs/URI34.fasta
	db: /home/mf019/db/bakta, version 5.1, full
	output: /home/mf019/longread_GWAS/longread_analysis/paired_assemblies/paired_only/shortread/annotation/URI34
	force: True
	tmp directory: /tmp/tmp83au6082
	prefix: URI34
	threads: 60
	translation table: 11
	gram: -
	keep contig headers: True

parse genome sequences...
	imported: 189
	filtered & revised: 189
	contigs: 189

start annotation...
predict tRNAs...
	found: 48
predict tmRNAs...
	found: 1
predict rRNAs...
	found: 4
predict ncRNAs...
	found: 3
predict ncRNA regions...
	found: 0
predict CRISPR arrays...
	found: 0
predict & annotate CDSs...
	predicted: 1574 
	discarded spurious: 1
	revised translational exceptions: 0
	detected IPSs: 1194
	found PSCs: 296
	found PSCCs: 53
	lookup annotations...
	conduct expert systems...
		amrfinder: 0
		protein sequences: 48
	signal peptides: 195
	combine annotations and mark hypotheticals...
	detect pseudogenes...
		pseudogene candidates: 17
		found pseudogenes: 6
analyze hypothetical proteins: 99
	detected Pfam hits: 2 
	calculated proteins statistics
	revise special cases...
extract sORF...
	potential: 21231
	discarded due to overlaps: 17923
	discarded spurious: 0
	detected IPSs: 0
	found PSCs: 0
	lookup annotations...
	filter and combine annotations...
	filtered sORFs: 0
detect gaps...
	found: 0
detect oriCs/oriVs...
	found: 1
detect oriTs...
	found: 0
apply feature overlap filters...
select features and create locus tags...
selected: 1627
improve annotations...
	revised gene symbols: 4

genome statistics:
	Genome size: 1,717,858 bp
	Contigs/replicons: 189
	GC: 28.1 %
	N50: 287,765
	N ratio: 0.0 %
	coding density: 86.0 %

annotation summary:
	tRNAs: 48
	tmRNAs: 1
	rRNAs: 4
	ncRNAs: 3
	ncRNA regions: 0
	CRISPR arrays: 0
	CDSs: 1570
		hypotheticals: 98
		pseudogenes: 6
		signal peptides: 164
	sORFs: 0
	gaps: 0
	oriCs/oriVs: 1
	oriTs: 0

export annotation results to: /home/mf019/longread_GWAS/longread_analysis/paired_assemblies/paired_only/shortread/annotation/URI34
	human readable TSV...
	GFF3...
	INSDC GenBank & EMBL...
	genome sequences...
	feature nucleotide sequences...
	translated CDS sequences...
	circular genome plot...
	hypothetical TSV...
	translated hypothetical CDS sequences...
	machine readable JSON...
	genome and annotation summary...

If you use these results please cite Bakta: https://doi.org/10.1099/mgen.0.000685
Annotation successfully finished in 4:58 [mm:ss].
