Bakta v1.9.3
Options and arguments:
	input: /home/mf019/longread_GWAS/longread_analysis/paired_assemblies/paired_only/shortread/contigs/URI44.fasta
	db: /home/mf019/db/bakta, version 5.1, full
	output: /home/mf019/longread_GWAS/longread_analysis/paired_assemblies/paired_only/shortread/annotation/URI44
	force: True
	tmp directory: /tmp/tmp997thcql
	prefix: URI44
	threads: 60
	translation table: 11
	gram: -
	keep contig headers: True

parse genome sequences...
	imported: 275
	filtered & revised: 275
	contigs: 275

start annotation...
predict tRNAs...
	found: 32
predict tmRNAs...
	found: 1
predict rRNAs...
	found: 4
predict ncRNAs...
	found: 2
predict ncRNA regions...
	found: 0
predict CRISPR arrays...
	found: 0
predict & annotate CDSs...
	predicted: 1260 
	discarded spurious: 0
	revised translational exceptions: 0
	detected IPSs: 1127
	found PSCs: 78
	found PSCCs: 32
	lookup annotations...
	conduct expert systems...
		amrfinder: 0
		protein sequences: 41
	signal peptides: 173
	combine annotations and mark hypotheticals...
	detect pseudogenes...
		pseudogene candidates: 12
		found pseudogenes: 3
analyze hypothetical proteins: 84
	detected Pfam hits: 2 
	calculated proteins statistics
	revise special cases...
extract sORF...
	potential: 17003
	discarded due to overlaps: 13800
	discarded spurious: 0
	detected IPSs: 1
	found PSCs: 0
	lookup annotations...
	filter and combine annotations...
	filtered sORFs: 0
detect gaps...
	found: 0
detect oriCs/oriVs...
	found: 1
detect oriTs...
	found: 0
apply feature overlap filters...
select features and create locus tags...
selected: 1298
improve annotations...
	revised gene symbols: 3

genome statistics:
	Genome size: 1,382,876 bp
	Contigs/replicons: 275
	GC: 28.2 %
	N50: 213,127
	N ratio: 0.0 %
	coding density: 81.9 %

annotation summary:
	tRNAs: 32
	tmRNAs: 1
	rRNAs: 4
	ncRNAs: 2
	ncRNA regions: 0
	CRISPR arrays: 0
	CDSs: 1258
		hypotheticals: 83
		pseudogenes: 3
		signal peptides: 170
	sORFs: 0
	gaps: 0
	oriCs/oriVs: 1
	oriTs: 0

export annotation results to: /home/mf019/longread_GWAS/longread_analysis/paired_assemblies/paired_only/shortread/annotation/URI44
	human readable TSV...
	GFF3...
	INSDC GenBank & EMBL...
	genome sequences...
	feature nucleotide sequences...
	translated CDS sequences...
	circular genome plot...
	hypothetical TSV...
	translated hypothetical CDS sequences...
	machine readable JSON...
	genome and annotation summary...

If you use these results please cite Bakta: https://doi.org/10.1099/mgen.0.000685
Annotation successfully finished in 5:05 [mm:ss].
