Bakta v1.9.3
Options and arguments:
	input: /home/mf019/longread_GWAS/longread_analysis/paired_assemblies/paired_only/shortread/contigs/URI42.fasta
	db: /home/mf019/db/bakta, version 5.1, full
	output: /home/mf019/longread_GWAS/longread_analysis/paired_assemblies/paired_only/shortread/annotation/URI42
	force: True
	tmp directory: /tmp/tmpirb5873c
	prefix: URI42
	threads: 60
	translation table: 11
	gram: -
	keep contig headers: True

parse genome sequences...
	imported: 318
	filtered & revised: 318
	contigs: 318

start annotation...
predict tRNAs...
	found: 32
predict tmRNAs...
	found: 1
predict rRNAs...
	found: 4
predict ncRNAs...
	found: 2
predict ncRNA regions...
	found: 0
predict CRISPR arrays...
	found: 0
predict & annotate CDSs...
	predicted: 1273 
	discarded spurious: 0
	revised translational exceptions: 0
	detected IPSs: 1110
	found PSCs: 82
	found PSCCs: 33
	lookup annotations...
	conduct expert systems...
		amrfinder: 0
		protein sequences: 43
	signal peptides: 165
	combine annotations and mark hypotheticals...
	detect pseudogenes...
		pseudogene candidates: 24
		found pseudogenes: 15
analyze hypothetical proteins: 105
	detected Pfam hits: 5 
	calculated proteins statistics
	revise special cases...
extract sORF...
	potential: 17138
	discarded due to overlaps: 13663
	discarded spurious: 0
	detected IPSs: 1
	found PSCs: 0
	lookup annotations...
	filter and combine annotations...
	filtered sORFs: 0
detect gaps...
	found: 0
detect oriCs/oriVs...
	found: 1
detect oriTs...
	found: 0
apply feature overlap filters...
select features and create locus tags...
selected: 1311
improve annotations...
	revised gene symbols: 5

genome statistics:
	Genome size: 1,402,030 bp
	Contigs/replicons: 318
	GC: 28.0 %
	N50: 213,476
	N ratio: 0.0 %
	coding density: 80.0 %

annotation summary:
	tRNAs: 32
	tmRNAs: 1
	rRNAs: 4
	ncRNAs: 2
	ncRNA regions: 0
	CRISPR arrays: 0
	CDSs: 1271
		hypotheticals: 104
		pseudogenes: 15
		signal peptides: 157
	sORFs: 0
	gaps: 0
	oriCs/oriVs: 1
	oriTs: 0

export annotation results to: /home/mf019/longread_GWAS/longread_analysis/paired_assemblies/paired_only/shortread/annotation/URI42
	human readable TSV...
	GFF3...
	INSDC GenBank & EMBL...
	genome sequences...
	feature nucleotide sequences...
	translated CDS sequences...
	circular genome plot...
	hypothetical TSV...
	translated hypothetical CDS sequences...
	machine readable JSON...
	genome and annotation summary...

If you use these results please cite Bakta: https://doi.org/10.1099/mgen.0.000685
Annotation successfully finished in 5:16 [mm:ss].
