Bakta v1.9.3
Options and arguments:
	input: /home/mf019/longread_GWAS/longread_analysis/paired_assemblies/paired_only/shortread/contigs/URI86.fasta
	db: /home/mf019/db/bakta, version 5.1, full
	output: /home/mf019/longread_GWAS/longread_analysis/paired_assemblies/paired_only/shortread/annotation/URI86
	force: True
	tmp directory: /tmp/tmpudfkel4i
	prefix: URI86
	threads: 60
	translation table: 11
	gram: -
	keep contig headers: True

parse genome sequences...
	imported: 267
	filtered & revised: 267
	contigs: 267

start annotation...
predict tRNAs...
	found: 32
predict tmRNAs...
	found: 1
predict rRNAs...
	found: 4
predict ncRNAs...
	found: 2
predict ncRNA regions...
	found: 0
predict CRISPR arrays...
	found: 0
predict & annotate CDSs...
	predicted: 1248 
	discarded spurious: 0
	revised translational exceptions: 0
	detected IPSs: 1117
	found PSCs: 73
	found PSCCs: 33
	lookup annotations...
	conduct expert systems...
		amrfinder: 0
		protein sequences: 40
	signal peptides: 171
	combine annotations and mark hypotheticals...
	detect pseudogenes...
		pseudogene candidates: 14
		found pseudogenes: 4
analyze hypothetical proteins: 88
	detected Pfam hits: 3 
	calculated proteins statistics
	revise special cases...
extract sORF...
	potential: 16969
	discarded due to overlaps: 13734
	discarded spurious: 0
	detected IPSs: 0
	found PSCs: 0
	lookup annotations...
	filter and combine annotations...
	filtered sORFs: 0
detect gaps...
	found: 0
detect oriCs/oriVs...
	found: 1
detect oriTs...
	found: 0
apply feature overlap filters...
select features and create locus tags...
selected: 1286
improve annotations...
	revised gene symbols: 3

genome statistics:
	Genome size: 1,373,091 bp
	Contigs/replicons: 267
	GC: 28.1 %
	N50: 213,289
	N ratio: 0.0 %
	coding density: 82.1 %

annotation summary:
	tRNAs: 32
	tmRNAs: 1
	rRNAs: 4
	ncRNAs: 2
	ncRNA regions: 0
	CRISPR arrays: 0
	CDSs: 1246
		hypotheticals: 87
		pseudogenes: 4
		signal peptides: 168
	sORFs: 0
	gaps: 0
	oriCs/oriVs: 1
	oriTs: 0

export annotation results to: /home/mf019/longread_GWAS/longread_analysis/paired_assemblies/paired_only/shortread/annotation/URI86
	human readable TSV...
	GFF3...
	INSDC GenBank & EMBL...
	genome sequences...
	feature nucleotide sequences...
	translated CDS sequences...
	circular genome plot...
	hypothetical TSV...
	translated hypothetical CDS sequences...
	machine readable JSON...
	genome and annotation summary...

If you use these results please cite Bakta: https://doi.org/10.1099/mgen.0.000685
Annotation successfully finished in 5:02 [mm:ss].
