Bakta v1.9.3
Options and arguments:
	input: /home/mf019/longread_GWAS/longread_analysis/paired_assemblies/paired_only/shortread/contigs/URI91.fasta
	db: /home/mf019/db/bakta, version 5.1, full
	output: /home/mf019/longread_GWAS/longread_analysis/paired_assemblies/paired_only/shortread/annotation/URI91
	force: True
	tmp directory: /tmp/tmp0jgj6piv
	prefix: URI91
	threads: 60
	translation table: 11
	gram: -
	keep contig headers: True

parse genome sequences...
	imported: 357
	filtered & revised: 357
	contigs: 357

start annotation...
predict tRNAs...
	found: 32
predict tmRNAs...
	found: 1
predict rRNAs...
	found: 4
predict ncRNAs...
	found: 2
predict ncRNA regions...
	found: 0
predict CRISPR arrays...
	found: 0
predict & annotate CDSs...
	predicted: 1322 
	discarded spurious: 0
	revised translational exceptions: 0
	detected IPSs: 1150
	found PSCs: 87
	found PSCCs: 36
	lookup annotations...
	conduct expert systems...
		amrfinder: 0
		protein sequences: 47
	signal peptides: 173
	combine annotations and mark hypotheticals...
	detect pseudogenes...
		pseudogene candidates: 22
		found pseudogenes: 11
analyze hypothetical proteins: 113
	detected Pfam hits: 7 
	calculated proteins statistics
	revise special cases...
extract sORF...
	potential: 17988
	discarded due to overlaps: 14083
	discarded spurious: 0
	detected IPSs: 0
	found PSCs: 0
	lookup annotations...
	filter and combine annotations...
	filtered sORFs: 0
detect gaps...
	found: 0
detect oriCs/oriVs...
	found: 1
detect oriTs...
	found: 0
apply feature overlap filters...
select features and create locus tags...
selected: 1360
improve annotations...
	revised gene symbols: 10

genome statistics:
	Genome size: 1,469,571 bp
	Contigs/replicons: 357
	GC: 27.9 %
	N50: 213,476
	N ratio: 0.0 %
	coding density: 78.6 %

annotation summary:
	tRNAs: 32
	tmRNAs: 1
	rRNAs: 4
	ncRNAs: 2
	ncRNA regions: 0
	CRISPR arrays: 0
	CDSs: 1320
		hypotheticals: 112
		pseudogenes: 11
		signal peptides: 165
	sORFs: 0
	gaps: 0
	oriCs/oriVs: 1
	oriTs: 0

export annotation results to: /home/mf019/longread_GWAS/longread_analysis/paired_assemblies/paired_only/shortread/annotation/URI91
	human readable TSV...
	GFF3...
	INSDC GenBank & EMBL...
	genome sequences...
	feature nucleotide sequences...
	translated CDS sequences...
	circular genome plot...
	hypothetical TSV...
	translated hypothetical CDS sequences...
	machine readable JSON...
	genome and annotation summary...

If you use these results please cite Bakta: https://doi.org/10.1099/mgen.0.000685
Annotation successfully finished in 5:38 [mm:ss].
