Bakta v1.9.3
Options and arguments:
	input: /home/mf019/longread_GWAS/longread_analysis/paired_assemblies/paired_only/shortread/contigs/UWI247.fasta
	db: /home/mf019/db/bakta, version 5.1, full
	output: /home/mf019/longread_GWAS/longread_analysis/paired_assemblies/paired_only/shortread/annotation/UWI247
	force: True
	tmp directory: /tmp/tmpsdqcdqso
	prefix: UWI247
	threads: 60
	translation table: 11
	gram: -
	keep contig headers: True

parse genome sequences...
	imported: 230
	filtered & revised: 230
	contigs: 230

start annotation...
predict tRNAs...
	found: 32
predict tmRNAs...
	found: 1
predict rRNAs...
	found: 5
predict ncRNAs...
	found: 2
predict ncRNA regions...
	found: 0
predict CRISPR arrays...
	found: 0
predict & annotate CDSs...
	predicted: 1205 
	discarded spurious: 0
	revised translational exceptions: 0
	detected IPSs: 1034
	found PSCs: 103
	found PSCCs: 43
	lookup annotations...
	conduct expert systems...
		amrfinder: 0
		protein sequences: 40
	signal peptides: 165
	combine annotations and mark hypotheticals...
	detect pseudogenes...
		pseudogene candidates: 22
		found pseudogenes: 7
analyze hypothetical proteins: 74
	detected Pfam hits: 1 
	calculated proteins statistics
	revise special cases...
extract sORF...
	potential: 16384
	discarded due to overlaps: 13178
	discarded spurious: 0
	detected IPSs: 0
	found PSCs: 0
	lookup annotations...
	filter and combine annotations...
	filtered sORFs: 0
detect gaps...
	found: 0
detect oriCs/oriVs...
	found: 1
detect oriTs...
	found: 0
apply feature overlap filters...
select features and create locus tags...
selected: 1243
improve annotations...
	revised gene symbols: 5

genome statistics:
	Genome size: 1,319,875 bp
	Contigs/replicons: 230
	GC: 28.2 %
	N50: 22,090
	N ratio: 0.0 %
	coding density: 81.8 %

annotation summary:
	tRNAs: 32
	tmRNAs: 1
	rRNAs: 5
	ncRNAs: 2
	ncRNA regions: 0
	CRISPR arrays: 0
	CDSs: 1202
		hypotheticals: 72
		pseudogenes: 7
		signal peptides: 165
	sORFs: 0
	gaps: 0
	oriCs/oriVs: 1
	oriTs: 0

export annotation results to: /home/mf019/longread_GWAS/longread_analysis/paired_assemblies/paired_only/shortread/annotation/UWI247
	human readable TSV...
	GFF3...
	INSDC GenBank & EMBL...
	genome sequences...
	feature nucleotide sequences...
	translated CDS sequences...
	circular genome plot...
	hypothetical TSV...
	translated hypothetical CDS sequences...
	machine readable JSON...
	genome and annotation summary...

If you use these results please cite Bakta: https://doi.org/10.1099/mgen.0.000685
Annotation successfully finished in 4:55 [mm:ss].
