Bakta v1.9.3
Options and arguments:
	input: /home/mf019/longread_GWAS/longread_analysis/paired_assemblies/paired_only/longread/contigs/ESI26H.fasta
	db: /home/mf019/db/bakta, version 5.1, full
	output: /home/mf019/longread_GWAS/longread_analysis/paired_assemblies/paired_only/longread/annotation/ESI26H
	force: True
	tmp directory: /tmp/tmp6iz17p4_
	prefix: ESI26H
	threads: 60
	translation table: 11
	gram: -
	keep contig headers: True

parse genome sequences...
	imported: 64
	filtered & revised: 64
	contigs: 64

start annotation...
predict tRNAs...
	found: 32
predict tmRNAs...
	found: 1
predict rRNAs...
	found: 5
predict ncRNAs...
	found: 2
predict ncRNA regions...
	found: 0
predict CRISPR arrays...
	found: 0
predict & annotate CDSs...
	predicted: 1216 
	discarded spurious: 0
	revised translational exceptions: 0
	detected IPSs: 1000
	found PSCs: 163
	found PSCCs: 39
	lookup annotations...
	conduct expert systems...
		amrfinder: 0
		protein sequences: 38
	signal peptides: 130
	combine annotations and mark hypotheticals...
	detect pseudogenes...
		pseudogene candidates: 11
		found pseudogenes: 9
analyze hypothetical proteins: 68
	detected Pfam hits: 7 
	calculated proteins statistics
	revise special cases...
extract sORF...
	potential: 15896
	discarded due to overlaps: 13833
	discarded spurious: 0
	detected IPSs: 0
	found PSCs: 1
	lookup annotations...
	filter and combine annotations...
	filtered sORFs: 0
detect gaps...
	found: 0
detect oriCs/oriVs...
	found: 1
detect oriTs...
	found: 0
apply feature overlap filters...
select features and create locus tags...
selected: 1254
improve annotations...
	revised gene symbols: 4

genome statistics:
	Genome size: 1,276,481 bp
	Contigs/replicons: 64
	GC: 28.5 %
	N50: 910,396
	N ratio: 0.0 %
	coding density: 88.2 %

annotation summary:
	tRNAs: 32
	tmRNAs: 1
	rRNAs: 5
	ncRNAs: 2
	ncRNA regions: 0
	CRISPR arrays: 0
	CDSs: 1213
		hypotheticals: 66
		pseudogenes: 9
		signal peptides: 130
	sORFs: 0
	gaps: 0
	oriCs/oriVs: 1
	oriTs: 0

export annotation results to: /home/mf019/longread_GWAS/longread_analysis/paired_assemblies/paired_only/longread/annotation/ESI26H
	human readable TSV...
	GFF3...
	INSDC GenBank & EMBL...
	genome sequences...
	feature nucleotide sequences...
	translated CDS sequences...
	circular genome plot...
	hypothetical TSV...
	translated hypothetical CDS sequences...
	machine readable JSON...
	genome and annotation summary...

If you use these results please cite Bakta: https://doi.org/10.1099/mgen.0.000685
Annotation successfully finished in 3:40 [mm:ss].
