Bakta v1.9.3
Options and arguments:
	input: /home/mf019/longread_GWAS/longread_analysis/paired_assemblies/paired_only/longread/contigs/UCT110H.fasta
	db: /home/mf019/db/bakta, version 5.1, full
	output: /home/mf019/longread_GWAS/longread_analysis/paired_assemblies/paired_only/longread/annotation/UCT110H
	force: True
	tmp directory: /tmp/tmp92lk126k
	prefix: UCT110H
	threads: 60
	translation table: 11
	gram: -
	keep contig headers: True

parse genome sequences...
	imported: 114
	filtered & revised: 114
	contigs: 114

start annotation...
predict tRNAs...
	found: 32
predict tmRNAs...
	found: 1
predict rRNAs...
	found: 5
predict ncRNAs...
	found: 2
predict ncRNA regions...
	found: 0
predict CRISPR arrays...
	found: 0
predict & annotate CDSs...
	predicted: 1346 
	discarded spurious: 0
	revised translational exceptions: 0
	detected IPSs: 1214
	found PSCs: 91
	found PSCCs: 24
	lookup annotations...
	conduct expert systems...
		amrfinder: 0
		protein sequences: 48
	signal peptides: 178
	combine annotations and mark hypotheticals...
	detect pseudogenes...
		pseudogene candidates: 8
		found pseudogenes: 3
analyze hypothetical proteins: 64
	detected Pfam hits: 3 
	calculated proteins statistics
	revise special cases...
extract sORF...
	potential: 17573
	discarded due to overlaps: 14796
	discarded spurious: 0
	detected IPSs: 0
	found PSCs: 0
	lookup annotations...
	filter and combine annotations...
	filtered sORFs: 0
detect gaps...
	found: 0
detect oriCs/oriVs...
	found: 1
detect oriTs...
	found: 0
apply feature overlap filters...
select features and create locus tags...
selected: 1384
improve annotations...
	revised gene symbols: 3

genome statistics:
	Genome size: 1,417,187 bp
	Contigs/replicons: 114
	GC: 28.1 %
	N50: 906,810
	N ratio: 0.0 %
	coding density: 85.4 %

annotation summary:
	tRNAs: 32
	tmRNAs: 1
	rRNAs: 5
	ncRNAs: 2
	ncRNA regions: 0
	CRISPR arrays: 0
	CDSs: 1343
		hypotheticals: 62
		pseudogenes: 3
		signal peptides: 178
	sORFs: 0
	gaps: 0
	oriCs/oriVs: 1
	oriTs: 0

export annotation results to: /home/mf019/longread_GWAS/longread_analysis/paired_assemblies/paired_only/longread/annotation/UCT110H
	human readable TSV...
	GFF3...
	INSDC GenBank & EMBL...
	genome sequences...
	feature nucleotide sequences...
	translated CDS sequences...
	circular genome plot...
	hypothetical TSV...
	translated hypothetical CDS sequences...
	machine readable JSON...
	genome and annotation summary...

If you use these results please cite Bakta: https://doi.org/10.1099/mgen.0.000685
Annotation successfully finished in 4:05 [mm:ss].
