Bakta v1.9.3
Options and arguments:
	input: /home/mf019/longread_GWAS/longread_analysis/paired_assemblies/paired_only/longread/contigs/UCT29H.fasta
	db: /home/mf019/db/bakta, version 5.1, full
	output: /home/mf019/longread_GWAS/longread_analysis/paired_assemblies/paired_only/longread/annotation/UCT29H
	force: True
	tmp directory: /tmp/tmpydz6pj26
	prefix: UCT29H
	threads: 60
	translation table: 11
	gram: -
	keep contig headers: True

parse genome sequences...
	imported: 24
	filtered & revised: 24
	contigs: 24

start annotation...
predict tRNAs...
	found: 33
predict tmRNAs...
	found: 1
predict rRNAs...
	found: 5
predict ncRNAs...
	found: 2
predict ncRNA regions...
	found: 0
predict CRISPR arrays...
	found: 0
predict & annotate CDSs...
	predicted: 1550 
	discarded spurious: 0
	revised translational exceptions: 0
	detected IPSs: 1380
	found PSCs: 107
	found PSCCs: 35
	lookup annotations...
	conduct expert systems...
		amrfinder: 0
		protein sequences: 55
	signal peptides: 189
	combine annotations and mark hypotheticals...
	detect pseudogenes...
		pseudogene candidates: 17
		found pseudogenes: 14
analyze hypothetical proteins: 86
	detected Pfam hits: 2 
	calculated proteins statistics
	revise special cases...
extract sORF...
	potential: 19342
	discarded due to overlaps: 16446
	discarded spurious: 0
	detected IPSs: 0
	found PSCs: 0
	lookup annotations...
	filter and combine annotations...
	filtered sORFs: 0
detect gaps...
	found: 0
detect oriCs/oriVs...
	found: 1
detect oriTs...
	found: 0
apply feature overlap filters...
select features and create locus tags...
selected: 1589
improve annotations...
	revised gene symbols: 5

genome statistics:
	Genome size: 1,559,716 bp
	Contigs/replicons: 24
	GC: 28.2 %
	N50: 910,485
	N ratio: 0.0 %
	coding density: 85.9 %

annotation summary:
	tRNAs: 33
	tmRNAs: 1
	rRNAs: 5
	ncRNAs: 2
	ncRNA regions: 0
	CRISPR arrays: 0
	CDSs: 1547
		hypotheticals: 84
		pseudogenes: 14
		signal peptides: 185
	sORFs: 0
	gaps: 0
	oriCs/oriVs: 1
	oriTs: 0

export annotation results to: /home/mf019/longread_GWAS/longread_analysis/paired_assemblies/paired_only/longread/annotation/UCT29H
	human readable TSV...
	GFF3...
	INSDC GenBank & EMBL...
	genome sequences...
	feature nucleotide sequences...
	translated CDS sequences...
	circular genome plot...
	hypothetical TSV...
	translated hypothetical CDS sequences...
	machine readable JSON...
	genome and annotation summary...

If you use these results please cite Bakta: https://doi.org/10.1099/mgen.0.000685
Annotation successfully finished in 3:43 [mm:ss].
