Bakta v1.9.3
Options and arguments:
	input: /home/mf019/longread_GWAS/longread_analysis/paired_assemblies/paired_only/longread/contigs/UCT31H.fasta
	db: /home/mf019/db/bakta, version 5.1, full
	output: /home/mf019/longread_GWAS/longread_analysis/paired_assemblies/paired_only/longread/annotation/UCT31H
	force: True
	tmp directory: /tmp/tmpw8rj8k52
	prefix: UCT31H
	threads: 60
	translation table: 11
	gram: -
	keep contig headers: True

parse genome sequences...
	imported: 32
	filtered & revised: 32
	contigs: 32

start annotation...
predict tRNAs...
	found: 32
predict tmRNAs...
	found: 1
predict rRNAs...
	found: 5
predict ncRNAs...
	found: 2
predict ncRNA regions...
	found: 0
predict CRISPR arrays...
	found: 0
predict & annotate CDSs...
	predicted: 1517 
	discarded spurious: 0
	revised translational exceptions: 0
	detected IPSs: 1355
	found PSCs: 100
	found PSCCs: 33
	lookup annotations...
	conduct expert systems...
		amrfinder: 0
		protein sequences: 54
	signal peptides: 181
	combine annotations and mark hypotheticals...
	detect pseudogenes...
		pseudogene candidates: 22
		found pseudogenes: 21
analyze hypothetical proteins: 80
	detected Pfam hits: 1 
	calculated proteins statistics
	revise special cases...
extract sORF...
	potential: 18965
	discarded due to overlaps: 16238
	discarded spurious: 0
	detected IPSs: 0
	found PSCs: 0
	lookup annotations...
	filter and combine annotations...
	filtered sORFs: 0
detect gaps...
	found: 0
detect oriCs/oriVs...
	found: 1
detect oriTs...
	found: 0
apply feature overlap filters...
select features and create locus tags...
selected: 1555
improve annotations...
	revised gene symbols: 3

genome statistics:
	Genome size: 1,531,745 bp
	Contigs/replicons: 32
	GC: 28.2 %
	N50: 910,624
	N ratio: 0.0 %
	coding density: 86.4 %

annotation summary:
	tRNAs: 32
	tmRNAs: 1
	rRNAs: 5
	ncRNAs: 2
	ncRNA regions: 0
	CRISPR arrays: 0
	CDSs: 1514
		hypotheticals: 78
		pseudogenes: 21
		signal peptides: 176
	sORFs: 0
	gaps: 0
	oriCs/oriVs: 1
	oriTs: 0

export annotation results to: /home/mf019/longread_GWAS/longread_analysis/paired_assemblies/paired_only/longread/annotation/UCT31H
	human readable TSV...
	GFF3...
	INSDC GenBank & EMBL...
	genome sequences...
	feature nucleotide sequences...
	translated CDS sequences...
	circular genome plot...
	hypothetical TSV...
	translated hypothetical CDS sequences...
	machine readable JSON...
	genome and annotation summary...

If you use these results please cite Bakta: https://doi.org/10.1099/mgen.0.000685
Annotation successfully finished in 3:39 [mm:ss].
