Bakta v1.9.3
Options and arguments:
	input: /home/mf019/longread_GWAS/longread_analysis/paired_assemblies/paired_only/longread/contigs/UCT50H.fasta
	db: /home/mf019/db/bakta, version 5.1, full
	output: /home/mf019/longread_GWAS/longread_analysis/paired_assemblies/paired_only/longread/annotation/UCT50H
	force: True
	tmp directory: /tmp/tmp34rs3jta
	prefix: UCT50H
	threads: 60
	translation table: 11
	gram: -
	keep contig headers: True

parse genome sequences...
	imported: 90
	filtered & revised: 90
	contigs: 90

start annotation...
predict tRNAs...
	found: 33
predict tmRNAs...
	found: 1
predict rRNAs...
	found: 5
predict ncRNAs...
	found: 2
predict ncRNA regions...
	found: 0
predict CRISPR arrays...
	found: 0
predict & annotate CDSs...
	predicted: 1285 
	discarded spurious: 0
	revised translational exceptions: 0
	detected IPSs: 1139
	found PSCs: 100
	found PSCCs: 29
	lookup annotations...
	conduct expert systems...
		amrfinder: 0
		protein sequences: 44
	signal peptides: 148
	combine annotations and mark hypotheticals...
	detect pseudogenes...
		pseudogene candidates: 8
		found pseudogenes: 5
analyze hypothetical proteins: 71
	detected Pfam hits: 4 
	calculated proteins statistics
	revise special cases...
extract sORF...
	potential: 16694
	discarded due to overlaps: 14262
	discarded spurious: 0
	detected IPSs: 0
	found PSCs: 0
	lookup annotations...
	filter and combine annotations...
	filtered sORFs: 0
detect gaps...
	found: 0
detect oriCs/oriVs...
	found: 1
detect oriTs...
	found: 0
apply feature overlap filters...
select features and create locus tags...
selected: 1326
improve annotations...
	revised gene symbols: 4

genome statistics:
	Genome size: 1,341,231 bp
	Contigs/replicons: 90
	GC: 28.3 %
	N50: 902,761
	N ratio: 0.0 %
	coding density: 86.6 %

annotation summary:
	tRNAs: 33
	tmRNAs: 1
	rRNAs: 5
	ncRNAs: 2
	ncRNA regions: 0
	CRISPR arrays: 0
	CDSs: 1284
		hypotheticals: 71
		pseudogenes: 5
		signal peptides: 146
	sORFs: 0
	gaps: 0
	oriCs/oriVs: 1
	oriTs: 0

export annotation results to: /home/mf019/longread_GWAS/longread_analysis/paired_assemblies/paired_only/longread/annotation/UCT50H
	human readable TSV...
	GFF3...
	INSDC GenBank & EMBL...
	genome sequences...
	feature nucleotide sequences...
	translated CDS sequences...
	circular genome plot...
	hypothetical TSV...
	translated hypothetical CDS sequences...
	machine readable JSON...
	genome and annotation summary...

If you use these results please cite Bakta: https://doi.org/10.1099/mgen.0.000685
Annotation successfully finished in 3:48 [mm:ss].
