Bakta v1.9.3
Options and arguments:
	input: /home/mf019/longread_GWAS/longread_analysis/paired_assemblies/paired_only/longread/contigs/UNY193P.fasta
	db: /home/mf019/db/bakta, version 5.1, full
	output: /home/mf019/longread_GWAS/longread_analysis/paired_assemblies/paired_only/longread/annotation/UNY193P
	force: True
	tmp directory: /tmp/tmpzdr2j0me
	prefix: UNY193P
	threads: 60
	translation table: 11
	gram: -
	keep contig headers: True

parse genome sequences...
	imported: 19
	filtered & revised: 19
	contigs: 19

start annotation...
predict tRNAs...
	found: 32
predict tmRNAs...
	found: 1
predict rRNAs...
	found: 5
predict ncRNAs...
	found: 2
predict ncRNA regions...
	found: 0
predict CRISPR arrays...
	found: 0
predict & annotate CDSs...
	predicted: 1361 
	discarded spurious: 0
	revised translational exceptions: 0
	detected IPSs: 1018
	found PSCs: 269
	found PSCCs: 42
	lookup annotations...
	conduct expert systems...
		amrfinder: 0
		protein sequences: 41
	signal peptides: 174
	combine annotations and mark hypotheticals...
	detect pseudogenes...
		pseudogene candidates: 17
		found pseudogenes: 16
analyze hypothetical proteins: 81
	detected Pfam hits: 3 
	calculated proteins statistics
	revise special cases...
extract sORF...
	potential: 17501
	discarded due to overlaps: 15013
	discarded spurious: 0
	detected IPSs: 0
	found PSCs: 0
	lookup annotations...
	filter and combine annotations...
	filtered sORFs: 0
detect gaps...
	found: 0
detect oriCs/oriVs...
	found: 1
detect oriTs...
	found: 0
apply feature overlap filters...
select features and create locus tags...
selected: 1399
improve annotations...
	revised gene symbols: 3

genome statistics:
	Genome size: 1,403,883 bp
	Contigs/replicons: 19
	GC: 28.4 %
	N50: 910,086
	N ratio: 0.0 %
	coding density: 87.6 %

annotation summary:
	tRNAs: 32
	tmRNAs: 1
	rRNAs: 5
	ncRNAs: 2
	ncRNA regions: 0
	CRISPR arrays: 0
	CDSs: 1358
		hypotheticals: 79
		pseudogenes: 16
		signal peptides: 173
	sORFs: 0
	gaps: 0
	oriCs/oriVs: 1
	oriTs: 0

export annotation results to: /home/mf019/longread_GWAS/longread_analysis/paired_assemblies/paired_only/longread/annotation/UNY193P
	human readable TSV...
	GFF3...
	INSDC GenBank & EMBL...
	genome sequences...
	feature nucleotide sequences...
	translated CDS sequences...
	circular genome plot...
	hypothetical TSV...
	translated hypothetical CDS sequences...
	machine readable JSON...
	genome and annotation summary...

If you use these results please cite Bakta: https://doi.org/10.1099/mgen.0.000685
Annotation successfully finished in 3:59 [mm:ss].
