Bakta v1.9.3
Options and arguments:
	input: /home/mf019/longread_GWAS/longread_analysis/paired_assemblies/paired_only/longread/contigs/URI117H.fasta
	db: /home/mf019/db/bakta, version 5.1, full
	output: /home/mf019/longread_GWAS/longread_analysis/paired_assemblies/paired_only/longread/annotation/URI117H
	force: True
	tmp directory: /tmp/tmpnlyt6fu6
	prefix: URI117H
	threads: 60
	translation table: 11
	gram: -
	keep contig headers: True

parse genome sequences...
	imported: 160
	filtered & revised: 160
	contigs: 160

start annotation...
predict tRNAs...
	found: 32
predict tmRNAs...
	found: 1
predict rRNAs...
	found: 3
predict ncRNAs...
	found: 2
predict ncRNA regions...
	found: 0
predict CRISPR arrays...
	found: 0
predict & annotate CDSs...
	predicted: 1301 
	discarded spurious: 0
	revised translational exceptions: 0
	detected IPSs: 1164
	found PSCs: 86
	found PSCCs: 32
	lookup annotations...
	conduct expert systems...
		amrfinder: 0
		protein sequences: 47
	signal peptides: 171
	combine annotations and mark hypotheticals...
	detect pseudogenes...
		pseudogene candidates: 14
		found pseudogenes: 7
analyze hypothetical proteins: 66
	detected Pfam hits: 1 
	calculated proteins statistics
	revise special cases...
extract sORF...
	potential: 17160
	discarded due to overlaps: 14262
	discarded spurious: 0
	detected IPSs: 0
	found PSCs: 0
	lookup annotations...
	filter and combine annotations...
	filtered sORFs: 0
detect gaps...
	found: 0
detect oriCs/oriVs...
	found: 1
detect oriTs...
	found: 0
apply feature overlap filters...
select features and create locus tags...
selected: 1338
improve annotations...
	revised gene symbols: 3

genome statistics:
	Genome size: 1,384,478 bp
	Contigs/replicons: 160
	GC: 28.0 %
	N50: 434,933
	N ratio: 0.0 %
	coding density: 84.5 %

annotation summary:
	tRNAs: 32
	tmRNAs: 1
	rRNAs: 3
	ncRNAs: 2
	ncRNA regions: 0
	CRISPR arrays: 0
	CDSs: 1299
		hypotheticals: 65
		pseudogenes: 7
		signal peptides: 168
	sORFs: 0
	gaps: 0
	oriCs/oriVs: 1
	oriTs: 0

export annotation results to: /home/mf019/longread_GWAS/longread_analysis/paired_assemblies/paired_only/longread/annotation/URI117H
	human readable TSV...
	GFF3...
	INSDC GenBank & EMBL...
	genome sequences...
	feature nucleotide sequences...
	translated CDS sequences...
	circular genome plot...
	hypothetical TSV...
	translated hypothetical CDS sequences...
	machine readable JSON...
	genome and annotation summary...

If you use these results please cite Bakta: https://doi.org/10.1099/mgen.0.000685
Annotation successfully finished in 4:24 [mm:ss].
