Bakta v1.9.3
Options and arguments:
	input: /home/mf019/longread_GWAS/longread_analysis/paired_assemblies/paired_only/longread/contigs/URI112H.fasta
	db: /home/mf019/db/bakta, version 5.1, full
	output: /home/mf019/longread_GWAS/longread_analysis/paired_assemblies/paired_only/longread/annotation/URI112H
	force: True
	tmp directory: /tmp/tmpf9ks5zfo
	prefix: URI112H
	threads: 60
	translation table: 11
	gram: -
	keep contig headers: True

parse genome sequences...
	imported: 85
	filtered & revised: 85
	contigs: 85

start annotation...
predict tRNAs...
	found: 32
predict tmRNAs...
	found: 1
predict rRNAs...
	found: 5
predict ncRNAs...
	found: 2
predict ncRNA regions...
	found: 0
predict CRISPR arrays...
	found: 0
predict & annotate CDSs...
	predicted: 1369 
	discarded spurious: 0
	revised translational exceptions: 0
	detected IPSs: 1225
	found PSCs: 99
	found PSCCs: 25
	lookup annotations...
	conduct expert systems...
		amrfinder: 0
		protein sequences: 47
	signal peptides: 176
	combine annotations and mark hypotheticals...
	detect pseudogenes...
		pseudogene candidates: 9
		found pseudogenes: 3
analyze hypothetical proteins: 66
	detected Pfam hits: 1 
	calculated proteins statistics
	revise special cases...
extract sORF...
	potential: 17687
	discarded due to overlaps: 14927
	discarded spurious: 0
	detected IPSs: 0
	found PSCs: 0
	lookup annotations...
	filter and combine annotations...
	filtered sORFs: 0
detect gaps...
	found: 0
detect oriCs/oriVs...
	found: 1
detect oriTs...
	found: 0
apply feature overlap filters...
select features and create locus tags...
selected: 1407
improve annotations...
	revised gene symbols: 3

genome statistics:
	Genome size: 1,431,440 bp
	Contigs/replicons: 85
	GC: 28.1 %
	N50: 903,099
	N ratio: 0.0 %
	coding density: 85.7 %

annotation summary:
	tRNAs: 32
	tmRNAs: 1
	rRNAs: 5
	ncRNAs: 2
	ncRNA regions: 0
	CRISPR arrays: 0
	CDSs: 1366
		hypotheticals: 64
		pseudogenes: 3
		signal peptides: 175
	sORFs: 0
	gaps: 0
	oriCs/oriVs: 1
	oriTs: 0

export annotation results to: /home/mf019/longread_GWAS/longread_analysis/paired_assemblies/paired_only/longread/annotation/URI112H
	human readable TSV...
	GFF3...
	INSDC GenBank & EMBL...
	genome sequences...
	feature nucleotide sequences...
	translated CDS sequences...
	circular genome plot...
	hypothetical TSV...
	translated hypothetical CDS sequences...
	machine readable JSON...
	genome and annotation summary...

If you use these results please cite Bakta: https://doi.org/10.1099/mgen.0.000685
Annotation successfully finished in 3:55 [mm:ss].
