Bakta v1.9.3
Options and arguments:
	input: /home/mf019/longread_GWAS/longread_analysis/paired_assemblies/paired_only/longread/contigs/URI39H.fasta
	db: /home/mf019/db/bakta, version 5.1, full
	output: /home/mf019/longread_GWAS/longread_analysis/paired_assemblies/paired_only/longread/annotation/URI39H
	force: True
	tmp directory: /tmp/tmpz4oob7fx
	prefix: URI39H
	threads: 60
	translation table: 11
	gram: -
	keep contig headers: True

parse genome sequences...
	imported: 28
	filtered & revised: 28
	contigs: 28

start annotation...
predict tRNAs...
	found: 32
predict tmRNAs...
	found: 1
predict rRNAs...
	found: 5
predict ncRNAs...
	found: 2
predict ncRNA regions...
	found: 0
predict CRISPR arrays...
	found: 0
predict & annotate CDSs...
	predicted: 1545 
	discarded spurious: 0
	revised translational exceptions: 0
	detected IPSs: 1391
	found PSCs: 98
	found PSCCs: 29
	lookup annotations...
	conduct expert systems...
		amrfinder: 0
		protein sequences: 54
	signal peptides: 190
	combine annotations and mark hypotheticals...
	detect pseudogenes...
		pseudogene candidates: 18
		found pseudogenes: 13
analyze hypothetical proteins: 90
	detected Pfam hits: 2 
	calculated proteins statistics
	revise special cases...
extract sORF...
	potential: 19334
	discarded due to overlaps: 16399
	discarded spurious: 0
	detected IPSs: 0
	found PSCs: 0
	lookup annotations...
	filter and combine annotations...
	filtered sORFs: 0
detect gaps...
	found: 0
detect oriCs/oriVs...
	found: 1
detect oriTs...
	found: 0
apply feature overlap filters...
select features and create locus tags...
selected: 1583
improve annotations...
	revised gene symbols: 5

genome statistics:
	Genome size: 1,557,202 bp
	Contigs/replicons: 28
	GC: 28.2 %
	N50: 920,673
	N ratio: 0.0 %
	coding density: 85.8 %

annotation summary:
	tRNAs: 32
	tmRNAs: 1
	rRNAs: 5
	ncRNAs: 2
	ncRNA regions: 0
	CRISPR arrays: 0
	CDSs: 1542
		hypotheticals: 88
		pseudogenes: 13
		signal peptides: 187
	sORFs: 0
	gaps: 0
	oriCs/oriVs: 1
	oriTs: 0

export annotation results to: /home/mf019/longread_GWAS/longread_analysis/paired_assemblies/paired_only/longread/annotation/URI39H
	human readable TSV...
	GFF3...
	INSDC GenBank & EMBL...
	genome sequences...
	feature nucleotide sequences...
	translated CDS sequences...
	circular genome plot...
	hypothetical TSV...
	translated hypothetical CDS sequences...
	machine readable JSON...
	genome and annotation summary...

If you use these results please cite Bakta: https://doi.org/10.1099/mgen.0.000685
Annotation successfully finished in 3:42 [mm:ss].
