Bakta v1.9.3
Options and arguments:
	input: /home/mf019/longread_GWAS/longread_analysis/paired_assemblies/paired_only/longread/contigs/URI46H.fasta
	db: /home/mf019/db/bakta, version 5.1, full
	output: /home/mf019/longread_GWAS/longread_analysis/paired_assemblies/paired_only/longread/annotation/URI46H
	force: True
	tmp directory: /tmp/tmp11vezszo
	prefix: URI46H
	threads: 60
	translation table: 11
	gram: -
	keep contig headers: True

parse genome sequences...
	imported: 95
	filtered & revised: 95
	contigs: 95

start annotation...
predict tRNAs...
	found: 32
predict tmRNAs...
	found: 1
predict rRNAs...
	found: 5
predict ncRNAs...
	found: 2
predict ncRNA regions...
	found: 0
predict CRISPR arrays...
	found: 0
predict & annotate CDSs...
	predicted: 1366 
	discarded spurious: 0
	revised translational exceptions: 0
	detected IPSs: 1227
	found PSCs: 92
	found PSCCs: 31
	lookup annotations...
	conduct expert systems...
		amrfinder: 0
		protein sequences: 47
	signal peptides: 178
	combine annotations and mark hypotheticals...
	detect pseudogenes...
		pseudogene candidates: 7
		found pseudogenes: 4
analyze hypothetical proteins: 64
	detected Pfam hits: 1 
	calculated proteins statistics
	revise special cases...
extract sORF...
	potential: 17741
	discarded due to overlaps: 14839
	discarded spurious: 0
	detected IPSs: 0
	found PSCs: 0
	lookup annotations...
	filter and combine annotations...
	filtered sORFs: 0
detect gaps...
	found: 0
detect oriCs/oriVs...
	found: 1
detect oriTs...
	found: 0
apply feature overlap filters...
select features and create locus tags...
selected: 1404
improve annotations...
	revised gene symbols: 3

genome statistics:
	Genome size: 1,437,550 bp
	Contigs/replicons: 95
	GC: 28.0 %
	N50: 906,762
	N ratio: 0.0 %
	coding density: 84.8 %

annotation summary:
	tRNAs: 32
	tmRNAs: 1
	rRNAs: 5
	ncRNAs: 2
	ncRNA regions: 0
	CRISPR arrays: 0
	CDSs: 1363
		hypotheticals: 62
		pseudogenes: 4
		signal peptides: 175
	sORFs: 0
	gaps: 0
	oriCs/oriVs: 1
	oriTs: 0

export annotation results to: /home/mf019/longread_GWAS/longread_analysis/paired_assemblies/paired_only/longread/annotation/URI46H
	human readable TSV...
	GFF3...
	INSDC GenBank & EMBL...
	genome sequences...
	feature nucleotide sequences...
	translated CDS sequences...
	circular genome plot...
	hypothetical TSV...
	translated hypothetical CDS sequences...
	machine readable JSON...
	genome and annotation summary...

If you use these results please cite Bakta: https://doi.org/10.1099/mgen.0.000685
Annotation successfully finished in 4:08 [mm:ss].
