Bakta v1.9.3
Options and arguments:
	input: /home/mf019/longread_GWAS/longread_analysis/paired_assemblies/paired_only/longread/contigs/URI41H.fasta
	db: /home/mf019/db/bakta, version 5.1, full
	output: /home/mf019/longread_GWAS/longread_analysis/paired_assemblies/paired_only/longread/annotation/URI41H
	force: True
	tmp directory: /tmp/tmpi7bfle34
	prefix: URI41H
	threads: 60
	translation table: 11
	gram: -
	keep contig headers: True

parse genome sequences...
	imported: 84
	filtered & revised: 84
	contigs: 84

start annotation...
predict tRNAs...
	found: 32
predict tmRNAs...
	found: 1
predict rRNAs...
	found: 5
predict ncRNAs...
	found: 2
predict ncRNA regions...
	found: 0
predict CRISPR arrays...
	found: 0
predict & annotate CDSs...
	predicted: 1440 
	discarded spurious: 0
	revised translational exceptions: 0
	detected IPSs: 1287
	found PSCs: 93
	found PSCCs: 27
	lookup annotations...
	conduct expert systems...
		amrfinder: 0
		protein sequences: 50
	signal peptides: 174
	combine annotations and mark hypotheticals...
	detect pseudogenes...
		pseudogene candidates: 18
		found pseudogenes: 15
analyze hypothetical proteins: 87
	detected Pfam hits: 3 
	calculated proteins statistics
	revise special cases...
extract sORF...
	potential: 18152
	discarded due to overlaps: 15482
	discarded spurious: 0
	detected IPSs: 0
	found PSCs: 0
	lookup annotations...
	filter and combine annotations...
	filtered sORFs: 0
detect gaps...
	found: 0
detect oriCs/oriVs...
	found: 1
detect oriTs...
	found: 0
apply feature overlap filters...
select features and create locus tags...
selected: 1478
improve annotations...
	revised gene symbols: 4

genome statistics:
	Genome size: 1,468,867 bp
	Contigs/replicons: 84
	GC: 28.3 %
	N50: 914,354
	N ratio: 0.0 %
	coding density: 85.8 %

annotation summary:
	tRNAs: 32
	tmRNAs: 1
	rRNAs: 5
	ncRNAs: 2
	ncRNA regions: 0
	CRISPR arrays: 0
	CDSs: 1437
		hypotheticals: 85
		pseudogenes: 15
		signal peptides: 172
	sORFs: 0
	gaps: 0
	oriCs/oriVs: 1
	oriTs: 0

export annotation results to: /home/mf019/longread_GWAS/longread_analysis/paired_assemblies/paired_only/longread/annotation/URI41H
	human readable TSV...
	GFF3...
	INSDC GenBank & EMBL...
	genome sequences...
	feature nucleotide sequences...
	translated CDS sequences...
	circular genome plot...
	hypothetical TSV...
	translated hypothetical CDS sequences...
	machine readable JSON...
	genome and annotation summary...

If you use these results please cite Bakta: https://doi.org/10.1099/mgen.0.000685
Annotation successfully finished in 3:52 [mm:ss].
