Bakta v1.9.3
Options and arguments:
	input: /home/mf019/longread_GWAS/longread_analysis/paired_assemblies/paired_only/longread/contigs/URI56H.fasta
	db: /home/mf019/db/bakta, version 5.1, full
	output: /home/mf019/longread_GWAS/longread_analysis/paired_assemblies/paired_only/longread/annotation/URI56H
	force: True
	tmp directory: /tmp/tmpvxl83r7n
	prefix: URI56H
	threads: 60
	translation table: 11
	gram: -
	keep contig headers: True

parse genome sequences...
	imported: 230
	filtered & revised: 230
	contigs: 230

start annotation...
predict tRNAs...
	found: 32
predict tmRNAs...
	found: 1
predict rRNAs...
	found: 5
predict ncRNAs...
	found: 2
predict ncRNA regions...
	found: 0
predict CRISPR arrays...
	found: 0
predict & annotate CDSs...
	predicted: 1190 
	discarded spurious: 0
	revised translational exceptions: 0
	detected IPSs: 1042
	found PSCs: 91
	found PSCCs: 34
	lookup annotations...
	conduct expert systems...
		amrfinder: 0
		protein sequences: 39
	signal peptides: 152
	combine annotations and mark hypotheticals...
	detect pseudogenes...
		pseudogene candidates: 10
		found pseudogenes: 3
analyze hypothetical proteins: 70
	detected Pfam hits: 4 
	calculated proteins statistics
	revise special cases...
extract sORF...
	potential: 15986
	discarded due to overlaps: 13225
	discarded spurious: 0
	detected IPSs: 0
	found PSCs: 0
	lookup annotations...
	filter and combine annotations...
	filtered sORFs: 0
detect gaps...
	found: 0
detect oriCs/oriVs...
	found: 1
detect oriTs...
	found: 0
apply feature overlap filters...
select features and create locus tags...
selected: 1228
improve annotations...
	revised gene symbols: 4

genome statistics:
	Genome size: 1,297,641 bp
	Contigs/replicons: 230
	GC: 28.2 %
	N50: 903,272
	N ratio: 0.0 %
	coding density: 83.1 %

annotation summary:
	tRNAs: 32
	tmRNAs: 1
	rRNAs: 5
	ncRNAs: 2
	ncRNA regions: 0
	CRISPR arrays: 0
	CDSs: 1187
		hypotheticals: 68
		pseudogenes: 3
		signal peptides: 149
	sORFs: 0
	gaps: 0
	oriCs/oriVs: 1
	oriTs: 0

export annotation results to: /home/mf019/longread_GWAS/longread_analysis/paired_assemblies/paired_only/longread/annotation/URI56H
	human readable TSV...
	GFF3...
	INSDC GenBank & EMBL...
	genome sequences...
	feature nucleotide sequences...
	translated CDS sequences...
	circular genome plot...
	hypothetical TSV...
	translated hypothetical CDS sequences...
	machine readable JSON...
	genome and annotation summary...

If you use these results please cite Bakta: https://doi.org/10.1099/mgen.0.000685
Annotation successfully finished in 4:47 [mm:ss].
