Bakta v1.9.3
Options and arguments:
	input: /home/mf019/longread_GWAS/longread_analysis/paired_assemblies/paired_only/longread/contigs/URI89H.fasta
	db: /home/mf019/db/bakta, version 5.1, full
	output: /home/mf019/longread_GWAS/longread_analysis/paired_assemblies/paired_only/longread/annotation/URI89H
	force: True
	tmp directory: /tmp/tmpen8mkvcd
	prefix: URI89H
	threads: 60
	translation table: 11
	gram: -
	keep contig headers: True

parse genome sequences...
	imported: 85
	filtered & revised: 85
	contigs: 85

start annotation...
predict tRNAs...
	found: 32
predict tmRNAs...
	found: 1
predict rRNAs...
	found: 5
predict ncRNAs...
	found: 2
predict ncRNA regions...
	found: 0
predict CRISPR arrays...
	found: 0
predict & annotate CDSs...
	predicted: 1529 
	discarded spurious: 0
	revised translational exceptions: 0
	detected IPSs: 1351
	found PSCs: 119
	found PSCCs: 28
	lookup annotations...
	conduct expert systems...
		amrfinder: 0
		protein sequences: 53
	signal peptides: 188
	combine annotations and mark hypotheticals...
	detect pseudogenes...
		pseudogene candidates: 22
		found pseudogenes: 18
analyze hypothetical proteins: 90
	detected Pfam hits: 2 
	calculated proteins statistics
	revise special cases...
extract sORF...
	potential: 19328
	discarded due to overlaps: 16293
	discarded spurious: 0
	detected IPSs: 0
	found PSCs: 0
	lookup annotations...
	filter and combine annotations...
	filtered sORFs: 0
detect gaps...
	found: 0
detect oriCs/oriVs...
	found: 1
detect oriTs...
	found: 0
apply feature overlap filters...
select features and create locus tags...
selected: 1567
improve annotations...
	revised gene symbols: 5

genome statistics:
	Genome size: 1,553,229 bp
	Contigs/replicons: 85
	GC: 28.2 %
	N50: 910,720
	N ratio: 0.0 %
	coding density: 85.3 %

annotation summary:
	tRNAs: 32
	tmRNAs: 1
	rRNAs: 5
	ncRNAs: 2
	ncRNA regions: 0
	CRISPR arrays: 0
	CDSs: 1526
		hypotheticals: 88
		pseudogenes: 18
		signal peptides: 186
	sORFs: 0
	gaps: 0
	oriCs/oriVs: 1
	oriTs: 0

export annotation results to: /home/mf019/longread_GWAS/longread_analysis/paired_assemblies/paired_only/longread/annotation/URI89H
	human readable TSV...
	GFF3...
	INSDC GenBank & EMBL...
	genome sequences...
	feature nucleotide sequences...
	translated CDS sequences...
	circular genome plot...
	hypothetical TSV...
	translated hypothetical CDS sequences...
	machine readable JSON...
	genome and annotation summary...

If you use these results please cite Bakta: https://doi.org/10.1099/mgen.0.000685
Annotation successfully finished in 4:01 [mm:ss].
