Bakta v1.9.3
Options and arguments:
	input: /home/mf019/longread_GWAS/longread_analysis/paired_assemblies/paired_only/longread/contigs/URI91H.fasta
	db: /home/mf019/db/bakta, version 5.1, full
	output: /home/mf019/longread_GWAS/longread_analysis/paired_assemblies/paired_only/longread/annotation/URI91H
	force: True
	tmp directory: /tmp/tmpntmeb91a
	prefix: URI91H
	threads: 60
	translation table: 11
	gram: -
	keep contig headers: True

parse genome sequences...
	imported: 26
	filtered & revised: 26
	contigs: 26

start annotation...
predict tRNAs...
	found: 32
predict tmRNAs...
	found: 1
predict rRNAs...
	found: 5
predict ncRNAs...
	found: 2
predict ncRNA regions...
	found: 0
predict CRISPR arrays...
	found: 0
predict & annotate CDSs...
	predicted: 1577 
	discarded spurious: 0
	revised translational exceptions: 0
	detected IPSs: 1434
	found PSCs: 93
	found PSCCs: 23
	lookup annotations...
	conduct expert systems...
		amrfinder: 0
		protein sequences: 57
	signal peptides: 190
	combine annotations and mark hypotheticals...
	detect pseudogenes...
		pseudogene candidates: 19
		found pseudogenes: 15
analyze hypothetical proteins: 85
	detected Pfam hits: 2 
	calculated proteins statistics
	revise special cases...
extract sORF...
	potential: 19745
	discarded due to overlaps: 16744
	discarded spurious: 0
	detected IPSs: 0
	found PSCs: 0
	lookup annotations...
	filter and combine annotations...
	filtered sORFs: 0
detect gaps...
	found: 0
detect oriCs/oriVs...
	found: 1
detect oriTs...
	found: 0
apply feature overlap filters...
select features and create locus tags...
selected: 1615
improve annotations...
	revised gene symbols: 4

genome statistics:
	Genome size: 1,588,266 bp
	Contigs/replicons: 26
	GC: 28.2 %
	N50: 910,690
	N ratio: 0.0 %
	coding density: 85.7 %

annotation summary:
	tRNAs: 32
	tmRNAs: 1
	rRNAs: 5
	ncRNAs: 2
	ncRNA regions: 0
	CRISPR arrays: 0
	CDSs: 1574
		hypotheticals: 83
		pseudogenes: 15
		signal peptides: 180
	sORFs: 0
	gaps: 0
	oriCs/oriVs: 1
	oriTs: 0

export annotation results to: /home/mf019/longread_GWAS/longread_analysis/paired_assemblies/paired_only/longread/annotation/URI91H
	human readable TSV...
	GFF3...
	INSDC GenBank & EMBL...
	genome sequences...
	feature nucleotide sequences...
	translated CDS sequences...
	circular genome plot...
	hypothetical TSV...
	translated hypothetical CDS sequences...
	machine readable JSON...
	genome and annotation summary...

If you use these results please cite Bakta: https://doi.org/10.1099/mgen.0.000685
Annotation successfully finished in 3:51 [mm:ss].
