Bakta v1.9.3
Options and arguments:
	input: /home/mf019/longread_GWAS/longread_analysis/paired_assemblies/paired_only/longread/contigs/UWI263P.fasta
	db: /home/mf019/db/bakta, version 5.1, full
	output: /home/mf019/longread_GWAS/longread_analysis/paired_assemblies/paired_only/longread/annotation/UWI263P
	force: True
	tmp directory: /tmp/tmpnnh72pbq
	prefix: UWI263P
	threads: 60
	translation table: 11
	gram: -
	keep contig headers: True

parse genome sequences...
	imported: 19
	filtered & revised: 19
	contigs: 19

start annotation...
predict tRNAs...
	found: 32
predict tmRNAs...
	found: 1
predict rRNAs...
	found: 5
predict ncRNAs...
	found: 2
predict ncRNA regions...
	found: 0
predict CRISPR arrays...
	found: 0
predict & annotate CDSs...
	predicted: 1375 
	discarded spurious: 0
	revised translational exceptions: 0
	detected IPSs: 1178
	found PSCs: 142
	found PSCCs: 38
	lookup annotations...
	conduct expert systems...
		amrfinder: 0
		protein sequences: 48
	signal peptides: 185
	combine annotations and mark hypotheticals...
	detect pseudogenes...
		pseudogene candidates: 15
		found pseudogenes: 14
analyze hypothetical proteins: 51
	detected Pfam hits: 1 
	calculated proteins statistics
	revise special cases...
extract sORF...
	potential: 17609
	discarded due to overlaps: 15052
	discarded spurious: 0
	detected IPSs: 0
	found PSCs: 0
	lookup annotations...
	filter and combine annotations...
	filtered sORFs: 0
detect gaps...
	found: 0
detect oriCs/oriVs...
	found: 1
detect oriTs...
	found: 0
apply feature overlap filters...
select features and create locus tags...
selected: 1413
improve annotations...
	revised gene symbols: 3

genome statistics:
	Genome size: 1,409,038 bp
	Contigs/replicons: 19
	GC: 28.2 %
	N50: 907,926
	N ratio: 0.0 %
	coding density: 87.1 %

annotation summary:
	tRNAs: 32
	tmRNAs: 1
	rRNAs: 5
	ncRNAs: 2
	ncRNA regions: 0
	CRISPR arrays: 0
	CDSs: 1372
		hypotheticals: 49
		pseudogenes: 14
		signal peptides: 182
	sORFs: 0
	gaps: 0
	oriCs/oriVs: 1
	oriTs: 0

export annotation results to: /home/mf019/longread_GWAS/longread_analysis/paired_assemblies/paired_only/longread/annotation/UWI263P
	human readable TSV...
	GFF3...
	INSDC GenBank & EMBL...
	genome sequences...
	feature nucleotide sequences...
	translated CDS sequences...
	circular genome plot...
	hypothetical TSV...
	translated hypothetical CDS sequences...
	machine readable JSON...
	genome and annotation summary...

If you use these results please cite Bakta: https://doi.org/10.1099/mgen.0.000685
Annotation successfully finished in 3:45 [mm:ss].
