Bakta v1.9.3
Options and arguments:
	input: /home/mf019/longread_GWAS/longread_analysis/paired_assemblies/paired_only/longread/contigs/UWI248P.fasta
	db: /home/mf019/db/bakta, version 5.1, full
	output: /home/mf019/longread_GWAS/longread_analysis/paired_assemblies/paired_only/longread/annotation/UWI248P
	force: True
	tmp directory: /tmp/tmpg5vkoobe
	prefix: UWI248P
	threads: 60
	translation table: 11
	gram: -
	keep contig headers: True

parse genome sequences...
	imported: 18
	filtered & revised: 18
	contigs: 18

start annotation...
predict tRNAs...
	found: 32
predict tmRNAs...
	found: 1
predict rRNAs...
	found: 5
predict ncRNAs...
	found: 2
predict ncRNA regions...
	found: 0
predict CRISPR arrays...
	found: 0
predict & annotate CDSs...
	predicted: 1340 
	discarded spurious: 0
	revised translational exceptions: 0
	detected IPSs: 1191
	found PSCs: 101
	found PSCCs: 31
	lookup annotations...
	conduct expert systems...
		amrfinder: 0
		protein sequences: 45
	signal peptides: 182
	combine annotations and mark hypotheticals...
	detect pseudogenes...
		pseudogene candidates: 12
		found pseudogenes: 8
analyze hypothetical proteins: 59
	detected Pfam hits: 1 
	calculated proteins statistics
	revise special cases...
extract sORF...
	potential: 17337
	discarded due to overlaps: 14770
	discarded spurious: 0
	detected IPSs: 0
	found PSCs: 0
	lookup annotations...
	filter and combine annotations...
	filtered sORFs: 0
detect gaps...
	found: 0
detect oriCs/oriVs...
	found: 1
detect oriTs...
	found: 0
apply feature overlap filters...
select features and create locus tags...
selected: 1378
improve annotations...
	revised gene symbols: 3

genome statistics:
	Genome size: 1,387,586 bp
	Contigs/replicons: 18
	GC: 28.2 %
	N50: 910,022
	N ratio: 0.0 %
	coding density: 86.9 %

annotation summary:
	tRNAs: 32
	tmRNAs: 1
	rRNAs: 5
	ncRNAs: 2
	ncRNA regions: 0
	CRISPR arrays: 0
	CDSs: 1337
		hypotheticals: 57
		pseudogenes: 8
		signal peptides: 182
	sORFs: 0
	gaps: 0
	oriCs/oriVs: 1
	oriTs: 0

export annotation results to: /home/mf019/longread_GWAS/longread_analysis/paired_assemblies/paired_only/longread/annotation/UWI248P
	human readable TSV...
	GFF3...
	INSDC GenBank & EMBL...
	genome sequences...
	feature nucleotide sequences...
	translated CDS sequences...
	circular genome plot...
	hypothetical TSV...
	translated hypothetical CDS sequences...
	machine readable JSON...
	genome and annotation summary...

If you use these results please cite Bakta: https://doi.org/10.1099/mgen.0.000685
Annotation successfully finished in 3:53 [mm:ss].
