Aligning contigs to reference...
	Aligning contigs to the reference
Filtering alignments...
Parsing coords...
Loading reference...
	Loaded [NC_001853.1]
	Loaded [NC_000949.1]
	Loaded [NC_001855.1]
	Loaded [NC_001318.1]
	Loaded [NC_001854.1]
	Loaded [NC_001904.1]
	Loaded [NC_000948.1]
	Loaded [NC_001857.2]
	Loaded [NC_001856.1]
	Loaded [NC_000951.1]
	Loaded [NC_000950.1]
	Loaded [NC_001850.1]
	Loaded [NC_000956.1]
	Loaded [NC_001903.1]
	Loaded [NC_001851.2]
	Loaded [NC_001852.1]
	Loaded [NC_000957.1]
	Loaded [NC_000954.1]
	Loaded [NC_000955.2]
	Loaded [NC_001849.2]
	Loaded [NC_000953.1]
	Loaded [NC_000952.1]
	Total Regions: 22
	Total Region Length: 1521208
Analyzing contigs...
CONTIG: contig_1 (910082bp)
Best alignment score: 899815.7 (LEN: 904883, IDY: 99.44), Total number of alignments: 2
		Skipping these alignments as insignificant (option --ambiguity-score is set to "0.99"):
			Skipping alignment 905349 908924 | 904891 908466 | 3576 3576 | 98.99 | NC_001318.1 contig_1
		One align captures most of this contig: 43 905026 | 11 904893 | 904984 904883 | 99.44 | NC_001318.1 contig_1

CONTIG: contig_2 (53982bp)
Best alignment score: 30065.1 (LEN: 30332, IDY: 99.12), Total number of alignments: 3
			Looking for the best set of alignments (out of 3 total alignments)
			The best set is below. Score: 50281.7, number of alignments: 3, unaligned bases: 3324
		This contig is misassembled.
		This contig is partially unaligned. (Aligned 50658 out of 53982 non-N bases (93.84%))
			Real Alignment 1: 49147 53657 | 4529 18 | 4511 4512 | 99.51 | NC_001857.2 contig_2
			  Gap between these two alignments (local misassembly). Inconsistency = -346
			Real Alignment 2: 16085 46464 | 37889 7558 | 30380 30332 | 99.12 | NC_001857.2 contig_2
			  Gap between these two alignments (local misassembly). Inconsistency = 2
			Real Alignment 3: 1 15804 | 53981 38168 | 15804 15814 | 99.6 | NC_001857.2 contig_2
		Unaligned bases: 3324

CONTIG: contig_3 (31110bp)
Best alignment score: 9099.8 (LEN: 9475, IDY: 96.04), Total number of alignments: 6
			Looking for the best set of alignments (out of 6 total alignments)
			Skipping redundant alignments after choosing the best set of alignments
		Skipping redundant alignment 27997 28230 | 24306 24539 | 234 234 | 97.86 | NC_001853.1 contig_3
		This contig has several significant sets of alignments. [An ambiguously mapped contig]
		Using only the very best set (option --ambiguity-usage is set to "one").
			The best set is below. Score: 17994.5, number of alignments: 5, unaligned bases: 12386
		This contig is misassembled.
		This contig is partially unaligned. (Aligned 18724 out of 31110 non-N bases (60.19%))
			Real Alignment 1: 19125 28659 | 9787 313 | 9535 9475 | 96.04 | NC_001852.1 contig_3
			  Gap between these two alignments (local misassembly). Inconsistency = 0
			Real Alignment 2: 18361 18891 | 10551 10021 | 531 531 | 95.1 | NC_001852.1 contig_3
			  Gap between these two alignments (local misassembly). Inconsistency = 18
			Real Alignment 3: 9743 18062 | 19152 10832 | 8320 8321 | 99.24 | NC_001852.1 contig_3
			  Gap between these two alignments (local misassembly). Inconsistency = 114
			Real Alignment 4: 8846 8934 | 19935 19847 | 89 89 | 97.75 | NC_001852.1 contig_3
			  Extensive misassembly (translocation) between these two alignments
			Real Alignment 5: 1237 1544 | 30724 31031 | 308 308 | 96.1 | NC_001855.1 contig_3
		Unaligned bases: 12386

CONTIG: contig_4 (30920bp)
Best alignment score: 10432.7 (LEN: 10930, IDY: 95.45), Total number of alignments: 9
			Looking for the best set of alignments (out of 9 total alignments)
			Skipping redundant alignments after choosing the best set of alignments
		Skipping redundant alignment 1 3967 | 3967 1 | 3967 3967 | 95.03 | NC_000951.1 contig_4
		Skipping redundant alignment 22926 26093 | 11696 8530 | 3168 3167 | 95.33 | NC_000952.1 contig_4
		Skipping redundant alignment 18166 18804 | 16729 16097 | 639 633 | 96.4 | NC_000952.1 contig_4
		Skipping redundant alignment 18142 18783 | 16729 16094 | 642 636 | 96.26 | NC_000953.1 contig_4
		This contig has several significant sets of alignments. [An ambiguously mapped contig]
		Using only the very best set (option --ambiguity-usage is set to "one").
			The best set is below. Score: 19443.8, number of alignments: 5, unaligned bases: 10077
		This contig is misassembled.
		This contig is partially unaligned. (Aligned 20843 out of 30920 non-N bases (67.41%))
			Real Alignment 1: 1 3970 | 3967 1 | 3970 3967 | 96.36 | NC_000950.1 contig_4
			  Extensive misassembly (translocation) between these two alignments
			Real Alignment 2: 23024 26320 | 11696 8399 | 3297 3298 | 95.39 | NC_000948.1 contig_4
			  Gap between these two alignments (local misassembly). Inconsistency = -30
			Real Alignment 3: 18816 20827 | 15928 13923 | 2012 2006 | 95.83 | NC_000948.1 contig_4
			  Indel (> 5bp) between these two alignments: insertion of length 159; 0 mismatches (number of Ns: 0)
			Real Alignment 4: 18169 18815 | 16729 16088 | 647 642 | 96.91 | NC_000948.1 contig_4
			  Extensive misassembly (translocation) between these two alignments
			Real Alignment 5: 3818 14773 | 30920 19991 | 10956 10930 | 95.45 | NC_000952.1 contig_4
		Unaligned bases: 10077

CONTIG: contig_5 (30722bp)
Best alignment score: 15996.8 (LEN: 16285, IDY: 98.23), Total number of alignments: 9
			Looking for the best set of alignments (out of 9 total alignments)
			Skipping redundant alignments after choosing the best set of alignments
		Skipping redundant alignment 1667 2084 | 30189 29773 | 418 417 | 96.89 | NC_001851.2 contig_5
		Skipping redundant alignment 1180 1766 | 26078 25490 | 587 589 | 95.76 | NC_000955.2 contig_5
		Skipping redundant alignment 140 314 | 27855 27679 | 175 177 | 96.05 | NC_001849.2 contig_5
		Skipping redundant alignment 52624 52798 | 27679 27855 | 175 177 | 96.05 | NC_000956.1 contig_5
		This contig has several significant sets of alignments. [An ambiguously mapped contig]
		Using only the very best set (option --ambiguity-usage is set to "one").
			The best set is below. Score: 25532.0, number of alignments: 5, unaligned bases: 3779
		This contig is misassembled.
		This contig is partially unaligned. (Aligned 26943 out of 30722 non-N bases (87.70%))
			Real Alignment 1: 1 2197 | 49 2246 | 2197 2198 | 99.04 | NC_001855.1 contig_5
			  Extensive misassembly (translocation) between these two alignments
			Excluding internal overlap of size 2222 between Alignment 2 and 3: 23017 25877 | 5951 3091 | 2861 2861 --> 25239 25877 | 3729 3091 | 639 639
			Real Alignment 2: 25239 25877 | 3729 3091 | 639 639 | 99.16 | NC_001854.1 contig_5
			  Extensive misassembly (relocation, inconsistency = 1090) between these two alignments
			Excluding internal overlap of size 37 between Alignment 3 and 4: 1627 7374 | 25725 19978 | 5748 5748 --> 1627 7337 | 25725 20015 | 5711 5711
			Real Alignment 3: 7878 24148 | 20014 3730 | 16271 16285 | 98.23 | NC_001854.1 contig_5
			  Gap between these two alignments (local misassembly). Inconsistency = 540
			Real Alignment 4: 1627 7337 | 25725 20015 | 5711 5711 | 99.39 | NC_001854.1 contig_5
			  Extensive misassembly (translocation) between these two alignments
			Real Alignment 5: 1 2109 | 29965 27856 | 2109 2110 | 99.15 | NC_001851.2 contig_5
		Unaligned bases: 3779

CONTIG: contig_6 (27823bp)
Best alignment score: 5996.1 (LEN: 6220, IDY: 96.40), Total number of alignments: 2
			Looking for the best set of alignments (out of 2 total alignments)
			Skipping redundant alignments after choosing the best set of alignments
		Skipping redundant alignment 2877 2988 | 7808 7697 | 112 112 | 95.54 | NC_000956.1 contig_6
			The best set is below. Score: 5996.1, number of alignments: 1, unaligned bases: 21603
		This contig is partially unaligned. (Aligned 6220 out of 27823 non-N bases (22.36%))
		Alignment: 24 6326 | 126 6345 | 6303 6220 | 96.4 | NC_001850.1 contig_6
		Unaligned bases: 1 to 125 (125)
		Unaligned bases: 6346 to 27823 (21478)

CONTIG: contig_7 (27704bp)
		This contig is unaligned. (27704 bp)
		Unaligned bases: 27704 (number of Ns: 0)

CONTIG: contig_8 (27293bp)
Best alignment score: 27151.1 (LEN: 27293, IDY: 99.48), Total number of alignments: 1
		One align captures most of this contig: 362 27577 | 1 27293 | 27216 27293 | 99.48 | NC_001853.1 contig_8

CONTIG: contig_9 (26511bp)
Best alignment score: 25189.4 (LEN: 25599, IDY: 98.40), Total number of alignments: 2
			Looking for the best set of alignments (out of 2 total alignments)
			The best set is below. Score: 26092.4, number of alignments: 2, unaligned bases: 5
		This contig is misassembled.
			Real Alignment 1: 4 25589 | 25599 1 | 25586 25599 | 98.4 | NC_001903.1 contig_9
			  Not a misassembly [linear representation of circular genome] between these two alignments
			Real Alignment 2: 25590 26496 | 26511 25605 | 907 907 | 99.56 | NC_001903.1 contig_9

CONTIG: contig_10 (25827bp)
		This contig is unaligned. (25827 bp)
		Unaligned bases: 25827 (number of Ns: 0)

CONTIG: contig_11 (24923bp)
Best alignment score: 19316.7 (LEN: 19447, IDY: 99.33), Total number of alignments: 10
			Looking for the best set of alignments (out of 10 total alignments)
			Skipping redundant alignments after choosing the best set of alignments
		Skipping redundant alignment 52890 52970 | 24816 24896 | 81 81 | 98.77 | NC_000956.1 contig_11
		Skipping redundant alignment 2 88 | 24902 24816 | 87 87 | 98.85 | NC_001853.1 contig_11
		Skipping redundant alignment 10655 11657 | 4085 5086 | 1003 1002 | 99.2 | NC_001851.2 contig_11
		Skipping redundant alignment 1204 1363 | 23682 23523 | 160 160 | 96.25 | NC_001854.1 contig_11
		Skipping redundant alignment 1 83 | 24893 24811 | 83 83 | 97.59 | NC_001849.2 contig_11
		This contig has several significant sets of alignments. [An ambiguously mapped contig]
		Using only the very best set (option --ambiguity-usage is set to "one").
			The best set is below. Score: 21190.9, number of alignments: 5, unaligned bases: 2739
		This contig is misassembled.
		This contig is partially unaligned. (Aligned 22184 out of 24923 non-N bases (89.01%))
			Real Alignment 1: 34385 35481 | 1583 488 | 1097 1096 | 99.18 | NC_001855.1 contig_11
			  Extensive misassembly (translocation) between these two alignments
			Excluding internal overlap of size 71 between Alignment 2 and 3: 9778 10270 | 2581 3073 | 493 493 --> 9849 10270 | 2652 3073 | 422 422
			Real Alignment 2: 3153 4117 | 2651 1685 | 965 967 | 95.24 | NC_001852.1 contig_11
			  Extensive misassembly (translocation) between these two alignments
			Real Alignment 3: 9849 10270 | 2652 3073 | 422 422 | 97.57 | NC_001851.2 contig_11
			  Indel (> 5bp) between these two alignments: insertion of length 62; 0 mismatches (number of Ns: 0)
			Real Alignment 4: 10271 10522 | 3136 3387 | 252 252 | 96.43 | NC_001851.2 contig_11
			  Extensive misassembly (translocation) between these two alignments
			Real Alignment 5: 3760 23197 | 23774 4328 | 19438 19447 | 99.33 | NC_001855.1 contig_11
		Unaligned bases: 2739

CONTIG: contig_12 (24444bp)
Best alignment score: 15761.1 (LEN: 16299, IDY: 96.70), Total number of alignments: 2
			Looking for the best set of alignments (out of 2 total alignments)
			Skipping redundant alignments after choosing the best set of alignments
		Skipping redundant alignment 2400 2500 | 610 710 | 101 101 | 100.0 | NC_001851.2 contig_12
		This contig has several significant sets of alignments. [An ambiguously mapped contig]
		Using only the very best set (option --ambiguity-usage is set to "one").
			The best set is below. Score: 15761.1, number of alignments: 1, unaligned bases: 8145
		This contig is partially unaligned. (Aligned 16299 out of 24444 non-N bases (66.68%))
		Alignment: 7460 23727 | 20702 4404 | 16268 16299 | 96.7 | NC_001852.1 contig_12
		Unaligned bases: 1 to 4403 (4403)
		Unaligned bases: 20703 to 24444 (3742)

CONTIG: contig_13 (23159bp)
Best alignment score: 370.2 (LEN: 380, IDY: 97.43), Total number of alignments: 3
			Looking for the best set of alignments (out of 3 total alignments)
			Skipping redundant alignments after choosing the best set of alignments
		Skipping redundant alignment 1175 1261 | 22759 22673 | 87 87 | 97.7 | NC_000955.2 contig_13
		Skipping redundant alignment 23095 23200 | 22654 22759 | 106 106 | 97.17 | NC_001850.1 contig_13
			The best set is below. Score: 370.2, number of alignments: 1, unaligned bases: 22779
		This contig is partially unaligned. (Aligned 380 out of 23159 non-N bases (1.64%))
		Alignment: 1938 2325 | 23159 22780 | 388 380 | 97.43 | NC_000955.2 contig_13
		Unaligned bases: 1 to 22779 (22779)

CONTIG: contig_14 (20970bp)
Best alignment score: 3889.8 (LEN: 4023, IDY: 96.69), Total number of alignments: 3
			Looking for the best set of alignments (out of 3 total alignments)
			The best set is below. Score: 7783.2, number of alignments: 3, unaligned bases: 12919
		This contig is misassembled.
		This contig is partially unaligned. (Aligned 8051 out of 20970 non-N bases (38.39%))
			Warning! This contig is more unaligned than misassembled. Contig length is 20970 (number of Ns: 0) and total length of all aligns is 8051
		Alignment: 25748 29762 | 4024 2 | 4015 4023 | 96.69 | NC_000951.1 contig_14
		Alignment: 18134 20801 | 11573 8907 | 2668 2667 | 96.56 | NC_000951.1 contig_14
		Alignment: 15141 16494 | 14676 13316 | 1354 1361 | 96.85 | NC_000951.1 contig_14
		Unaligned bases: 12919

CONTIG: contig_15 (18310bp)
Best alignment score: 11173.3 (LEN: 11434, IDY: 97.72), Total number of alignments: 3
			Looking for the best set of alignments (out of 3 total alignments)
			Skipping redundant alignments after choosing the best set of alignments
		Skipping redundant alignment 15332 15429 | 16866 16770 | 98 97 | 98.98 | NC_001849.2 contig_15
			The best set is below. Score: 12540.4, number of alignments: 2, unaligned bases: 5484
		This contig is misassembled.
		This contig is partially unaligned. (Aligned 12826 out of 18310 non-N bases (70.05%))
			Real Alignment 1: 3997 15331 | 5336 16769 | 11335 11434 | 97.72 | NC_001849.2 contig_15
			  Indel (<= 5bp) between these two alignments: deletion of length 1; 98 mismatches (number of Ns: 0)
			Real Alignment 2: 15432 16821 | 16869 18260 | 1390 1392 | 98.21 | NC_001849.2 contig_15
		Unaligned bases: 5484

CONTIG: contig_16 (13490bp)
Best alignment score: 2048.0 (LEN: 2130, IDY: 96.15), Total number of alignments: 1
			Looking for the best set of alignments (out of 1 total alignments)
			The best set is below. Score: 2048.0, number of alignments: 1, unaligned bases: 11360
		This contig is partially unaligned. (Aligned 2130 out of 13490 non-N bases (15.79%))
		Alignment: 28521 30651 | 11332 13461 | 2131 2130 | 96.15 | NC_000954.1 contig_16
		Unaligned bases: 1 to 11331 (11331)
		Unaligned bases: 13462 to 13490 (29)

CONTIG: contig_17 (9493bp)
Best alignment score: 376.1 (LEN: 392, IDY: 95.94), Total number of alignments: 1
			Looking for the best set of alignments (out of 1 total alignments)
			The best set is below. Score: 376.1, number of alignments: 1, unaligned bases: 9101
		This contig is partially unaligned. (Aligned 392 out of 9493 non-N bases (4.13%))
		Alignment: 27874 28264 | 9101 9492 | 391 392 | 95.94 | NC_000953.1 contig_17
		Unaligned bases: 1 to 9100 (9100)
		Unaligned bases: 9493 to 9493 (1)

CONTIG: contig_18 (8674bp)
Best alignment score: 4589.3 (LEN: 4663, IDY: 98.42), Total number of alignments: 3
			Looking for the best set of alignments (out of 3 total alignments)
			The best set is below. Score: 8193.4, number of alignments: 3, unaligned bases: 370
		This contig is misassembled.
			Real Alignment 1: 1 4674 | 4663 1 | 4674 4663 | 98.42 | NC_001904.1 contig_18
			  Not a misassembly [linear representation of circular genome] between these two alignments
			Real Alignment 2: 6911 9386 | 7139 4664 | 2476 2476 | 99.6 | NC_001904.1 contig_18
			  Gap between these two alignments (local misassembly). Inconsistency = 701
			Real Alignment 3: 4675 5839 | 8674 7510 | 1165 1165 | 99.74 | NC_001904.1 contig_18

CONTIG: contig_19 (3474bp)
Best alignment score: 3458.0 (LEN: 3474, IDY: 99.54), Total number of alignments: 1
		One align captures most of this contig: 6342 9815 | 3474 1 | 3474 3474 | 99.54 | NC_000952.1 contig_19

CONTIG: contig_20 (2671bp)
Best alignment score: 2665.0 (LEN: 2665, IDY: 100.00), Total number of alignments: 1
		One align captures most of this contig: 2564 5228 | 1 2665 | 2665 2665 | 100.0 | NC_000957.1 contig_20

CONTIG: contig_21 (2061bp)
		This contig is unaligned. (2061 bp)
		Unaligned bases: 2061 (number of Ns: 0)

CONTIG: contig_22 (1294bp)
Best alignment score: 1253.0 (LEN: 1289, IDY: 97.21), Total number of alignments: 4
		This contig has 4 significant alignments. [An ambiguously mapped contig]
		Using only first of these alignment (option --ambiguity-usage is set to "one"):
			Alignment: 3820 5108 | 1293 5 | 1289 1289 | 97.21 | NC_000948.1 contig_22
			Skipping alignment 3820 5108 | 1293 5 | 1289 1289 | 97.21 | NC_000953.1 contig_22
			Skipping alignment 3820 5108 | 1293 5 | 1289 1289 | 97.06 | NC_000949.1 contig_22
			Skipping alignment 3819 5107 | 1293 5 | 1289 1289 | 96.75 | NC_000952.1 contig_22

CONTIG: contig_23 (1152bp)
Best alignment score: 1144.0 (LEN: 1151, IDY: 99.39), Total number of alignments: 4
		This contig has 4 significant alignments. [An ambiguously mapped contig]
		Using only first of these alignment (option --ambiguity-usage is set to "one"):
			Alignment: 3968 5118 | 1 1151 | 1151 1151 | 99.39 | NC_000951.1 contig_23
			Skipping alignment 7431 8581 | 1 1151 | 1151 1151 | 98.52 | NC_000956.1 contig_23
			Skipping alignment 3973 5127 | 1 1151 | 1155 1151 | 98.44 | NC_000954.1 contig_23
			Skipping alignment 3971 5122 | 1 1152 | 1152 1152 | 98.35 | NC_000950.1 contig_23

CONTIG: contig_24 (1132bp)
Best alignment score: 1103.0 (LEN: 1131, IDY: 97.52), Total number of alignments: 7
		Skipping these alignments as insignificant (option --ambiguity-score is set to "0.99"):
			Skipping alignment 29595 30724 | 1131 2 | 1130 1130 | 96.46 | NC_000952.1 contig_24
			Skipping alignment 29094 30224 | 1131 1 | 1131 1131 | 96.29 | NC_000950.1 contig_24
		This contig has 5 significant alignments. [An ambiguously mapped contig]
		Using only first of these alignment (option --ambiguity-usage is set to "one"):
			Alignment: 28633 29763 | 1131 1 | 1131 1131 | 97.52 | NC_000951.1 contig_24
			Skipping alignment 29680 30809 | 1131 2 | 1130 1130 | 97.35 | NC_000953.1 contig_24
			Skipping alignment 29018 30148 | 1131 1 | 1131 1131 | 97.17 | NC_000949.1 contig_24
			Skipping alignment 29446 30575 | 1131 2 | 1130 1130 | 97.17 | NC_000954.1 contig_24
			Skipping alignment 29545 30674 | 1131 2 | 1130 1130 | 97.17 | NC_000948.1 contig_24

CONTIG: contig_25 (1129bp)
Best alignment score: 1129.0 (LEN: 1129, IDY: 100.00), Total number of alignments: 1
		One align captures most of this contig: 10488 11616 | 1129 1 | 1129 1129 | 100.0 | NC_000952.1 contig_25

CONTIG: contig_26 (1120bp)
		This contig is unaligned. (1120 bp)
		Unaligned bases: 1120 (number of Ns: 0)

CONTIG: contig_27 (1110bp)
		This contig is unaligned. (1110 bp)
		Unaligned bases: 1110 (number of Ns: 0)

CONTIG: contig_28 (1075bp)
		This contig is unaligned. (1075 bp)
		Unaligned bases: 1075 (number of Ns: 0)

CONTIG: contig_29 (1045bp)
Best alignment score: 1036.0 (LEN: 1045, IDY: 99.14), Total number of alignments: 4
		Skipping these alignments as insignificant (option --ambiguity-score is set to "0.99"):
			Skipping alignment 12795 13839 | 1045 1 | 1045 1045 | 97.89 | NC_000949.1 contig_29
			Skipping alignment 12795 13839 | 1045 1 | 1045 1045 | 97.89 | NC_000948.1 contig_29
		This contig has 2 significant alignments. [An ambiguously mapped contig]
		Using only first of these alignment (option --ambiguity-usage is set to "one"):
			Alignment: 12795 13839 | 1045 1 | 1045 1045 | 99.14 | NC_000953.1 contig_29
			Skipping alignment 12893 13937 | 1045 1 | 1045 1045 | 98.56 | NC_000954.1 contig_29

CONTIG: contig_30 (993bp)
Best alignment score: 993.0 (LEN: 993, IDY: 100.00), Total number of alignments: 1
		One align captures most of this contig: 532 1524 | 993 1 | 993 993 | 100.0 | NC_000957.1 contig_30

CONTIG: contig_31 (943bp)
		This contig is unaligned. (943 bp)
		Unaligned bases: 943 (number of Ns: 0)

CONTIG: contig_32 (942bp)
Best alignment score: 936.1 (LEN: 942, IDY: 99.37), Total number of alignments: 2
		Skipping these alignments as insignificant (option --ambiguity-score is set to "0.99"):
			Skipping alignment 35764 36708 | 1 942 | 945 942 | 98.1 | NC_001855.1 contig_32
		One align captures most of this contig: 26256 27200 | 1 942 | 945 942 | 99.37 | NC_001854.1 contig_32

CONTIG: contig_33 (920bp)
Best alignment score: 916.0 (LEN: 920, IDY: 99.57), Total number of alignments: 6
		This contig has 6 significant alignments. [An ambiguously mapped contig]
		Using only first of these alignment (option --ambiguity-usage is set to "one"):
			Alignment: 5439 6358 | 1 920 | 920 920 | 99.57 | NC_000954.1 contig_33
			Skipping alignment 8893 9812 | 1 920 | 920 920 | 99.35 | NC_000956.1 contig_33
			Skipping alignment 5433 6352 | 1 920 | 920 920 | 99.35 | NC_000950.1 contig_33
			Skipping alignment 5423 6342 | 1 920 | 920 920 | 99.02 | NC_000949.1 contig_33
			Skipping alignment 5423 6342 | 1 920 | 920 920 | 98.91 | NC_000953.1 contig_33
			Skipping alignment 5423 6342 | 1 920 | 920 920 | 98.91 | NC_000948.1 contig_33

CONTIG: contig_34 (891bp)
Best alignment score: 705.0 (LEN: 730, IDY: 96.58), Total number of alignments: 1
			Looking for the best set of alignments (out of 1 total alignments)
			The best set is below. Score: 705.0, number of alignments: 1, unaligned bases: 161
		Alignment: 29035 29764 | 891 162 | 730 730 | 96.58 | NC_001852.1 contig_34

CONTIG: contig_35 (888bp)
Best alignment score: 886.0 (LEN: 888, IDY: 99.77), Total number of alignments: 4
		This contig has 4 significant alignments. [An ambiguously mapped contig]
		Using only first of these alignment (option --ambiguity-usage is set to "one"):
			Alignment: 1808 2695 | 888 1 | 888 888 | 99.77 | NC_000952.1 contig_35
			Skipping alignment 1810 2696 | 887 1 | 887 887 | 99.77 | NC_000949.1 contig_35
			Skipping alignment 1809 2696 | 888 1 | 888 888 | 99.55 | NC_000953.1 contig_35
			Skipping alignment 1809 2696 | 888 1 | 888 888 | 99.55 | NC_000948.1 contig_35

CONTIG: contig_36 (698bp)
Best alignment score: 677.0 (LEN: 696, IDY: 97.27), Total number of alignments: 4
		Skipping these alignments as insignificant (option --ambiguity-score is set to "0.99"):
			Skipping alignment 16125 16793 | 698 30 | 669 669 | 96.26 | NC_000953.1 contig_36
			Skipping alignment 19623 20229 | 698 92 | 607 607 | 97.03 | NC_000956.1 contig_36
		This contig has 2 significant alignments. [An ambiguously mapped contig]
		Using only first of these alignment (option --ambiguity-usage is set to "one"):
			Alignment: 16134 16829 | 696 1 | 696 696 | 97.27 | NC_000952.1 contig_36
			Skipping alignment 16222 16919 | 698 1 | 698 698 | 96.85 | NC_000954.1 contig_36

CONTIG: contig_37 (684bp)
Best alignment score: 677.0 (LEN: 684, IDY: 98.98), Total number of alignments: 4
		This contig has 4 significant alignments. [An ambiguously mapped contig]
		Using only first of these alignment (option --ambiguity-usage is set to "one"):
			Alignment: 452 1135 | 684 1 | 684 684 | 98.98 | NC_000949.1 contig_37
			Skipping alignment 452 1135 | 684 1 | 684 684 | 98.68 | NC_000948.1 contig_37
			Skipping alignment 452 1135 | 684 1 | 684 684 | 98.68 | NC_000953.1 contig_37
			Skipping alignment 452 1135 | 684 1 | 684 684 | 98.1 | NC_000951.1 contig_37

CONTIG: contig_38 (673bp)
Best alignment score: 650.0 (LEN: 660, IDY: 98.48), Total number of alignments: 2
			Looking for the best set of alignments (out of 2 total alignments)
			Skipping redundant alignments after choosing the best set of alignments
		Skipping redundant alignment 1136 1796 | 2 662 | 661 661 | 97.28 | NC_000952.1 contig_38
			The best set is below. Score: 650.0, number of alignments: 1, unaligned bases: 13
		Alignment: 1139 1798 | 1 660 | 660 660 | 98.48 | NC_000954.1 contig_38

CONTIG: contig_39 (673bp)
Best alignment score: 672.0 (LEN: 673, IDY: 99.85), Total number of alignments: 5
		Skipping these alignments as insignificant (option --ambiguity-score is set to "0.99"):
			Skipping alignment 1135 1807 | 673 1 | 673 673 | 98.51 | NC_000952.1 contig_39
		This contig has 4 significant alignments. [An ambiguously mapped contig]
		Using only first of these alignment (option --ambiguity-usage is set to "one"):
			Alignment: 1136 1808 | 673 1 | 673 673 | 99.85 | NC_000949.1 contig_39
			Skipping alignment 1136 1808 | 673 1 | 673 673 | 99.41 | NC_000948.1 contig_39
			Skipping alignment 1136 1808 | 673 1 | 673 673 | 99.41 | NC_000953.1 contig_39
			Skipping alignment 1136 1807 | 673 2 | 672 672 | 99.26 | NC_000951.1 contig_39

CONTIG: contig_40 (648bp)
Best alignment score: 642.0 (LEN: 647, IDY: 99.23), Total number of alignments: 1
		One align captures most of this contig: 12156 12802 | 2 648 | 647 647 | 99.23 | NC_000952.1 contig_40

CONTIG: contig_41 (644bp)
Best alignment score: 634.0 (LEN: 644, IDY: 98.45), Total number of alignments: 1
		One align captures most of this contig: 148 791 | 644 1 | 644 644 | 98.45 | NC_000956.1 contig_41

CONTIG: contig_42 (626bp)
		This contig is unaligned. (626 bp)
		Unaligned bases: 626 (number of Ns: 0)

CONTIG: contig_43 (622bp)
Best alignment score: 621.0 (LEN: 622, IDY: 99.84), Total number of alignments: 4
		This contig has 4 significant alignments. [An ambiguously mapped contig]
		Using only first of these alignment (option --ambiguity-usage is set to "one"):
			Alignment: 3114 3735 | 1 622 | 622 622 | 99.84 | NC_000952.1 contig_43
			Skipping alignment 3115 3736 | 1 622 | 622 622 | 99.36 | NC_000949.1 contig_43
			Skipping alignment 3115 3736 | 1 622 | 622 622 | 99.2 | NC_000953.1 contig_43
			Skipping alignment 3115 3736 | 1 622 | 622 622 | 99.2 | NC_000948.1 contig_43

CONTIG: contig_44 (608bp)
		This contig is unaligned. (608 bp)
		Unaligned bases: 608 (number of Ns: 0)

CONTIG: contig_45 (606bp)
Best alignment score: 108.0 (LEN: 112, IDY: 96.43), Total number of alignments: 1
			Looking for the best set of alignments (out of 1 total alignments)
			The best set is below. Score: 108.0, number of alignments: 1, unaligned bases: 494
		Alignment: 1237 1348 | 112 1 | 112 112 | 96.43 | NC_001855.1 contig_45

CONTIG: contig_46 (587bp)
		This contig is unaligned. (587 bp)
		Unaligned bases: 587 (number of Ns: 0)

CONTIG: contig_47 (569bp)
Best alignment score: 562.0 (LEN: 568, IDY: 98.94), Total number of alignments: 3
		This contig has 3 significant alignments. [An ambiguously mapped contig]
		Using only first of these alignment (option --ambiguity-usage is set to "one"):
			Alignment: 12226 12793 | 1 568 | 568 568 | 98.94 | NC_000949.1 contig_47
			Skipping alignment 12226 12793 | 1 568 | 568 568 | 98.94 | NC_000948.1 contig_47
			Skipping alignment 12226 12793 | 1 568 | 568 568 | 98.77 | NC_000953.1 contig_47

CONTIG: contig_48 (557bp)
Best alignment score: 556.0 (LEN: 557, IDY: 99.82), Total number of alignments: 7
		Skipping these alignments as insignificant (option --ambiguity-score is set to "0.99"):
			Skipping alignment 15444 15995 | 1 552 | 552 552 | 99.46 | NC_000948.1 contig_48
		This contig has 6 significant alignments. [An ambiguously mapped contig]
		Using only first of these alignment (option --ambiguity-usage is set to "one"):
			Alignment: 15396 15952 | 1 557 | 557 557 | 99.82 | NC_000950.1 contig_48
			Skipping alignment 15441 15997 | 1 557 | 557 557 | 99.82 | NC_000949.1 contig_48
			Skipping alignment 18942 19498 | 1 557 | 557 557 | 99.64 | NC_000956.1 contig_48
			Skipping alignment 15444 16000 | 1 557 | 557 557 | 99.28 | NC_000953.1 contig_48
			Skipping alignment 15460 16016 | 1 557 | 557 557 | 99.1 | NC_000951.1 contig_48
			Skipping alignment 15541 16097 | 1 557 | 557 557 | 99.1 | NC_000954.1 contig_48

CONTIG: contig_49 (544bp)
Best alignment score: 527.0 (LEN: 544, IDY: 96.88), Total number of alignments: 1
		One align captures most of this contig: 9947 10487 | 544 1 | 541 544 | 96.88 | NC_000952.1 contig_49

CONTIG: contig_50 (541bp)
		This contig is unaligned. (541 bp)
		Unaligned bases: 541 (number of Ns: 0)

CONTIG: contig_51 (541bp)
Best alignment score: 538.0 (LEN: 541, IDY: 99.45), Total number of alignments: 2
		Skipping these alignments as insignificant (option --ambiguity-score is set to "0.99"):
			Skipping alignment 521 1048 | 541 14 | 528 528 | 99.62 | NC_000955.2 contig_51
		One align captures most of this contig: 511 1052 | 541 1 | 542 541 | 99.45 | NC_001854.1 contig_51

CONTIG: contig_52 (518bp)
Best alignment score: 517.0 (LEN: 518, IDY: 99.81), Total number of alignments: 2
		Skipping these alignments as insignificant (option --ambiguity-score is set to "0.99"):
			Skipping alignment 21905 22416 | 7 518 | 512 512 | 99.22 | NC_000956.1 contig_52
		One align captures most of this contig: 18100 18617 | 1 518 | 518 518 | 99.81 | NC_000951.1 contig_52

CONTIG: contig_53 (517bp)
Best alignment score: 210.0 (LEN: 221, IDY: 95.02), Total number of alignments: 1
			Looking for the best set of alignments (out of 1 total alignments)
			The best set is below. Score: 210.0, number of alignments: 1, unaligned bases: 296
		Alignment: 10266 10486 | 222 2 | 221 221 | 95.02 | NC_000952.1 contig_53

Analyzing coverage...
Writing SNPs into /home/mf019/longread_pangenome/expanded_dataset_analysis/quast/URI34H/contigs_reports/minimap_output/URI34H.used_snps

Analysis is finished!
Founded SNPs were written into /home/mf019/longread_pangenome/expanded_dataset_analysis/quast/URI34H/contigs_reports/minimap_output/URI34H.used_snps

Results:
	Local Misassemblies: 8
	Misassemblies: 9
		Relocations: 1
		Translocations: 8
		Inversions: 0
	Scaffold gap extensive misassemblies: 0
	Scaffold gap local misassemblies: 0
	Misassembled Contigs: 4
	Misassembled Contig Bases: 117675
	Misassemblies Inter-Contig Overlap ("Extra" Aligned Bases): 0
Unaligned Contigs: 11 + 12 part
Half Unaligned Contigs with Misassemblies: 1
Unaligned Bases in Fully and Partially Unaligned Contigs: 185898

Ambiguously Mapped Contigs: 17
Total Bases in Ambiguously Mapped Contigs: 152353
"Extra" Aligned Bases in Ambiguously Mapped Contigs: 0
Note that --allow-ambiguity option was set to "one" and only first alignment per each of these contigs was used (there is no "extra" aligned bases).

	Covered Bases in Reference: 1155119
	Raw Aligned Bases in Assembly: 1174458
	Total Aligned Bases in Assembly (with "Extras"): 1174458

	SNPs: 8270
	Insertions: 965
	Deletions: 822

