nohup: ignoring input
Assuming unrestricted shared filesystem usage.
host: longread-vm
Building DAG of jobs...
Using shell: /usr/bin/bash
Provided cores: 128
Rules claiming more threads will be scaled down.
Job stats:
job         count
--------  -------
FastTree        1
RAxML           1
Roary           1
all             1
bakta           1
total           5

Select jobs to execute...
Execute 1 jobs...

[Tue Dec 10 16:55:09 2024]
Job 1: running roary on all of our annotations! : 
 roary -p 128 -f /home/mf019/longread_pangenome/expanded_dataset_analysis/results/v8_filtered_nsp/roary_v8_filtered_nsp /home/mf019/longread_pangenome/expanded_dataset_analysis/gffs/URI91H.gff3 /home/mf019/longread_pangenome/expanded_dataset_analysis/gffs/URI102H.gff3 /home/mf019/longread_pangenome/expanded_dataset_analysis/gffs/URI89H.gff3 /home/mf019/longread_pangenome/expanded_dataset_analysis/gffs/ESI403H.gff3 /home/mf019/longread_pangenome/expanded_dataset_analysis/gffs/GCF_002151485.1_ASM215148v1_genomic.gff3 /home/mf019/longread_pangenome/expanded_dataset_analysis/gffs/URI44H.gff3 /home/mf019/longread_pangenome/expanded_dataset_analysis/gffs/UNY203P.gff3 /home/mf019/longread_pangenome/expanded_dataset_analysis/gffs/GCF_003367295.1_ASM336729v1_genomic.gff3 /home/mf019/longread_pangenome/expanded_dataset_analysis/gffs/GCF_040790735.1_ASM4079073v1_genomic.gff3 /home/mf019/longread_pangenome/expanded_dataset_analysis/gffs/URI47H.gff3 /home/mf019/longread_pangenome/expanded_dataset_analysis/gffs/UNY1128P.gff3 /home/mf019/longread_pangenome/expanded_dataset_analysis/gffs/URI118H.gff3 /home/mf019/longread_pangenome/expanded_dataset_analysis/gffs/UCT30H.gff3 /home/mf019/longread_pangenome/expanded_dataset_analysis/gffs/UCT35H.gff3 /home/mf019/longread_pangenome/expanded_dataset_analysis/gffs/GCF_040790795.1_ASM4079079v1_genomic.gff3 /home/mf019/longread_pangenome/expanded_dataset_analysis/gffs/URI88H.gff3 /home/mf019/longread_pangenome/expanded_dataset_analysis/gffs/UNY172P.gff3 /home/mf019/longread_pangenome/expanded_dataset_analysis/gffs/URI41H.gff3 /home/mf019/longread_pangenome/expanded_dataset_analysis/gffs/UWI248P.gff3 /home/mf019/longread_pangenome/expanded_dataset_analysis/gffs/ESI425H.gff3 /home/mf019/longread_pangenome/expanded_dataset_analysis/gffs/URI120H.gff3 /home/mf019/longread_pangenome/expanded_dataset_analysis/gffs/UCT110H.gff3 /home/mf019/longread_pangenome/expanded_dataset_analysis/gffs/UNY1032P.gff3 /home/mf019/longread_pangenome/expanded_dataset_analysis/gffs/URI112H.gff3 /home/mf019/longread_pangenome/expanded_dataset_analysis/gffs/UCT32H.gff3 /home/mf019/longread_pangenome/expanded_dataset_analysis/gffs/URI39H.gff3 /home/mf019/longread_pangenome/expanded_dataset_analysis/gffs/URI48H.gff3 /home/mf019/longread_pangenome/expanded_dataset_analysis/gffs/URI111H.gff3 /home/mf019/longread_pangenome/expanded_dataset_analysis/gffs/GCF_040819585.1_PFhe_I_PB_Ill_cons_genomic.gff3 /home/mf019/longread_pangenome/expanded_dataset_analysis/gffs/UCT96H.gff3 /home/mf019/longread_pangenome/expanded_dataset_analysis/gffs/GCF_024662175.1_ASM2466217v1_genomic.gff3 /home/mf019/longread_pangenome/expanded_dataset_analysis/gffs/URI93H.gff3 /home/mf019/longread_pangenome/expanded_dataset_analysis/gffs/URI117H.gff3 /home/mf019/longread_pangenome/expanded_dataset_analysis/gffs/UNY990P.gff3 /home/mf019/longread_pangenome/expanded_dataset_analysis/gffs/URI34H.gff3 /home/mf019/longread_pangenome/expanded_dataset_analysis/gffs/ESI26H.gff3 /home/mf019/longread_pangenome/expanded_dataset_analysis/gffs/GCF_002151505.1_ASM215150v1_genomic.gff3 /home/mf019/longread_pangenome/expanded_dataset_analysis/gffs/URI42H.gff3 /home/mf019/longread_pangenome/expanded_dataset_analysis/gffs/GCF_040790715.1_ASM4079071v1_genomic.gff3 /home/mf019/longread_pangenome/expanded_dataset_analysis/gffs/UCT124H.gff3 /home/mf019/longread_pangenome/expanded_dataset_analysis/gffs/UNY208P.gff3 /home/mf019/longread_pangenome/expanded_dataset_analysis/gffs/UWI263P.gff3 /home/mf019/longread_pangenome/expanded_dataset_analysis/gffs/GCF_040790765.1_ASM4079076v1_genomic.gff3 /home/mf019/longread_pangenome/expanded_dataset_analysis/gffs/ESI36H.gff3 /home/mf019/longread_pangenome/expanded_dataset_analysis/gffs/GCF_024662195.1_ASM2466219v1_genomic.gff3 /home/mf019/longread_pangenome/expanded_dataset_analysis/gffs/UNY149P.gff3 /home/mf019/longread_pangenome/expanded_dataset_analysis/gffs/GCF_040790745.1_ASM4079074v1_genomic.gff3 /home/mf019/longread_pangenome/expanded_dataset_analysis/gffs/GCF_019134655.1_ASM1913465v1_genomic.gff3 /home/mf019/longread_pangenome/expanded_dataset_analysis/gffs/URI33H.gff3 /home/mf019/longread_pangenome/expanded_dataset_analysis/gffs/URI56H.gff3 /home/mf019/longread_pangenome/expanded_dataset_analysis/gffs/URI107H.gff3 /home/mf019/longread_pangenome/expanded_dataset_analysis/gffs/URI103H.gff3 /home/mf019/longread_pangenome/expanded_dataset_analysis/gffs/UNY1085P.gff3 /home/mf019/longread_pangenome/expanded_dataset_analysis/gffs/B500PP.gff3 /home/mf019/longread_pangenome/expanded_dataset_analysis/gffs/UCT50H.gff3 /home/mf019/longread_pangenome/expanded_dataset_analysis/gffs/UCT92H.gff3 /home/mf019/longread_pangenome/expanded_dataset_analysis/gffs/XYZ459H.gff3 /home/mf019/longread_pangenome/expanded_dataset_analysis/gffs/URI40H.gff3 /home/mf019/longread_pangenome/expanded_dataset_analysis/gffs/URI87H.gff3 /home/mf019/longread_pangenome/expanded_dataset_analysis/gffs/UWI283P.gff3 /home/mf019/longread_pangenome/expanded_dataset_analysis/gffs/URI36H.gff3 /home/mf019/longread_pangenome/expanded_dataset_analysis/gffs/GCF_040790755.1_ASM4079075v1_genomic.gff3 /home/mf019/longread_pangenome/expanded_dataset_analysis/gffs/UWI247P.gff3 /home/mf019/longread_pangenome/expanded_dataset_analysis/gffs/B418PP.gff3 /home/mf019/longread_pangenome/expanded_dataset_analysis/gffs/UNY193P.gff3 /home/mf019/longread_pangenome/expanded_dataset_analysis/gffs/GCF_040790805.1_ASM4079080v1_genomic.gff3 /home/mf019/longread_pangenome/expanded_dataset_analysis/gffs/URI86H.gff3 /home/mf019/longread_pangenome/expanded_dataset_analysis/gffs/UNY1083P.gff3 /home/mf019/longread_pangenome/expanded_dataset_analysis/gffs/UNY169P.gff3 /home/mf019/longread_pangenome/expanded_dataset_analysis/gffs/GCF_040790785.1_ASM4079078v1_genomic.gff3 /home/mf019/longread_pangenome/expanded_dataset_analysis/gffs/GCF_002151465.1_ASM215146v1_genomic.gff3 /home/mf019/longread_pangenome/expanded_dataset_analysis/gffs/UNY1090P.gff3 /home/mf019/longread_pangenome/expanded_dataset_analysis/gffs/UNY1038P.gff3 /home/mf019/longread_pangenome/expanded_dataset_analysis/gffs/URI46H.gff3 /home/mf019/longread_pangenome/expanded_dataset_analysis/gffs/UCT29H.gff3 /home/mf019/longread_pangenome/expanded_dataset_analysis/gffs/B331PP.gff3 /home/mf019/longread_pangenome/expanded_dataset_analysis/gffs/UCT109H.gff3 /home/mf019/longread_pangenome/expanded_dataset_analysis/gffs/GCF_040790775.1_ASM4079077v1_genomic.gff3 /home/mf019/longread_pangenome/expanded_dataset_analysis/gffs/UCT113H.gff3 /home/mf019/longread_pangenome/expanded_dataset_analysis/gffs/URI101H.gff3 /home/mf019/longread_pangenome/expanded_dataset_analysis/gffs/GCF_024662155.1_ASM2466215v1_genomic.gff3 /home/mf019/longread_pangenome/expanded_dataset_analysis/gffs/UCT31H.gff3 2>&1 >/home/mf019/longread_pangenome/expanded_dataset_analysis/results/v8_filtered_nsp/logs/roary_log.txt
Reason: Missing output files: /home/mf019/longread_pangenome/expanded_dataset_analysis/results/v8_filtered_nsp/roary_v8_filtered_nsp/pan_genome_reference.fa, /home/mf019/longread_pangenome/expanded_dataset_analysis/results/v8_filtered_nsp/roary_v8_filtered_nsp/core_gene_alignment.aln; Params have changed since last execution: Union of exclusive params before and now across all output: before: '-e --mafft' now: '-s -e --mafft' 


        roary -s -e --mafft -p 128 -f /home/mf019/longread_pangenome/expanded_dataset_analysis/results/v8_filtered_nsp/roary_v8_filtered_nsp_temp /home/mf019/longread_pangenome/expanded_dataset_analysis/gffs/URI91H.gff3 /home/mf019/longread_pangenome/expanded_dataset_analysis/gffs/URI102H.gff3 /home/mf019/longread_pangenome/expanded_dataset_analysis/gffs/URI89H.gff3 /home/mf019/longread_pangenome/expanded_dataset_analysis/gffs/ESI403H.gff3 /home/mf019/longread_pangenome/expanded_dataset_analysis/gffs/GCF_002151485.1_ASM215148v1_genomic.gff3 /home/mf019/longread_pangenome/expanded_dataset_analysis/gffs/URI44H.gff3 /home/mf019/longread_pangenome/expanded_dataset_analysis/gffs/UNY203P.gff3 /home/mf019/longread_pangenome/expanded_dataset_analysis/gffs/GCF_003367295.1_ASM336729v1_genomic.gff3 /home/mf019/longread_pangenome/expanded_dataset_analysis/gffs/GCF_040790735.1_ASM4079073v1_genomic.gff3 /home/mf019/longread_pangenome/expanded_dataset_analysis/gffs/URI47H.gff3 /home/mf019/longread_pangenome/expanded_dataset_analysis/gffs/UNY1128P.gff3 /home/mf019/longread_pangenome/expanded_dataset_analysis/gffs/URI118H.gff3 /home/mf019/longread_pangenome/expanded_dataset_analysis/gffs/UCT30H.gff3 /home/mf019/longread_pangenome/expanded_dataset_analysis/gffs/UCT35H.gff3 /home/mf019/longread_pangenome/expanded_dataset_analysis/gffs/GCF_040790795.1_ASM4079079v1_genomic.gff3 /home/mf019/longread_pangenome/expanded_dataset_analysis/gffs/URI88H.gff3 /home/mf019/longread_pangenome/expanded_dataset_analysis/gffs/UNY172P.gff3 /home/mf019/longread_pangenome/expanded_dataset_analysis/gffs/URI41H.gff3 /home/mf019/longread_pangenome/expanded_dataset_analysis/gffs/UWI248P.gff3 /home/mf019/longread_pangenome/expanded_dataset_analysis/gffs/ESI425H.gff3 /home/mf019/longread_pangenome/expanded_dataset_analysis/gffs/URI120H.gff3 /home/mf019/longread_pangenome/expanded_dataset_analysis/gffs/UCT110H.gff3 /home/mf019/longread_pangenome/expanded_dataset_analysis/gffs/UNY1032P.gff3 /home/mf019/longread_pangenome/expanded_dataset_analysis/gffs/URI112H.gff3 /home/mf019/longread_pangenome/expanded_dataset_analysis/gffs/UCT32H.gff3 /home/mf019/longread_pangenome/expanded_dataset_analysis/gffs/URI39H.gff3 /home/mf019/longread_pangenome/expanded_dataset_analysis/gffs/URI48H.gff3 /home/mf019/longread_pangenome/expanded_dataset_analysis/gffs/URI111H.gff3 /home/mf019/longread_pangenome/expanded_dataset_analysis/gffs/GCF_040819585.1_PFhe_I_PB_Ill_cons_genomic.gff3 /home/mf019/longread_pangenome/expanded_dataset_analysis/gffs/UCT96H.gff3 /home/mf019/longread_pangenome/expanded_dataset_analysis/gffs/GCF_024662175.1_ASM2466217v1_genomic.gff3 /home/mf019/longread_pangenome/expanded_dataset_analysis/gffs/URI93H.gff3 /home/mf019/longread_pangenome/expanded_dataset_analysis/gffs/URI117H.gff3 /home/mf019/longread_pangenome/expanded_dataset_analysis/gffs/UNY990P.gff3 /home/mf019/longread_pangenome/expanded_dataset_analysis/gffs/URI34H.gff3 /home/mf019/longread_pangenome/expanded_dataset_analysis/gffs/ESI26H.gff3 /home/mf019/longread_pangenome/expanded_dataset_analysis/gffs/GCF_002151505.1_ASM215150v1_genomic.gff3 /home/mf019/longread_pangenome/expanded_dataset_analysis/gffs/URI42H.gff3 /home/mf019/longread_pangenome/expanded_dataset_analysis/gffs/GCF_040790715.1_ASM4079071v1_genomic.gff3 /home/mf019/longread_pangenome/expanded_dataset_analysis/gffs/UCT124H.gff3 /home/mf019/longread_pangenome/expanded_dataset_analysis/gffs/UNY208P.gff3 /home/mf019/longread_pangenome/expanded_dataset_analysis/gffs/UWI263P.gff3 /home/mf019/longread_pangenome/expanded_dataset_analysis/gffs/GCF_040790765.1_ASM4079076v1_genomic.gff3 /home/mf019/longread_pangenome/expanded_dataset_analysis/gffs/ESI36H.gff3 /home/mf019/longread_pangenome/expanded_dataset_analysis/gffs/GCF_024662195.1_ASM2466219v1_genomic.gff3 /home/mf019/longread_pangenome/expanded_dataset_analysis/gffs/UNY149P.gff3 /home/mf019/longread_pangenome/expanded_dataset_analysis/gffs/GCF_040790745.1_ASM4079074v1_genomic.gff3 /home/mf019/longread_pangenome/expanded_dataset_analysis/gffs/GCF_019134655.1_ASM1913465v1_genomic.gff3 /home/mf019/longread_pangenome/expanded_dataset_analysis/gffs/URI33H.gff3 /home/mf019/longread_pangenome/expanded_dataset_analysis/gffs/URI56H.gff3 /home/mf019/longread_pangenome/expanded_dataset_analysis/gffs/URI107H.gff3 /home/mf019/longread_pangenome/expanded_dataset_analysis/gffs/URI103H.gff3 /home/mf019/longread_pangenome/expanded_dataset_analysis/gffs/UNY1085P.gff3 /home/mf019/longread_pangenome/expanded_dataset_analysis/gffs/B500PP.gff3 /home/mf019/longread_pangenome/expanded_dataset_analysis/gffs/UCT50H.gff3 /home/mf019/longread_pangenome/expanded_dataset_analysis/gffs/UCT92H.gff3 /home/mf019/longread_pangenome/expanded_dataset_analysis/gffs/XYZ459H.gff3 /home/mf019/longread_pangenome/expanded_dataset_analysis/gffs/URI40H.gff3 /home/mf019/longread_pangenome/expanded_dataset_analysis/gffs/URI87H.gff3 /home/mf019/longread_pangenome/expanded_dataset_analysis/gffs/UWI283P.gff3 /home/mf019/longread_pangenome/expanded_dataset_analysis/gffs/URI36H.gff3 /home/mf019/longread_pangenome/expanded_dataset_analysis/gffs/GCF_040790755.1_ASM4079075v1_genomic.gff3 /home/mf019/longread_pangenome/expanded_dataset_analysis/gffs/UWI247P.gff3 /home/mf019/longread_pangenome/expanded_dataset_analysis/gffs/B418PP.gff3 /home/mf019/longread_pangenome/expanded_dataset_analysis/gffs/UNY193P.gff3 /home/mf019/longread_pangenome/expanded_dataset_analysis/gffs/GCF_040790805.1_ASM4079080v1_genomic.gff3 /home/mf019/longread_pangenome/expanded_dataset_analysis/gffs/URI86H.gff3 /home/mf019/longread_pangenome/expanded_dataset_analysis/gffs/UNY1083P.gff3 /home/mf019/longread_pangenome/expanded_dataset_analysis/gffs/UNY169P.gff3 /home/mf019/longread_pangenome/expanded_dataset_analysis/gffs/GCF_040790785.1_ASM4079078v1_genomic.gff3 /home/mf019/longread_pangenome/expanded_dataset_analysis/gffs/GCF_002151465.1_ASM215146v1_genomic.gff3 /home/mf019/longread_pangenome/expanded_dataset_analysis/gffs/UNY1090P.gff3 /home/mf019/longread_pangenome/expanded_dataset_analysis/gffs/UNY1038P.gff3 /home/mf019/longread_pangenome/expanded_dataset_analysis/gffs/URI46H.gff3 /home/mf019/longread_pangenome/expanded_dataset_analysis/gffs/UCT29H.gff3 /home/mf019/longread_pangenome/expanded_dataset_analysis/gffs/B331PP.gff3 /home/mf019/longread_pangenome/expanded_dataset_analysis/gffs/UCT109H.gff3 /home/mf019/longread_pangenome/expanded_dataset_analysis/gffs/GCF_040790775.1_ASM4079077v1_genomic.gff3 /home/mf019/longread_pangenome/expanded_dataset_analysis/gffs/UCT113H.gff3 /home/mf019/longread_pangenome/expanded_dataset_analysis/gffs/URI101H.gff3 /home/mf019/longread_pangenome/expanded_dataset_analysis/gffs/GCF_024662155.1_ASM2466215v1_genomic.gff3 /home/mf019/longread_pangenome/expanded_dataset_analysis/gffs/UCT31H.gff3 >/home/mf019/longread_pangenome/expanded_dataset_analysis/results/v8_filtered_nsp/logs/roary_log.txt 2>&1
        # move results from the roary_temp dir to the snakemake dir.
        # I hate snakes
        ls /home/mf019/longread_pangenome/expanded_dataset_analysis/results/v8_filtered_nsp
        mv /home/mf019/longread_pangenome/expanded_dataset_analysis/results/v8_filtered_nsp/roary_v8_filtered_nsp_temp*/* /home/mf019/longread_pangenome/expanded_dataset_analysis/results/v8_filtered_nsp/roary_v8_filtered_nsp/
        rmdir /home/mf019/longread_pangenome/expanded_dataset_analysis/results/v8_filtered_nsp/roary_v8_filtered_nsp_temp*
        
Activating singularity image singularity/images/roary_latest.sif
logs
roary_v8_filtered_nsp
roary_v8_filtered_nsp_temp
[Tue Dec 10 17:01:49 2024]
Finished job 1.
1 of 5 steps (20%) done
Select jobs to execute...
Execute 1 jobs...

[Tue Dec 10 17:01:49 2024]
Job 2: running fasttree on the roary output ==>> /home/mf019/longread_pangenome/expanded_dataset_analysis/results/v8_filtered_nsp/roary_v8_filtered_nsp/core_gene_alignment.aln
Reason: Missing output files: /home/mf019/longread_pangenome/expanded_dataset_analysis/results/v8_filtered_nsp/fasttree/fasttree_roary_pangenome_v8_filtered_nsp.newick; Input files updated by another job: /home/mf019/longread_pangenome/expanded_dataset_analysis/results/v8_filtered_nsp/roary_v8_filtered_nsp/core_gene_alignment.aln


        export OMP_NUM_THREADS=128
        fasttreeMP -gamma -nt -gtr -log /home/mf019/longread_pangenome/expanded_dataset_analysis/results/v8_filtered_nsp/fasttree/logs /home/mf019/longread_pangenome/expanded_dataset_analysis/results/v8_filtered_nsp/roary_v8_filtered_nsp/core_gene_alignment.aln > /home/mf019/longread_pangenome/expanded_dataset_analysis/results/v8_filtered_nsp/fasttree/fasttree_roary_pangenome_v8_filtered_nsp.newick 2>/home/mf019/longread_pangenome/expanded_dataset_analysis/results/v8_filtered_nsp/logs/fasttree.txt
        
Activating singularity image singularity/images/fasttree2.sif
[Tue Dec 10 17:28:51 2024]
Finished job 2.
2 of 5 steps (40%) done
Select jobs to execute...
Execute 1 jobs...

[Tue Dec 10 17:28:51 2024]
Job 3: running RAxML on the roary output ==>> /home/mf019/longread_pangenome/expanded_dataset_analysis/results/v8_filtered_nsp/roary_v8_filtered_nsp/core_gene_alignment.aln
Reason: Missing output files: /home/mf019/longread_pangenome/expanded_dataset_analysis/results/v8_filtered_nsp/tree/RAxML_bestTree.roary_v8_filtered_nsp_gtrgam; Input files updated by another job: /home/mf019/longread_pangenome/expanded_dataset_analysis/results/v8_filtered_nsp/roary_v8_filtered_nsp/core_gene_alignment.aln

raxmlHPC -m GTRGAMMA -p 71235 -s /home/mf019/longread_pangenome/expanded_dataset_analysis/results/v8_filtered_nsp/roary_v8_filtered_nsp/core_gene_alignment.aln -n roary_v8_filtered_nsp_gtrgam -w /home/mf019/longread_pangenome/expanded_dataset_analysis/results/v8_filtered_nsp/tree 2>&1 >/home/mf019/longread_pangenome/expanded_dataset_analysis/results/v8_filtered_nsp/logs/RAxML_log.txt
Activating singularity image singularity/images/raxml_latest.sif
raxmlHPC: optimizeModel.c:3340: checkTolerance: Assertion `0' failed.
/bin/bash: line 1: 41197 Aborted                 (core dumped) raxmlHPC -m GTRGAMMA -p 71235 -s /home/mf019/longread_pangenome/expanded_dataset_analysis/results/v8_filtered_nsp/roary_v8_filtered_nsp/core_gene_alignment.aln -n roary_v8_filtered_nsp_gtrgam -w /home/mf019/longread_pangenome/expanded_dataset_analysis/results/v8_filtered_nsp/tree 2>&1 > /home/mf019/longread_pangenome/expanded_dataset_analysis/results/v8_filtered_nsp/logs/RAxML_log.txt
[Tue Dec 10 17:31:48 2024]
Error in rule RAxML:
    jobid: 3
    input: /home/mf019/longread_pangenome/expanded_dataset_analysis/results/v8_filtered_nsp/roary_v8_filtered_nsp/core_gene_alignment.aln
    output: /home/mf019/longread_pangenome/expanded_dataset_analysis/results/v8_filtered_nsp/tree, /home/mf019/longread_pangenome/expanded_dataset_analysis/results/v8_filtered_nsp/tree/RAxML_bestTree.roary_v8_filtered_nsp_gtrgam
    log: /home/mf019/longread_pangenome/expanded_dataset_analysis/results/v8_filtered_nsp/logs/RAxML_log.txt (check log file(s) for error details)
    shell:
        raxmlHPC -m GTRGAMMA -p 71235 -s /home/mf019/longread_pangenome/expanded_dataset_analysis/results/v8_filtered_nsp/roary_v8_filtered_nsp/core_gene_alignment.aln -n roary_v8_filtered_nsp_gtrgam -w /home/mf019/longread_pangenome/expanded_dataset_analysis/results/v8_filtered_nsp/tree 2>&1 >/home/mf019/longread_pangenome/expanded_dataset_analysis/results/v8_filtered_nsp/logs/RAxML_log.txt
        (one of the commands exited with non-zero exit code; note that snakemake uses bash strict mode!)

Select jobs to execute...
Execute 1 jobs...

[Tue Dec 10 17:31:48 2024]
Job 4: Running bakta for pangenome!
Reason: Missing output files: /home/mf019/longread_pangenome/expanded_dataset_analysis/results/v8_filtered_nsp/bakta_v8_filtered_nsp/roary_pangenome_v8_filtered_nsp.gff3; Input files updated by another job: /home/mf019/longread_pangenome/expanded_dataset_analysis/results/v8_filtered_nsp/roary_v8_filtered_nsp/pan_genome_reference.fa

(bakta --db /db --gram - --threads 128 --force --output /home/mf019/longread_pangenome/expanded_dataset_analysis/results/v8_filtered_nsp/bakta_v8_filtered_nsp --prefix roary_pangenome_v8_filtered_nsp --genus Borrelia --species burgdorferi --strain sensu-stricto --keep-contig-headers -v --skip-plot /home/mf019/longread_pangenome/expanded_dataset_analysis/results/v8_filtered_nsp/roary_v8_filtered_nsp/pan_genome_reference.fa) 2>&1 >/home/mf019/longread_pangenome/expanded_dataset_analysis/results/v8_filtered_nsp/logs/bakta.log &&sed -i -E '/^##feature-ontology/s|http[s]?://[^ ]+|https://raw.githubusercontent.com/The-Sequence-Ontology/SO-Ontologies/refs/tags/v3.1/so.obo|' /home/mf019/longread_pangenome/expanded_dataset_analysis/results/v8_filtered_nsp/bakta_v8_filtered_nsp/roary_pangenome_v8_filtered_nsp.gff3
Activating singularity image singularity/images/bakta_latest.sif
/opt/conda/lib/python3.11/site-packages/numpy/_core/getlimits.py:555: UserWarning: The value of the smallest subnormal for <class 'numpy.float32'> type is zero.
  setattr(self, word, getattr(machar, word).flat[0])
/opt/conda/lib/python3.11/site-packages/numpy/_core/getlimits.py:89: UserWarning: The value of the smallest subnormal for <class 'numpy.float32'> type is zero.
  return self._float_to_str(self.smallest_subnormal)
/opt/conda/lib/python3.11/site-packages/numpy/_core/getlimits.py:555: UserWarning: The value of the smallest subnormal for <class 'numpy.float64'> type is zero.
  setattr(self, word, getattr(machar, word).flat[0])
/opt/conda/lib/python3.11/site-packages/numpy/_core/getlimits.py:89: UserWarning: The value of the smallest subnormal for <class 'numpy.float64'> type is zero.
  return self._float_to_str(self.smallest_subnormal)
ERROR: wrong database path! --db=/db
[Tue Dec 10 17:31:51 2024]
Error in rule bakta:
    jobid: 4
    input: /home/mf019/longread_pangenome/expanded_dataset_analysis/results/v8_filtered_nsp/roary_v8_filtered_nsp/pan_genome_reference.fa
    output: /home/mf019/longread_pangenome/expanded_dataset_analysis/results/v8_filtered_nsp/bakta_v8_filtered_nsp, /home/mf019/longread_pangenome/expanded_dataset_analysis/results/v8_filtered_nsp/bakta_v8_filtered_nsp/roary_pangenome_v8_filtered_nsp.gff3
    log: /home/mf019/longread_pangenome/expanded_dataset_analysis/results/v8_filtered_nsp/logs/bakta.log (check log file(s) for error details)
    shell:
        (bakta --db /db --gram - --threads 128 --force --output /home/mf019/longread_pangenome/expanded_dataset_analysis/results/v8_filtered_nsp/bakta_v8_filtered_nsp --prefix roary_pangenome_v8_filtered_nsp --genus Borrelia --species burgdorferi --strain sensu-stricto --keep-contig-headers -v --skip-plot /home/mf019/longread_pangenome/expanded_dataset_analysis/results/v8_filtered_nsp/roary_v8_filtered_nsp/pan_genome_reference.fa) 2>&1 >/home/mf019/longread_pangenome/expanded_dataset_analysis/results/v8_filtered_nsp/logs/bakta.log &&sed -i -E '/^##feature-ontology/s|http[s]?://[^ ]+|https://raw.githubusercontent.com/The-Sequence-Ontology/SO-Ontologies/refs/tags/v3.1/so.obo|' /home/mf019/longread_pangenome/expanded_dataset_analysis/results/v8_filtered_nsp/bakta_v8_filtered_nsp/roary_pangenome_v8_filtered_nsp.gff3
        (one of the commands exited with non-zero exit code; note that snakemake uses bash strict mode!)

Exiting because a job execution failed. Look above for error message
Complete log: .snakemake/log/2024-12-10T165509.011065.snakemake.log
WorkflowError:
At least one job did not complete successfully.
