2024-12-12 00:46:52 | INFO | Run pyGenomeViz v1.4.2 CLI workflow (pgv-mmseqs)
2024-12-12 00:46:52 | INFO | $ pgv-mmseqs -q --threads=2 /data/assemblies/dataset_v5/UCT50H/UCT50H.gbff /data/ref/renamed_GCF_000008685.2.gbff -o /data/alignments/B31/prot/UCT50H --formats=png
2024-12-12 00:46:52 | INFO | Operating System: linux
2024-12-12 00:46:52 | INFO | Python Version: v3.11.11
2024-12-12 00:46:52 | INFO | Check Dependencies: matplotlib v3.9.3
2024-12-12 00:46:52 | INFO | Check Dependencies: biopython v1.84
2024-12-12 00:46:52 | INFO | Parameters: seqs=['/data/assemblies/dataset_v5/UCT50H/UCT50H.gbff', '/data/ref/renamed_GCF_000008685.2.gbff']
2024-12-12 00:46:52 | INFO | Parameters: outdir='/data/alignments/B31/prot/UCT50H'
2024-12-12 00:46:52 | INFO | Parameters: formats=['png']
2024-12-12 00:46:52 | INFO | Parameters: reuse=False
2024-12-12 00:46:52 | INFO | Parameters: quiet=True
2024-12-12 00:46:52 | INFO | Parameters: debug=False
2024-12-12 00:46:52 | INFO | Parameters: threads=2
2024-12-12 00:46:52 | INFO | Parameters: length_thr=0
2024-12-12 00:46:52 | INFO | Parameters: identity_thr=0
2024-12-12 00:46:52 | INFO | Parameters: evalue_thr=0.001
2024-12-12 00:46:52 | INFO | Parameters: fig_width=15
2024-12-12 00:46:52 | INFO | Parameters: fig_track_height=1.0
2024-12-12 00:46:52 | INFO | Parameters: track_align_type='center'
2024-12-12 00:46:52 | INFO | Parameters: feature_track_ratio=0.25
2024-12-12 00:46:52 | INFO | Parameters: show_scale_bar=False
2024-12-12 00:46:52 | INFO | Parameters: show_scale_xticks=False
2024-12-12 00:46:52 | INFO | Parameters: curve=False
2024-12-12 00:46:52 | INFO | Parameters: dpi=300
2024-12-12 00:46:52 | INFO | Parameters: track_labelsize=20
2024-12-12 00:46:52 | INFO | Parameters: scale_labelsize=15
2024-12-12 00:46:52 | INFO | Parameters: normal_link_color='grey'
2024-12-12 00:46:52 | INFO | Parameters: inverted_link_color='red'
2024-12-12 00:46:52 | INFO | Parameters: segment_space=0.02
2024-12-12 00:46:52 | INFO | Parameters: feature_type2color={'CDS': 'orange'}
2024-12-12 00:46:52 | INFO | Parameters: pseudo_color='lightgrey'
2024-12-12 00:46:52 | INFO | Parameters: feature_plotstyle='arrow'
2024-12-12 00:46:52 | INFO | Parameters: feature_linewidth=0.0
2024-12-12 00:46:52 | INFO | Parameters: feature_labeltrack='top'
2024-12-12 00:46:52 | INFO | Parameters: feature_labeltype=None
2024-12-12 00:46:52 | INFO | Parameters: feature_labelsize=8
2024-12-12 00:46:52 | INFO | Parameters: cbar_width=0.01
2024-12-12 00:46:52 | INFO | Parameters: cbar_height=0.2
2024-12-12 00:46:53 | INFO | Convert Genbank object to CDS fasta file '/tmp/tmp_l8f16_7/UCT50H.faa'
2024-12-12 00:46:53 | INFO | Convert Genbank object to CDS fasta file '/tmp/tmp_l8f16_7/renamed_GCF_000008685.2.faa'
2024-12-12 00:46:53 | INFO | ========== Start MMseqs RBH Search ==========
2024-12-12 00:46:53 | INFO | 01. MMseqs RBH Search 'UCT50H' vs 'renamed_GCF_000008685.2'
2024-12-12 00:46:53 | INFO | $ mmseqs easy-rbh '/tmp/tmp_l8f16_7/UCT50H.faa' '/tmp/tmp_l8f16_7/renamed_GCF_000008685.2.faa' '/tmp/tmp_l8f16_7/01_UCT50H_vs_renamed_GCF_000008685.2.tsv' /tmp/tmp_l8f16_7 --threads 2 -e 0.001 -v 0
2024-12-12 00:47:04 | INFO | ========== Finish MMseqs RBH Search ==========
2024-12-12 00:47:04 | INFO | Write alignment result to '/data/alignments/B31/prot/UCT50H/align_coords.tsv'
2024-12-12 00:47:04 | INFO | Filter alignment result by length_thr=0, identity_thr=0 evalue_thr=0.001
2024-12-12 00:47:05 | INFO | Plotting PNG format result...
2024-12-12 00:47:09 | INFO | Output result image file '/data/alignments/B31/prot/UCT50H/result.png'
2024-12-12 00:47:09 | INFO | Done (elapsed time: 16.62[s])
