Bakta v1.10.0
Options and arguments:
	input: /home/mf019/longread_pangenome/expanded_dataset_analysis/results/v5_filtered_nsp/roary_v5_filtered_nsp/pan_genome_reference.fa
	db: /db, version 5.1, full
	translation table: 11
	taxon: Borrelia burgdorferi sensu-stricto
	gram: -
	output: /home/mf019/longread_pangenome/expanded_dataset_analysis/results/v5_filtered_nsp/bakta_v5_filtered_nsp
	force: True
	tmp directory: /tmp/tmprz75_ra4
	keep/sequence headers: True
	prefix: roary_pangenome_v5_filtered_nsp
	threads: 64
	skip plot: True

Parse genome sequences...
	imported: 2115
	filtered & revised: 2115
	chromosomes: 1
	plasmids: 5
	contigs: 2109

Start annotation...
predict tRNAs...
	found: 0
predict tmRNAs...
	found: 0
predict rRNAs...
	found: 0
predict ncRNAs...
	found: 0
predict ncRNA regions...
	found: 0
predict CRISPR arrays...
	found: 0
predict & annotate CDSs...
	predicted: 1833 
	discarded spurious: 0
	revised translational exceptions: 0
	detected IPSs: 1523
	found PSCs: 182
	found PSCCs: 94
	lookup annotations...
	conduct expert systems...
		amrfinder: 0
		protein sequences: 50
	combine annotations and mark hypotheticals...
	detect pseudogenes...
		candidates: 22
		verified: 5
	analyze hypothetical proteins: 121
		detected Pfam hits: 12 
		calculated proteins statistics
	revise special cases...
detect & annotate sORF...
	detected: 20628
	discarded due to overlaps: 20036
	discarded spurious: 0
	detected IPSs: 0
	found PSCs: 0
	lookup annotations...
	filter and combine annotations...
	filtered sORFs: 0
detect gaps...
	found: 0
detect oriCs/oriVs...
	found: 0
detect oriTs...
	found: 0
apply feature overlap filters...
select features and create locus tags...
	selected: 1833
improve annotations...
	revised gene symbols: 6

Genome statistics:
	Genome size: 1,671,363 bp
	Contigs/replicons: 2115
	GC: 29.9 %
	N50: 993
	N ratio: 0.0 %
	coding density: 96.1 %

annotation summary:
	tRNAs: 0
	tmRNAs: 0
	rRNAs: 0
	ncRNAs: 0
	ncRNA regions: 0
	CRISPR arrays: 0
	CDSs: 1833
		hypotheticals: 121
		pseudogenes: 5
	sORFs: 0
	gaps: 0
	oriCs/oriVs: 0
	oriTs: 0

Export annotation results to: /home/mf019/longread_pangenome/expanded_dataset_analysis/results/v5_filtered_nsp/bakta_v5_filtered_nsp
	human readable TSV...
	GFF3...
	INSDC GenBank & EMBL...
	genome sequences...
	feature nucleotide sequences...
	translated CDS sequences...
	feature inferences...
	skip generation of circular genome plot...
	hypothetical TSV...
	translated hypothetical CDS sequences...
	machine readable JSON...
	Genome and annotation summary...

If you use these results please cite Bakta: https://doi.org/10.1099/mgen.0.000685
Annotation successfully finished in 16:02 [mm:ss].
