Bakta v1.9.3
Options and arguments:
	input: /home/mf019/longread_GWAS/longread_analysis/pangenome/v3/roary_v3_1/pan_genome_reference.fa
	db: /home/mf019/db/bakta, version 5.1, full
	output: /home/mf019/longread_GWAS/longread_analysis/pangenome/v3/bakta_v3
	force: True
	tmp directory: /tmp/tmprrf58ym5
	prefix: roary_pangene_v3
	threads: 15
	translation table: 11
	taxon: Borrelia burgdorferi roary_pangenome_v3
	gram: -
	keep contig headers: True
	skip tRNA: True

parse genome sequences...
	imported: 5788
	filtered & revised: 5788
	chromosomes: 1
	plasmids: 5
	contigs: 5782

start annotation...
skip tRNA prediction...
predict tmRNAs...
	found: 0
predict rRNAs...
	found: 0
predict ncRNAs...
	found: 0
predict ncRNA regions...
	found: 0
predict CRISPR arrays...
	found: 0
predict & annotate CDSs...
	predicted: 4854 
	discarded spurious: 0
	revised translational exceptions: 0
	detected IPSs: 3456
	found PSCs: 793
	found PSCCs: 414
	lookup annotations...
	conduct expert systems...
