Bakta v1.9.3
Options and arguments:
	input: /home/mf019/longread_GWAS/longread_analysis/pangenome/v3/roary_longread_v1/pan_genome_reference.fa
	db: /home/mf019/db/bakta, version 5.1, full
	output: /home/mf019/longread_GWAS/longread_analysis/pangenome/v3/bakta_longread_v1
	force: True
	tmp directory: /tmp/tmpajq9ddbr
	prefix: longread_v1
	threads: 15
	translation table: 11
	taxon: Borrelia burgdorferi roary_pangenome_v3
	gram: -
	keep contig headers: True
	skip tRNA: True

parse genome sequences...
	imported: 4073
	filtered & revised: 4073
	chromosomes: 1
	plasmids: 5
	contigs: 4067

start annotation...
skip tRNA prediction...
predict tmRNAs...
	found: 0
predict rRNAs...
	found: 0
predict ncRNAs...
	found: 0
predict ncRNA regions...
	found: 0
predict CRISPR arrays...
	found: 0
predict & annotate CDSs...
	predicted: 3637 
	discarded spurious: 0
	revised translational exceptions: 0
	detected IPSs: 2846
	found PSCs: 508
	found PSCCs: 208
	lookup annotations...
	conduct expert systems...
		amrfinder: 0
		protein sequences: 54
	signal peptides: 484
	combine annotations and mark hypotheticals...
	detect pseudogenes...
		pseudogene candidates: 72
		found pseudogenes: 13
analyze hypothetical proteins: 222
	detected Pfam hits: 12 
	calculated proteins statistics
	revise special cases...
extract sORF...
	potential: 36098
	discarded due to overlaps: 35219
	discarded spurious: 0
	detected IPSs: 0
	found PSCs: 0
	lookup annotations...
	filter and combine annotations...
	filtered sORFs: 0
detect gaps...
	found: 3
detect oriCs/oriVs...
	found: 0
detect oriTs...
	found: 0
apply feature overlap filters...
select features and create locus tags...
selected: 3640
improve annotations...
	revised gene symbols: 6

genome statistics:
	Genome size: 2,951,343 bp
	Contigs/replicons: 4073
	GC: 30.0 %
	N50: 879
	N ratio: 0.0 %
	coding density: 96.7 %

annotation summary:
	tRNAs: 0
	tmRNAs: 0
	rRNAs: 0
	ncRNAs: 0
	ncRNA regions: 0
	CRISPR arrays: 0
	CDSs: 3637
		hypotheticals: 222
		pseudogenes: 13
		signal peptides: 402
	sORFs: 0
	gaps: 3
	oriCs/oriVs: 0
	oriTs: 0

export annotation results to: /home/mf019/longread_GWAS/longread_analysis/pangenome/v3/bakta_longread_v1
	human readable TSV...
	GFF3...
	INSDC GenBank & EMBL...
	genome sequences...
	feature nucleotide sequences...
	translated CDS sequences...
	circular genome plot...
	hypothetical TSV...
	translated hypothetical CDS sequences...
	machine readable JSON...
	genome and annotation summary...

If you use these results please cite Bakta: https://doi.org/10.1099/mgen.0.000685
Annotation successfully finished in 24:52 [mm:ss].
