QUERY:B331P__contig_1, REF:B331P__contig_1
QUERY:B331P__contig_1, REF:B331P__contig_1
Processing original intervals:
Original: 1-903654 (100.0%)
Original: 206329-206408 (95.238098%)
Original: 206234-206317 (95.238098%)
Original: 213410-214383 (96.717949%)
Original: 213260-214380 (95.450493%)
Original: 213584-214380 (96.361359%)
Original: 213098-214217 (95.450493%)
Original: 438485-441664 (99.591194%)
Original: 435238-438417 (99.591194%)
Original: 556963-557143 (94.565216%)
Original: 556903-557086 (94.565216%)
Original: 834740-855000 (99.600868%)
Collapsed intervals:
Collapsed: 1-903654
Perfect self alignment found: 1-903654, len=903654
QUERY:B331P__contig_1, REF:B331P__contig_14
Processing original intervals:
Original: 774678-775507 (78.978622%)
Collapsed intervals:
Collapsed: 774678-775507
Collapsed 774678-775507: len=830, best_id=78.978622, weighted=655.5225626
Total weighted overlap: 655.5225626
QUERY:B331P__contig_1, REF:B418P__contig_1
Processing original intervals:
Original: 1-213736 (99.40683%)
Original: 206329-206408 (95.238098%)
Original: 206234-206317 (95.238098%)
Original: 213410-214060 (95.238098%)
Original: 213260-213893 (95.590553%)
Original: 213584-214217 (94.960632%)
Original: 213746-557086 (99.466179%)
Original: 213086-213574 (94.683029%)
Original: 556963-771905 (99.406906%)
Original: 771941-903654 (99.395813%)
Collapsed intervals:
Collapsed: 1-771905
Collapsed: 771941-903654
Collapsed 1-771905: len=771905, best_id=99.466179, weighted=767784.40900995
Collapsed 771941-903654: len=131714, best_id=99.395813, weighted=130918.20113482
Total weighted overlap: 898702.61014477
QUERY:B331P__contig_1, REF:B500P__contig_1
Processing original intervals:
Original: 1-590456 (99.989998%)
Original: 206329-206408 (95.238098%)
Original: 206234-206317 (95.238098%)
Original: 213410-214383 (96.717949%)
Original: 213260-214380 (95.450493%)
Original: 213584-214380 (96.361359%)
Original: 213098-214217 (95.450493%)
Original: 438485-441664 (99.591194%)
Original: 435238-438417 (99.591194%)
Original: 556963-557143 (94.565216%)
Original: 556903-557086 (94.565216%)
Original: 570438-903654 (99.989998%)
Collapsed intervals:
Collapsed: 1-903654
Collapsed 1-903654: len=903654, best_id=99.989998, weighted=903563.61652692
Total weighted overlap: 903563.61652692
QUERY:B331P__contig_14, REF:B331P__contig_1
Processing original intervals:
Original: 9197-10026 (78.978622%)
Collapsed intervals:
Collapsed: 9197-10026
Collapsed 9197-10026: len=830, best_id=78.978622, weighted=655.5225626
Total weighted overlap: 655.5225626
QUERY:B418P__contig_1, REF:B331P__contig_1
Processing original intervals:
Original: 1-213724 (99.40683%)
Original: 206318-206397 (95.238098%)
Original: 206223-206306 (95.238098%)
Original: 213237-213724 (94.683029%)
Original: 213561-213724 (93.333336%)
Original: 213411-213721 (96.463028%)
Original: 213087-213721 (95.590553%)
Original: 213075-213724 (95.238098%)
Original: 213087-213721 (94.960632%)
Original: 213087-556413 (99.466179%)
Original: 556236-771134 (99.406906%)
Original: 771095-902772 (99.395813%)
Collapsed intervals:
Collapsed: 1-902772
Collapsed 1-902772: len=902772, best_id=99.466179, weighted=897952.81348188
Total weighted overlap: 897952.81348188
QUERY:B500P__contig_1, REF:B331P__contig_1
Processing original intervals:
Original: 1-590461 (99.989998%)
Original: 206327-206406 (95.238098%)
Original: 206232-206315 (95.238098%)
Original: 213408-214381 (96.717949%)
Original: 213258-214378 (95.450493%)
Original: 213582-214378 (96.361359%)
Original: 213096-214215 (95.450493%)
Original: 438483-441662 (99.591194%)
Original: 435236-438415 (99.591194%)
Original: 556961-557141 (94.565216%)
Original: 556901-557084 (94.565216%)
Original: 570436-903660 (99.989998%)
Collapsed intervals:
Collapsed: 1-903660
Collapsed 1-903660: len=903660, best_id=99.989998, weighted=903569.6159268001
Total weighted overlap: 903569.6159268001
