2024-10-09 22:57:54 | INFO | Run pyGenomeViz v1.3.0 CLI workflow (pgv-mmseqs)
2024-10-09 22:57:54 | INFO | $ pgv-mmseqs -q --threads=14 /home/mf019/longread_pangenome/synteny/pgv-interesting-mosaicism/tmpqczk1d3r/UNY172P_B356_lp28-4 /home/mf019/longread_pangenome/synteny/pgv-interesting-mosaicism/tmp1pfelnz4/UWI283P_MC149_lp28-4 /home/mf019/longread_pangenome/synteny/pgv-interesting-mosaicism/tmp1svjgrl4/UNY208P_MR641_lp28-4 /home/mf019/longread_pangenome/synteny/pgv-interesting-mosaicism/tmp0jq6g0so/URI102H_lp28-2.gbff /home/mf019/longread_pangenome/synteny/pgv-interesting-mosaicism/tmprlc5i8qs/UCT109H_lp28-2.gbff /home/mf019/longread_pangenome/synteny/pgv-interesting-mosaicism/tmpvyf8h1e9/URI40H_lp28-4.gbff /home/mf019/longread_pangenome/synteny/pgv-interesting-mosaicism/tmpoujh4s_5/URI42H_cp32-10.gbff -o pgv-interesting-mosaicism/lp28-2-b --show_scale_bar --curve --length_thr=100 --identity_thr=70
2024-10-09 22:57:54 | INFO | Operating System: linux
2024-10-09 22:57:54 | INFO | Python Version: v3.12.2
2024-10-09 22:57:54 | INFO | Check Dependencies: matplotlib v3.8.4
2024-10-09 22:57:54 | INFO | Check Dependencies: biopython v1.83
2024-10-09 22:57:54 | INFO | Parameters: seqs=['/home/mf019/longread_pangenome/synteny/pgv-interesting-mosaicism/tmpqczk1d3r/UNY172P_B356_lp28-4', '/home/mf019/longread_pangenome/synteny/pgv-interesting-mosaicism/tmp1pfelnz4/UWI283P_MC149_lp28-4', '/home/mf019/longread_pangenome/synteny/pgv-interesting-mosaicism/tmp1svjgrl4/UNY208P_MR641_lp28-4', '/home/mf019/longread_pangenome/synteny/pgv-interesting-mosaicism/tmp0jq6g0so/URI102H_lp28-2.gbff', '/home/mf019/longread_pangenome/synteny/pgv-interesting-mosaicism/tmprlc5i8qs/UCT109H_lp28-2.gbff', '/home/mf019/longread_pangenome/synteny/pgv-interesting-mosaicism/tmpvyf8h1e9/URI40H_lp28-4.gbff', '/home/mf019/longread_pangenome/synteny/pgv-interesting-mosaicism/tmpoujh4s_5/URI42H_cp32-10.gbff']
2024-10-09 22:57:54 | INFO | Parameters: outdir='pgv-interesting-mosaicism/lp28-2-b'
2024-10-09 22:57:54 | INFO | Parameters: formats=('png', 'html')
2024-10-09 22:57:54 | INFO | Parameters: reuse=False
2024-10-09 22:57:54 | INFO | Parameters: quiet=True
2024-10-09 22:57:54 | INFO | Parameters: debug=False
2024-10-09 22:57:54 | INFO | Parameters: threads=14
2024-10-09 22:57:54 | INFO | Parameters: length_thr=100
2024-10-09 22:57:54 | INFO | Parameters: identity_thr=70.0
2024-10-09 22:57:54 | INFO | Parameters: evalue_thr=0.001
2024-10-09 22:57:54 | INFO | Parameters: fig_width=15
2024-10-09 22:57:54 | INFO | Parameters: fig_track_height=1.0
2024-10-09 22:57:54 | INFO | Parameters: track_align_type='center'
2024-10-09 22:57:54 | INFO | Parameters: feature_track_ratio=0.25
2024-10-09 22:57:54 | INFO | Parameters: show_scale_bar=True
2024-10-09 22:57:54 | INFO | Parameters: show_scale_xticks=False
2024-10-09 22:57:54 | INFO | Parameters: curve=True
2024-10-09 22:57:54 | INFO | Parameters: dpi=300
2024-10-09 22:57:54 | INFO | Parameters: track_labelsize=20
2024-10-09 22:57:54 | INFO | Parameters: scale_labelsize=15
2024-10-09 22:57:54 | INFO | Parameters: normal_link_color='grey'
2024-10-09 22:57:54 | INFO | Parameters: inverted_link_color='red'
2024-10-09 22:57:54 | INFO | Parameters: segment_space=0.02
2024-10-09 22:57:54 | INFO | Parameters: feature_type2color={'CDS': 'orange'}
2024-10-09 22:57:54 | INFO | Parameters: pseudo_color='lightgrey'
2024-10-09 22:57:54 | INFO | Parameters: feature_plotstyle='arrow'
2024-10-09 22:57:54 | INFO | Parameters: feature_linewidth=0.0
2024-10-09 22:57:54 | INFO | Parameters: feature_labeltrack='top'
2024-10-09 22:57:54 | INFO | Parameters: feature_labeltype=None
2024-10-09 22:57:54 | INFO | Parameters: feature_labelsize=8
2024-10-09 22:57:54 | INFO | Parameters: cbar_width=0.01
2024-10-09 22:57:54 | INFO | Parameters: cbar_height=0.2
2024-10-09 22:57:54 | INFO | Convert Genbank object to CDS fasta file '/tmp/tmpqgv5suki/UNY172P_B356_lp28-4.faa'
2024-10-09 22:57:54 | INFO | Convert Genbank object to CDS fasta file '/tmp/tmpqgv5suki/UWI283P_MC149_lp28-4.faa'
2024-10-09 22:57:54 | INFO | Convert Genbank object to CDS fasta file '/tmp/tmpqgv5suki/UNY208P_MR641_lp28-4.faa'
2024-10-09 22:57:54 | INFO | Convert Genbank object to CDS fasta file '/tmp/tmpqgv5suki/URI102H_lp28-2.faa'
2024-10-09 22:57:54 | INFO | Convert Genbank object to CDS fasta file '/tmp/tmpqgv5suki/UCT109H_lp28-2.faa'
2024-10-09 22:57:54 | INFO | Convert Genbank object to CDS fasta file '/tmp/tmpqgv5suki/URI40H_lp28-4.faa'
2024-10-09 22:57:54 | INFO | Convert Genbank object to CDS fasta file '/tmp/tmpqgv5suki/URI42H_cp32-10.faa'
2024-10-09 22:57:54 | INFO | ========== Start MMseqs RBH Search ==========
2024-10-09 22:57:54 | INFO | 01. MMseqs RBH Search 'UNY172P_B356_lp28-4' vs 'UWI283P_MC149_lp28-4'
2024-10-09 22:57:54 | INFO | $ mmseqs easy-rbh '/tmp/tmpqgv5suki/UNY172P_B356_lp28-4.faa' '/tmp/tmpqgv5suki/UWI283P_MC149_lp28-4.faa' '/tmp/tmpqgv5suki/01_UNY172P_B356_lp28-4_vs_UWI283P_MC149_lp28-4.tsv' /tmp/tmpqgv5suki --threads 14 -e 0.001 -v 0
2024-10-09 22:57:55 | INFO | 02. MMseqs RBH Search 'UWI283P_MC149_lp28-4' vs 'UNY208P_MR641_lp28-4'
2024-10-09 22:57:55 | INFO | $ mmseqs easy-rbh '/tmp/tmpqgv5suki/UWI283P_MC149_lp28-4.faa' '/tmp/tmpqgv5suki/UNY208P_MR641_lp28-4.faa' '/tmp/tmpqgv5suki/02_UWI283P_MC149_lp28-4_vs_UNY208P_MR641_lp28-4.tsv' /tmp/tmpqgv5suki --threads 14 -e 0.001 -v 0
2024-10-09 22:57:56 | INFO | 03. MMseqs RBH Search 'UNY208P_MR641_lp28-4' vs 'URI102H_lp28-2'
2024-10-09 22:57:56 | INFO | $ mmseqs easy-rbh '/tmp/tmpqgv5suki/UNY208P_MR641_lp28-4.faa' '/tmp/tmpqgv5suki/URI102H_lp28-2.faa' '/tmp/tmpqgv5suki/03_UNY208P_MR641_lp28-4_vs_URI102H_lp28-2.tsv' /tmp/tmpqgv5suki --threads 14 -e 0.001 -v 0
2024-10-09 22:57:57 | INFO | 04. MMseqs RBH Search 'URI102H_lp28-2' vs 'UCT109H_lp28-2'
2024-10-09 22:57:57 | INFO | $ mmseqs easy-rbh '/tmp/tmpqgv5suki/URI102H_lp28-2.faa' '/tmp/tmpqgv5suki/UCT109H_lp28-2.faa' '/tmp/tmpqgv5suki/04_URI102H_lp28-2_vs_UCT109H_lp28-2.tsv' /tmp/tmpqgv5suki --threads 14 -e 0.001 -v 0
2024-10-09 22:57:58 | INFO | 05. MMseqs RBH Search 'UCT109H_lp28-2' vs 'URI40H_lp28-4'
2024-10-09 22:57:58 | INFO | $ mmseqs easy-rbh '/tmp/tmpqgv5suki/UCT109H_lp28-2.faa' '/tmp/tmpqgv5suki/URI40H_lp28-4.faa' '/tmp/tmpqgv5suki/05_UCT109H_lp28-2_vs_URI40H_lp28-4.tsv' /tmp/tmpqgv5suki --threads 14 -e 0.001 -v 0
2024-10-09 22:57:59 | INFO | 06. MMseqs RBH Search 'URI40H_lp28-4' vs 'URI42H_cp32-10'
2024-10-09 22:57:59 | INFO | $ mmseqs easy-rbh '/tmp/tmpqgv5suki/URI40H_lp28-4.faa' '/tmp/tmpqgv5suki/URI42H_cp32-10.faa' '/tmp/tmpqgv5suki/06_URI40H_lp28-4_vs_URI42H_cp32-10.tsv' /tmp/tmpqgv5suki --threads 14 -e 0.001 -v 0
2024-10-09 22:58:00 | INFO | ========== Finish MMseqs RBH Search ==========
2024-10-09 22:58:00 | INFO | Write alignment result to 'pgv-interesting-mosaicism/lp28-2-b/align_coords.tsv'
2024-10-09 22:58:00 | INFO | Filter alignment result by length_thr=100, identity_thr=70.0 evalue_thr=0.001
2024-10-09 22:58:00 | INFO | Plotting PNG format result...
2024-10-09 22:58:03 | INFO | Output result image file 'pgv-interesting-mosaicism/lp28-2-b/result.png'
2024-10-09 22:58:03 | INFO | Plotting HTML format result...
2024-10-09 22:58:04 | INFO | Output result image file 'pgv-interesting-mosaicism/lp28-2-b/result.html'
2024-10-09 22:58:04 | INFO | Done (elapsed time: 10.78[s])
