Aligning contigs to reference...
	Aligning contigs to the reference
Filtering alignments...
Parsing coords...
Loading reference...
	Loaded [NC_001853.1]
	Loaded [NC_000949.1]
	Loaded [NC_001855.1]
	Loaded [NC_001318.1]
	Loaded [NC_001854.1]
	Loaded [NC_001904.1]
	Loaded [NC_000948.1]
	Loaded [NC_001857.2]
	Loaded [NC_001856.1]
	Loaded [NC_000951.1]
	Loaded [NC_000950.1]
	Loaded [NC_001850.1]
	Loaded [NC_000956.1]
	Loaded [NC_001903.1]
	Loaded [NC_001851.2]
	Loaded [NC_001852.1]
	Loaded [NC_000957.1]
	Loaded [NC_000954.1]
	Loaded [NC_000955.2]
	Loaded [NC_001849.2]
	Loaded [NC_000953.1]
	Loaded [NC_000952.1]
	Total Regions: 22
	Total Region Length: 1521208
Analyzing contigs...
CONTIG: contig_1 (921203bp)
Best alignment score: 899671.4 (LEN: 904647, IDY: 99.45), Total number of alignments: 14
			Looking for the best set of alignments (out of 14 total alignments)
		This contig has several significant sets of alignments. [An ambiguously mapped contig]
		Using only the very best set (option --ambiguity-usage is set to "one").
			The best set is below. Score: 915123.7, number of alignments: 14, unaligned bases: 353
		This contig is misassembled.
			Real Alignment 1: 14171 18775 | 4615 10 | 4605 4606 | 99.35 | NC_000955.2 contig_1
			  Indel (> 5bp) between these two alignments: insertion of length 61; 0 mismatches (number of Ns: 0)
			Real Alignment 2: 13821 14170 | 5024 4677 | 350 348 | 95.43 | NC_000955.2 contig_1
			  Indel (> 5bp) between these two alignments: insertion of length 63; 0 mismatches (number of Ns: 0)
			Real Alignment 3: 13751 13820 | 5157 5088 | 70 70 | 98.57 | NC_000955.2 contig_1
			  Indel (> 5bp) between these two alignments: insertion of length 61; 0 mismatches (number of Ns: 0)
			Real Alignment 4: 13306 13750 | 5661 5219 | 445 443 | 95.28 | NC_000955.2 contig_1
			  Indel (> 5bp) between these two alignments: insertion of length 124; 0 mismatches (number of Ns: 0)
			Real Alignment 5: 7808 13305 | 11273 5786 | 5498 5488 | 95.4 | NC_000955.2 contig_1
			  Indel (> 5bp) between these two alignments: deletion of length 63; 0 mismatches (number of Ns: 0)
			Real Alignment 6: 7558 7744 | 11460 11274 | 187 187 | 98.4 | NC_000955.2 contig_1
			  Indel (> 5bp) between these two alignments: deletion of length 189; 0 mismatches (number of Ns: 0)
			Real Alignment 7: 6995 7368 | 11834 11461 | 374 374 | 99.47 | NC_000955.2 contig_1
			  Indel (> 5bp) between these two alignments: deletion of length 63; 0 mismatches (number of Ns: 0)
			Real Alignment 8: 6684 6931 | 12084 11835 | 248 250 | 97.6 | NC_000955.2 contig_1
			  Indel (> 5bp) between these two alignments: deletion of length 124; 0 mismatches (number of Ns: 0)
			Real Alignment 9: 5644 6559 | 13006 12085 | 916 922 | 95.55 | NC_000955.2 contig_1
			  Gap between these two alignments (local misassembly). Inconsistency = 311
			Real Alignment 10: 4364 5332 | 13971 13007 | 969 965 | 95.36 | NC_000955.2 contig_1
			  Indel (> 5bp) between these two alignments: deletion of length 63; 0 mismatches (number of Ns: 0)
			Real Alignment 11: 3812 4300 | 14455 13972 | 489 484 | 95.09 | NC_000955.2 contig_1
			  Indel (> 5bp) between these two alignments: deletion of length 121; 0 mismatches (number of Ns: 0)
			Excluding internal overlap of size 2 between Alignment 12 and 13: 905332 906146 | 16521 15707 | 815 815 --> 905332 906144 | 16521 15709 | 813 813
			Real Alignment 12: 2438 3690 | 15708 14456 | 1253 1253 | 99.52 | NC_000955.2 contig_1
			  Extensive misassembly (translocation) between these two alignments
			Real Alignment 13: 905332 906144 | 16521 15709 | 813 813 | 99.51 | NC_001318.1 contig_1
			  Gap between these two alignments (local misassembly). Inconsistency = 264
			Real Alignment 14: 43 905067 | 921168 16522 | 905025 904647 | 99.45 | NC_001318.1 contig_1

CONTIG: contig_2 (83849bp)
Best alignment score: 27494.1 (LEN: 27635, IDY: 99.49), Total number of alignments: 19
			Looking for the best set of alignments (out of 19 total alignments)
			Skipping redundant alignments after choosing the best set of alignments
		Skipping redundant alignment 52890 52970 | 96 16 | 81 81 | 98.77 | NC_000956.1 contig_2
		Skipping redundant alignment 2 88 | 10 96 | 87 87 | 98.85 | NC_001853.1 contig_2
		Skipping redundant alignment 1 83 | 19 101 | 83 83 | 97.59 | NC_001849.2 contig_2
		Skipping redundant alignment 1209 1369 | 1296 1458 | 161 163 | 95.09 | NC_001854.1 contig_2
		Skipping redundant alignment 10655 11657 | 18691 17694 | 1003 998 | 98.6 | NC_001851.2 contig_2
		Skipping redundant alignment 1175 1261 | 53572 53658 | 87 87 | 97.7 | NC_000955.2 contig_2
		Skipping redundant alignment 23102 23200 | 53670 53572 | 99 99 | 97.98 | NC_001850.1 contig_2
		Skipping redundant alignment 18410 18647 | 76786 77024 | 238 239 | 96.65 | NC_000955.2 contig_2
		Skipping redundant alignment 18410 18647 | 80249 80011 | 238 239 | 96.65 | NC_000955.2 contig_2
		This contig has several significant sets of alignments. [An ambiguously mapped contig]
		Using only the very best set (option --ambiguity-usage is set to "one").
			The best set is below. Score: 46522.1, number of alignments: 10, unaligned bases: 35006
		This contig is misassembled.
		This contig is partially unaligned. (Aligned 48843 out of 83849 non-N bases (58.25%))
			Real Alignment 1: 50346 50806 | 1053 586 | 461 468 | 95.09 | NC_000956.1 contig_2
			  Indel (> 5bp) between these two alignments: insertion of length 60; 0 mismatches (number of Ns: 0)
			Real Alignment 2: 50244 50345 | 1215 1114 | 102 102 | 100.0 | NC_000956.1 contig_2
			  Extensive misassembly (translocation) between these two alignments
			Excluding internal overlap of size 1 between Alignment 3 and 4: 19301 23197 | 14529 18448 | 3897 3920 --> 19302 23197 | 14530 18448 | 3896 3919
			Real Alignment 3: 3808 17087 | 1247 14529 | 13280 13283 | 99.55 | NC_001855.1 contig_2
			  Extensive misassembly (relocation, inconsistency = 2214) between these two alignments
			Real Alignment 4: 19302 23197 | 14530 18448 | 3896 3919 | 98.57 | NC_001855.1 contig_2
			  Extensive misassembly (translocation) between these two alignments
			Real Alignment 5: 10271 10522 | 19638 19389 | 252 250 | 97.22 | NC_001851.2 contig_2
			  Indel (> 5bp) between these two alignments: insertion of length 62; 0 mismatches (number of Ns: 0)
			Excluding internal overlap of size 71 between Alignment 6 and 7: 9778 10270 | 20193 19701 | 493 493 --> 9849 10270 | 20122 19701 | 422 422
			Real Alignment 6: 9849 10270 | 20122 19701 | 422 422 | 97.77 | NC_001851.2 contig_2
			  Extensive misassembly (translocation) between these two alignments
			Real Alignment 7: 3153 4117 | 20123 21089 | 965 967 | 95.14 | NC_001852.1 contig_2
			  Extensive misassembly (translocation) between these two alignments
			Excluding internal overlap of size 2 between Alignment 8 and 9: 25878 26874 | 23278 22285 | 997 994 --> 25878 26872 | 23278 22287 | 995 992
			Real Alignment 8: 34385 35481 | 21191 22286 | 1097 1096 | 98.91 | NC_001855.1 contig_2
			  Extensive misassembly (translocation) between these two alignments
			Excluding internal overlap of size 291 between Alignment 9 and 10: 25878 26872 | 23278 22287 | 995 992 --> 26169 26872 | 22987 22287 | 704 701
			Real Alignment 9: 26169 26872 | 22987 22287 | 704 701 | 96.1 | NC_001854.1 contig_2
			  Extensive misassembly (translocation) between these two alignments
			Real Alignment 10: 2 27577 | 50622 22988 | 27576 27635 | 99.49 | NC_001853.1 contig_2
		Unaligned bases: 35006

CONTIG: contig_3 (53886bp)
Best alignment score: 46097.7 (LEN: 46521, IDY: 99.09), Total number of alignments: 2
			Looking for the best set of alignments (out of 2 total alignments)
			The best set is below. Score: 50141.5, number of alignments: 2, unaligned bases: 3043
		This contig is misassembled.
		This contig is partially unaligned. (Aligned 50843 out of 53886 non-N bases (94.35%))
			Real Alignment 1: 49338 53657 | 4385 64 | 4320 4322 | 99.35 | NC_001857.2 contig_3
			  Extensive misassembly (relocation, inconsistency = -2979 [linear representation of circular genome]) between these two alignments
			Real Alignment 2: 1 46464 | 53885 7365 | 46464 46521 | 99.09 | NC_001857.2 contig_3
		Unaligned bases: 3043

CONTIG: contig_4 (52987bp)
Best alignment score: 22272.0 (LEN: 23075, IDY: 96.52), Total number of alignments: 8
			Looking for the best set of alignments (out of 8 total alignments)
			Skipping redundant alignments after choosing the best set of alignments
		Skipping redundant alignment 35852 36380 | 7365 6843 | 529 523 | 96.42 | NC_001855.1 contig_4
		Skipping redundant alignment 1180 1766 | 52040 51452 | 587 589 | 95.93 | NC_000955.2 contig_4
		This contig has several significant sets of alignments. [An ambiguously mapped contig]
		Using only the very best set (option --ambiguity-usage is set to "one").
			The best set is below. Score: 29473.9, number of alignments: 6, unaligned bases: 21066
		This contig is misassembled.
		This contig is partially unaligned. (Aligned 31921 out of 52987 non-N bases (60.24%))
			Real Alignment 1: 26344 26872 | 7365 6843 | 529 523 | 96.98 | NC_001854.1 contig_4
			  Extensive misassembly (translocation) between these two alignments
			Real Alignment 2: 9453 10842 | 9379 10758 | 1390 1380 | 97.05 | NC_001850.1 contig_4
			  Extensive misassembly (translocation) between these two alignments
			Real Alignment 3: 1 4117 | 24788 20680 | 4117 4109 | 98.79 | NC_001852.1 contig_4
			  Extensive misassembly (translocation) between these two alignments
			Real Alignment 4: 1 2197 | 24935 27129 | 2197 2195 | 98.82 | NC_001855.1 contig_4
			  Extensive misassembly (translocation) between these two alignments
			Excluding internal overlap of size 2222 between Alignment 5 and 6: 23017 25877 | 30834 27974 | 2861 2861 --> 25239 25877 | 28612 27974 | 639 639
			Real Alignment 5: 25239 25877 | 28612 27974 | 639 639 | 98.6 | NC_001854.1 contig_4
			  Extensive misassembly (relocation, inconsistency = 1090) between these two alignments
			Real Alignment 6: 1627 24148 | 51687 28613 | 22522 23075 | 96.52 | NC_001854.1 contig_4
		Unaligned bases: 21066

CONTIG: contig_5 (30859bp)
Best alignment score: 15355.8 (LEN: 15735, IDY: 97.59), Total number of alignments: 3
			Looking for the best set of alignments (out of 3 total alignments)
			The best set is below. Score: 29269.9, number of alignments: 3, unaligned bases: 372
		This contig is misassembled.
			Real Alignment 1: 1 12124 | 12102 1 | 12124 12102 | 96.18 | NC_000952.1 contig_5
			  Extensive misassembly (translocation) between these two alignments
			Real Alignment 2: 15142 30885 | 27837 12103 | 15744 15735 | 97.59 | NC_000953.1 contig_5
			  Gap between these two alignments (local misassembly). Inconsistency = 3
			Real Alignment 3: 12117 14766 | 30859 28210 | 2650 2650 | 95.3 | NC_000953.1 contig_5

CONTIG: contig_6 (30795bp)
Best alignment score: 9129.5 (LEN: 9445, IDY: 96.66), Total number of alignments: 6
			Looking for the best set of alignments (out of 6 total alignments)
			Skipping redundant alignments after choosing the best set of alignments
		Skipping redundant alignment 31048 36935 | 13958 8077 | 5888 5882 | 96.47 | NC_000956.1 contig_6
		Skipping redundant alignment 27320 30750 | 14630 11200 | 3431 3431 | 98.4 | NC_000948.1 contig_6
		Skipping redundant alignment 26721 27292 | 15205 14631 | 572 575 | 95.83 | NC_000948.1 contig_6
		This contig has several significant sets of alignments. [An ambiguously mapped contig]
		Using only the very best set (option --ambiguity-usage is set to "one").
			The best set is below. Score: 12808.4, number of alignments: 3, unaligned bases: 17344
		This contig is misassembled.
		This contig is partially unaligned. (Aligned 13451 out of 30795 non-N bases (43.68%))
			Warning! This contig is more unaligned than misassembled. Contig length is 30795 (number of Ns: 0) and total length of all aligns is 13451
		Alignment: 1 9444 | 11199 1755 | 9444 9445 | 96.66 | NC_000951.1 contig_6
		Alignment: 27455 30885 | 14630 11200 | 3431 3431 | 98.48 | NC_000953.1 contig_6
		Alignment: 26856 27427 | 15205 14631 | 572 575 | 95.83 | NC_000953.1 contig_6
		Unaligned bases: 17344

CONTIG: contig_7 (30641bp)
Best alignment score: 9577.6 (LEN: 9957, IDY: 96.19), Total number of alignments: 7
			Looking for the best set of alignments (out of 7 total alignments)
			Skipping redundant alignments after choosing the best set of alignments
		Skipping redundant alignment 1 9434 | 12039 2603 | 9434 9437 | 97.81 | NC_000949.1 contig_7
		Skipping redundant alignment 1 9434 | 12039 2603 | 9434 9437 | 97.51 | NC_000948.1 contig_7
		Skipping redundant alignment 1 9434 | 12039 2603 | 9434 9437 | 97.51 | NC_000953.1 contig_7
			The best set is below. Score: 20408.0, number of alignments: 4, unaligned bases: 8860
		This contig is misassembled.
		This contig is partially unaligned. (Aligned 21781 out of 30641 non-N bases (71.08%))
			Real Alignment 1: 10321 12011 | 1691 1 | 1691 1691 | 95.86 | NC_000952.1 contig_7
			  Gap between these two alignments (local misassembly). Inconsistency = -27
			Real Alignment 2: 1 9956 | 12039 2083 | 9956 9957 | 96.19 | NC_000952.1 contig_7
			  Extensive misassembly (translocation) between these two alignments
			Real Alignment 3: 17704 26216 | 24766 16267 | 8513 8500 | 95.24 | NC_000951.1 contig_7
			  Extensive misassembly (translocation) between these two alignments
			Real Alignment 4: 18689 20321 | 27448 25816 | 1633 1633 | 98.96 | NC_000956.1 contig_7
		Unaligned bases: 8860

CONTIG: contig_8 (30636bp)
Best alignment score: 11202.5 (LEN: 11662, IDY: 96.06), Total number of alignments: 8
			Looking for the best set of alignments (out of 8 total alignments)
			Skipping redundant alignments after choosing the best set of alignments
		Skipping redundant alignment 27320 30750 | 15093 11663 | 3431 3431 | 97.67 | NC_000948.1 contig_8
		Skipping redundant alignment 26721 27292 | 15668 15094 | 572 575 | 95.83 | NC_000948.1 contig_8
			The best set is below. Score: 19544.5, number of alignments: 6, unaligned bases: 9802
		This contig is misassembled.
		This contig is partially unaligned. (Aligned 20834 out of 30636 non-N bases (68.00%))
			Real Alignment 1: 1 11684 | 11662 1 | 11684 11662 | 96.06 | NC_000952.1 contig_8
			  Extensive misassembly (translocation) between these two alignments
			Real Alignment 2: 27455 30885 | 15093 11663 | 3431 3431 | 97.7 | NC_000953.1 contig_8
			  Indel (> 5bp) between these two alignments: deletion of length 27; 0 mismatches (number of Ns: 0)
			Real Alignment 3: 26856 27427 | 15668 15094 | 572 575 | 95.83 | NC_000953.1 contig_8
			  Gap between these two alignments (local misassembly). Inconsistency = 304
			Real Alignment 4: 16968 17536 | 25252 24684 | 569 569 | 95.43 | NC_000953.1 contig_8
			  Gap between these two alignments (local misassembly). Inconsistency = -97
			Real Alignment 5: 15142 16733 | 27174 25584 | 1592 1591 | 97.8 | NC_000953.1 contig_8
			  Extensive misassembly (translocation) between these two alignments
			Real Alignment 6: 11762 14766 | 30552 27547 | 3005 3006 | 95.34 | NC_000948.1 contig_8
		Unaligned bases: 9802

CONTIG: contig_9 (30310bp)
Best alignment score: 4644.0 (LEN: 4801, IDY: 96.73), Total number of alignments: 2
			Looking for the best set of alignments (out of 2 total alignments)
			Skipping redundant alignments after choosing the best set of alignments
		Skipping redundant alignment 2877 2988 | 7763 7652 | 112 112 | 95.54 | NC_000956.1 contig_9
			The best set is below. Score: 4644.0, number of alignments: 1, unaligned bases: 25509
		This contig is partially unaligned. (Aligned 4801 out of 30310 non-N bases (15.84%))
		Alignment: 24 4829 | 85 4885 | 4806 4801 | 96.73 | NC_001850.1 contig_9
		Unaligned bases: 1 to 84 (84)
		Unaligned bases: 4886 to 30310 (25425)

CONTIG: contig_10 (30301bp)
Best alignment score: 9125.6 (LEN: 9402, IDY: 97.06), Total number of alignments: 4
			Looking for the best set of alignments (out of 4 total alignments)
			The best set is below. Score: 15945.4, number of alignments: 4, unaligned bases: 13020
		This contig is misassembled.
		This contig is partially unaligned. (Aligned 17281 out of 30301 non-N bases (57.03%))
			Real Alignment 1: 17577 22193 | 1 4623 | 4617 4623 | 96.52 | NC_000950.1 contig_10
			  Extensive misassembly (translocation) between these two alignments
			Excluding internal overlap of size 3126 between Alignment 2 and 3: 31840 36935 | 10191 15284 | 5096 5094 --> 31840 33807 | 10191 12158 | 1968 1968
			Real Alignment 2: 31840 33807 | 10191 12158 | 1968 1968 | 95.11 | NC_000956.1 contig_10
			  Extensive misassembly (translocation) between these two alignments
			Real Alignment 3: 1 9400 | 12159 21560 | 9400 9402 | 97.06 | NC_000950.1 contig_10
			  Gap between these two alignments (local misassembly). Inconsistency = 204
			Real Alignment 4: 15143 16430 | 27099 28386 | 1288 1288 | 97.9 | NC_000950.1 contig_10
		Unaligned bases: 13020

CONTIG: contig_11 (30286bp)
Best alignment score: 9116.3 (LEN: 9446, IDY: 96.51), Total number of alignments: 2
			Looking for the best set of alignments (out of 2 total alignments)
			The best set is below. Score: 10525.9, number of alignments: 2, unaligned bases: 18863
		This contig is misassembled.
		This contig is partially unaligned. (Aligned 11423 out of 30286 non-N bases (37.72%))
			Warning! This contig is more unaligned than misassembled. Contig length is 30286 (number of Ns: 0) and total length of all aligns is 11423
		Alignment: 1 9444 | 11956 2511 | 9444 9446 | 96.51 | NC_000951.1 contig_11
		Alignment: 31831 36935 | 13933 8834 | 5105 5100 | 96.59 | NC_000956.1 contig_11
		Unaligned bases: 18863

CONTIG: contig_12 (30259bp)
Best alignment score: 9175.8 (LEN: 9445, IDY: 97.15), Total number of alignments: 7
			Looking for the best set of alignments (out of 7 total alignments)
			Skipping redundant alignments after choosing the best set of alignments
		Skipping redundant alignment 1 9452 | 17690 8246 | 9452 9445 | 96.3 | NC_000954.1 contig_12
		Skipping redundant alignment 1 9444 | 17690 8246 | 9444 9445 | 95.89 | NC_000950.1 contig_12
		This contig has several significant sets of alignments. [An ambiguously mapped contig]
		Using only the very best set (option --ambiguity-usage is set to "one").
			The best set is below. Score: 20493.1, number of alignments: 5, unaligned bases: 7992
		This contig is misassembled.
		This contig is partially unaligned. (Aligned 22267 out of 30259 non-N bases (73.59%))
			Real Alignment 1: 15139 17568 | 2551 67 | 2430 2485 | 95.07 | NC_000949.1 contig_12
			  Extensive misassembly (translocation) between these two alignments
			Excluding internal overlap of size 3123 between Alignment 2 and 3: 31817 36935 | 19681 14568 | 5119 5114 --> 31817 33807 | 19681 17691 | 1991 1991
			Real Alignment 2: 1 9444 | 17690 8246 | 9444 9445 | 97.15 | NC_000951.1 contig_12
			  Extensive misassembly (translocation) between these two alignments
			Real Alignment 3: 31817 33807 | 19681 17691 | 1991 1991 | 96.66 | NC_000956.1 contig_12
			  Extensive misassembly (translocation) between these two alignments
			Real Alignment 4: 18672 26656 | 29133 21202 | 7985 7932 | 96.27 | NC_000949.1 contig_12
			  Gap between these two alignments (local misassembly). Inconsistency = -65
			Real Alignment 5: 17614 18024 | 30259 29846 | 411 414 | 95.7 | NC_000949.1 contig_12
		Unaligned bases: 7992

CONTIG: contig_13 (26514bp)
Best alignment score: 19030.7 (LEN: 19425, IDY: 97.97), Total number of alignments: 2
			Looking for the best set of alignments (out of 2 total alignments)
			The best set is below. Score: 26014.5, number of alignments: 2, unaligned bases: 11
		This contig is misassembled.
			Real Alignment 1: 4 7083 | 7084 7 | 7080 7078 | 98.67 | NC_001903.1 contig_13
			  Not a misassembly [linear representation of circular genome] between these two alignments
			Real Alignment 2: 7090 26496 | 26514 7090 | 19407 19425 | 97.97 | NC_001903.1 contig_13

CONTIG: contig_14 (25146bp)
Best alignment score: 5474.0 (LEN: 5545, IDY: 98.72), Total number of alignments: 4
			Looking for the best set of alignments (out of 4 total alignments)
			Skipping redundant alignments after choosing the best set of alignments
		Skipping redundant alignment 11664 11846 | 8403 8221 | 183 183 | 97.81 | NC_001851.2 contig_14
		This contig has several significant sets of alignments. [An ambiguously mapped contig]
		Using only the very best set (option --ambiguity-usage is set to "one").
			The best set is below. Score: 9207.1, number of alignments: 3, unaligned bases: 15274
		This contig is misassembled.
		This contig is partially unaligned. (Aligned 9872 out of 25146 non-N bases (39.26%))
			Warning! This contig is more unaligned than misassembled. Contig length is 25146 (number of Ns: 0) and total length of all aligns is 9872
		Alignment: 905198 910723 | 5556 12 | 5526 5545 | 98.72 | NC_001318.1 contig_14
		Alignment: 903449 904148 | 6255 5555 | 700 701 | 99.0 | NC_001318.1 contig_14
		Alignment: 11927 15550 | 8672 12299 | 3624 3628 | 97.66 | NC_001851.2 contig_14
		Unaligned bases: 15274

CONTIG: contig_15 (24564bp)
Best alignment score: 13544.9 (LEN: 14026, IDY: 96.57), Total number of alignments: 5
			Looking for the best set of alignments (out of 5 total alignments)
			Skipping redundant alignments after choosing the best set of alignments
		Skipping redundant alignment 25878 26144 | 130 396 | 267 267 | 99.25 | NC_001854.1 contig_15
		Skipping redundant alignment 2413 2500 | 23935 23848 | 88 88 | 98.86 | NC_001851.2 contig_15
		This contig has several significant sets of alignments. [An ambiguously mapped contig]
		Using only the very best set (option --ambiguity-usage is set to "one").
			The best set is below. Score: 13773.9, number of alignments: 3, unaligned bases: 10053
		This contig is misassembled.
		This contig is partially unaligned. (Aligned 14511 out of 24564 non-N bases (59.07%))
			Real Alignment 1: 27158 27553 | 1 396 | 396 396 | 99.24 | NC_001853.1 contig_15
			  Extensive misassembly (translocation) between these two alignments
			Real Alignment 2: 8846 8934 | 5298 5386 | 89 89 | 97.75 | NC_001852.1 contig_15
			  Gap between these two alignments (local misassembly). Inconsistency = 114
			Real Alignment 3: 9743 23727 | 6081 20106 | 13985 14026 | 96.57 | NC_001852.1 contig_15
		Unaligned bases: 10053

CONTIG: contig_16 (21620bp)
Best alignment score: 6033.3 (LEN: 6195, IDY: 97.39), Total number of alignments: 8
			Looking for the best set of alignments (out of 8 total alignments)
			Skipping redundant alignments after choosing the best set of alignments
		Skipping redundant alignment 15332 15429 | 2160 2064 | 98 97 | 98.98 | NC_001849.2 contig_16
		Skipping redundant alignment 15332 15429 | 5101 5197 | 98 97 | 98.98 | NC_001849.2 contig_16
			The best set is below. Score: 15534.4, number of alignments: 6, unaligned bases: 5502
		This contig is misassembled.
		This contig is partially unaligned. (Aligned 16118 out of 21620 non-N bases (74.55%))
			Real Alignment 1: 13273 15331 | 1 2063 | 2059 2063 | 99.27 | NC_001849.2 contig_16
			  Indel (<= 5bp) between these two alignments: deletion of length 1; 98 mismatches (number of Ns: 0)
			Real Alignment 2: 15432 16821 | 2163 3551 | 1390 1389 | 97.85 | NC_001849.2 contig_16
			  Extensive misassembly (relocation, inconsistency = -1548) between these two alignments
			Real Alignment 3: 15432 16821 | 5098 3710 | 1390 1389 | 97.85 | NC_001849.2 contig_16
			  Indel (<= 5bp) between these two alignments: deletion of length 1; 98 mismatches (number of Ns: 0)
			Real Alignment 4: 13152 15331 | 7381 5198 | 2180 2184 | 99.04 | NC_001849.2 contig_16
			  Gap between these two alignments (local misassembly). Inconsistency = -210
			Real Alignment 5: 10428 13326 | 10314 7417 | 2899 2898 | 99.03 | NC_001849.2 contig_16
			  Gap between these two alignments (local misassembly). Inconsistency = 241
			Real Alignment 6: 3997 10186 | 16509 10315 | 6190 6195 | 97.39 | NC_001849.2 contig_16
		Unaligned bases: 5502

CONTIG: contig_17 (21172bp)
Best alignment score: 4477.3 (LEN: 4633, IDY: 96.64), Total number of alignments: 12
			Looking for the best set of alignments (out of 12 total alignments)
			Skipping redundant alignments after choosing the best set of alignments
		Skipping redundant alignment 10240 10392 | 19763 19915 | 153 153 | 95.42 | NC_000954.1 contig_17
		Skipping redundant alignment 10355 11576 | 19951 21172 | 1222 1222 | 98.36 | NC_000950.1 contig_17
		Skipping redundant alignment 10462 11721 | 19916 21172 | 1260 1257 | 96.98 | NC_000954.1 contig_17
		Skipping redundant alignment 13765 15122 | 19815 21172 | 1358 1358 | 97.43 | NC_000956.1 contig_17
		Skipping redundant alignment 10275 11632 | 19815 21172 | 1358 1358 | 97.43 | NC_000949.1 contig_17
		Skipping redundant alignment 10222 11632 | 19763 21172 | 1411 1410 | 97.52 | NC_000953.1 contig_17
		Skipping redundant alignment 10222 11632 | 19763 21172 | 1411 1410 | 97.52 | NC_000948.1 contig_17
		This contig has several significant sets of alignments. [An ambiguously mapped contig]
		Using only the very best set (option --ambiguity-usage is set to "one").
			The best set is below. Score: 10328.6, number of alignments: 5, unaligned bases: 10207
		This contig is misassembled.
		This contig is partially unaligned. (Aligned 10965 out of 21172 non-N bases (51.79%))
			Real Alignment 1: 11722 14691 | 1 2968 | 2970 2968 | 95.02 | NC_000954.1 contig_17
			  Gap between these two alignments (local misassembly). Inconsistency = 0
			Real Alignment 2: 15288 16956 | 3565 5233 | 1669 1669 | 98.62 | NC_000954.1 contig_17
			  Indel (> 5bp) between these two alignments: deletion of length 87; 0 mismatches (number of Ns: 0)
			Real Alignment 3: 17044 17328 | 5234 5518 | 285 285 | 97.54 | NC_000954.1 contig_17
			  Gap between these two alignments (local misassembly). Inconsistency = -245
			Real Alignment 4: 17772 22395 | 6207 10839 | 4624 4633 | 96.64 | NC_000954.1 contig_17
			  Extensive misassembly (translocation) between these two alignments
			Real Alignment 5: 10232 11642 | 19763 21172 | 1411 1410 | 98.02 | NC_000951.1 contig_17
		Unaligned bases: 10207

CONTIG: contig_18 (21164bp)
Best alignment score: 5654.1 (LEN: 5915, IDY: 95.59), Total number of alignments: 8
			Looking for the best set of alignments (out of 8 total alignments)
			Skipping redundant alignments after choosing the best set of alignments
		Skipping redundant alignment 540 6080 | 6235 695 | 5541 5541 | 97.15 | NC_000952.1 contig_18
		Skipping redundant alignment 1 6081 | 6609 695 | 6081 5915 | 95.25 | NC_000953.1 contig_18
		Skipping redundant alignment 1 6081 | 6609 695 | 6081 5915 | 95.25 | NC_000948.1 contig_18
		Skipping redundant alignment 16971 17287 | 19821 19505 | 317 317 | 98.42 | NC_000949.1 contig_18
		Skipping redundant alignment 18689 20229 | 21057 19517 | 1541 1541 | 98.51 | NC_000956.1 contig_18
		This contig has several significant sets of alignments. [An ambiguously mapped contig]
		Using only the very best set (option --ambiguity-usage is set to "one").
			The best set is below. Score: 9971.3, number of alignments: 3, unaligned bases: 10505
		This contig is misassembled.
		This contig is partially unaligned. (Aligned 10659 out of 21164 non-N bases (50.36%))
			Real Alignment 1: 1 6081 | 6609 695 | 6081 5915 | 95.59 | NC_000949.1 contig_18
			  Extensive misassembly (translocation) between these two alignments
			Real Alignment 2: 17390 20801 | 18894 15484 | 3412 3411 | 95.49 | NC_000951.1 contig_18
			  Gap between these two alignments (local misassembly). Inconsistency = 20
			Real Alignment 3: 15158 16489 | 21107 19775 | 1332 1333 | 98.35 | NC_000951.1 contig_18
		Unaligned bases: 10505

CONTIG: contig_19 (9394bp)
Best alignment score: 4902.0 (LEN: 4998, IDY: 98.08), Total number of alignments: 2
			Looking for the best set of alignments (out of 2 total alignments)
			The best set is below. Score: 9018.1, number of alignments: 2, unaligned bases: 258
		This contig is misassembled.
			Real Alignment 1: 204 5209 | 4998 1 | 5006 4998 | 98.08 | NC_001904.1 contig_19
			  Gap between these two alignments (local misassembly). Inconsistency = -16 [linear representation of circular genome]
			Real Alignment 2: 5210 9347 | 9394 5257 | 4138 4138 | 99.47 | NC_001904.1 contig_19

CONTIG: contig_20 (1103bp)
Best alignment score: 270.0 (LEN: 280, IDY: 96.43), Total number of alignments: 7
			Looking for the best set of alignments (out of 7 total alignments)
			Skipping redundant alignments after choosing the best set of alignments
		Skipping redundant alignment 52624 52798 | 457 281 | 175 177 | 95.48 | NC_000956.1 contig_20
		Skipping redundant alignment 201 375 | 281 457 | 175 177 | 95.48 | NC_001853.1 contig_20
		Skipping redundant alignment 51958 52164 | 1103 898 | 207 206 | 98.07 | NC_000956.1 contig_20
		Skipping redundant alignment 829 1035 | 898 1103 | 207 206 | 98.07 | NC_001853.1 contig_20
		This contig has several significant sets of alignments. [An ambiguously mapped contig]
		Using only the very best set (option --ambiguity-usage is set to "one").
			The best set is below. Score: 585.0, number of alignments: 3, unaligned bases: 440
		This contig is misassembled.
			Real Alignment 1: 1831 2109 | 1 280 | 279 280 | 96.43 | NC_001851.2 contig_20
			  Extensive misassembly (translocation) between these two alignments
			Real Alignment 2: 140 314 | 281 457 | 175 177 | 95.48 | NC_001849.2 contig_20
			  Gap between these two alignments (local misassembly). Inconsistency = 19
			Real Alignment 3: 774 980 | 898 1103 | 207 206 | 98.07 | NC_001849.2 contig_20

CONTIG: contig_21 (1000bp)
Best alignment score: 461.0 (LEN: 467, IDY: 98.72), Total number of alignments: 6
			Looking for the best set of alignments (out of 6 total alignments)
			Skipping redundant alignments after choosing the best set of alignments
		Skipping redundant alignment 26882 27320 | 1 440 | 439 440 | 99.09 | NC_001854.1 contig_21
		Skipping redundant alignment 36390 36849 | 1 461 | 460 461 | 98.7 | NC_001855.1 contig_21
		Skipping redundant alignment 26882 27320 | 1000 561 | 439 440 | 99.09 | NC_001854.1 contig_21
		Skipping redundant alignment 36390 36849 | 1000 540 | 460 461 | 98.7 | NC_001855.1 contig_21
		This contig has several significant sets of alignments. [An ambiguously mapped contig]
		Using only the very best set (option --ambiguity-usage is set to "one").
			The best set is below. Score: 873.0, number of alignments: 2, unaligned bases: 66
		This contig is misassembled.
			Real Alignment 1: 1 466 | 467 1 | 466 467 | 98.72 | NC_000956.1 contig_21
			  Extensive misassembly (inversion) between these two alignments
			Real Alignment 2: 1 466 | 534 1000 | 466 467 | 98.72 | NC_000956.1 contig_21

CONTIG: contig_22 (956bp)
Best alignment score: 399.0 (LEN: 408, IDY: 97.80), Total number of alignments: 2
			Looking for the best set of alignments (out of 2 total alignments)
			The best set is below. Score: 749.0, number of alignments: 2, unaligned bases: 140
		This contig is misassembled.
			Real Alignment 1: 29356 29764 | 12 419 | 409 408 | 97.8 | NC_001852.1 contig_22
			  Extensive misassembly (inversion) between these two alignments
			Real Alignment 2: 29356 29764 | 945 538 | 409 408 | 97.8 | NC_001852.1 contig_22

CONTIG: contig_23 (850bp)
Best alignment score: 239.0 (LEN: 239, IDY: 100.00), Total number of alignments: 1
			Looking for the best set of alignments (out of 1 total alignments)
			The best set is below. Score: 239.0, number of alignments: 1, unaligned bases: 611
		This contig is partially unaligned. (Aligned 239 out of 850 non-N bases (28.12%))
		Alignment: 1667 1905 | 239 1 | 239 239 | 100.0 | NC_001851.2 contig_23
		Unaligned bases: 240 to 850 (611)

CONTIG: contig_24 (828bp)
Best alignment score: 235.0 (LEN: 239, IDY: 98.33), Total number of alignments: 1
			Looking for the best set of alignments (out of 1 total alignments)
			The best set is below. Score: 235.0, number of alignments: 1, unaligned bases: 589
		This contig is partially unaligned. (Aligned 239 out of 828 non-N bases (28.86%))
		Alignment: 1667 1905 | 239 1 | 239 239 | 98.33 | NC_001851.2 contig_24
		Unaligned bases: 240 to 828 (589)

Analyzing coverage...
Writing SNPs into /home/mf019/longread_pangenome/expanded_dataset_analysis/quast/URI47H/contigs_reports/minimap_output/URI47H.used_snps

Analysis is finished!
Founded SNPs were written into /home/mf019/longread_pangenome/expanded_dataset_analysis/quast/URI47H/contigs_reports/minimap_output/URI47H.used_snps

Results:
	Local Misassemblies: 16
	Misassemblies: 31
		Relocations: 4
		Translocations: 25
		Inversions: 2
	Scaffold gap extensive misassemblies: 0
	Scaffold gap local misassemblies: 0
	Misassembled Contigs: 16
	Misassembled Contig Bases: 1356200
	Misassemblies Inter-Contig Overlap ("Extra" Aligned Bases): 0
Unaligned Contigs: 0 + 17 part
Half Unaligned Contigs with Misassemblies: 3
Unaligned Bases in Fully and Partially Unaligned Contigs: 213246

Ambiguously Mapped Contigs: 11
Total Bases in Ambiguously Mapped Contigs: 1213242
"Extra" Aligned Bases in Ambiguously Mapped Contigs: 0
Note that --allow-ambiguity option was set to "one" and only first alignment per each of these contigs was used (there is no "extra" aligned bases).

	Covered Bases in Reference: 1230715
	Raw Aligned Bases in Assembly: 1292852
	Total Aligned Bases in Assembly (with "Extras"): 1292852

	SNPs: 11952
	Insertions: 2011
	Deletions: 2164

