Aligning contigs to reference...
	Aligning contigs to the reference
Filtering alignments...
Parsing coords...
Loading reference...
	Loaded [NC_001853.1]
	Loaded [NC_000949.1]
	Loaded [NC_001855.1]
	Loaded [NC_001318.1]
	Loaded [NC_001854.1]
	Loaded [NC_001904.1]
	Loaded [NC_000948.1]
	Loaded [NC_001857.2]
	Loaded [NC_001856.1]
	Loaded [NC_000951.1]
	Loaded [NC_000950.1]
	Loaded [NC_001850.1]
	Loaded [NC_000956.1]
	Loaded [NC_001903.1]
	Loaded [NC_001851.2]
	Loaded [NC_001852.1]
	Loaded [NC_000957.1]
	Loaded [NC_000954.1]
	Loaded [NC_000955.2]
	Loaded [NC_001849.2]
	Loaded [NC_000953.1]
	Loaded [NC_000952.1]
	Total Regions: 22
	Total Region Length: 1521208
Analyzing contigs...
CONTIG: CP019916.1 (910728bp)
Best alignment score: 910636.9 (LEN: 910728, IDY: 99.99), Total number of alignments: 1
		One align captures most of this contig: 1 910724 | 1 910728 | 910724 910728 | 99.99 | NC_001318.1 CP019916.1

CONTIG: CP019922.1 (16800bp)
Best alignment score: 16776.5 (LEN: 16800, IDY: 99.86), Total number of alignments: 1
		One align captures most of this contig: 1 16821 | 16800 1 | 16821 16800 | 99.86 | NC_001849.2 CP019922.1

CONTIG: CP019917.1 (26498bp)
Best alignment score: 26495.4 (LEN: 26498, IDY: 99.99), Total number of alignments: 1
		One align captures most of this contig: 1 26498 | 1 26498 | 26498 26498 | 99.99 | NC_001903.1 CP019917.1

CONTIG: CP019923.1 (28157bp)
Best alignment score: 28083.8 (LEN: 28157, IDY: 99.74), Total number of alignments: 1
		One align captures most of this contig: 1 28155 | 28157 1 | 28155 28157 | 99.74 | NC_001851.2 CP019923.1

CONTIG: CP019919.1 (31245bp)
Best alignment score: 16789.5 (LEN: 17431, IDY: 96.32), Total number of alignments: 6
			Looking for the best set of alignments (out of 6 total alignments)
			Skipping redundant alignments after choosing the best set of alignments
		Skipping redundant alignment 1 14856 | 1 14688 | 14856 14688 | 95.98 | NC_000954.1 CP019919.1
		Skipping redundant alignment 6585 19971 | 3122 16399 | 13387 13278 | 97.94 | NC_000956.1 CP019919.1
		Skipping redundant alignment 1 16425 | 1 16399 | 16425 16399 | 96.95 | NC_000950.1 CP019919.1
		Skipping redundant alignment 27739 30750 | 28224 31245 | 3012 3022 | 96.13 | NC_000948.1 CP019919.1
		This contig has several significant sets of alignments. [An ambiguously mapped contig]
		Using only the very best set (option --ambiguity-usage is set to "one").
			The best set is below. Score: 19446.6, number of alignments: 2, unaligned bases: 10792
		This contig is misassembled.
		This contig is partially unaligned. (Aligned 20453 out of 31245 non-N bases (65.46%))
			Real Alignment 1: 1 17533 | 1 17431 | 17533 17431 | 96.32 | NC_000951.1 CP019919.1
			  Extensive misassembly (translocation) between these two alignments
			Real Alignment 2: 27874 30885 | 28224 31245 | 3012 3022 | 96.23 | NC_000953.1 CP019919.1
		Unaligned bases: 10792

CONTIG: CP019920.1 (25789bp)
Best alignment score: 20721.9 (LEN: 20726, IDY: 99.98), Total number of alignments: 5
			Looking for the best set of alignments (out of 5 total alignments)
			Skipping redundant alignments after choosing the best set of alignments
		Skipping redundant alignment 1 5058 | 1 5058 | 5058 5058 | 98.71 | NC_000953.1 CP019920.1
		Skipping redundant alignment 1 5058 | 1 5058 | 5058 5058 | 98.71 | NC_000948.1 CP019920.1
		Skipping redundant alignment 1 5057 | 1 5058 | 5057 5058 | 98.48 | NC_000952.1 CP019920.1
			The best set is below. Score: 25779.9, number of alignments: 2, unaligned bases: 5
		This contig is misassembled.
			Real Alignment 1: 1 5058 | 1 5058 | 5058 5058 | 100.0 | NC_000949.1 CP019920.1
			  Indel (<= 5bp) between these two alignments: insertion of length 5; 0 mismatches (number of Ns: 0) [linear representation of circular genome]
			Real Alignment 2: 9501 30223 | 5064 25789 | 20723 20726 | 99.98 | NC_000949.1 CP019920.1

CONTIG: CP019918.1 (56632bp)
Best alignment score: 20395.6 (LEN: 20814, IDY: 97.99), Total number of alignments: 7
			Looking for the best set of alignments (out of 7 total alignments)
			Skipping redundant alignments after choosing the best set of alignments
		Skipping redundant alignment 23154 30885 | 16231 23959 | 7732 7729 | 95.9 | NC_000953.1 CP019918.1
		Skipping redundant alignment 1 20795 | 23960 44773 | 20795 20814 | 97.99 | NC_000953.1 CP019918.1
		This contig has several significant sets of alignments. [An ambiguously mapped contig]
		Using only the very best set (option --ambiguity-usage is set to "one").
			The best set is below. Score: 52609.5, number of alignments: 5, unaligned bases: 2718
		This contig is misassembled.
		This contig is partially unaligned. (Aligned 53914 out of 56632 non-N bases (95.20%))
			Real Alignment 1: 6716 20797 | 1 14077 | 14082 14077 | 98.4 | NC_000948.1 CP019918.1
			  Gap between these two alignments (local misassembly). Inconsistency = 73
			Real Alignment 2: 22841 30750 | 16048 23959 | 7910 7912 | 95.71 | NC_000948.1 CP019918.1
			  Not a misassembly [linear representation of circular genome] between these two alignments
			Real Alignment 3: 1 16472 | 23960 40431 | 16472 16472 | 99.91 | NC_000948.1 CP019918.1
			  Gap between these two alignments (local misassembly). Inconsistency = -748 [linear representation of circular genome]
			Excluding internal overlap of size 2759 between Alignment 4 and 5: 31048 35739 | 51944 56632 | 4692 4689 --> 33808 35739 | 54703 56632 | 1932 1930
			Real Alignment 4: 17227 30750 | 41180 54702 | 13524 13523 | 99.14 | NC_000948.1 CP019918.1
			  Extensive misassembly (translocation) between these two alignments
			Real Alignment 5: 33808 35739 | 54703 56632 | 1932 1930 | 95.61 | NC_000956.1 CP019918.1
		Unaligned bases: 2718

CONTIG: CP019921.1 (62238bp)
Best alignment score: 30608.1 (LEN: 30651, IDY: 99.86), Total number of alignments: 4
			Looking for the best set of alignments (out of 4 total alignments)
			Skipping redundant alignments after choosing the best set of alignments
		Skipping redundant alignment 31812 36935 | 28656 33780 | 5124 5125 | 95.79 | NC_000956.1 CP019921.1
			The best set is below. Score: 61539.5, number of alignments: 3, unaligned bases: 0
		This contig is misassembled.
			Real Alignment 1: 1 30651 | 1 30651 | 30651 30651 | 99.86 | NC_000954.1 CP019921.1
			  Extensive misassembly (translocation) between these two alignments
			Real Alignment 2: 1 30299 | 30652 60957 | 30299 30306 | 99.49 | NC_000950.1 CP019921.1
			  Extensive misassembly (relocation, inconsistency = -1281 [linear representation of circular genome]) between these two alignments
			Real Alignment 3: 1 1281 | 60958 62238 | 1281 1281 | 100.0 | NC_000950.1 CP019921.1

CONTIG: CP019924.1 (36846bp)
Best alignment score: 36842.3 (LEN: 36846, IDY: 99.99), Total number of alignments: 1
		One align captures most of this contig: 1 36849 | 1 36846 | 36849 36846 | 99.99 | NC_001855.1 CP019924.1

CONTIG: CP019925.1 (53650bp)
Best alignment score: 53633.9 (LEN: 53650, IDY: 99.97), Total number of alignments: 1
		One align captures most of this contig: 1 53657 | 1 53650 | 53657 53650 | 99.97 | NC_001857.2 CP019925.1

CONTIG: CP019926.1 (52971bp)
Best alignment score: 52970.0 (LEN: 52970, IDY: 100.00), Total number of alignments: 1
		One align captures most of this contig: 1 52970 | 1 52970 | 52970 52970 | 100.0 | NC_000956.1 CP019926.1

Analyzing coverage...
Writing SNPs into /home/mf019/longread_pangenome/expanded_dataset_analysis/reports/quast/GCA_002151485.1_ASM215148v1_genomic/contigs_reports/minimap_output/GCA_002151485-1_ASM215148v1_genomic.used_snps

Analysis is finished!
Founded SNPs were written into /home/mf019/longread_pangenome/expanded_dataset_analysis/reports/quast/GCA_002151485.1_ASM215148v1_genomic/contigs_reports/minimap_output/GCA_002151485-1_ASM215148v1_genomic.used_snps

Results:
	Local Misassemblies: 2
	Misassemblies: 4
		Relocations: 1
		Translocations: 3
		Inversions: 0
	Scaffold gap extensive misassemblies: 0
	Scaffold gap local misassemblies: 0
	Misassembled Contigs: 3
	Misassembled Contig Bases: 150115
	Misassemblies Inter-Contig Overlap ("Extra" Aligned Bases): 0
Unaligned Contigs: 0 + 2 part
Half Unaligned Contigs with Misassemblies: 0
Unaligned Bases in Fully and Partially Unaligned Contigs: 13510

Ambiguously Mapped Contigs: 2
Total Bases in Ambiguously Mapped Contigs: 87877
"Extra" Aligned Bases in Ambiguously Mapped Contigs: 0
Note that --allow-ambiguity option was set to "one" and only first alignment per each of these contigs was used (there is no "extra" aligned bases).

	Covered Bases in Reference: 1263657
	Raw Aligned Bases in Assembly: 1288038
	Total Aligned Bases in Assembly (with "Extras"): 1288038

	SNPs: 1423
	Insertions: 206
	Deletions: 314

