Aligning contigs to reference...
	Aligning contigs to the reference
Filtering alignments...
Parsing coords...
Loading reference...
	Loaded [NC_001853.1]
	Loaded [NC_000949.1]
	Loaded [NC_001855.1]
	Loaded [NC_001318.1]
	Loaded [NC_001854.1]
	Loaded [NC_001904.1]
	Loaded [NC_000948.1]
	Loaded [NC_001857.2]
	Loaded [NC_001856.1]
	Loaded [NC_000951.1]
	Loaded [NC_000950.1]
	Loaded [NC_001850.1]
	Loaded [NC_000956.1]
	Loaded [NC_001903.1]
	Loaded [NC_001851.2]
	Loaded [NC_001852.1]
	Loaded [NC_000957.1]
	Loaded [NC_000954.1]
	Loaded [NC_000955.2]
	Loaded [NC_001849.2]
	Loaded [NC_000953.1]
	Loaded [NC_000952.1]
	Total Regions: 22
	Total Region Length: 1521208
Analyzing contigs...
CONTIG: contig_1 (910570bp)
Best alignment score: 910296.8 (LEN: 910570, IDY: 99.97), Total number of alignments: 1
		One align captures most of this contig: 1 910722 | 1 910570 | 910722 910570 | 99.97 | NC_001318.1 contig_1

CONTIG: contig_2 (53613bp)
Best alignment score: 53602.3 (LEN: 53613, IDY: 99.98), Total number of alignments: 1
		One align captures most of this contig: 3 53615 | 53613 1 | 53613 53613 | 99.98 | NC_001857.2 contig_2

CONTIG: contig_3 (50256bp)
Best alignment score: 28372.9 (LEN: 28444, IDY: 99.75), Total number of alignments: 4
			Looking for the best set of alignments (out of 4 total alignments)
			The best set is below. Score: 49115.5, number of alignments: 4, unaligned bases: 298
		This contig is misassembled.
			Real Alignment 1: 13269 16821 | 1 3553 | 3553 3553 | 100.0 | NC_001849.2 contig_3
			  Extensive misassembly (relocation, inconsistency = -3553 [linear representation of circular genome]) between these two alignments
			Real Alignment 2: 1 16821 | 20511 3712 | 16821 16800 | 99.88 | NC_001849.2 contig_3
			  Extensive misassembly (translocation) between these two alignments
			Real Alignment 3: 110 28601 | 20620 49063 | 28492 28444 | 99.75 | NC_001853.1 contig_3
			  Extensive misassembly (relocation, inconsistency = -1193) between these two alignments
			Real Alignment 4: 27441 28601 | 50256 49096 | 1161 1161 | 100.0 | NC_001853.1 contig_3

CONTIG: contig_4 (47855bp)
Best alignment score: 47697.1 (LEN: 47855, IDY: 99.67), Total number of alignments: 1
		One align captures most of this contig: 2361 50345 | 1 47855 | 47985 47855 | 99.67 | NC_000956.1 contig_4

CONTIG: contig_5 (44126bp)
Best alignment score: 38760.5 (LEN: 38846, IDY: 99.78), Total number of alignments: 2
			Looking for the best set of alignments (out of 2 total alignments)
			The best set is below. Score: 43734.4, number of alignments: 2, unaligned bases: 56
		This contig is misassembled.
			Real Alignment 1: 33599 38822 | 1 5224 | 5224 5224 | 100.0 | NC_001856.1 contig_5
			  Extensive misassembly (relocation, inconsistency = -5224 [linear representation of circular genome]) between these two alignments
			Real Alignment 2: 45 38822 | 44126 5281 | 38778 38846 | 99.78 | NC_001856.1 contig_5

CONTIG: contig_6 (34480bp)
Best alignment score: 34480.0 (LEN: 34480, IDY: 100.00), Total number of alignments: 1
		One align captures most of this contig: 23 34502 | 1 34480 | 34480 34480 | 100.0 | NC_001855.1 contig_6

CONTIG: contig_7 (33271bp)
Best alignment score: 26007.0 (LEN: 26592, IDY: 97.80), Total number of alignments: 5
			Looking for the best set of alignments (out of 5 total alignments)
			Skipping redundant alignments after choosing the best set of alignments
		Skipping redundant alignment 1667 2084 | 28802 28386 | 418 417 | 96.89 | NC_001851.2 contig_7
		Skipping redundant alignment 1667 2084 | 29887 30303 | 418 417 | 96.89 | NC_001851.2 contig_7
		This contig has several significant sets of alignments. [An ambiguously mapped contig]
		Using only the very best set (option --ambiguity-usage is set to "one").
			The best set is below. Score: 30333.9, number of alignments: 3, unaligned bases: 1532
		This contig is misassembled.
		This contig is partially unaligned. (Aligned 31739 out of 33271 non-N bases (95.40%))
			Excluding internal overlap of size 3138 between Alignment 1 and 2: 22316 27433 | 5124 1 | 5118 5124 --> 25454 27433 | 1986 1 | 1980 1986
			Real Alignment 1: 25454 27433 | 1986 1 | 1980 1986 | 96.43 | NC_001851.2 contig_7
			  Extensive misassembly (relocation, inconsistency = -1149 [linear representation of circular genome]) between these two alignments
			Real Alignment 2: 1 26602 | 28578 1987 | 26602 26592 | 97.8 | NC_001851.2 contig_7
			  Extensive misassembly (relocation, inconsistency = -4693) between these two alignments
			Real Alignment 3: 1 3161 | 30111 33271 | 3161 3161 | 100.0 | NC_001851.2 contig_7
		Unaligned bases: 1532

CONTIG: contig_8 (31925bp)
Best alignment score: 24139.0 (LEN: 24168, IDY: 99.88), Total number of alignments: 4
			Looking for the best set of alignments (out of 4 total alignments)
			Skipping redundant alignments after choosing the best set of alignments
		Skipping redundant alignment 145 605 | 31843 31374 | 461 470 | 96.38 | NC_001854.1 contig_8
		Skipping redundant alignment 155 615 | 31843 31374 | 461 470 | 96.17 | NC_000955.2 contig_8
		This contig has several significant sets of alignments. [An ambiguously mapped contig]
		Using only the very best set (option --ambiguity-usage is set to "one").
			The best set is below. Score: 31287.0, number of alignments: 2, unaligned bases: 358
		This contig is misassembled.
			Real Alignment 1: 3 7401 | 7399 1 | 7399 7399 | 100.0 | NC_001850.1 contig_8
			  Extensive misassembly (relocation, inconsistency = -24163 [linear representation of circular genome]) between these two alignments
			Real Alignment 2: 3 24165 | 7538 31705 | 24163 24168 | 99.88 | NC_001850.1 contig_8

CONTIG: contig_9 (31245bp)
Best alignment score: 15222.3 (LEN: 15817, IDY: 96.24), Total number of alignments: 6
			Looking for the best set of alignments (out of 6 total alignments)
			Skipping redundant alignments after choosing the best set of alignments
		Skipping redundant alignment 1594 14856 | 1 13098 | 13263 13098 | 95.84 | NC_000954.1 contig_9
		Skipping redundant alignment 6585 19971 | 1532 14809 | 13387 13278 | 97.92 | NC_000956.1 contig_9
		Skipping redundant alignment 1618 16425 | 25 14809 | 14808 14785 | 97.08 | NC_000950.1 contig_9
		Skipping redundant alignment 27739 30750 | 26634 29655 | 3012 3022 | 96.13 | NC_000948.1 contig_9
		This contig has several significant sets of alignments. [An ambiguously mapped contig]
		Using only the very best set (option --ambiguity-usage is set to "one").
			The best set is below. Score: 17879.4, number of alignments: 2, unaligned bases: 12406
		This contig is misassembled.
		This contig is partially unaligned. (Aligned 18839 out of 31245 non-N bases (60.29%))
			Real Alignment 1: 1615 17533 | 25 15841 | 15919 15817 | 96.24 | NC_000951.1 contig_9
			  Extensive misassembly (translocation) between these two alignments
			Real Alignment 2: 27874 30885 | 26634 29655 | 3012 3022 | 96.23 | NC_000953.1 contig_9
		Unaligned bases: 12406

CONTIG: contig_10 (30866bp)
Best alignment score: 20075.0 (LEN: 20788, IDY: 96.57), Total number of alignments: 3
			Looking for the best set of alignments (out of 3 total alignments)
			Skipping redundant alignments after choosing the best set of alignments
		Skipping redundant alignment 27935 29693 | 29105 30866 | 1759 1762 | 96.31 | NC_000948.1 contig_10
		This contig has several significant sets of alignments. [An ambiguously mapped contig]
		Using only the very best set (option --ambiguity-usage is set to "one").
			The best set is below. Score: 21523.1, number of alignments: 2, unaligned bases: 8316
		This contig is misassembled.
		This contig is partially unaligned. (Aligned 22550 out of 30866 non-N bases (73.06%))
			Real Alignment 1: 1 20797 | 1058 21845 | 20797 20788 | 96.57 | NC_000952.1 contig_10
			  Extensive misassembly (translocation) between these two alignments
			Real Alignment 2: 28070 29828 | 29105 30866 | 1759 1762 | 96.43 | NC_000953.1 contig_10
		Unaligned bases: 8316

CONTIG: contig_11 (30652bp)
Best alignment score: 18612.1 (LEN: 18614, IDY: 99.99), Total number of alignments: 3
			Looking for the best set of alignments (out of 3 total alignments)
			Skipping redundant alignments after choosing the best set of alignments
		Skipping redundant alignment 31812 36935 | 14034 8910 | 5124 5125 | 95.83 | NC_000956.1 contig_11
			The best set is below. Score: 30635.7, number of alignments: 2, unaligned bases: 0
		This contig is misassembled.
			Real Alignment 1: 1 12037 | 12038 1 | 12037 12038 | 99.88 | NC_000954.1 contig_11
			  Not a misassembly [linear representation of circular genome] between these two alignments
			Real Alignment 2: 12038 30651 | 30652 12039 | 18614 18614 | 99.99 | NC_000954.1 contig_11

CONTIG: contig_12 (30299bp)
Best alignment score: 18482.9 (LEN: 18494, IDY: 99.94), Total number of alignments: 2
			Looking for the best set of alignments (out of 2 total alignments)
			The best set is below. Score: 30287.9, number of alignments: 2, unaligned bases: 0
		This contig is misassembled.
			Real Alignment 1: 1 18494 | 18494 1 | 18494 18494 | 99.94 | NC_000950.1 contig_12
			  Not a misassembly [linear representation of circular genome] between these two alignments
			Real Alignment 2: 18495 30299 | 30299 18495 | 11805 11805 | 100.0 | NC_000950.1 contig_12

CONTIG: contig_13 (30222bp)
Best alignment score: 23382.7 (LEN: 23385, IDY: 99.99), Total number of alignments: 4
			Looking for the best set of alignments (out of 4 total alignments)
			Skipping redundant alignments after choosing the best set of alignments
		Skipping redundant alignment 1 6837 | 23386 30222 | 6837 6837 | 99.05 | NC_000953.1 contig_13
		Skipping redundant alignment 1 6837 | 23386 30222 | 6837 6837 | 99.05 | NC_000948.1 contig_13
			The best set is below. Score: 30217.6, number of alignments: 2, unaligned bases: 0
		This contig is misassembled.
			Real Alignment 1: 6838 30223 | 1 23385 | 23386 23385 | 99.99 | NC_000949.1 contig_13
			  Not a misassembly [linear representation of circular genome] between these two alignments
			Real Alignment 2: 1 6837 | 23386 30222 | 6837 6837 | 99.97 | NC_000949.1 contig_13

CONTIG: contig_14 (29805bp)
Best alignment score: 29752.0 (LEN: 29755, IDY: 99.99), Total number of alignments: 1
		One align captures most of this contig: 1 29755 | 51 29805 | 29755 29755 | 99.99 | NC_001852.1 contig_14

CONTIG: contig_15 (28843bp)
Best alignment score: 4619.1 (LEN: 4711, IDY: 98.05), Total number of alignments: 26
			Looking for the best set of alignments (out of 26 total alignments)
		This contig has several significant sets of alignments. [An ambiguously mapped contig]
		Using only the very best set (option --ambiguity-usage is set to "one").
			The best set is below. Score: 26036.8, number of alignments: 26, unaligned bases: 750
		This contig is misassembled.
			Real Alignment 1: 14549 18777 | 1 4230 | 4229 4230 | 99.74 | NC_000955.2 contig_15
			  Extensive misassembly (relocation, inconsistency = -4229) between these two alignments
			Real Alignment 2: 14001 18777 | 8941 4231 | 4777 4711 | 98.05 | NC_000955.2 contig_15
			  Extensive misassembly (translocation) between these two alignments
			Real Alignment 3: 5247 5839 | 8949 9541 | 593 593 | 99.66 | NC_001904.1 contig_15
			  Gap between these two alignments (local misassembly). Inconsistency = -26
			Excluding internal overlap of size 56 between Alignment 4 and 5: 218 2717 | 15496 12999 | 2500 2498 --> 218 2661 | 15496 13055 | 2444 2442
			Real Alignment 4: 6052 9330 | 9780 13054 | 3279 3275 | 95.58 | NC_001904.1 contig_15
			  Extensive misassembly (inversion) between these two alignments
			Real Alignment 5: 218 2661 | 15496 13055 | 2444 2442 | 96.33 | NC_001904.1 contig_15
			  Extensive misassembly (inversion) between these two alignments
			Real Alignment 6: 2816 5249 | 15944 18380 | 2434 2437 | 95.08 | NC_001904.1 contig_15
			  Extensive misassembly (translocation) between these two alignments
			Real Alignment 7: 14001 14413 | 18809 18397 | 413 413 | 96.13 | NC_000955.2 contig_15
			  Indel (> 5bp) between these two alignments: deletion of length 124; 0 mismatches (number of Ns: 0)
			Real Alignment 8: 13668 13876 | 19018 18810 | 209 209 | 98.09 | NC_000955.2 contig_15
			  Indel (> 5bp) between these two alignments: deletion of length 189; 0 mismatches (number of Ns: 0)
			Real Alignment 9: 13367 13478 | 19130 19019 | 112 112 | 100.0 | NC_000955.2 contig_15
			  Indel (> 5bp) between these two alignments: deletion of length 61; 0 mismatches (number of Ns: 0)
			Real Alignment 10: 11662 13305 | 20782 19131 | 1644 1652 | 96.19 | NC_000955.2 contig_15
			  Indel (> 5bp) between these two alignments: deletion of length 124; 0 mismatches (number of Ns: 0)
			Real Alignment 11: 10787 11537 | 21535 20783 | 751 753 | 96.68 | NC_000955.2 contig_15
			  Indel (> 5bp) between these two alignments: deletion of length 124; 0 mismatches (number of Ns: 0)
			Real Alignment 12: 9907 10662 | 22291 21536 | 756 756 | 96.03 | NC_000955.2 contig_15
			  Indel (> 5bp) between these two alignments: deletion of length 124; 0 mismatches (number of Ns: 0)
			Real Alignment 13: 9656 9782 | 22418 22292 | 127 127 | 99.21 | NC_000955.2 contig_15
			  Indel (> 5bp) between these two alignments: deletion of length 124; 0 mismatches (number of Ns: 0)
			Real Alignment 14: 9104 9531 | 22848 22419 | 428 430 | 96.28 | NC_000955.2 contig_15
			  Indel (> 5bp) between these two alignments: deletion of length 61; 0 mismatches (number of Ns: 0)
			Real Alignment 15: 8480 9042 | 23411 22849 | 563 563 | 98.22 | NC_000955.2 contig_15
			  Indel (> 5bp) between these two alignments: deletion of length 187; 0 mismatches (number of Ns: 0)
			Real Alignment 16: 8159 8292 | 23545 23412 | 134 134 | 96.27 | NC_000955.2 contig_15
			  Indel (> 5bp) between these two alignments: deletion of length 122; 0 mismatches (number of Ns: 0)
			Real Alignment 17: 7663 8036 | 23923 23546 | 374 378 | 97.09 | NC_000955.2 contig_15
			  Indel (> 5bp) between these two alignments: deletion of length 126; 0 mismatches (number of Ns: 0)
			Real Alignment 18: 7223 7494 | 24239 23966 | 272 274 | 97.08 | NC_000955.2 contig_15
			  Indel (> 5bp) between these two alignments: deletion of length 61; 0 mismatches (number of Ns: 0)
			Real Alignment 19: 6665 7161 | 24734 24240 | 497 495 | 97.59 | NC_000955.2 contig_15
			  Indel (> 5bp) between these two alignments: deletion of length 187; 0 mismatches (number of Ns: 0)
			Real Alignment 20: 6230 6477 | 24984 24735 | 248 250 | 96.4 | NC_000955.2 contig_15
			  Indel (> 5bp) between these two alignments: deletion of length 61; 0 mismatches (number of Ns: 0)
			Real Alignment 21: 6103 6168 | 25050 24985 | 66 66 | 98.48 | NC_000955.2 contig_15
			  Indel (> 5bp) between these two alignments: deletion of length 61; 0 mismatches (number of Ns: 0)
			Real Alignment 22: 5764 6041 | 25326 25051 | 278 276 | 97.84 | NC_000955.2 contig_15
			  Gap between these two alignments (local misassembly). Inconsistency = 437
			Real Alignment 23: 5140 5326 | 25511 25327 | 187 185 | 97.86 | NC_000955.2 contig_15
			  Gap between these two alignments (local misassembly). Inconsistency = 252
			Real Alignment 24: 4488 4887 | 25913 25512 | 400 402 | 99.0 | NC_000955.2 contig_15
			  Gap between these two alignments (local misassembly). Inconsistency = 433
			Real Alignment 25: 3734 4054 | 26232 25914 | 321 319 | 97.2 | NC_000955.2 contig_15
			  Indel (> 5bp) between these two alignments: deletion of length 61; 0 mismatches (number of Ns: 0)
			Real Alignment 26: 1062 3672 | 28843 26233 | 2611 2611 | 99.5 | NC_000955.2 contig_15

CONTIG: contig_16 (26498bp)
Best alignment score: 17472.3 (LEN: 17488, IDY: 99.91), Total number of alignments: 2
			Looking for the best set of alignments (out of 2 total alignments)
			The best set is below. Score: 26482.3, number of alignments: 2, unaligned bases: 0
		This contig is misassembled.
			Real Alignment 1: 9011 26498 | 1 17488 | 17488 17488 | 99.91 | NC_001903.1 contig_16
			  Not a misassembly [linear representation of circular genome] between these two alignments
			Real Alignment 2: 1 9010 | 17489 26498 | 9010 9010 | 100.0 | NC_001903.1 contig_16

CONTIG: contig_17 (24656bp)
Best alignment score: 24197.4 (LEN: 24656, IDY: 98.14), Total number of alignments: 1
		One align captures most of this contig: 1052 26168 | 24656 1 | 25117 24656 | 98.14 | NC_001854.1 contig_17

CONTIG: contig_18 (1007bp)
Best alignment score: 596.0 (LEN: 596, IDY: 100.00), Total number of alignments: 2
			Looking for the best set of alignments (out of 2 total alignments)
			Skipping redundant alignments after choosing the best set of alignments
		Skipping redundant alignment 455 1050 | 412 1007 | 596 596 | 99.83 | NC_000955.2 contig_18
		This contig has several significant sets of alignments. [An ambiguously mapped contig]
		Using only the very best set (option --ambiguity-usage is set to "one").
			The best set is below. Score: 596.0, number of alignments: 1, unaligned bases: 411
		Alignment: 445 1040 | 412 1007 | 596 596 | 100.0 | NC_001854.1 contig_18

CONTIG: contig_19 (875bp)
Best alignment score: 875.0 (LEN: 875, IDY: 100.00), Total number of alignments: 1
		One align captures most of this contig: 34651 35525 | 1 875 | 875 875 | 100.0 | NC_001855.1 contig_19

CONTIG: contig_20 (874bp)
Best alignment score: 404.0 (LEN: 404, IDY: 100.00), Total number of alignments: 3
			Looking for the best set of alignments (out of 3 total alignments)
			Skipping redundant alignments after choosing the best set of alignments
		Skipping redundant alignment 26944 27323 | 1 380 | 380 380 | 99.74 | NC_001854.1 contig_20
			The best set is below. Score: 751.0, number of alignments: 2, unaligned bases: 72
		This contig is misassembled.
			Real Alignment 1: 36452 36849 | 1 398 | 398 398 | 100.0 | NC_001855.1 contig_20
			  Extensive misassembly (translocation) between these two alignments
			Real Alignment 2: 1 404 | 471 874 | 404 404 | 100.0 | NC_000956.1 contig_20

CONTIG: contig_21 (807bp)
Best alignment score: 807.0 (LEN: 807, IDY: 100.00), Total number of alignments: 1
		One align captures most of this contig: 1102 1908 | 807 1 | 807 807 | 100.0 | NC_000956.1 contig_21

Analyzing coverage...
Writing SNPs into /home/mf019/longread_pangenome/expanded_dataset_analysis/quast/URI93H/contigs_reports/minimap_output/URI93H.used_snps

Analysis is finished!
Founded SNPs were written into /home/mf019/longread_pangenome/expanded_dataset_analysis/quast/URI93H/contigs_reports/minimap_output/URI93H.used_snps

Results:
	Local Misassemblies: 4
	Misassemblies: 15
		Relocations: 7
		Translocations: 6
		Inversions: 2
	Scaffold gap extensive misassemblies: 0
	Scaffold gap local misassemblies: 0
	Misassembled Contigs: 8
	Misassembled Contig Bases: 251406
	Misassemblies Inter-Contig Overlap ("Extra" Aligned Bases): 0
Unaligned Contigs: 0 + 3 part
Half Unaligned Contigs with Misassemblies: 0
Unaligned Bases in Fully and Partially Unaligned Contigs: 22254

Ambiguously Mapped Contigs: 6
Total Bases in Ambiguously Mapped Contigs: 157157
"Extra" Aligned Bases in Ambiguously Mapped Contigs: 0
Note that --allow-ambiguity option was set to "one" and only first alignment per each of these contigs was used (there is no "extra" aligned bases).

	Covered Bases in Reference: 1421286
	Raw Aligned Bases in Assembly: 1448496
	Total Aligned Bases in Assembly (with "Extras"): 1448496

	SNPs: 1996
	Insertions: 579
	Deletions: 3271

