Aligning contigs to reference...
	Aligning contigs to the reference
Filtering alignments...
Parsing coords...
Loading reference...
	Loaded [NC_001853.1]
	Loaded [NC_000949.1]
	Loaded [NC_001855.1]
	Loaded [NC_001318.1]
	Loaded [NC_001854.1]
	Loaded [NC_001904.1]
	Loaded [NC_000948.1]
	Loaded [NC_001857.2]
	Loaded [NC_001856.1]
	Loaded [NC_000951.1]
	Loaded [NC_000950.1]
	Loaded [NC_001850.1]
	Loaded [NC_000956.1]
	Loaded [NC_001903.1]
	Loaded [NC_001851.2]
	Loaded [NC_001852.1]
	Loaded [NC_000957.1]
	Loaded [NC_000954.1]
	Loaded [NC_000955.2]
	Loaded [NC_001849.2]
	Loaded [NC_000953.1]
	Loaded [NC_000952.1]
	Total Regions: 22
	Total Region Length: 1521208
Analyzing contigs...
CONTIG: contig_1 (921082bp)
Best alignment score: 899666.5 (LEN: 904642, IDY: 99.45), Total number of alignments: 12
			Looking for the best set of alignments (out of 12 total alignments)
		This contig has several significant sets of alignments. [An ambiguously mapped contig]
		Using only the very best set (option --ambiguity-usage is set to "one").
			The best set is below. Score: 912963.3, number of alignments: 12, unaligned bases: 2496
		This contig is misassembled.
		This contig is partially unaligned. (Aligned 918586 out of 921082 non-N bases (99.73%))
			Real Alignment 1: 43 905067 | 34 904675 | 905025 904642 | 99.45 | NC_001318.1 contig_1
			  Gap between these two alignments (local misassembly). Inconsistency = 264
			Excluding internal overlap of size 2 between Alignment 2 and 3: 905332 906146 | 904676 905490 | 815 815 --> 905332 906144 | 904676 905488 | 813 813
			Real Alignment 2: 905332 906144 | 904676 905488 | 813 813 | 99.51 | NC_001318.1 contig_1
			  Extensive misassembly (translocation) between these two alignments
			Real Alignment 3: 2438 3690 | 905489 906741 | 1253 1253 | 99.52 | NC_000955.2 contig_1
			  Indel (> 5bp) between these two alignments: deletion of length 121; 0 mismatches (number of Ns: 0)
			Real Alignment 4: 3812 4300 | 906742 907225 | 489 484 | 95.09 | NC_000955.2 contig_1
			  Indel (> 5bp) between these two alignments: deletion of length 63; 0 mismatches (number of Ns: 0)
			Real Alignment 5: 4364 5332 | 907226 908190 | 969 965 | 95.25 | NC_000955.2 contig_1
			  Gap between these two alignments (local misassembly). Inconsistency = 311
			Real Alignment 6: 5644 6559 | 908191 909112 | 916 922 | 95.55 | NC_000955.2 contig_1
			  Indel (> 5bp) between these two alignments: deletion of length 124; 0 mismatches (number of Ns: 0)
			Real Alignment 7: 6684 6931 | 909113 909362 | 248 250 | 97.6 | NC_000955.2 contig_1
			  Indel (> 5bp) between these two alignments: deletion of length 63; 0 mismatches (number of Ns: 0)
			Real Alignment 8: 6995 9345 | 909363 911707 | 2351 2345 | 96.38 | NC_000955.2 contig_1
			  Indel (> 5bp) between these two alignments: deletion of length 124; 0 mismatches (number of Ns: 0)
			Real Alignment 9: 9470 10048 | 911708 912280 | 579 573 | 95.85 | NC_000955.2 contig_1
			  Gap between these two alignments (local misassembly). Inconsistency = 193
			Real Alignment 10: 11484 12416 | 913523 914459 | 933 937 | 96.26 | NC_000955.2 contig_1
			  Indel (> 5bp) between these two alignments: deletion of length 63; 0 mismatches (number of Ns: 0)
			Real Alignment 11: 12480 13305 | 914460 915285 | 826 826 | 97.09 | NC_000955.2 contig_1
			  Gap between these two alignments (local misassembly). Inconsistency = -297
			Real Alignment 12: 14201 18775 | 916478 921053 | 4575 4576 | 99.37 | NC_000955.2 contig_1
		Unaligned bases: 2496

CONTIG: contig_2 (53768bp)
Best alignment score: 46099.0 (LEN: 46513, IDY: 99.11), Total number of alignments: 2
			Looking for the best set of alignments (out of 2 total alignments)
			The best set is below. Score: 50096.2, number of alignments: 2, unaligned bases: 2980
		This contig is misassembled.
		This contig is partially unaligned. (Aligned 50788 out of 53768 non-N bases (94.46%))
			Real Alignment 1: 49338 53610 | 4275 1 | 4273 4275 | 99.35 | NC_001857.2 contig_2
			  Extensive misassembly (relocation, inconsistency = -2932 [linear representation of circular genome]) between these two alignments
			Real Alignment 2: 1 46464 | 53767 7255 | 46464 46513 | 99.11 | NC_001857.2 contig_2
		Unaligned bases: 2980

CONTIG: contig_3 (30638bp)
Best alignment score: 9590.7 (LEN: 9954, IDY: 96.35), Total number of alignments: 15
			Looking for the best set of alignments (out of 15 total alignments)
			Skipping redundant alignments after choosing the best set of alignments
		Skipping redundant alignment 28662 30275 | 1612 1 | 1614 1612 | 97.03 | NC_000954.1 contig_3
		Skipping redundant alignment 28898 30509 | 1612 1 | 1612 1612 | 97.02 | NC_000953.1 contig_3
		Skipping redundant alignment 28763 30374 | 1612 1 | 1612 1612 | 96.9 | NC_000948.1 contig_3
		Skipping redundant alignment 28170 29847 | 1679 1 | 1678 1679 | 96.72 | NC_000949.1 contig_3
		Skipping redundant alignment 15288 16841 | 15033 13480 | 1554 1554 | 98.2 | NC_000954.1 contig_3
		Skipping redundant alignment 1 9434 | 30262 20829 | 9434 9434 | 97.6 | NC_000948.1 contig_3
		Skipping redundant alignment 1 9434 | 30262 20829 | 9434 9434 | 97.6 | NC_000953.1 contig_3
		Skipping redundant alignment 29848 30223 | 30638 30263 | 376 376 | 98.14 | NC_000949.1 contig_3
		Skipping redundant alignment 29924 30299 | 30638 30263 | 376 376 | 98.14 | NC_000950.1 contig_3
		Skipping redundant alignment 30276 30651 | 30638 30263 | 376 376 | 98.14 | NC_000954.1 contig_3
		This contig has several significant sets of alignments. [An ambiguously mapped contig]
		Using only the very best set (option --ambiguity-usage is set to "one").
			The best set is below. Score: 20390.5, number of alignments: 5, unaligned bases: 8611
		This contig is misassembled.
		This contig is partially unaligned. (Aligned 22027 out of 30638 non-N bases (71.89%))
			Real Alignment 1: 27857 29462 | 1605 1 | 1606 1605 | 96.2 | NC_000951.1 contig_3
			  Gap between these two alignments (local misassembly). Inconsistency = -606
			Real Alignment 2: 17704 26216 | 12351 3852 | 8513 8500 | 95.28 | NC_000951.1 contig_3
			  Extensive misassembly (translocation) between these two alignments
			Real Alignment 3: 15142 16733 | 15083 13492 | 1592 1592 | 98.18 | NC_000953.1 contig_3
			  Extensive misassembly (translocation) between these two alignments
			Real Alignment 4: 1 9956 | 30262 20309 | 9956 9954 | 96.35 | NC_000952.1 contig_3
			  Extensive misassembly (translocation) between these two alignments
			Real Alignment 5: 29463 29838 | 30638 30263 | 376 376 | 98.67 | NC_000951.1 contig_3
		Unaligned bases: 8611

CONTIG: contig_4 (30301bp)
Best alignment score: 8305.1 (LEN: 8569, IDY: 96.92), Total number of alignments: 6
			Looking for the best set of alignments (out of 6 total alignments)
			Skipping redundant alignments after choosing the best set of alignments
		Skipping redundant alignment 27857 29838 | 2816 834 | 1982 1983 | 95.77 | NC_000951.1 contig_4
		Skipping redundant alignment 15139 16468 | 16244 14914 | 1330 1331 | 97.07 | NC_000949.1 contig_4
			The best set is below. Score: 16408.3, number of alignments: 4, unaligned bases: 13009
		This contig is misassembled.
		This contig is partially unaligned. (Aligned 17292 out of 30301 non-N bases (57.07%))
			Real Alignment 1: 31840 34637 | 2801 1 | 2798 2801 | 95.18 | NC_000956.1 contig_4
			  Extensive misassembly (translocation) between these two alignments
			Real Alignment 2: 17566 22193 | 13002 8369 | 4628 4634 | 96.53 | NC_000950.1 contig_4
			  Gap between these two alignments (local misassembly). Inconsistency = -769
			Real Alignment 3: 15143 16430 | 16194 14907 | 1288 1288 | 98.06 | NC_000950.1 contig_4
			  Gap between these two alignments (local misassembly). Inconsistency = 204
			Real Alignment 4: 831 9400 | 30301 21733 | 8570 8569 | 96.92 | NC_000950.1 contig_4
		Unaligned bases: 13009

CONTIG: contig_5 (30259bp)
Best alignment score: 9191.9 (LEN: 9445, IDY: 97.32), Total number of alignments: 7
			Looking for the best set of alignments (out of 7 total alignments)
			Skipping redundant alignments after choosing the best set of alignments
		Skipping redundant alignment 1 9452 | 17684 8240 | 9452 9445 | 96.34 | NC_000954.1 contig_5
		Skipping redundant alignment 1 9444 | 17684 8240 | 9444 9445 | 96.06 | NC_000950.1 contig_5
		This contig has several significant sets of alignments. [An ambiguously mapped contig]
		Using only the very best set (option --ambiguity-usage is set to "one").
			The best set is below. Score: 20517.2, number of alignments: 5, unaligned bases: 7986
		This contig is misassembled.
		This contig is partially unaligned. (Aligned 22273 out of 30259 non-N bases (73.61%))
			Real Alignment 1: 15139 17568 | 2545 61 | 2430 2485 | 95.07 | NC_000949.1 contig_5
			  Extensive misassembly (translocation) between these two alignments
			Excluding internal overlap of size 3123 between Alignment 2 and 3: 31817 36935 | 19675 14562 | 5119 5114 --> 31817 33807 | 19675 17685 | 1991 1991
			Real Alignment 2: 1 9444 | 17684 8240 | 9444 9445 | 97.32 | NC_000951.1 contig_5
			  Extensive misassembly (translocation) between these two alignments
			Real Alignment 3: 31817 33807 | 19675 17685 | 1991 1991 | 96.68 | NC_000956.1 contig_5
			  Extensive misassembly (translocation) between these two alignments
			Real Alignment 4: 18672 26656 | 29127 21196 | 7985 7932 | 96.29 | NC_000949.1 contig_5
			  Gap between these two alignments (local misassembly). Inconsistency = -65
			Real Alignment 5: 17608 18024 | 30259 29840 | 417 420 | 95.76 | NC_000949.1 contig_5
		Unaligned bases: 7986

CONTIG: contig_6 (30250bp)
Best alignment score: 4644.0 (LEN: 4801, IDY: 96.73), Total number of alignments: 2
			Looking for the best set of alignments (out of 2 total alignments)
			Skipping redundant alignments after choosing the best set of alignments
		Skipping redundant alignment 2877 2988 | 7703 7592 | 112 112 | 95.54 | NC_000956.1 contig_6
			The best set is below. Score: 4644.0, number of alignments: 1, unaligned bases: 25449
		This contig is partially unaligned. (Aligned 4801 out of 30250 non-N bases (15.87%))
		Alignment: 24 4829 | 25 4825 | 4806 4801 | 96.73 | NC_001850.1 contig_6
		Unaligned bases: 1 to 24 (24)
		Unaligned bases: 4826 to 30250 (25425)

CONTIG: contig_7 (28668bp)
Best alignment score: 22272.8 (LEN: 22732, IDY: 97.98), Total number of alignments: 7
			Looking for the best set of alignments (out of 7 total alignments)
			Skipping redundant alignments after choosing the best set of alignments
		Skipping redundant alignment 1180 1766 | 26726 26138 | 587 589 | 95.93 | NC_000955.2 contig_7
		Skipping redundant alignment 140 314 | 28503 28327 | 175 177 | 95.48 | NC_001849.2 contig_7
		Skipping redundant alignment 201 375 | 28503 28327 | 175 177 | 95.48 | NC_001853.1 contig_7
		Skipping redundant alignment 52624 52798 | 28327 28503 | 175 177 | 95.48 | NC_000956.1 contig_7
		This contig has several significant sets of alignments. [An ambiguously mapped contig]
		Using only the very best set (option --ambiguity-usage is set to "one").
			The best set is below. Score: 24284.9, number of alignments: 3, unaligned bases: 3139
		This contig is misassembled.
		This contig is partially unaligned. (Aligned 25529 out of 28668 non-N bases (89.05%))
			Real Alignment 1: 38 2197 | 1 2158 | 2160 2158 | 98.8 | NC_001855.1 contig_7
			  Extensive misassembly (translocation) between these two alignments
			Excluding internal overlap of size 2222 between Alignment 2 and 3: 23017 25877 | 5863 3003 | 2861 2861 --> 25239 25877 | 3641 3003 | 639 639
			Real Alignment 2: 25239 25877 | 3641 3003 | 639 639 | 98.6 | NC_001854.1 contig_7
			  Extensive misassembly (relocation, inconsistency = 1090) between these two alignments
			Real Alignment 3: 1627 24148 | 26373 3642 | 22522 22732 | 97.98 | NC_001854.1 contig_7
		Unaligned bases: 3139

CONTIG: contig_8 (27997bp)
Best alignment score: 13223.2 (LEN: 13283, IDY: 99.55), Total number of alignments: 23
			Looking for the best set of alignments (out of 23 total alignments)
			Skipping redundant alignments after choosing the best set of alignments
		Skipping redundant alignment 1209 1369 | 1704 1542 | 161 163 | 95.09 | NC_001854.1 contig_8
		Skipping redundant alignment 1 83 | 2981 2899 | 83 83 | 97.59 | NC_001849.2 contig_8
		Skipping redundant alignment 52890 52970 | 2904 2984 | 81 81 | 98.77 | NC_000956.1 contig_8
		Skipping redundant alignment 2 88 | 2990 2904 | 87 87 | 98.85 | NC_001853.1 contig_8
		Skipping redundant alignment 52890 52970 | 3119 3039 | 81 81 | 98.77 | NC_000956.1 contig_8
		Skipping redundant alignment 2 88 | 3033 3119 | 87 87 | 98.85 | NC_001853.1 contig_8
		Skipping redundant alignment 1 83 | 3042 3124 | 83 83 | 97.59 | NC_001849.2 contig_8
		Skipping redundant alignment 1209 1369 | 4319 4481 | 161 163 | 95.09 | NC_001854.1 contig_8
		Skipping redundant alignment 10655 11657 | 21714 20717 | 1003 998 | 98.6 | NC_001851.2 contig_8
		Skipping redundant alignment 27039 27577 | 23644 24182 | 539 539 | 99.63 | NC_001853.1 contig_8
		Skipping redundant alignment 34385 35481 | 27889 26794 | 1097 1096 | 98.91 | NC_001855.1 contig_8
		This contig has several significant sets of alignments. [An ambiguously mapped contig]
		Using only the very best set (option --ambiguity-usage is set to "one").
			The best set is below. Score: 22865.8, number of alignments: 12, unaligned bases: 2666
		This contig is misassembled.
		This contig is partially unaligned. (Aligned 25331 out of 27997 non-N bases (90.48%))
			Real Alignment 1: 3808 5558 | 1753 3 | 1751 1751 | 99.32 | NC_001855.1 contig_8
			  Extensive misassembly (translocation) between these two alignments
			Real Alignment 2: 50244 50345 | 1785 1886 | 102 102 | 100.0 | NC_000956.1 contig_8
			  Indel (> 5bp) between these two alignments: insertion of length 60; 0 mismatches (number of Ns: 0)
			Real Alignment 3: 50346 50806 | 1947 2414 | 461 468 | 95.09 | NC_000956.1 contig_8
			  Extensive misassembly (relocation, inconsistency = -1655) between these two alignments
			Real Alignment 4: 50346 50806 | 4076 3609 | 461 468 | 95.09 | NC_000956.1 contig_8
			  Indel (> 5bp) between these two alignments: insertion of length 60; 0 mismatches (number of Ns: 0)
			Real Alignment 5: 50244 50345 | 4238 4137 | 102 102 | 100.0 | NC_000956.1 contig_8
			  Extensive misassembly (translocation) between these two alignments
			Excluding internal overlap of size 1 between Alignment 6 and 7: 19301 23197 | 17552 21471 | 3897 3920 --> 19302 23197 | 17553 21471 | 3896 3919
			Real Alignment 6: 3808 17087 | 4270 17552 | 13280 13283 | 99.55 | NC_001855.1 contig_8
			  Extensive misassembly (relocation, inconsistency = 2214) between these two alignments
			Real Alignment 7: 19302 23197 | 17553 21471 | 3896 3919 | 98.57 | NC_001855.1 contig_8
			  Extensive misassembly (translocation) between these two alignments
			Real Alignment 8: 10271 10522 | 22661 22412 | 252 250 | 97.22 | NC_001851.2 contig_8
			  Indel (> 5bp) between these two alignments: insertion of length 62; 0 mismatches (number of Ns: 0)
			Excluding internal overlap of size 71 between Alignment 9 and 10: 9778 10270 | 23216 22724 | 493 493 --> 9849 10270 | 23145 22724 | 422 422
			Real Alignment 9: 9849 10270 | 23145 22724 | 422 422 | 97.77 | NC_001851.2 contig_8
			  Extensive misassembly (translocation) between these two alignments
			Excluding internal overlap of size 220 between Alignment 10 and 11: 3153 4117 | 23146 24111 | 965 966 --> 3153 3897 | 23146 23891 | 745 746
			Real Alignment 10: 3153 3897 | 23146 23891 | 745 746 | 97.62 | NC_001852.1 contig_8
			  Extensive misassembly (translocation) between these two alignments
			Real Alignment 11: 25878 27320 | 23892 25334 | 1443 1443 | 99.65 | NC_001854.1 contig_8
			  Extensive misassembly (translocation) between these two alignments
			Real Alignment 12: 1 2392 | 25428 27804 | 2392 2377 | 95.78 | NC_000956.1 contig_8
		Unaligned bases: 2666

CONTIG: contig_9 (27804bp)
Best alignment score: 231.0 (LEN: 239, IDY: 96.65), Total number of alignments: 3
			Looking for the best set of alignments (out of 3 total alignments)
			Skipping redundant alignments after choosing the best set of alignments
		Skipping redundant alignment 1175 1261 | 2863 2949 | 87 87 | 97.7 | NC_000955.2 contig_9
		Skipping redundant alignment 23102 23200 | 2961 2863 | 99 99 | 97.98 | NC_001850.1 contig_9
			The best set is below. Score: 231.0, number of alignments: 1, unaligned bases: 27565
		This contig is partially unaligned. (Aligned 239 out of 27804 non-N bases (0.86%))
		Alignment: 18410 18647 | 26077 26315 | 238 239 | 96.65 | NC_000955.2 contig_9
		Unaligned bases: 1 to 26076 (26076)
		Unaligned bases: 26316 to 27804 (1489)

CONTIG: contig_10 (27219bp)
Best alignment score: 27066.6 (LEN: 27219, IDY: 99.44), Total number of alignments: 1
		One align captures most of this contig: 47 27194 | 27219 1 | 27148 27219 | 99.44 | NC_001853.1 contig_10

CONTIG: contig_11 (26514bp)
Best alignment score: 15884.6 (LEN: 16232, IDY: 97.86), Total number of alignments: 2
			Looking for the best set of alignments (out of 2 total alignments)
			The best set is below. Score: 26015.9, number of alignments: 2, unaligned bases: 11
		This contig is misassembled.
			Real Alignment 1: 4 10276 | 10277 7 | 10273 10271 | 98.64 | NC_001903.1 contig_11
			  Not a misassembly [linear representation of circular genome] between these two alignments
			Real Alignment 2: 10283 26496 | 26514 10283 | 16214 16232 | 97.86 | NC_001903.1 contig_11

CONTIG: contig_12 (25140bp)
Best alignment score: 5473.0 (LEN: 5544, IDY: 98.72), Total number of alignments: 4
			Looking for the best set of alignments (out of 4 total alignments)
			Skipping redundant alignments after choosing the best set of alignments
		Skipping redundant alignment 11664 11846 | 8391 8209 | 183 183 | 97.81 | NC_001851.2 contig_12
		This contig has several significant sets of alignments. [An ambiguously mapped contig]
		Using only the very best set (option --ambiguity-usage is set to "one").
			The best set is below. Score: 9206.2, number of alignments: 3, unaligned bases: 15269
		This contig is misassembled.
		This contig is partially unaligned. (Aligned 9871 out of 25140 non-N bases (39.26%))
			Warning! This contig is more unaligned than misassembled. Contig length is 25140 (number of Ns: 0) and total length of all aligns is 9871
		Alignment: 905198 910722 | 5544 1 | 5525 5544 | 98.72 | NC_001318.1 contig_12
		Alignment: 903449 904148 | 6243 5543 | 700 701 | 99.0 | NC_001318.1 contig_12
		Alignment: 11927 15550 | 8660 12287 | 3624 3628 | 97.66 | NC_001851.2 contig_12
		Unaligned bases: 15269

CONTIG: contig_13 (24780bp)
Best alignment score: 4037.0 (LEN: 4101, IDY: 98.44), Total number of alignments: 5
			Looking for the best set of alignments (out of 5 total alignments)
			Skipping redundant alignments after choosing the best set of alignments
		Skipping redundant alignment 35852 36380 | 7365 6843 | 529 523 | 95.28 | NC_001855.1 contig_13
		This contig has several significant sets of alignments. [An ambiguously mapped contig]
		Using only the very best set (option --ambiguity-usage is set to "one").
			The best set is below. Score: 6270.5, number of alignments: 4, unaligned bases: 17572
		This contig is misassembled.
		This contig is partially unaligned. (Aligned 7208 out of 24780 non-N bases (29.09%))
			Warning! This contig is more unaligned than misassembled. Contig length is 24780 (number of Ns: 0) and total length of all aligns is 7208
		Alignment: 26344 26872 | 7365 6843 | 529 523 | 95.84 | NC_001854.1 contig_13
		Alignment: 9453 10842 | 9379 10758 | 1390 1380 | 97.05 | NC_001850.1 contig_13
		Alignment: 2807 4011 | 19341 18138 | 1205 1204 | 95.1 | NC_001852.1 contig_13
		Alignment: 9 4117 | 24780 20680 | 4109 4101 | 98.44 | NC_001852.1 contig_13
		Unaligned bases: 17572

CONTIG: contig_14 (24223bp)
Best alignment score: 13544.9 (LEN: 14026, IDY: 96.57), Total number of alignments: 3
			Looking for the best set of alignments (out of 3 total alignments)
			Skipping redundant alignments after choosing the best set of alignments
		Skipping redundant alignment 2413 2500 | 23594 23507 | 88 88 | 98.86 | NC_001851.2 contig_14
		This contig has several significant sets of alignments. [An ambiguously mapped contig]
		Using only the very best set (option --ambiguity-usage is set to "one").
			The best set is below. Score: 13631.9, number of alignments: 2, unaligned bases: 10108
		This contig is misassembled.
		This contig is partially unaligned. (Aligned 14115 out of 24223 non-N bases (58.27%))
			Real Alignment 1: 8846 8934 | 4956 5044 | 89 89 | 97.75 | NC_001852.1 contig_14
			  Gap between these two alignments (local misassembly). Inconsistency = 114
			Real Alignment 2: 9743 23727 | 5739 19764 | 13985 14026 | 96.57 | NC_001852.1 contig_14
		Unaligned bases: 10108

CONTIG: contig_15 (21544bp)
Best alignment score: 6033.3 (LEN: 6195, IDY: 97.39), Total number of alignments: 7
			Looking for the best set of alignments (out of 7 total alignments)
			Skipping redundant alignments after choosing the best set of alignments
		Skipping redundant alignment 15332 15429 | 2154 2058 | 98 97 | 98.98 | NC_001849.2 contig_15
		Skipping redundant alignment 15332 15429 | 5095 5191 | 98 97 | 98.98 | NC_001849.2 contig_15
			The best set is below. Score: 15385.5, number of alignments: 5, unaligned bases: 5460
		This contig is misassembled.
		This contig is partially unaligned. (Aligned 16084 out of 21544 non-N bases (74.66%))
			Real Alignment 1: 13279 15331 | 1 2057 | 2053 2057 | 99.27 | NC_001849.2 contig_15
			  Indel (<= 5bp) between these two alignments: deletion of length 1; 98 mismatches (number of Ns: 0)
			Real Alignment 2: 15432 16821 | 2157 3545 | 1390 1389 | 97.85 | NC_001849.2 contig_15
			  Extensive misassembly (relocation, inconsistency = -1548) between these two alignments
			Real Alignment 3: 15432 16821 | 5092 3704 | 1390 1389 | 97.85 | NC_001849.2 contig_15
			  Indel (<= 5bp) between these two alignments: deletion of length 1; 98 mismatches (number of Ns: 0)
			Real Alignment 4: 10428 15331 | 10245 5192 | 4904 5054 | 96.28 | NC_001849.2 contig_15
			  Gap between these two alignments (local misassembly). Inconsistency = 241
			Real Alignment 5: 3997 10186 | 16440 10246 | 6190 6195 | 97.39 | NC_001849.2 contig_15
		Unaligned bases: 5460

CONTIG: contig_16 (21164bp)
Best alignment score: 4477.3 (LEN: 4633, IDY: 96.64), Total number of alignments: 12
			Looking for the best set of alignments (out of 12 total alignments)
			Skipping redundant alignments after choosing the best set of alignments
		Skipping redundant alignment 10240 10392 | 19751 19903 | 153 153 | 95.42 | NC_000954.1 contig_16
		Skipping redundant alignment 10355 11580 | 19939 21164 | 1226 1226 | 98.37 | NC_000950.1 contig_16
		Skipping redundant alignment 10462 11725 | 19904 21164 | 1264 1261 | 96.99 | NC_000954.1 contig_16
		Skipping redundant alignment 10275 11636 | 19803 21164 | 1362 1362 | 97.44 | NC_000949.1 contig_16
		Skipping redundant alignment 13765 15126 | 19803 21164 | 1362 1362 | 97.44 | NC_000956.1 contig_16
		Skipping redundant alignment 10222 11636 | 19751 21164 | 1415 1414 | 97.53 | NC_000948.1 contig_16
		Skipping redundant alignment 10222 11636 | 19751 21164 | 1415 1414 | 97.53 | NC_000953.1 contig_16
		This contig has several significant sets of alignments. [An ambiguously mapped contig]
		Using only the very best set (option --ambiguity-usage is set to "one").
			The best set is below. Score: 10335.1, number of alignments: 5, unaligned bases: 10207
		This contig is misassembled.
		This contig is partially unaligned. (Aligned 10957 out of 21164 non-N bases (51.77%))
			Real Alignment 1: 11726 14691 | 1 2956 | 2966 2956 | 95.42 | NC_000954.1 contig_16
			  Gap between these two alignments (local misassembly). Inconsistency = 0
			Real Alignment 2: 15288 16956 | 3553 5221 | 1669 1669 | 98.74 | NC_000954.1 contig_16
			  Indel (> 5bp) between these two alignments: deletion of length 87; 0 mismatches (number of Ns: 0)
			Real Alignment 3: 17044 17328 | 5222 5506 | 285 285 | 97.54 | NC_000954.1 contig_16
			  Gap between these two alignments (local misassembly). Inconsistency = -245
			Real Alignment 4: 17772 22395 | 6195 10827 | 4624 4633 | 96.64 | NC_000954.1 contig_16
			  Extensive misassembly (translocation) between these two alignments
			Real Alignment 5: 10232 11646 | 19751 21164 | 1415 1414 | 98.03 | NC_000951.1 contig_16
		Unaligned bases: 10207

CONTIG: contig_17 (21164bp)
Best alignment score: 5657.1 (LEN: 5915, IDY: 95.64), Total number of alignments: 8
			Looking for the best set of alignments (out of 8 total alignments)
			Skipping redundant alignments after choosing the best set of alignments
		Skipping redundant alignment 1 6081 | 1474 7388 | 6081 5915 | 95.64 | NC_000949.1 contig_17
		Skipping redundant alignment 1 6081 | 1474 7388 | 6081 5915 | 95.3 | NC_000953.1 contig_17
		Skipping redundant alignment 1 6081 | 1474 7388 | 6081 5915 | 95.3 | NC_000948.1 contig_17
		Skipping redundant alignment 18689 20229 | 8190 9730 | 1541 1541 | 98.51 | NC_000956.1 contig_17
		This contig has several significant sets of alignments. [An ambiguously mapped contig]
		Using only the very best set (option --ambiguity-usage is set to "one").
			The best set is below. Score: 11213.9, number of alignments: 4, unaligned bases: 9032
		This contig is misassembled.
		This contig is partially unaligned. (Aligned 12132 out of 21164 non-N bases (57.32%))
			Real Alignment 1: 32336 34181 | 1 1847 | 1846 1847 | 95.45 | NC_000956.1 contig_17
			  Extensive misassembly (translocation) between these two alignments
			Real Alignment 2: 540 6080 | 1848 7388 | 5541 5541 | 97.18 | NC_000952.1 contig_17
			  Extensive misassembly (translocation) between these two alignments
			Real Alignment 3: 15158 16489 | 8140 9472 | 1332 1333 | 98.35 | NC_000951.1 contig_17
			  Gap between these two alignments (local misassembly). Inconsistency = 20
			Real Alignment 4: 17390 20801 | 10353 13763 | 3412 3411 | 95.49 | NC_000951.1 contig_17
		Unaligned bases: 9032

CONTIG: contig_18 (12562bp)
Best alignment score: 1651.0 (LEN: 1652, IDY: 99.94), Total number of alignments: 4
			Looking for the best set of alignments (out of 4 total alignments)
			Skipping redundant alignments after choosing the best set of alignments
		Skipping redundant alignment 26721 27292 | 10335 10909 | 572 575 | 95.83 | NC_000948.1 contig_18
		Skipping redundant alignment 27320 28971 | 10910 12561 | 1652 1652 | 99.88 | NC_000948.1 contig_18
		This contig has several significant sets of alignments. [An ambiguously mapped contig]
		Using only the very best set (option --ambiguity-usage is set to "one").
			The best set is below. Score: 2202.0, number of alignments: 2, unaligned bases: 10335
		This contig is misassembled.
		This contig is partially unaligned. (Aligned 2227 out of 12562 non-N bases (17.73%))
			Warning! This contig is more unaligned than misassembled. Contig length is 12562 (number of Ns: 0) and total length of all aligns is 2227
		Alignment: 26856 27427 | 10335 10909 | 572 575 | 95.83 | NC_000953.1 contig_18
		Alignment: 27455 29106 | 10910 12561 | 1652 1652 | 99.94 | NC_000953.1 contig_18
		Unaligned bases: 10335

CONTIG: contig_19 (7826bp)
Best alignment score: 3774.0 (LEN: 3870, IDY: 97.52), Total number of alignments: 3
			Looking for the best set of alignments (out of 3 total alignments)
			Skipping redundant alignments after choosing the best set of alignments
		Skipping redundant alignment 20320 20787 | 1 468 | 468 468 | 97.86 | NC_000951.1 contig_19
			The best set is below. Score: 4234.0, number of alignments: 2, unaligned bases: 3488
		This contig is misassembled.
		This contig is partially unaligned. (Aligned 4338 out of 7826 non-N bases (55.43%))
			Real Alignment 1: 20365 20832 | 1 468 | 468 468 | 98.29 | NC_000952.1 contig_19
			  Gap between these two alignments (local misassembly). Inconsistency = 42
			Real Alignment 2: 22779 26603 | 2373 6242 | 3825 3870 | 97.52 | NC_000952.1 contig_19
		Unaligned bases: 3488

CONTIG: contig_20 (2745bp)
Best alignment score: 700.0 (LEN: 721, IDY: 97.09), Total number of alignments: 3
			Looking for the best set of alignments (out of 3 total alignments)
			Skipping redundant alignments after choosing the best set of alignments
		Skipping redundant alignment 20032 20752 | 1 721 | 721 721 | 96.53 | NC_000951.1 contig_20
		This contig has several significant sets of alignments. [An ambiguously mapped contig]
		Using only the very best set (option --ambiguity-usage is set to "one").
			The best set is below. Score: 907.0, number of alignments: 2, unaligned bases: 1663
		This contig is misassembled.
		This contig is partially unaligned. (Aligned 1082 out of 2745 non-N bases (39.42%))
			Warning! This contig is more unaligned than misassembled. Contig length is 2745 (number of Ns: 0) and total length of all aligns is 1082
		Alignment: 20568 21288 | 1 721 | 721 721 | 97.09 | NC_000949.1 contig_20
		Alignment: 21805 22165 | 1893 2253 | 361 361 | 95.57 | NC_000950.1 contig_20
		Unaligned bases: 1663

CONTIG: contig_21 (1304bp)
Best alignment score: 1248.1 (LEN: 1304, IDY: 95.71), Total number of alignments: 3
		Skipping these alignments as insignificant (option --ambiguity-score is set to "0.99"):
			Skipping alignment 29321 30605 | 1304 20 | 1285 1285 | 95.25 | NC_000953.1 contig_21
			Skipping alignment 29186 30470 | 1304 20 | 1285 1285 | 95.25 | NC_000948.1 contig_21
		One align captures most of this contig: 29236 30539 | 1304 1 | 1304 1304 | 95.71 | NC_000952.1 contig_21

CONTIG: contig_22 (1111bp)
Best alignment score: 1079.0 (LEN: 1111, IDY: 97.12), Total number of alignments: 4
		This contig has 4 significant alignments. [An ambiguously mapped contig]
		Using only first of these alignment (option --ambiguity-usage is set to "one"):
			Alignment: 4113 5223 | 1111 1 | 1111 1111 | 97.12 | NC_000949.1 contig_22
			Skipping alignment 4112 5222 | 1111 1 | 1111 1111 | 97.03 | NC_000952.1 contig_22
			Skipping alignment 4113 5223 | 1111 1 | 1111 1111 | 97.03 | NC_000948.1 contig_22
			Skipping alignment 4113 5223 | 1111 1 | 1111 1111 | 97.03 | NC_000953.1 contig_22

CONTIG: contig_23 (956bp)
Best alignment score: 399.0 (LEN: 408, IDY: 97.80), Total number of alignments: 2
			Looking for the best set of alignments (out of 2 total alignments)
			The best set is below. Score: 749.0, number of alignments: 2, unaligned bases: 140
		This contig is misassembled.
			Real Alignment 1: 29356 29764 | 12 419 | 409 408 | 97.8 | NC_001852.1 contig_23
			  Extensive misassembly (inversion) between these two alignments
			Real Alignment 2: 29356 29764 | 945 538 | 409 408 | 97.8 | NC_001852.1 contig_23

CONTIG: contig_24 (946bp)
		This contig is unaligned. (946 bp)
		Unaligned bases: 946 (number of Ns: 0)

CONTIG: contig_25 (926bp)
Best alignment score: 925.0 (LEN: 926, IDY: 99.89), Total number of alignments: 2
		Skipping these alignments as insignificant (option --ambiguity-score is set to "0.99"):
			Skipping alignment 2104 3029 | 1 926 | 926 926 | 98.27 | NC_000950.1 contig_25
		One align captures most of this contig: 2101 3026 | 1 926 | 926 926 | 99.89 | NC_000951.1 contig_25

CONTIG: contig_26 (908bp)
Best alignment score: 871.0 (LEN: 890, IDY: 97.87), Total number of alignments: 1
			Looking for the best set of alignments (out of 1 total alignments)
			The best set is below. Score: 871.0, number of alignments: 1, unaligned bases: 18
		Alignment: 16973 17862 | 890 1 | 890 890 | 97.87 | NC_000949.1 contig_26

CONTIG: contig_27 (890bp)
Best alignment score: 251.0 (LEN: 251, IDY: 100.00), Total number of alignments: 1
			Looking for the best set of alignments (out of 1 total alignments)
			The best set is below. Score: 251.0, number of alignments: 1, unaligned bases: 639
		This contig is partially unaligned. (Aligned 251 out of 890 non-N bases (28.20%))
		Alignment: 1667 1917 | 251 1 | 251 251 | 100.0 | NC_001851.2 contig_27
		Unaligned bases: 252 to 890 (639)

CONTIG: contig_28 (852bp)
Best alignment score: 247.0 (LEN: 251, IDY: 98.41), Total number of alignments: 1
			Looking for the best set of alignments (out of 1 total alignments)
			The best set is below. Score: 247.0, number of alignments: 1, unaligned bases: 601
		This contig is partially unaligned. (Aligned 251 out of 852 non-N bases (29.46%))
		Alignment: 1667 1917 | 602 852 | 251 251 | 98.41 | NC_001851.2 contig_28
		Unaligned bases: 1 to 601 (601)

CONTIG: contig_29 (724bp)
Best alignment score: 612.0 (LEN: 613, IDY: 99.84), Total number of alignments: 6
			Looking for the best set of alignments (out of 6 total alignments)
			Skipping redundant alignments after choosing the best set of alignments
		Skipping redundant alignment 5485 6094 | 1 610 | 610 610 | 99.84 | NC_000954.1 contig_29
		Skipping redundant alignment 8939 9551 | 1 613 | 613 613 | 99.67 | NC_000956.1 contig_29
		Skipping redundant alignment 5469 6081 | 1 613 | 613 613 | 99.18 | NC_000949.1 contig_29
		Skipping redundant alignment 5469 6081 | 1 613 | 613 613 | 99.02 | NC_000953.1 contig_29
		Skipping redundant alignment 5469 6081 | 1 613 | 613 613 | 99.02 | NC_000948.1 contig_29
		This contig has several significant sets of alignments. [An ambiguously mapped contig]
		Using only the very best set (option --ambiguity-usage is set to "one").
			The best set is below. Score: 612.0, number of alignments: 1, unaligned bases: 111
		Alignment: 5479 6091 | 1 613 | 613 613 | 99.84 | NC_000950.1 contig_29

CONTIG: contig_30 (705bp)
Best alignment score: 516.0 (LEN: 529, IDY: 97.55), Total number of alignments: 6
			Looking for the best set of alignments (out of 6 total alignments)
			Skipping redundant alignments after choosing the best set of alignments
		Skipping redundant alignment 15288 15766 | 479 1 | 479 479 | 99.37 | NC_000954.1 contig_30
		Skipping redundant alignment 15143 15621 | 479 1 | 479 479 | 98.54 | NC_000950.1 contig_30
		Skipping redundant alignment 18689 19167 | 479 1 | 479 479 | 98.33 | NC_000956.1 contig_30
		Skipping redundant alignment 15139 15666 | 529 1 | 528 529 | 96.99 | NC_000949.1 contig_30
		Skipping redundant alignment 15142 15669 | 529 1 | 528 529 | 96.99 | NC_000948.1 contig_30
		This contig has several significant sets of alignments. [An ambiguously mapped contig]
		Using only the very best set (option --ambiguity-usage is set to "one").
			The best set is below. Score: 516.0, number of alignments: 1, unaligned bases: 176
		Alignment: 15142 15669 | 529 1 | 528 529 | 97.55 | NC_000953.1 contig_30

CONTIG: contig_31 (674bp)
		This contig is unaligned. (674 bp)
		Unaligned bases: 674 (number of Ns: 0)

CONTIG: contig_32 (645bp)
Best alignment score: 584.4 (LEN: 604, IDY: 96.76), Total number of alignments: 1
			Looking for the best set of alignments (out of 1 total alignments)
			The best set is below. Score: 584.4, number of alignments: 1, unaligned bases: 41
		Alignment: 18580 19194 | 644 41 | 615 604 | 96.76 | NC_000953.1 contig_32

CONTIG: contig_33 (593bp)
Best alignment score: 588.0 (LEN: 593, IDY: 99.16), Total number of alignments: 3
		Skipping these alignments as insignificant (option --ambiguity-score is set to "0.99"):
			Skipping alignment 3033 3618 | 593 8 | 586 586 | 98.81 | NC_000954.1 contig_33
		This contig has 2 significant alignments. [An ambiguously mapped contig]
		Using only first of these alignment (option --ambiguity-usage is set to "one"):
			Alignment: 3030 3622 | 593 1 | 593 593 | 99.16 | NC_000950.1 contig_33
			Skipping alignment 3027 3619 | 593 1 | 593 593 | 98.48 | NC_000951.1 contig_33

CONTIG: contig_34 (560bp)
		This contig is unaligned. (560 bp)
		Unaligned bases: 560 (number of Ns: 0)

CONTIG: contig_35 (544bp)
		This contig is unaligned. (544 bp)
		Unaligned bases: 544 (number of Ns: 0)

CONTIG: contig_36 (501bp)
Best alignment score: 501.0 (LEN: 501, IDY: 100.00), Total number of alignments: 5
		This contig has 5 significant alignments. [An ambiguously mapped contig]
		Using only first of these alignment (option --ambiguity-usage is set to "one"):
			Alignment: 1494 1994 | 501 1 | 501 501 | 100.0 | NC_000953.1 contig_36
			Skipping alignment 1493 1993 | 501 1 | 501 501 | 100.0 | NC_000952.1 contig_36
			Skipping alignment 1494 1994 | 501 1 | 501 501 | 100.0 | NC_000948.1 contig_36
			Skipping alignment 1494 1994 | 501 1 | 501 501 | 99.8 | NC_000949.1 contig_36
			Skipping alignment 1494 1994 | 501 1 | 501 501 | 99.0 | NC_000951.1 contig_36

CONTIG: contig_37 (500bp)
Best alignment score: 497.0 (LEN: 500, IDY: 99.40), Total number of alignments: 4
		This contig has 4 significant alignments. [An ambiguously mapped contig]
		Using only first of these alignment (option --ambiguity-usage is set to "one"):
			Alignment: 3620 4119 | 500 1 | 500 500 | 99.4 | NC_000951.1 contig_37
			Skipping alignment 7083 7582 | 500 1 | 500 500 | 99.4 | NC_000956.1 contig_37
			Skipping alignment 3623 4122 | 500 1 | 500 500 | 99.4 | NC_000950.1 contig_37
			Skipping alignment 3626 4124 | 500 1 | 499 500 | 98.8 | NC_000954.1 contig_37

Analyzing coverage...
Writing SNPs into /home/mf019/longread_pangenome/expanded_dataset_analysis/quast/URI44H/contigs_reports/minimap_output/URI44H.used_snps

Analysis is finished!
Founded SNPs were written into /home/mf019/longread_pangenome/expanded_dataset_analysis/quast/URI44H/contigs_reports/minimap_output/URI44H.used_snps

Results:
	Local Misassemblies: 14
	Misassemblies: 24
		Relocations: 5
		Translocations: 18
		Inversions: 1
	Scaffold gap extensive misassemblies: 0
	Scaffold gap local misassemblies: 0
	Misassembled Contigs: 11
	Misassembled Contig Bases: 1187541
	Misassemblies Inter-Contig Overlap ("Extra" Aligned Bases): 0
Unaligned Contigs: 4 + 20 part
Half Unaligned Contigs with Misassemblies: 4
Unaligned Bases in Fully and Partially Unaligned Contigs: 180999

Ambiguously Mapped Contigs: 18
Total Bases in Ambiguously Mapped Contigs: 1174556
"Extra" Aligned Bases in Ambiguously Mapped Contigs: 0
Note that --allow-ambiguity option was set to "one" and only first alignment per each of these contigs was used (there is no "extra" aligned bases).

	Covered Bases in Reference: 1199049
	Raw Aligned Bases in Assembly: 1224978
	Total Aligned Bases in Assembly (with "Extras"): 1224978

	SNPs: 9783
	Insertions: 1530
	Deletions: 1790

