Aligning contigs to reference...
	Aligning contigs to the reference
Filtering alignments...
Parsing coords...
Loading reference...
	Loaded [NC_001853.1]
	Loaded [NC_000949.1]
	Loaded [NC_001855.1]
	Loaded [NC_001318.1]
	Loaded [NC_001854.1]
	Loaded [NC_001904.1]
	Loaded [NC_000948.1]
	Loaded [NC_001857.2]
	Loaded [NC_001856.1]
	Loaded [NC_000951.1]
	Loaded [NC_000950.1]
	Loaded [NC_001850.1]
	Loaded [NC_000956.1]
	Loaded [NC_001903.1]
	Loaded [NC_001851.2]
	Loaded [NC_001852.1]
	Loaded [NC_000957.1]
	Loaded [NC_000954.1]
	Loaded [NC_000955.2]
	Loaded [NC_001849.2]
	Loaded [NC_000953.1]
	Loaded [NC_000952.1]
	Total Regions: 22
	Total Region Length: 1521208
Analyzing contigs...
CONTIG: contig_1 (915733bp)
Best alignment score: 899671.4 (LEN: 904647, IDY: 99.45), Total number of alignments: 16
			Looking for the best set of alignments (out of 16 total alignments)
		This contig has several significant sets of alignments. [An ambiguously mapped contig]
		Using only the very best set (option --ambiguity-usage is set to "one").
			The best set is below. Score: 909477.8, number of alignments: 16, unaligned bases: 478
		This contig is misassembled.
			Real Alignment 1: 43 905067 | 11 904657 | 905025 904647 | 99.45 | NC_001318.1 contig_1
			  Gap between these two alignments (local misassembly). Inconsistency = 264
			Excluding internal overlap of size 2 between Alignment 2 and 3: 905332 906146 | 904658 905472 | 815 815 --> 905332 906144 | 904658 905470 | 813 813
			Real Alignment 2: 905332 906144 | 904658 905470 | 813 813 | 99.51 | NC_001318.1 contig_1
			  Extensive misassembly (translocation) between these two alignments
			Real Alignment 3: 2438 3690 | 905471 906723 | 1253 1253 | 99.52 | NC_000955.2 contig_1
			  Indel (> 5bp) between these two alignments: deletion of length 121; 0 mismatches (number of Ns: 0)
			Real Alignment 4: 3812 4550 | 906724 907457 | 739 734 | 95.67 | NC_000955.2 contig_1
			  Gap between these two alignments (local misassembly). Inconsistency = 691
			Real Alignment 5: 5242 5513 | 907458 907729 | 272 272 | 97.06 | NC_000955.2 contig_1
			  Gap between these two alignments (local misassembly). Inconsistency = 809
			Real Alignment 6: 6362 6666 | 907769 908073 | 305 305 | 98.03 | NC_000955.2 contig_1
			  Indel (> 5bp) between these two alignments: deletion of length 120; 0 mismatches (number of Ns: 0)
			Real Alignment 7: 6787 7233 | 908074 908520 | 447 447 | 97.09 | NC_000955.2 contig_1
			  Indel (> 5bp) between these two alignments: deletion of length 124; 0 mismatches (number of Ns: 0)
			Real Alignment 8: 7358 7599 | 908521 908762 | 242 242 | 98.35 | NC_000955.2 contig_1
			  Indel (> 5bp) between these two alignments: deletion of length 63; 0 mismatches (number of Ns: 0)
			Real Alignment 9: 7663 7975 | 908763 909075 | 313 313 | 98.08 | NC_000955.2 contig_1
			  Gap between these two alignments (local misassembly). Inconsistency = 746
			Real Alignment 10: 8722 8873 | 909076 909227 | 152 152 | 98.03 | NC_000955.2 contig_1
			  Gap between these two alignments (local misassembly). Inconsistency = 237
			Real Alignment 11: 9111 9292 | 909228 909412 | 182 185 | 97.84 | NC_000955.2 contig_1
			  Gap between these two alignments (local misassembly). Inconsistency = 685
			Real Alignment 12: 9978 10624 | 909413 910053 | 647 641 | 97.53 | NC_000955.2 contig_1
			  Gap between these two alignments (local misassembly). Inconsistency = 780
			Real Alignment 13: 11795 12044 | 910444 910693 | 250 250 | 97.2 | NC_000955.2 contig_1
			  Indel (> 5bp) between these two alignments: deletion of length 185; 0 mismatches (number of Ns: 0)
			Real Alignment 14: 12230 12469 | 910694 910933 | 240 240 | 100.0 | NC_000955.2 contig_1
			  Indel (> 5bp) between these two alignments: deletion of length 128; 0 mismatches (number of Ns: 0)
			Real Alignment 15: 12598 12973 | 910934 911305 | 376 372 | 97.61 | NC_000955.2 contig_1
			  Extensive misassembly (relocation, inconsistency = 1378) between these two alignments
			Real Alignment 16: 14390 18775 | 911344 915732 | 4386 4389 | 99.68 | NC_000955.2 contig_1

CONTIG: contig_2 (26514bp)
Best alignment score: 18960.1 (LEN: 19351, IDY: 97.98), Total number of alignments: 2
			Looking for the best set of alignments (out of 2 total alignments)
			The best set is below. Score: 26021.5, number of alignments: 2, unaligned bases: 5
		This contig is misassembled.
			Real Alignment 1: 4 7163 | 7158 1 | 7160 7158 | 98.65 | NC_001903.1 contig_2
			  Not a misassembly [linear representation of circular genome] between these two alignments
			Real Alignment 2: 7164 26496 | 26514 7164 | 19333 19351 | 97.98 | NC_001903.1 contig_2

CONTIG: contig_3 (30286bp)
Best alignment score: 6475.1 (LEN: 6637, IDY: 97.56), Total number of alignments: 3
			Looking for the best set of alignments (out of 3 total alignments)
			The best set is below. Score: 11407.7, number of alignments: 3, unaligned bases: 17802
		This contig is misassembled.
		This contig is partially unaligned. (Aligned 12484 out of 30286 non-N bases (41.22%))
			Warning! This contig is more unaligned than misassembled. Contig length is 30286 (number of Ns: 0) and total length of all aligns is 12484
		Alignment: 1 6636 | 6641 5 | 6636 6637 | 97.56 | NC_000951.1 contig_3
		Alignment: 31831 36935 | 8618 3519 | 5105 5100 | 96.59 | NC_000956.1 contig_3
		Alignment: 22779 26603 | 14043 10174 | 3825 3870 | 97.52 | NC_000952.1 contig_3
		Unaligned bases: 17802

CONTIG: contig_4 (30795bp)
Best alignment score: 5673.2 (LEN: 5882, IDY: 96.45), Total number of alignments: 8
			Looking for the best set of alignments (out of 8 total alignments)
			Skipping redundant alignments after choosing the best set of alignments
		Skipping redundant alignment 26721 27292 | 22460 23034 | 572 575 | 95.83 | NC_000948.1 contig_4
		Skipping redundant alignment 27320 30750 | 23035 26465 | 3431 3431 | 98.4 | NC_000948.1 contig_4
		Skipping redundant alignment 31048 36935 | 23707 29588 | 5888 5882 | 96.45 | NC_000956.1 contig_4
		Skipping redundant alignment 1 4301 | 26466 30763 | 4301 4298 | 96.91 | NC_000950.1 contig_4
		Skipping redundant alignment 1 4312 | 26466 30772 | 4312 4307 | 97.31 | NC_000954.1 contig_4
		This contig has several significant sets of alignments. [An ambiguously mapped contig]
		Using only the very best set (option --ambiguity-usage is set to "one").
			The best set is below. Score: 7942.8, number of alignments: 3, unaligned bases: 22482
		This contig is misassembled.
		This contig is partially unaligned. (Aligned 8313 out of 30795 non-N bases (26.99%))
			Warning! This contig is more unaligned than misassembled. Contig length is 30795 (number of Ns: 0) and total length of all aligns is 8313
		Alignment: 26856 27427 | 22460 23034 | 572 575 | 95.83 | NC_000953.1 contig_4
		Alignment: 27455 30885 | 23035 26465 | 3431 3431 | 98.48 | NC_000953.1 contig_4
		Alignment: 1 4307 | 26466 30772 | 4307 4307 | 99.0 | NC_000951.1 contig_4
		Unaligned bases: 22482

CONTIG: contig_5 (30301bp)
Best alignment score: 7836.9 (LEN: 8042, IDY: 97.45), Total number of alignments: 7
			Looking for the best set of alignments (out of 7 total alignments)
			Skipping redundant alignments after choosing the best set of alignments
		Skipping redundant alignment 1 8047 | 8043 2 | 8047 8042 | 97.27 | NC_000954.1 contig_5
		Skipping redundant alignment 1 8040 | 8043 2 | 8040 8042 | 96.72 | NC_000951.1 contig_5
		Skipping redundant alignment 15139 16468 | 23454 22124 | 1330 1331 | 97.07 | NC_000949.1 contig_5
		This contig has several significant sets of alignments. [An ambiguously mapped contig]
		Using only the very best set (option --ambiguity-usage is set to "one").
			The best set is below. Score: 14667.8, number of alignments: 4, unaligned bases: 14369
		This contig is misassembled.
		This contig is partially unaligned. (Aligned 15932 out of 30301 non-N bases (52.58%))
			Excluding internal overlap of size 3126 between Alignment 1 and 2: 31840 36935 | 10011 4918 | 5096 5094 --> 31840 33807 | 10011 8044 | 1968 1968
			Real Alignment 1: 1 8040 | 8043 2 | 8040 8042 | 97.45 | NC_000950.1 contig_5
			  Extensive misassembly (translocation) between these two alignments
			Real Alignment 2: 31840 33807 | 10011 8044 | 1968 1968 | 95.11 | NC_000956.1 contig_5
			  Extensive misassembly (translocation) between these two alignments
			Real Alignment 3: 17566 22193 | 20212 15579 | 4628 4634 | 96.53 | NC_000950.1 contig_5
			  Gap between these two alignments (local misassembly). Inconsistency = -769
			Real Alignment 4: 15143 16430 | 23404 22117 | 1288 1288 | 97.9 | NC_000950.1 contig_5
		Unaligned bases: 14369

CONTIG: contig_6 (30641bp)
Best alignment score: 9577.6 (LEN: 9957, IDY: 96.19), Total number of alignments: 6
			Looking for the best set of alignments (out of 6 total alignments)
			Skipping redundant alignments after choosing the best set of alignments
		Skipping redundant alignment 1 9434 | 13412 22848 | 9434 9437 | 97.81 | NC_000949.1 contig_6
		Skipping redundant alignment 1 9434 | 13412 22848 | 9434 9437 | 97.51 | NC_000953.1 contig_6
		Skipping redundant alignment 1 9434 | 13412 22848 | 9434 9437 | 97.51 | NC_000948.1 contig_6
		This contig has several significant sets of alignments. [An ambiguously mapped contig]
		Using only the very best set (option --ambiguity-usage is set to "one").
			The best set is below. Score: 18730.6, number of alignments: 3, unaligned bases: 10592
		This contig is misassembled.
		This contig is partially unaligned. (Aligned 20049 out of 30641 non-N bases (65.43%))
			Real Alignment 1: 17704 26216 | 685 9184 | 8513 8500 | 95.21 | NC_000951.1 contig_6
			  Extensive misassembly (translocation) between these two alignments
			Real Alignment 2: 1 9956 | 13412 23368 | 9956 9957 | 96.19 | NC_000952.1 contig_6
			  Extensive misassembly (translocation) between these two alignments
			Real Alignment 3: 15142 16733 | 28594 30185 | 1592 1592 | 98.12 | NC_000953.1 contig_6
		Unaligned bases: 10592

CONTIG: contig_7 (21165bp)
Best alignment score: 3257.2 (LEN: 3411, IDY: 95.49), Total number of alignments: 13
			Looking for the best set of alignments (out of 13 total alignments)
			Skipping redundant alignments after choosing the best set of alignments
		Skipping redundant alignment 541 3827 | 3287 1 | 3287 3287 | 97.66 | NC_000948.1 contig_7
		Skipping redundant alignment 541 3827 | 3287 1 | 3287 3287 | 97.66 | NC_000953.1 contig_7
		Skipping redundant alignment 540 3826 | 3287 1 | 3287 3287 | 97.6 | NC_000952.1 contig_7
		Skipping redundant alignment 1 374 | 3661 3288 | 374 374 | 99.47 | NC_000948.1 contig_7
		Skipping redundant alignment 1 374 | 3661 3288 | 374 374 | 99.47 | NC_000953.1 contig_7
		Skipping redundant alignment 18689 20229 | 18110 16570 | 1541 1541 | 98.51 | NC_000956.1 contig_7
		Skipping redundant alignment 3828 6081 | 21165 18912 | 2254 2254 | 98.05 | NC_000953.1 contig_7
		Skipping redundant alignment 3828 6081 | 21165 18912 | 2254 2254 | 98.0 | NC_000949.1 contig_7
		This contig has several significant sets of alignments. [An ambiguously mapped contig]
		Using only the very best set (option --ambiguity-usage is set to "one").
			The best set is below. Score: 9880.3, number of alignments: 5, unaligned bases: 10506
		This contig is misassembled.
		This contig is partially unaligned. (Aligned 10659 out of 21165 non-N bases (50.36%))
			Real Alignment 1: 541 3827 | 3287 1 | 3287 3287 | 98.3 | NC_000949.1 contig_7
			  Indel (> 5bp) between these two alignments: deletion of length 166; 0 mismatches (number of Ns: 0)
			Real Alignment 2: 1 374 | 3661 3288 | 374 374 | 99.73 | NC_000949.1 contig_7
			  Extensive misassembly (translocation) between these two alignments
			Real Alignment 3: 17390 20801 | 15947 12537 | 3412 3411 | 95.49 | NC_000951.1 contig_7
			  Gap between these two alignments (local misassembly). Inconsistency = 20
			Real Alignment 4: 15158 16489 | 18160 16828 | 1332 1333 | 98.35 | NC_000951.1 contig_7
			  Extensive misassembly (translocation) between these two alignments
			Real Alignment 5: 3828 6081 | 21165 18912 | 2254 2254 | 98.05 | NC_000948.1 contig_7
		Unaligned bases: 10506

CONTIG: contig_8 (21172bp)
Best alignment score: 4477.3 (LEN: 4633, IDY: 96.64), Total number of alignments: 13
			Looking for the best set of alignments (out of 13 total alignments)
			Skipping redundant alignments after choosing the best set of alignments
		Skipping redundant alignment 15288 15669 | 382 1 | 382 382 | 98.69 | NC_000954.1 contig_8
		Skipping redundant alignment 15143 15524 | 382 1 | 382 382 | 98.43 | NC_000950.1 contig_8
		Skipping redundant alignment 15142 15572 | 432 1 | 431 432 | 96.54 | NC_000948.1 contig_8
		Skipping redundant alignment 15139 15569 | 432 1 | 431 432 | 96.54 | NC_000949.1 contig_8
		Skipping redundant alignment 15142 15572 | 432 1 | 431 432 | 96.54 | NC_000953.1 contig_8
		Skipping redundant alignment 10462 14691 | 5203 979 | 4230 4225 | 95.6 | NC_000954.1 contig_8
		Skipping redundant alignment 10240 10392 | 5356 5204 | 153 153 | 95.42 | NC_000954.1 contig_8
		Skipping redundant alignment 10232 14785 | 5356 805 | 4554 4552 | 95.24 | NC_000951.1 contig_8
		This contig has several significant sets of alignments. [An ambiguously mapped contig]
		Using only the very best set (option --ambiguity-usage is set to "one").
			The best set is below. Score: 10407.2, number of alignments: 5, unaligned bases: 10085
		This contig is misassembled.
		This contig is partially unaligned. (Aligned 11087 out of 21172 non-N bases (52.37%))
			Real Alignment 1: 18689 19070 | 382 1 | 382 382 | 98.43 | NC_000956.1 contig_8
			  Gap between these two alignments (local misassembly). Inconsistency = 1
			Real Alignment 2: 13765 18265 | 5304 805 | 4501 4500 | 95.13 | NC_000956.1 contig_8
			  Extensive misassembly (translocation) between these two alignments
			Real Alignment 3: 17772 22395 | 18912 14280 | 4624 4633 | 96.64 | NC_000954.1 contig_8
			  Gap between these two alignments (local misassembly). Inconsistency = -245
			Real Alignment 4: 17044 17328 | 19885 19601 | 285 285 | 97.54 | NC_000954.1 contig_8
			  Indel (> 5bp) between these two alignments: deletion of length 87; 0 mismatches (number of Ns: 0)
			Real Alignment 5: 15670 16956 | 21172 19886 | 1287 1287 | 98.68 | NC_000954.1 contig_8
		Unaligned bases: 10085

CONTIG: contig_9 (9394bp)
Best alignment score: 7144.0 (LEN: 7244, IDY: 98.62), Total number of alignments: 2
			Looking for the best set of alignments (out of 2 total alignments)
			The best set is below. Score: 9018.1, number of alignments: 2, unaligned bases: 258
		This contig is misassembled.
			Real Alignment 1: 7456 9347 | 1 1892 | 1892 1892 | 99.05 | NC_001904.1 contig_9
			  Gap between these two alignments (local misassembly). Inconsistency = -16 [linear representation of circular genome]
			Real Alignment 2: 204 7455 | 2151 9394 | 7252 7244 | 98.62 | NC_001904.1 contig_9

CONTIG: contig_10 (17987bp)
Best alignment score: 6033.3 (LEN: 6195, IDY: 97.39), Total number of alignments: 4
			Looking for the best set of alignments (out of 4 total alignments)
			Skipping redundant alignments after choosing the best set of alignments
		Skipping redundant alignment 15332 15429 | 1471 1567 | 98 97 | 98.98 | NC_001849.2 contig_10
			The best set is below. Score: 12234.4, number of alignments: 3, unaligned bases: 5349
		This contig is misassembled.
		This contig is partially unaligned. (Aligned 12638 out of 17987 non-N bases (70.26%))
			Real Alignment 1: 15432 16821 | 1468 80 | 1390 1389 | 97.85 | NC_001849.2 contig_10
			  Indel (<= 5bp) between these two alignments: deletion of length 1; 98 mismatches (number of Ns: 0)
			Real Alignment 2: 10428 15331 | 6621 1568 | 4904 5054 | 96.28 | NC_001849.2 contig_10
			  Gap between these two alignments (local misassembly). Inconsistency = 241
			Real Alignment 3: 3997 10186 | 12816 6622 | 6190 6195 | 97.39 | NC_001849.2 contig_10
		Unaligned bases: 5349

CONTIG: contig_11 (24963bp)
Best alignment score: 4062.2 (LEN: 4109, IDY: 98.86), Total number of alignments: 5
			Looking for the best set of alignments (out of 5 total alignments)
			Skipping redundant alignments after choosing the best set of alignments
		Skipping redundant alignment 35852 36380 | 7432 6910 | 529 523 | 95.28 | NC_001855.1 contig_11
		This contig has several significant sets of alignments. [An ambiguously mapped contig]
		Using only the very best set (option --ambiguity-usage is set to "one").
			The best set is below. Score: 6295.6, number of alignments: 4, unaligned bases: 17747
		This contig is misassembled.
		This contig is partially unaligned. (Aligned 7216 out of 24963 non-N bases (28.91%))
			Warning! This contig is more unaligned than misassembled. Contig length is 24963 (number of Ns: 0) and total length of all aligns is 7216
		Alignment: 26344 26872 | 7432 6910 | 529 523 | 95.84 | NC_001854.1 contig_11
		Alignment: 9453 10842 | 9446 10825 | 1390 1380 | 97.05 | NC_001850.1 contig_11
		Alignment: 2807 4011 | 19408 18205 | 1205 1204 | 95.1 | NC_001852.1 contig_11
		Alignment: 1 4117 | 24855 20747 | 4117 4109 | 98.86 | NC_001852.1 contig_11
		Unaligned bases: 17747

CONTIG: contig_12 (26726bp)
Best alignment score: 5474.0 (LEN: 5545, IDY: 98.72), Total number of alignments: 4
			Looking for the best set of alignments (out of 4 total alignments)
			Skipping redundant alignments after choosing the best set of alignments
		Skipping redundant alignment 11664 11846 | 8392 8210 | 183 183 | 97.81 | NC_001851.2 contig_12
		This contig has several significant sets of alignments. [An ambiguously mapped contig]
		Using only the very best set (option --ambiguity-usage is set to "one").
			The best set is below. Score: 9207.1, number of alignments: 3, unaligned bases: 16854
		This contig is misassembled.
		This contig is partially unaligned. (Aligned 9872 out of 26726 non-N bases (36.94%))
			Warning! This contig is more unaligned than misassembled. Contig length is 26726 (number of Ns: 0) and total length of all aligns is 9872
		Alignment: 905198 910723 | 5545 1 | 5526 5545 | 98.72 | NC_001318.1 contig_12
		Alignment: 903449 904148 | 6244 5544 | 700 701 | 99.0 | NC_001318.1 contig_12
		Alignment: 11927 15550 | 8661 12288 | 3624 3628 | 97.66 | NC_001851.2 contig_12
		Unaligned bases: 16854

CONTIG: contig_13 (28867bp)
Best alignment score: 27494.1 (LEN: 27635, IDY: 99.49), Total number of alignments: 2
			Looking for the best set of alignments (out of 2 total alignments)
			The best set is below. Score: 28249.3, number of alignments: 2, unaligned bases: 77
		This contig is misassembled.
			Excluding internal overlap of size 291 between Alignment 1 and 2: 25878 27323 | 27366 28811 | 1446 1446 --> 26169 27323 | 27657 28811 | 1155 1155
			Real Alignment 1: 2 27577 | 22 27656 | 27576 27635 | 99.49 | NC_001853.1 contig_13
			  Extensive misassembly (translocation) between these two alignments
			Real Alignment 2: 26169 27323 | 27657 28811 | 1155 1155 | 99.72 | NC_001854.1 contig_13

CONTIG: contig_14 (29870bp)
Best alignment score: 22271.4 (LEN: 23041, IDY: 96.66), Total number of alignments: 8
			Looking for the best set of alignments (out of 8 total alignments)
			Skipping redundant alignments after choosing the best set of alignments
		Skipping redundant alignment 52624 52798 | 1162 986 | 175 177 | 95.48 | NC_000956.1 contig_14
		Skipping redundant alignment 201 375 | 986 1162 | 175 177 | 95.48 | NC_001853.1 contig_14
		Skipping redundant alignment 140 314 | 986 1162 | 175 177 | 95.48 | NC_001849.2 contig_14
		Skipping redundant alignment 1180 1766 | 2763 3351 | 587 589 | 95.93 | NC_000955.2 contig_14
		This contig has several significant sets of alignments. [An ambiguously mapped contig]
		Using only the very best set (option --ambiguity-usage is set to "one").
			The best set is below. Score: 24503.6, number of alignments: 4, unaligned bases: 3551
		This contig is misassembled.
		This contig is partially unaligned. (Aligned 26319 out of 29870 non-N bases (88.11%))
			Real Alignment 1: 1667 2109 | 542 985 | 443 444 | 97.75 | NC_001851.2 contig_14
			  Extensive misassembly (translocation) between these two alignments
			Excluding internal overlap of size 2222 between Alignment 2 and 3: 23017 25877 | 23935 26795 | 2861 2861 --> 25239 25877 | 26157 26795 | 639 639
			Real Alignment 2: 1627 24148 | 3116 26156 | 22522 23041 | 96.66 | NC_001854.1 contig_14
			  Extensive misassembly (relocation, inconsistency = 1090) between these two alignments
			Real Alignment 3: 25239 25877 | 26157 26795 | 639 639 | 98.6 | NC_001854.1 contig_14
			  Extensive misassembly (translocation) between these two alignments
			Real Alignment 4: 1 2197 | 29834 27640 | 2197 2195 | 98.82 | NC_001855.1 contig_14
		Unaligned bases: 3551

CONTIG: contig_15 (27873bp)
Best alignment score: 231.0 (LEN: 239, IDY: 96.65), Total number of alignments: 3
			Looking for the best set of alignments (out of 3 total alignments)
			Skipping redundant alignments after choosing the best set of alignments
		Skipping redundant alignment 1175 1261 | 24946 24860 | 87 87 | 97.7 | NC_000955.2 contig_15
		Skipping redundant alignment 23102 23200 | 24848 24946 | 99 99 | 97.98 | NC_001850.1 contig_15
			The best set is below. Score: 231.0, number of alignments: 1, unaligned bases: 27634
		This contig is partially unaligned. (Aligned 239 out of 27873 non-N bases (0.86%))
		Alignment: 18410 18647 | 1732 1494 | 238 239 | 96.65 | NC_000955.2 contig_15
		Unaligned bases: 1 to 1493 (1493)
		Unaligned bases: 1733 to 27873 (26141)

CONTIG: contig_16 (26814bp)
Best alignment score: 13544.9 (LEN: 14026, IDY: 96.57), Total number of alignments: 5
			Looking for the best set of alignments (out of 5 total alignments)
			Skipping redundant alignments after choosing the best set of alignments
		Skipping redundant alignment 27039 27553 | 1323 1837 | 515 515 | 99.22 | NC_001853.1 contig_16
		This contig has several significant sets of alignments. [An ambiguously mapped contig]
		Using only the very best set (option --ambiguity-usage is set to "one").
			The best set is below. Score: 15032.1, number of alignments: 4, unaligned bases: 10979
		This contig is misassembled.
		This contig is partially unaligned. (Aligned 15835 out of 26814 non-N bases (59.05%))
			Real Alignment 1: 29356 29764 | 467 60 | 409 408 | 97.8 | NC_001852.1 contig_16
			  Extensive misassembly (relocation, inconsistency = 25227) between these two alignments
			Real Alignment 2: 2807 4117 | 479 1790 | 1311 1312 | 97.26 | NC_001852.1 contig_16
			  Gap between these two alignments (local misassembly). Inconsistency = -208
			Real Alignment 3: 8846 8934 | 6727 6815 | 89 89 | 97.75 | NC_001852.1 contig_16
			  Gap between these two alignments (local misassembly). Inconsistency = 114
			Real Alignment 4: 9743 23727 | 7510 21535 | 13985 14026 | 96.57 | NC_001852.1 contig_16
		Unaligned bases: 10979

CONTIG: contig_17 (20343bp)
Best alignment score: 13223.2 (LEN: 13283, IDY: 99.55), Total number of alignments: 12
			Looking for the best set of alignments (out of 12 total alignments)
			Skipping redundant alignments after choosing the best set of alignments
		Skipping redundant alignment 52890 52970 | 108 28 | 81 81 | 98.77 | NC_000956.1 contig_17
		Skipping redundant alignment 2 88 | 22 108 | 87 87 | 98.85 | NC_001853.1 contig_17
		Skipping redundant alignment 1 83 | 31 113 | 83 83 | 97.59 | NC_001849.2 contig_17
		Skipping redundant alignment 1209 1369 | 1308 1470 | 161 163 | 95.09 | NC_001854.1 contig_17
		Skipping redundant alignment 10655 11657 | 18703 17706 | 1003 998 | 98.6 | NC_001851.2 contig_17
		Skipping redundant alignment 3153 3360 | 20135 20342 | 208 208 | 97.6 | NC_001852.1 contig_17
		This contig has several significant sets of alignments. [An ambiguously mapped contig]
		Using only the very best set (option --ambiguity-usage is set to "one").
			The best set is below. Score: 17605.7, number of alignments: 6, unaligned bases: 1828
		This contig is misassembled.
		This contig is partially unaligned. (Aligned 18515 out of 20343 non-N bases (91.01%))
			Real Alignment 1: 50346 50806 | 1065 598 | 461 468 | 95.09 | NC_000956.1 contig_17
			  Indel (> 5bp) between these two alignments: insertion of length 60; 0 mismatches (number of Ns: 0)
			Real Alignment 2: 50244 50345 | 1227 1126 | 102 102 | 100.0 | NC_000956.1 contig_17
			  Extensive misassembly (translocation) between these two alignments
			Excluding internal overlap of size 1 between Alignment 3 and 4: 19301 23197 | 14541 18460 | 3897 3920 --> 19302 23197 | 14542 18460 | 3896 3919
			Real Alignment 3: 3808 17087 | 1259 14541 | 13280 13283 | 99.55 | NC_001855.1 contig_17
			  Extensive misassembly (relocation, inconsistency = 2214) between these two alignments
			Real Alignment 4: 19302 23197 | 14542 18460 | 3896 3919 | 98.57 | NC_001855.1 contig_17
			  Extensive misassembly (translocation) between these two alignments
			Real Alignment 5: 10271 10522 | 19650 19401 | 252 250 | 97.22 | NC_001851.2 contig_17
			  Indel (> 5bp) between these two alignments: insertion of length 62; 0 mismatches (number of Ns: 0)
			Real Alignment 6: 9778 10270 | 20205 19713 | 493 493 | 97.77 | NC_001851.2 contig_17
		Unaligned bases: 1828

CONTIG: contig_18 (30317bp)
Best alignment score: 4644.0 (LEN: 4801, IDY: 96.73), Total number of alignments: 2
			Looking for the best set of alignments (out of 2 total alignments)
			Skipping redundant alignments after choosing the best set of alignments
		Skipping redundant alignment 2877 2988 | 22550 22661 | 112 112 | 95.54 | NC_000956.1 contig_18
			The best set is below. Score: 4644.0, number of alignments: 1, unaligned bases: 25516
		This contig is partially unaligned. (Aligned 4801 out of 30317 non-N bases (15.84%))
		Alignment: 24 4829 | 30228 25428 | 4806 4801 | 96.73 | NC_001850.1 contig_18
		Unaligned bases: 1 to 25427 (25427)
		Unaligned bases: 30229 to 30317 (89)

CONTIG: contig_19 (53834bp)
Best alignment score: 46099.0 (LEN: 46513, IDY: 99.11), Total number of alignments: 2
			Looking for the best set of alignments (out of 2 total alignments)
			The best set is below. Score: 50142.9, number of alignments: 2, unaligned bases: 2999
		This contig is misassembled.
		This contig is partially unaligned. (Aligned 50835 out of 53834 non-N bases (94.43%))
			Real Alignment 1: 1 46464 | 3 46515 | 46464 46513 | 99.11 | NC_001857.2 contig_19
			  Extensive misassembly (relocation, inconsistency = -2979 [linear representation of circular genome]) between these two alignments
			Real Alignment 2: 49338 53657 | 49495 53816 | 4320 4322 | 99.35 | NC_001857.2 contig_19
		Unaligned bases: 2999

Analyzing coverage...
Writing SNPs into /home/mf019/longread_pangenome/expanded_dataset_analysis/quast/UNY1038P/contigs_reports/minimap_output/UNY1038P.used_snps

Analysis is finished!
Founded SNPs were written into /home/mf019/longread_pangenome/expanded_dataset_analysis/quast/UNY1038P/contigs_reports/minimap_output/UNY1038P.used_snps

Results:
	Local Misassemblies: 15
	Misassemblies: 18
		Relocations: 5
		Translocations: 13
		Inversions: 0
	Scaffold gap extensive misassemblies: 0
	Scaffold gap local misassemblies: 0
	Misassembled Contigs: 10
	Misassembled Contig Bases: 1178740
	Misassemblies Inter-Contig Overlap ("Extra" Aligned Bases): 0
Unaligned Contigs: 0 + 15 part
Half Unaligned Contigs with Misassemblies: 4
Unaligned Bases in Fully and Partially Unaligned Contigs: 198293

Ambiguously Mapped Contigs: 11
Total Bases in Ambiguously Mapped Contigs: 1178523
"Extra" Aligned Bases in Ambiguously Mapped Contigs: 0
Note that --allow-ambiguity option was set to "one" and only first alignment per each of these contigs was used (there is no "extra" aligned bases).

	Covered Bases in Reference: 1192875
	Raw Aligned Bases in Assembly: 1207607
	Total Aligned Bases in Assembly (with "Extras"): 1207607

	SNPs: 8976
	Insertions: 1618
	Deletions: 1973

