Aligning contigs to reference...
	Aligning contigs to the reference
Filtering alignments...
Parsing coords...
Loading reference...
	Loaded [NC_001853.1]
	Loaded [NC_000949.1]
	Loaded [NC_001855.1]
	Loaded [NC_001318.1]
	Loaded [NC_001854.1]
	Loaded [NC_001904.1]
	Loaded [NC_000948.1]
	Loaded [NC_001857.2]
	Loaded [NC_001856.1]
	Loaded [NC_000951.1]
	Loaded [NC_000950.1]
	Loaded [NC_001850.1]
	Loaded [NC_000956.1]
	Loaded [NC_001903.1]
	Loaded [NC_001851.2]
	Loaded [NC_001852.1]
	Loaded [NC_000957.1]
	Loaded [NC_000954.1]
	Loaded [NC_000955.2]
	Loaded [NC_001849.2]
	Loaded [NC_000953.1]
	Loaded [NC_000952.1]
	Total Regions: 22
	Total Region Length: 1521208
Analyzing contigs...
CONTIG: CP124108.1 (902811bp)
Best alignment score: 896851.2 (LEN: 902628, IDY: 99.36), Total number of alignments: 1
		One align captures most of this contig: 4 903437 | 3 902630 | 903434 902628 | 99.36 | NC_001318.1 CP124108.1

CONTIG: CP124106.1 (16096bp)
Best alignment score: 11934.2 (LEN: 12189, IDY: 97.91), Total number of alignments: 5
			Looking for the best set of alignments (out of 5 total alignments)
			Skipping redundant alignments after choosing the best set of alignments
		Skipping redundant alignment 15332 15420 | 14622 14534 | 89 89 | 100.0 | NC_001849.2 CP124106.1
		This contig has several significant sets of alignments. [An ambiguously mapped contig]
		Using only the very best set (option --ambiguity-usage is set to "one").
			The best set is below. Score: 14024.0, number of alignments: 4, unaligned bases: 1266
		This contig is misassembled.
		This contig is partially unaligned. (Aligned 14830 out of 16096 non-N bases (92.13%))
			Real Alignment 1: 2 105 | 22 125 | 104 104 | 99.04 | NC_000957.1 CP124106.1
			  Gap between these two alignments (local misassembly). Inconsistency = -30
			Excluding internal overlap of size 507 between Alignment 2 and 3: 1143 2804 | 1193 2843 | 1662 1651 --> 1143 2288 | 1193 2336 | 1146 1144
			Real Alignment 2: 1143 2288 | 1193 2336 | 1146 1144 | 97.53 | NC_000957.1 CP124106.1
			  Extensive misassembly (translocation) between these two alignments
			Real Alignment 3: 3094 15331 | 2337 14525 | 12238 12189 | 97.91 | NC_001849.2 CP124106.1
			  Indel (<= 5bp) between these two alignments: deletion of length 1; 98 mismatches (number of Ns: 0)
			Real Alignment 4: 15432 16821 | 14625 16017 | 1390 1393 | 98.42 | NC_001849.2 CP124106.1
		Unaligned bases: 1266

CONTIG: CP124105.1 (26506bp)
Best alignment score: 16919.8 (LEN: 17127, IDY: 98.79), Total number of alignments: 2
			Looking for the best set of alignments (out of 2 total alignments)
			The best set is below. Score: 25837.2, number of alignments: 2, unaligned bases: 339
		This contig is misassembled.
			Real Alignment 1: 1 17145 | 1 17127 | 17145 17127 | 98.79 | NC_001903.1 CP124105.1
			  Gap between these two alignments (local misassembly). Inconsistency = -339 [linear representation of circular genome]
			Real Alignment 2: 17479 26498 | 17467 26506 | 9020 9040 | 98.91 | NC_001903.1 CP124105.1

CONTIG: CP124107.1 (54709bp)
Best alignment score: 46002.2 (LEN: 46434, IDY: 99.07), Total number of alignments: 3
			Looking for the best set of alignments (out of 3 total alignments)
			Skipping redundant alignments after choosing the best set of alignments
		Skipping redundant alignment 47131 48386 | 6552 5297 | 1256 1256 | 99.84 | NC_001857.2 CP124107.1
			The best set is below. Score: 53202.2, number of alignments: 2, unaligned bases: 1011
		This contig is misassembled.
		This contig is partially unaligned. (Aligned 53698 out of 54709 non-N bases (98.15%))
			Real Alignment 1: 46398 53657 | 7283 20 | 7260 7264 | 99.45 | NC_001857.2 CP124107.1
			  Gap between these two alignments (local misassembly). Inconsistency = -990 [linear representation of circular genome]
			Real Alignment 2: 1 46464 | 54707 8274 | 46464 46434 | 99.07 | NC_001857.2 CP124107.1
		Unaligned bases: 1011

Analyzing coverage...
Writing SNPs into /home/mf019/longread_pangenome/expanded_dataset_analysis/reports/quast/GCA_030439665.1_ASM3043966v1_genomic/contigs_reports/minimap_output/GCA_030439665-1_ASM3043966v1_genomic.used_snps

Analysis is finished!
Founded SNPs were written into /home/mf019/longread_pangenome/expanded_dataset_analysis/reports/quast/GCA_030439665.1_ASM3043966v1_genomic/contigs_reports/minimap_output/GCA_030439665-1_ASM3043966v1_genomic.used_snps

Results:
	Local Misassemblies: 3
	Misassemblies: 1
		Relocations: 0
		Translocations: 1
		Inversions: 0
	Scaffold gap extensive misassemblies: 0
	Scaffold gap local misassemblies: 0
	Misassembled Contigs: 1
	Misassembled Contig Bases: 16096
	Misassemblies Inter-Contig Overlap ("Extra" Aligned Bases): 0
Unaligned Contigs: 0 + 2 part
Half Unaligned Contigs with Misassemblies: 0
Unaligned Bases in Fully and Partially Unaligned Contigs: 2277

Ambiguously Mapped Contigs: 1
Total Bases in Ambiguously Mapped Contigs: 16096
"Extra" Aligned Bases in Ambiguously Mapped Contigs: 0
Note that --allow-ambiguity option was set to "one" and only first alignment per each of these contigs was used (there is no "extra" aligned bases).

	Covered Bases in Reference: 998091
	Raw Aligned Bases in Assembly: 996816
	Total Aligned Bases in Assembly (with "Extras"): 996816

	SNPs: 5495
	Insertions: 292
	Deletions: 1171

