Bakta v1.10.0
Options and arguments:
	input: /home/mf019/longread_pangenome/expanded_dataset_analysis/results/v6_filtered_sp/roary_v6_filtered_sp/pan_genome_reference.fa
	db: /db, version 5.1, full
	translation table: 11
	taxon: Borrelia burgdorferi sensu-stricto
	gram: -
	output: /home/mf019/longread_pangenome/expanded_dataset_analysis/results/v6_filtered_sp/bakta_v6_filtered_sp
	force: True
	tmp directory: /tmp/tmp_o81b8cc
	keep/sequence headers: True
	prefix: roary_pangenome_v6_filtered_sp
	threads: 64
	skip plot: True

Parse genome sequences...
	imported: 4704
	filtered & revised: 4704
	chromosomes: 1
	plasmids: 5
	contigs: 4698

Start annotation...
predict tRNAs...
	found: 0
predict tmRNAs...
	found: 0
predict rRNAs...
	found: 0
predict ncRNAs...
	found: 0
predict ncRNA regions...
	found: 1
predict CRISPR arrays...
	found: 0
predict & annotate CDSs...
	predicted: 4168 
	discarded spurious: 0
	revised translational exceptions: 0
	detected IPSs: 3217
	found PSCs: 569
	found PSCCs: 251
	lookup annotations...
	conduct expert systems...
		amrfinder: 1
		protein sequences: 59
	combine annotations and mark hypotheticals...
	detect pseudogenes...
		candidates: 103
		verified: 17
	analyze hypothetical proteins: 301
		detected Pfam hits: 23 
		calculated proteins statistics
	revise special cases...
detect & annotate sORF...
	detected: 41769
	discarded due to overlaps: 40675
	discarded spurious: 0
	detected IPSs: 1
	found PSCs: 0
	lookup annotations...
	filter and combine annotations...
	filtered sORFs: 1
detect gaps...
	found: 2
detect oriCs/oriVs...
	found: 0
detect oriTs...
	found: 0
apply feature overlap filters...
select features and create locus tags...
	selected: 4172
improve annotations...
	revised gene symbols: 6

Genome statistics:
	Genome size: 3,381,567 bp
	Contigs/replicons: 4704
	GC: 30.1 %
	N50: 879
	N ratio: 0.0 %
	coding density: 96.3 %

annotation summary:
	tRNAs: 0
	tmRNAs: 0
	rRNAs: 0
	ncRNAs: 0
	ncRNA regions: 1
	CRISPR arrays: 0
	CDSs: 4168
		hypotheticals: 301
		pseudogenes: 17
	sORFs: 1
	gaps: 2
	oriCs/oriVs: 0
	oriTs: 0

Export annotation results to: /home/mf019/longread_pangenome/expanded_dataset_analysis/results/v6_filtered_sp/bakta_v6_filtered_sp
	human readable TSV...
	GFF3...
	INSDC GenBank & EMBL...
	genome sequences...
	feature nucleotide sequences...
	translated CDS sequences...
	feature inferences...
	skip generation of circular genome plot...
	hypothetical TSV...
	translated hypothetical CDS sequences...
	machine readable JSON...
	Genome and annotation summary...

If you use these results please cite Bakta: https://doi.org/10.1099/mgen.0.000685
Annotation successfully finished in 29:29 [mm:ss].
