Aligning contigs to reference...
	Aligning contigs to the reference
Filtering alignments...
Parsing coords...
Loading reference...
	Loaded [NC_001853.1]
	Loaded [NC_000949.1]
	Loaded [NC_001855.1]
	Loaded [NC_001318.1]
	Loaded [NC_001854.1]
	Loaded [NC_001904.1]
	Loaded [NC_000948.1]
	Loaded [NC_001857.2]
	Loaded [NC_001856.1]
	Loaded [NC_000951.1]
	Loaded [NC_000950.1]
	Loaded [NC_001850.1]
	Loaded [NC_000956.1]
	Loaded [NC_001903.1]
	Loaded [NC_001851.2]
	Loaded [NC_001852.1]
	Loaded [NC_000957.1]
	Loaded [NC_000954.1]
	Loaded [NC_000955.2]
	Loaded [NC_001849.2]
	Loaded [NC_000953.1]
	Loaded [NC_000952.1]
	Total Regions: 22
	Total Region Length: 1521208
Analyzing contigs...
CONTIG: contig_1 (552693bp)
Best alignment score: 434727.9 (LEN: 437440, IDY: 99.38), Total number of alignments: 2
			Looking for the best set of alignments (out of 2 total alignments)
			The best set is below. Score: 549101.5, number of alignments: 2, unaligned bases: 0
		This contig is misassembled.
			Excluding internal overlap of size 3166 between Alignment 1 and 2: 438426 556846 | 118419 1 | 118421 118419 --> 441592 556846 | 115253 1 | 115255 115253
			Real Alignment 1: 441592 556846 | 115253 1 | 115255 115253 | 99.67 | NC_001318.1 contig_1
			  Extensive misassembly (relocation, inconsistency = 3245) between these two alignments
			Real Alignment 2: 1 438346 | 552693 115254 | 438346 437440 | 99.38 | NC_001318.1 contig_1

CONTIG: contig_2 (274303bp)
Best alignment score: 268073.1 (LEN: 269339, IDY: 99.53), Total number of alignments: 2
			Looking for the best set of alignments (out of 2 total alignments)
			The best set is below. Score: 272996.2, number of alignments: 2, unaligned bases: 0
		This contig is misassembled.
			Real Alignment 1: 905332 910294 | 4964 1 | 4963 4964 | 99.66 | NC_001318.1 contig_2
			  Gap between these two alignments (local misassembly). Inconsistency = 264
			Real Alignment 2: 635515 905067 | 274303 4965 | 269553 269339 | 99.53 | NC_001318.1 contig_2

CONTIG: contig_3 (47653bp)
Best alignment score: 47491.0 (LEN: 47653, IDY: 99.66), Total number of alignments: 1
		One align captures most of this contig: 587057 634706 | 47653 1 | 47650 47653 | 99.66 | NC_001318.1 contig_3

CONTIG: contig_4 (38007bp)
Best alignment score: 22578.5 (LEN: 22969, IDY: 98.30), Total number of alignments: 3
			Looking for the best set of alignments (out of 3 total alignments)
			The best set is below. Score: 36877.7, number of alignments: 3, unaligned bases: 0
		This contig is misassembled.
			Real Alignment 1: 29130 38725 | 9593 1 | 9596 9593 | 98.59 | NC_001856.1 contig_4
			  Extensive misassembly (inversion) between these two alignments
			Excluding internal overlap of size 2 between Alignment 2 and 3: 23677 29134 | 9594 15040 | 5458 5447 --> 23677 29132 | 9594 15038 | 5456 5445
			Real Alignment 2: 23677 29132 | 9594 15038 | 5456 5445 | 98.08 | NC_001856.1 contig_4
			  Extensive misassembly (inversion) between these two alignments
			Real Alignment 3: 776 23673 | 38007 15039 | 22898 22969 | 98.3 | NC_001856.1 contig_4

CONTIG: contig_5 (32625bp)
Best alignment score: 22663.9 (LEN: 23447, IDY: 96.66), Total number of alignments: 3
			Looking for the best set of alignments (out of 3 total alignments)
			Skipping redundant alignments after choosing the best set of alignments
		Skipping redundant alignment 18410 18647 | 30956 31193 | 238 238 | 97.9 | NC_000955.2 contig_5
		Skipping redundant alignment 4864 5109 | 30956 31197 | 246 242 | 95.12 | NC_000957.1 contig_5
		This contig has several significant sets of alignments. [An ambiguously mapped contig]
		Using only the very best set (option --ambiguity-usage is set to "one").
			The best set is below. Score: 22663.9, number of alignments: 1, unaligned bases: 9178
		This contig is partially unaligned. (Aligned 23447 out of 32625 non-N bases (71.87%))
		Alignment: 3708 27043 | 23447 1 | 23336 23447 | 96.66 | NC_001853.1 contig_5
		Unaligned bases: 23448 to 32625 (9178)

CONTIG: contig_6 (30708bp)
Best alignment score: 29652.0 (LEN: 29792, IDY: 99.53), Total number of alignments: 2
			Looking for the best set of alignments (out of 2 total alignments)
		This contig has several significant sets of alignments. [An ambiguously mapped contig]
		Using only the very best set (option --ambiguity-usage is set to "one").
			The best set is below. Score: 29858.0, number of alignments: 2, unaligned bases: 702
		This contig is misassembled.
		This contig is partially unaligned. (Aligned 30006 out of 30708 non-N bases (97.71%))
			Real Alignment 1: 47113 47326 | 214 1 | 214 214 | 96.26 | NC_001857.2 contig_6
			  Gap between these two alignments (local misassembly). Inconsistency = -54
			Real Alignment 2: 16626 46464 | 30708 917 | 29839 29792 | 99.53 | NC_001857.2 contig_6
		Unaligned bases: 702

CONTIG: contig_7 (30634bp)
Best alignment score: 11213.8 (LEN: 11664, IDY: 96.14), Total number of alignments: 5
			Looking for the best set of alignments (out of 5 total alignments)
			The best set is below. Score: 22318.8, number of alignments: 5, unaligned bases: 7314
		This contig is misassembled.
		This contig is partially unaligned. (Aligned 23320 out of 30634 non-N bases (76.12%))
			Real Alignment 1: 1 11686 | 11664 1 | 11686 11664 | 96.14 | NC_000952.1 contig_7
			  Extensive misassembly (translocation) between these two alignments
			Real Alignment 2: 27455 30885 | 15095 11665 | 3431 3431 | 98.95 | NC_000953.1 contig_7
			  Indel (> 5bp) between these two alignments: deletion of length 27; 0 mismatches (number of Ns: 0)
			Real Alignment 3: 26856 27427 | 15670 15096 | 572 575 | 96.17 | NC_000953.1 contig_7
			  Gap between these two alignments (local misassembly). Inconsistency = 221
			Real Alignment 4: 16917 22900 | 25365 19405 | 5984 5961 | 96.93 | NC_000953.1 contig_7
			  Indel (> 5bp) between these two alignments: insertion of length 34; 87 mismatches (number of Ns: 0)
			Real Alignment 5: 15142 16829 | 27175 25487 | 1688 1689 | 97.93 | NC_000953.1 contig_7
		Unaligned bases: 7314

CONTIG: contig_8 (30315bp)
Best alignment score: 4642.1 (LEN: 4801, IDY: 96.69), Total number of alignments: 3
			Looking for the best set of alignments (out of 3 total alignments)
			Skipping redundant alignments after choosing the best set of alignments
		Skipping redundant alignment 2877 2988 | 7760 7649 | 112 112 | 95.54 | NC_000956.1 contig_8
			The best set is below. Score: 5000.1, number of alignments: 2, unaligned bases: 24889
		This contig is misassembled.
		This contig is partially unaligned. (Aligned 5426 out of 30315 non-N bases (17.90%))
			Warning! This contig is more unaligned than misassembled. Contig length is 30315 (number of Ns: 0) and total length of all aligns is 5426
		Alignment: 24 4829 | 81 4881 | 4806 4801 | 96.69 | NC_001850.1 contig_8
		Alignment: 3425 4048 | 13253 13877 | 624 625 | 97.44 | NC_001852.1 contig_8
		Unaligned bases: 24889

CONTIG: contig_9 (30181bp)
Best alignment score: 10951.5 (LEN: 11364, IDY: 96.37), Total number of alignments: 9
			Looking for the best set of alignments (out of 9 total alignments)
			Skipping redundant alignments after choosing the best set of alignments
		Skipping redundant alignment 11990 16468 | 5182 695 | 4479 4488 | 97.86 | NC_000949.1 contig_9
		Skipping redundant alignment 11934 16425 | 5182 693 | 4492 4490 | 96.24 | NC_000950.1 contig_9
		Skipping redundant alignment 11990 16478 | 5182 688 | 4489 4495 | 98.09 | NC_000953.1 contig_9
		Skipping redundant alignment 11990 16631 | 5182 536 | 4642 4647 | 96.84 | NC_000948.1 contig_9
		Skipping redundant alignment 1 9413 | 17109 7708 | 9413 9402 | 98.02 | NC_000954.1 contig_9
		Skipping redundant alignment 1 9405 | 17109 7708 | 9405 9402 | 97.8 | NC_000950.1 contig_9
		This contig has several significant sets of alignments. [An ambiguously mapped contig]
		Using only the very best set (option --ambiguity-usage is set to "one").
			The best set is below. Score: 21117.5, number of alignments: 3, unaligned bases: 7897
		This contig is misassembled.
		This contig is partially unaligned. (Aligned 22284 out of 30181 non-N bases (73.83%))
			Real Alignment 1: 12000 16646 | 5182 536 | 4647 4647 | 97.68 | NC_000951.1 contig_9
			  Gap between these two alignments (local misassembly). Inconsistency = 69
			Excluding internal overlap of size 3123 between Alignment 2 and 3: 1 9399 | 17109 7714 | 9399 9396 --> 3124 9399 | 13986 7714 | 6276 6273
			Real Alignment 2: 3124 9399 | 13986 7714 | 6276 6273 | 97.67 | NC_000951.1 contig_9
			  Extensive misassembly (translocation) between these two alignments
			Real Alignment 3: 25519 36935 | 25350 13987 | 11417 11364 | 96.37 | NC_000956.1 contig_9
		Unaligned bases: 7897

CONTIG: contig_10 (30009bp)
Best alignment score: 14232.7 (LEN: 14685, IDY: 96.92), Total number of alignments: 11
			Looking for the best set of alignments (out of 11 total alignments)
			Skipping redundant alignments after choosing the best set of alignments
		Skipping redundant alignment 15288 16890 | 1792 190 | 1603 1603 | 98.57 | NC_000954.1 contig_10
		Skipping redundant alignment 15142 16841 | 1842 142 | 1700 1701 | 97.65 | NC_000953.1 contig_10
		Skipping redundant alignment 10383 14766 | 6598 2215 | 4384 4384 | 96.58 | NC_000953.1 contig_10
		Skipping redundant alignment 10383 14766 | 6598 2215 | 4384 4384 | 96.15 | NC_000949.1 contig_10
		Skipping redundant alignment 1 14571 | 16899 2509 | 14571 14391 | 96.19 | NC_000954.1 contig_10
		Skipping redundant alignment 1 14785 | 16899 2215 | 14785 14685 | 96.7 | NC_000951.1 contig_10
		This contig has several significant sets of alignments. [An ambiguously mapped contig]
		Using only the very best set (option --ambiguity-usage is set to "one").
			The best set is below. Score: 25680.9, number of alignments: 5, unaligned bases: 2065
		This contig is misassembled.
		This contig is partially unaligned. (Aligned 27944 out of 30009 non-N bases (93.12%))
			Real Alignment 1: 15143 16695 | 1792 240 | 1553 1553 | 98.84 | NC_000950.1 contig_10
			  Gap between these two alignments (local misassembly). Inconsistency = 1
			Excluding internal overlap of size 3123 between Alignment 2 and 3: 31831 36935 | 18875 13777 | 5105 5099 --> 31831 33807 | 18875 16900 | 1977 1976
			Real Alignment 2: 1 14719 | 16899 2215 | 14719 14685 | 96.92 | NC_000950.1 contig_10
			  Extensive misassembly (translocation) between these two alignments
			Real Alignment 3: 31831 33807 | 18875 16900 | 1977 1976 | 96.63 | NC_000956.1 contig_10
			  Extensive misassembly (translocation) between these two alignments
			Excluding internal overlap of size 3828 between Alignment 4 and 5: 22360 27810 | 24578 19095 | 5451 5484 --> 26167 27810 | 20750 19095 | 1644 1656
			Real Alignment 4: 26167 27810 | 20750 19095 | 1644 1656 | 95.49 | NC_000954.1 contig_10
			  Extensive misassembly (translocation) between these two alignments
			Real Alignment 5: 18134 26213 | 28824 20751 | 8080 8074 | 95.04 | NC_000951.1 contig_10
		Unaligned bases: 2065

CONTIG: contig_11 (29392bp)
Best alignment score: 29218.0 (LEN: 29353, IDY: 99.54), Total number of alignments: 1
		One align captures most of this contig: 556955 586292 | 29353 1 | 29338 29353 | 99.54 | NC_001318.1 contig_11

CONTIG: contig_12 (29268bp)
Best alignment score: 8255.3 (LEN: 8321, IDY: 99.21), Total number of alignments: 5
			Looking for the best set of alignments (out of 5 total alignments)
			Skipping redundant alignments after choosing the best set of alignments
		Skipping redundant alignment 2470 2654 | 29240 29056 | 185 185 | 97.3 | NC_001851.2 contig_12
		This contig has several significant sets of alignments. [An ambiguously mapped contig]
		Using only the very best set (option --ambiguity-usage is set to "one").
			The best set is below. Score: 11905.2, number of alignments: 4, unaligned bases: 17181
		This contig is misassembled.
		This contig is partially unaligned. (Aligned 12087 out of 29268 non-N bases (41.30%))
			Warning! This contig is more unaligned than misassembled. Contig length is 29268 (number of Ns: 0) and total length of all aligns is 12087
		Alignment: 8846 8934 | 10841 10929 | 89 89 | 97.75 | NC_001852.1 contig_12
		Alignment: 9743 18062 | 11624 19944 | 8320 8321 | 99.21 | NC_001852.1 contig_12
		Alignment: 18361 18891 | 20225 20755 | 531 531 | 95.1 | NC_001852.1 contig_12
		Alignment: 19125 22264 | 20989 24134 | 3140 3146 | 97.2 | NC_001852.1 contig_12
		Unaligned bases: 17181

CONTIG: contig_13 (26506bp)
Best alignment score: 15642.8 (LEN: 15936, IDY: 98.16), Total number of alignments: 2
			Looking for the best set of alignments (out of 2 total alignments)
			The best set is below. Score: 26071.1, number of alignments: 2, unaligned bases: 0
		This contig is misassembled.
			Real Alignment 1: 1 10570 | 10570 1 | 10570 10570 | 98.66 | NC_001903.1 contig_13
			  Not a misassembly [linear representation of circular genome] between these two alignments
			Real Alignment 2: 10571 26498 | 26506 10571 | 15928 15936 | 98.16 | NC_001903.1 contig_13

CONTIG: contig_14 (26418bp)
Best alignment score: 9160.3 (LEN: 9399, IDY: 97.46), Total number of alignments: 8
			Looking for the best set of alignments (out of 8 total alignments)
			Skipping redundant alignments after choosing the best set of alignments
		Skipping redundant alignment 15142 17240 | 2110 1 | 2099 2110 | 97.4 | NC_000948.1 contig_14
		Skipping redundant alignment 1 9408 | 16980 7581 | 9408 9400 | 97.22 | NC_000954.1 contig_14
		Skipping redundant alignment 1 9400 | 16980 7581 | 9400 9400 | 96.91 | NC_000950.1 contig_14
			The best set is below. Score: 16025.1, number of alignments: 5, unaligned bases: 9349
		This contig is misassembled.
		This contig is partially unaligned. (Aligned 17069 out of 26418 non-N bases (64.61%))
			Real Alignment 1: 15158 17255 | 2110 1 | 2098 2110 | 96.88 | NC_000951.1 contig_14
			  Gap between these two alignments (local misassembly). Inconsistency = 287
			Excluding internal overlap of size 3126 between Alignment 2 and 3: 31817 36935 | 18971 13855 | 5119 5117 --> 31817 33807 | 18971 16981 | 1991 1991
			Real Alignment 2: 1 9399 | 16980 7582 | 9399 9399 | 97.46 | NC_000951.1 contig_14
			  Extensive misassembly (translocation) between these two alignments
			Real Alignment 3: 31817 33807 | 18971 16981 | 1991 1991 | 96.31 | NC_000956.1 contig_14
			  Gap between these two alignments (local misassembly). Inconsistency = -17
			Real Alignment 4: 26521 29891 | 24243 20914 | 3371 3330 | 95.95 | NC_000956.1 contig_14
			  Gap between these two alignments (local misassembly). Inconsistency = -10
			Real Alignment 5: 24357 24595 | 26417 26179 | 239 239 | 97.07 | NC_000956.1 contig_14
		Unaligned bases: 9349

CONTIG: contig_15 (25057bp)
Best alignment score: 16474.2 (LEN: 16681, IDY: 98.76), Total number of alignments: 2
			Looking for the best set of alignments (out of 2 total alignments)
			The best set is below. Score: 22814.2, number of alignments: 2, unaligned bases: 2015
		This contig is misassembled.
		This contig is partially unaligned. (Aligned 23042 out of 25057 non-N bases (91.96%))
			Real Alignment 1: 1 16679 | 16681 1 | 16679 16681 | 98.76 | NC_001903.1 contig_15
			  Not a misassembly [linear representation of circular genome] between these two alignments
			Real Alignment 2: 20138 26498 | 23042 16682 | 6361 6361 | 99.67 | NC_001903.1 contig_15
		Unaligned bases: 2015

CONTIG: contig_16 (24839bp)
Best alignment score: 8299.2 (LEN: 8586, IDY: 96.66), Total number of alignments: 4
			Looking for the best set of alignments (out of 4 total alignments)
			The best set is below. Score: 17743.3, number of alignments: 4, unaligned bases: 6059
		This contig is misassembled.
		This contig is partially unaligned. (Aligned 18780 out of 24839 non-N bases (75.61%))
			Real Alignment 1: 549 1728 | 2 1181 | 1180 1180 | 95.0 | NC_001852.1 contig_16
			  Extensive misassembly (relocation, inconsistency = 2090) between these two alignments
			Real Alignment 2: 9364 18062 | 6727 15312 | 8699 8586 | 96.66 | NC_001852.1 contig_16
			  Gap between these two alignments (local misassembly). Inconsistency = 18
			Real Alignment 3: 18361 18891 | 15593 16123 | 531 531 | 95.1 | NC_001852.1 contig_16
			  Gap between these two alignments (local misassembly). Inconsistency = 0
			Real Alignment 4: 19125 27622 | 16357 24839 | 8498 8483 | 95.11 | NC_001852.1 contig_16
		Unaligned bases: 6059

CONTIG: contig_17 (24363bp)
Best alignment score: 13188.2 (LEN: 13445, IDY: 98.09), Total number of alignments: 2
			Looking for the best set of alignments (out of 2 total alignments)
			The best set is below. Score: 17474.4, number of alignments: 2, unaligned bases: 6424
		This contig is misassembled.
		This contig is partially unaligned. (Aligned 17939 out of 24363 non-N bases (73.63%))
			Real Alignment 1: 6108 19547 | 5842 19286 | 13440 13445 | 98.09 | NC_001850.1 contig_17
			  Gap between these two alignments (local misassembly). Inconsistency = -590
			Real Alignment 2: 19541 24102 | 19870 24363 | 4562 4494 | 95.91 | NC_001850.1 contig_17
		Unaligned bases: 6424

CONTIG: contig_18 (19673bp)
Best alignment score: 4194.0 (LEN: 4202, IDY: 99.81), Total number of alignments: 38
			Looking for the best set of alignments (out of 38 total alignments)
			Skipping redundant alignments after choosing the best set of alignments
		Skipping redundant alignment 3615 3692 | 19629 19552 | 78 78 | 98.72 | NC_000955.2 contig_18
		Skipping redundant alignment 4505 4604 | 19672 19573 | 100 100 | 97.0 | NC_000955.2 contig_18
		Skipping redundant alignment 6875 6974 | 19672 19573 | 100 100 | 97.0 | NC_000955.2 contig_18
		Skipping redundant alignment 8621 8720 | 19672 19573 | 100 100 | 97.0 | NC_000955.2 contig_18
		Skipping redundant alignment 12434 12533 | 19672 19573 | 100 100 | 97.0 | NC_000955.2 contig_18
		Skipping redundant alignment 5070 5174 | 19672 19568 | 105 105 | 98.1 | NC_000955.2 contig_18
		Skipping redundant alignment 5757 5861 | 19672 19568 | 105 105 | 98.1 | NC_000955.2 contig_18
		Skipping redundant alignment 13123 13227 | 19672 19568 | 105 105 | 97.14 | NC_000955.2 contig_18
		Skipping redundant alignment 12936 13040 | 19672 19568 | 105 105 | 97.14 | NC_000955.2 contig_18
		Skipping redundant alignment 13373 13477 | 19672 19568 | 105 105 | 96.19 | NC_000955.2 contig_18
		Skipping redundant alignment 13186 13290 | 19672 19568 | 105 105 | 96.19 | NC_000955.2 contig_18
		Skipping redundant alignment 6503 6607 | 19672 19568 | 105 105 | 95.24 | NC_000955.2 contig_18
		Skipping redundant alignment 8434 8550 | 19672 19554 | 117 119 | 97.48 | NC_000955.2 contig_18
		Skipping redundant alignment 13814 13930 | 19672 19554 | 117 119 | 96.64 | NC_000955.2 contig_18
		Skipping redundant alignment 13436 13554 | 19672 19554 | 119 119 | 96.64 | NC_000955.2 contig_18
		Skipping redundant alignment 11249 11367 | 19672 19554 | 119 119 | 96.64 | NC_000955.2 contig_18
		Skipping redundant alignment 7814 7930 | 19672 19554 | 117 119 | 95.8 | NC_000955.2 contig_18
		Skipping redundant alignment 7312 7430 | 19672 19554 | 119 119 | 95.8 | NC_000955.2 contig_18
		Skipping redundant alignment 11501 11621 | 19672 19552 | 121 121 | 97.52 | NC_000955.2 contig_18
		Skipping redundant alignment 7938 8056 | 19672 19552 | 119 121 | 95.87 | NC_000955.2 contig_18
		Skipping redundant alignment 9495 9615 | 19672 19552 | 121 121 | 95.04 | NC_000955.2 contig_18
		Skipping redundant alignment 10056 10176 | 19672 19552 | 121 121 | 95.04 | NC_000955.2 contig_18
		Skipping redundant alignment 14313 14413 | 19673 19573 | 101 101 | 98.02 | NC_000955.2 contig_18
		Skipping redundant alignment 14187 14287 | 19673 19573 | 101 101 | 97.03 | NC_000955.2 contig_18
		Skipping redundant alignment 13750 13855 | 19673 19568 | 106 106 | 97.17 | NC_000955.2 contig_18
		Skipping redundant alignment 10811 10930 | 19673 19554 | 120 120 | 96.67 | NC_000955.2 contig_18
		Skipping redundant alignment 14000 14117 | 19673 19554 | 118 120 | 95.83 | NC_000955.2 contig_18
		This contig has several significant sets of alignments. [An ambiguously mapped contig]
		Using only the very best set (option --ambiguity-usage is set to "one").
			The best set is below. Score: 17405.3, number of alignments: 11, unaligned bases: 802
		This contig is misassembled.
			Real Alignment 1: 14570 18777 | 1 4207 | 4208 4207 | 99.34 | NC_000955.2 contig_18
			  Extensive misassembly (relocation, inconsistency = -4201) between these two alignments
			Real Alignment 2: 14577 18777 | 8409 4208 | 4201 4202 | 99.81 | NC_000955.2 contig_18
			  Indel (> 5bp) between these two alignments: deletion of length 124; 0 mismatches (number of Ns: 0)
			Real Alignment 3: 13913 14452 | 8951 8410 | 540 542 | 97.23 | NC_000955.2 contig_18
			  Indel (> 5bp) between these two alignments: deletion of length 187; 0 mismatches (number of Ns: 0)
			Real Alignment 4: 13356 13725 | 9321 8952 | 370 370 | 95.68 | NC_000955.2 contig_18
			  Indel (> 5bp) between these two alignments: deletion of length 61; 0 mismatches (number of Ns: 0)
			Real Alignment 5: 13117 13294 | 9499 9322 | 178 178 | 99.44 | NC_000955.2 contig_18
			  Indel (> 5bp) between these two alignments: deletion of length 61; 0 mismatches (number of Ns: 0)
			Real Alignment 6: 12680 13055 | 9875 9500 | 376 376 | 97.87 | NC_000955.2 contig_18
			  Indel (> 5bp) between these two alignments: deletion of length 126; 0 mismatches (number of Ns: 0)
			Excluding internal overlap of size 3 between Alignment 7 and 8: 12300 12553 | 10127 9876 | 254 252 --> 12303 12553 | 10124 9876 | 251 249
			Real Alignment 7: 12303 12553 | 10124 9876 | 251 249 | 98.03 | NC_000955.2 contig_18
			  Extensive misassembly (translocation) between these two alignments
			Real Alignment 8: 5247 5839 | 10125 10717 | 593 593 | 99.66 | NC_001904.1 contig_18
			  Gap between these two alignments (local misassembly). Inconsistency = -26
			Excluding internal overlap of size 56 between Alignment 9 and 10: 218 2717 | 16672 14175 | 2500 2498 --> 218 2661 | 16672 14231 | 2444 2442
			Real Alignment 9: 6052 9330 | 10956 14230 | 3279 3275 | 95.58 | NC_001904.1 contig_18
			  Extensive misassembly (inversion) between these two alignments
			Real Alignment 10: 218 2661 | 16672 14231 | 2444 2442 | 96.33 | NC_001904.1 contig_18
			  Extensive misassembly (inversion) between these two alignments
			Real Alignment 11: 2816 5249 | 17120 19556 | 2434 2437 | 95.08 | NC_001904.1 contig_18

CONTIG: contig_19 (17826bp)
Best alignment score: 16000.5 (LEN: 16264, IDY: 98.38), Total number of alignments: 3
			Looking for the best set of alignments (out of 3 total alignments)
			Skipping redundant alignments after choosing the best set of alignments
		Skipping redundant alignment 2121 2197 | 17825 17749 | 77 77 | 98.7 | NC_001855.1 contig_19
		This contig has several significant sets of alignments. [An ambiguously mapped contig]
		Using only the very best set (option --ambiguity-usage is set to "one").
			The best set is below. Score: 16137.5, number of alignments: 2, unaligned bases: 922
		This contig is misassembled.
		This contig is partially unaligned. (Aligned 16904 out of 17826 non-N bases (94.83%))
			Excluding internal overlap of size 2222 between Alignment 1 and 2: 23017 25877 | 14043 16904 | 2861 2862 --> 25239 25877 | 16265 16904 | 639 640
			Real Alignment 1: 7871 24148 | 1 16264 | 16278 16264 | 98.38 | NC_001854.1 contig_19
			  Extensive misassembly (relocation, inconsistency = 1090) between these two alignments
			Real Alignment 2: 25239 25877 | 16265 16904 | 639 640 | 99.37 | NC_001854.1 contig_19
		Unaligned bases: 922

CONTIG: contig_20 (17785bp)
Best alignment score: 3854.2 (LEN: 3872, IDY: 99.54), Total number of alignments: 4
			Looking for the best set of alignments (out of 4 total alignments)
			Skipping redundant alignments after choosing the best set of alignments
		Skipping redundant alignment 1175 1261 | 2903 2989 | 87 87 | 97.7 | NC_000955.2 contig_20
		Skipping redundant alignment 23095 23200 | 3008 2903 | 106 106 | 97.17 | NC_001850.1 contig_20
			The best set is below. Score: 5322.3, number of alignments: 2, unaligned bases: 12117
		This contig is misassembled.
		This contig is partially unaligned. (Aligned 5668 out of 17785 non-N bases (31.87%))
			Warning! This contig is more unaligned than misassembled. Contig length is 17785 (number of Ns: 0) and total length of all aligns is 5668
		Alignment: 1152 2951 | 1087 2882 | 1800 1796 | 95.72 | NC_000957.1 contig_20
		Alignment: 3820 7691 | 17785 13914 | 3872 3872 | 99.54 | NC_001853.1 contig_20
		Unaligned bases: 12117

CONTIG: contig_21 (15870bp)
Best alignment score: 15747.6 (LEN: 15822, IDY: 99.53), Total number of alignments: 1
		One align captures most of this contig: 1 15804 | 15822 1 | 15804 15822 | 99.53 | NC_001857.2 contig_21

CONTIG: contig_22 (15555bp)
Best alignment score: 14550.4 (LEN: 14650, IDY: 99.32), Total number of alignments: 2
			Looking for the best set of alignments (out of 2 total alignments)
			The best set is below. Score: 14897.0, number of alignments: 2, unaligned bases: 48
		This contig is misassembled.
			Excluding internal overlap of size 958 between Alignment 1 and 2: 7966 9777 | 13741 15555 | 1812 1815 --> 8921 9777 | 14699 15555 | 857 857
			Real Alignment 1: 7799 22442 | 49 14698 | 14644 14650 | 99.32 | NC_001855.1 contig_22
			  Extensive misassembly (translocation) between these two alignments
			Real Alignment 2: 8921 9777 | 14699 15555 | 857 857 | 98.79 | NC_001851.2 contig_22

CONTIG: contig_23 (11946bp)
Best alignment score: 3661.3 (LEN: 3825, IDY: 95.72), Total number of alignments: 4
			Looking for the best set of alignments (out of 4 total alignments)
			Skipping redundant alignments after choosing the best set of alignments
		Skipping redundant alignment 22884 26232 | 5329 1984 | 3349 3346 | 96.45 | NC_000952.1 contig_23
		Skipping redundant alignment 22841 26201 | 5470 2110 | 3361 3361 | 96.32 | NC_000948.1 contig_23
			The best set is below. Score: 6571.6, number of alignments: 2, unaligned bases: 5085
		This contig is misassembled.
		This contig is partially unaligned. (Aligned 6861 out of 11946 non-N bases (57.43%))
			Real Alignment 1: 22659 26474 | 5662 1838 | 3816 3825 | 95.72 | NC_000951.1 contig_23
			  Gap between these two alignments (local misassembly). Inconsistency = 129
			Real Alignment 2: 17717 20752 | 10475 7440 | 3036 3036 | 95.86 | NC_000951.1 contig_23
		Unaligned bases: 5085

CONTIG: contig_24 (11525bp)
Best alignment score: 11331.1 (LEN: 11520, IDY: 98.36), Total number of alignments: 1
		One align captures most of this contig: 7782 19312 | 6 11525 | 11531 11520 | 98.36 | NC_001852.1 contig_24

CONTIG: contig_25 (11297bp)
Best alignment score: 11242.8 (LEN: 11297, IDY: 99.52), Total number of alignments: 1
		One align captures most of this contig: 23085 34435 | 11297 1 | 11351 11297 | 99.52 | NC_001855.1 contig_25

CONTIG: contig_26 (7369bp)
Best alignment score: 3598.2 (LEN: 3666, IDY: 98.15), Total number of alignments: 3
			Looking for the best set of alignments (out of 3 total alignments)
			Skipping redundant alignments after choosing the best set of alignments
		Skipping redundant alignment 22884 26195 | 2279 5587 | 3312 3309 | 98.46 | NC_000952.1 contig_26
			The best set is below. Score: 5099.1, number of alignments: 2, unaligned bases: 1922
		This contig is misassembled.
		This contig is partially unaligned. (Aligned 5447 out of 7369 non-N bases (73.92%))
			Real Alignment 1: 20412 22193 | 2 1782 | 1782 1781 | 98.37 | NC_000950.1 contig_26
			  Extensive misassembly (translocation) between these two alignments
			Real Alignment 2: 22551 26216 | 1838 5503 | 3666 3666 | 98.15 | NC_000951.1 contig_26
		Unaligned bases: 1922

CONTIG: contig_27 (7164bp)
Best alignment score: 4737.1 (LEN: 4977, IDY: 95.18), Total number of alignments: 2
			Looking for the best set of alignments (out of 2 total alignments)
			The best set is below. Score: 4833.1, number of alignments: 2, unaligned bases: 1567
		This contig is misassembled.
		This contig is partially unaligned. (Aligned 5597 out of 7164 non-N bases (78.13%))
			Excluding internal overlap of size 3328 between Alignment 1 and 2: 22814 26771 | 5598 1651 | 3958 3948 --> 22814 23430 | 5598 4979 | 617 620
			Real Alignment 1: 22894 27861 | 4978 2 | 4968 4977 | 95.18 | NC_000952.1 contig_27
			  Extensive misassembly (translocation) between these two alignments
			Real Alignment 2: 22814 23430 | 5598 4979 | 617 620 | 96.13 | NC_000949.1 contig_27
		Unaligned bases: 1567

CONTIG: contig_28 (6207bp)
Best alignment score: 6176.8 (LEN: 6201, IDY: 99.61), Total number of alignments: 1
		One align captures most of this contig: 47426 53626 | 7 6207 | 6201 6201 | 99.61 | NC_001857.2 contig_28

CONTIG: contig_29 (6076bp)
Best alignment score: 229.0 (LEN: 234, IDY: 97.86), Total number of alignments: 2
			Looking for the best set of alignments (out of 2 total alignments)
			Skipping redundant alignments after choosing the best set of alignments
		Skipping redundant alignment 7343 7477 | 5942 6076 | 135 135 | 99.26 | NC_001852.1 contig_29
			The best set is below. Score: 229.0, number of alignments: 1, unaligned bases: 5842
		This contig is partially unaligned. (Aligned 234 out of 6076 non-N bases (3.85%))
		Alignment: 27997 28230 | 3023 2790 | 234 234 | 97.86 | NC_001853.1 contig_29
		Unaligned bases: 1 to 2789 (2789)
		Unaligned bases: 3024 to 6076 (3053)

CONTIG: contig_30 (5529bp)
Best alignment score: 5505.8 (LEN: 5529, IDY: 99.58), Total number of alignments: 1
		One align captures most of this contig: 1863 7384 | 1 5529 | 5522 5529 | 99.58 | NC_001854.1 contig_30

CONTIG: contig_31 (5450bp)
Best alignment score: 277.0 (LEN: 289, IDY: 95.85), Total number of alignments: 1
			Looking for the best set of alignments (out of 1 total alignments)
			The best set is below. Score: 277.0, number of alignments: 1, unaligned bases: 5161
		This contig is partially unaligned. (Aligned 289 out of 5450 non-N bases (5.30%))
		Alignment: 3997 4285 | 289 1 | 289 289 | 95.85 | NC_001849.2 contig_31
		Unaligned bases: 290 to 5450 (5161)

CONTIG: contig_32 (5338bp)
Best alignment score: 4754.0 (LEN: 4803, IDY: 98.98), Total number of alignments: 2
			Looking for the best set of alignments (out of 2 total alignments)
			The best set is below. Score: 4830.0, number of alignments: 2, unaligned bases: 434
		This contig is misassembled.
			Real Alignment 1: 10655 15459 | 4803 1 | 4805 4803 | 98.98 | NC_001851.2 contig_32
			  Gap between these two alignments (local misassembly). Inconsistency = -436
			Real Alignment 2: 10556 10656 | 5338 5238 | 101 101 | 99.01 | NC_001851.2 contig_32

CONTIG: contig_33 (4579bp)
		This contig is unaligned. (4579 bp)
		Unaligned bases: 4579 (number of Ns: 0)

CONTIG: contig_34 (4082bp)
Best alignment score: 4024.9 (LEN: 4082, IDY: 98.60), Total number of alignments: 1
		One align captures most of this contig: 9119 13196 | 4082 1 | 4078 4082 | 98.6 | NC_001849.2 contig_34

CONTIG: contig_35 (3708bp)
Best alignment score: 3617.2 (LEN: 3708, IDY: 97.55), Total number of alignments: 1
		One align captures most of this contig: 4638 8337 | 3708 1 | 3700 3708 | 97.55 | NC_001849.2 contig_35

CONTIG: contig_36 (3651bp)
Best alignment score: 3501.9 (LEN: 3538, IDY: 98.98), Total number of alignments: 1
			Looking for the best set of alignments (out of 1 total alignments)
			The best set is below. Score: 3501.9, number of alignments: 1, unaligned bases: 113
		Alignment: 13281 16821 | 1 3538 | 3541 3538 | 98.98 | NC_001849.2 contig_36

CONTIG: contig_37 (3611bp)
Best alignment score: 3590.9 (LEN: 3610, IDY: 99.47), Total number of alignments: 1
		One align captures most of this contig: 2120 5722 | 1 3610 | 3603 3610 | 99.47 | NC_001855.1 contig_37

CONTIG: contig_38 (3247bp)
Best alignment score: 3209.0 (LEN: 3246, IDY: 98.86), Total number of alignments: 1
		One align captures most of this contig: 24376 27621 | 3247 2 | 3246 3246 | 98.86 | NC_001852.1 contig_38

CONTIG: contig_39 (3133bp)
Best alignment score: 3108.1 (LEN: 3131, IDY: 99.27), Total number of alignments: 4
		Skipping these alignments as insignificant (option --ambiguity-score is set to "0.99"):
			Skipping alignment 1740 4870 | 3133 3 | 3131 3131 | 98.15 | NC_000953.1 contig_39
			Skipping alignment 1740 4870 | 3133 3 | 3131 3131 | 98.15 | NC_000948.1 contig_39
		This contig has 2 significant alignments. [An ambiguously mapped contig]
		Using only first of these alignment (option --ambiguity-usage is set to "one"):
			Alignment: 1739 4869 | 3133 3 | 3131 3131 | 99.27 | NC_000952.1 contig_39
			Skipping alignment 1740 4870 | 3133 3 | 3131 3131 | 99.2 | NC_000949.1 contig_39

CONTIG: contig_40 (3031bp)
Best alignment score: 1842.7 (LEN: 1937, IDY: 95.13), Total number of alignments: 2
			Looking for the best set of alignments (out of 2 total alignments)
			Skipping redundant alignments after choosing the best set of alignments
		Skipping redundant alignment 25247 25923 | 3031 2355 | 677 677 | 99.7 | NC_000950.1 contig_40
			The best set is below. Score: 1842.7, number of alignments: 1, unaligned bases: 1094
		This contig is partially unaligned. (Aligned 1937 out of 3031 non-N bases (63.91%))
		Alignment: 26200 28131 | 2919 983 | 1932 1937 | 95.13 | NC_000949.1 contig_40
		Unaligned bases: 1 to 982 (982)
		Unaligned bases: 2920 to 3031 (112)

CONTIG: contig_41 (2653bp)
Best alignment score: 2636.9 (LEN: 2652, IDY: 99.43), Total number of alignments: 1
		One align captures most of this contig: 1062 3713 | 2653 2 | 2652 2652 | 99.43 | NC_000955.2 contig_41

CONTIG: contig_42 (2633bp)
Best alignment score: 2633.0 (LEN: 2633, IDY: 100.00), Total number of alignments: 1
		One align captures most of this contig: 25917 28549 | 2633 1 | 2633 2633 | 100.0 | NC_000950.1 contig_42

CONTIG: contig_43 (2549bp)
Best alignment score: 2465.0 (LEN: 2500, IDY: 98.60), Total number of alignments: 1
			Looking for the best set of alignments (out of 1 total alignments)
			The best set is below. Score: 2465.0, number of alignments: 1, unaligned bases: 49
		Alignment: 20633 23132 | 2520 21 | 2500 2500 | 98.6 | NC_000948.1 contig_43

CONTIG: contig_44 (2283bp)
Best alignment score: 2171.1 (LEN: 2282, IDY: 95.14), Total number of alignments: 1
		One align captures most of this contig: 19846 22127 | 2282 1 | 2282 2282 | 95.14 | NC_001852.1 contig_44

CONTIG: contig_45 (2248bp)
Best alignment score: 2228.0 (LEN: 2236, IDY: 99.64), Total number of alignments: 1
		One align captures most of this contig: 22140 24375 | 13 2248 | 2236 2236 | 99.64 | NC_001852.1 contig_45

CONTIG: contig_46 (2192bp)
Best alignment score: 193.0 (LEN: 203, IDY: 95.07), Total number of alignments: 3
			Looking for the best set of alignments (out of 3 total alignments)
			Skipping redundant alignments after choosing the best set of alignments
		Skipping redundant alignment 26213 26336 | 2 125 | 124 124 | 95.97 | NC_000953.1 contig_46
		This contig has several significant sets of alignments. [An ambiguously mapped contig]
		Using only the very best set (option --ambiguity-usage is set to "one").
			The best set is below. Score: 201.0, number of alignments: 2, unaligned bases: 1865
		This contig is misassembled.
		This contig is partially unaligned. (Aligned 327 out of 2192 non-N bases (14.92%))
			Warning! This contig is more unaligned than misassembled. Contig length is 2192 (number of Ns: 0) and total length of all aligns is 327
		Alignment: 26078 26201 | 2 125 | 124 124 | 95.97 | NC_000948.1 contig_46
		Alignment: 28747 28949 | 1653 1855 | 203 203 | 95.07 | NC_000954.1 contig_46
		Unaligned bases: 1865

CONTIG: contig_47 (2172bp)
		This contig is unaligned. (2172 bp)
		Unaligned bases: 2172 (number of Ns: 0)

CONTIG: contig_48 (2167bp)
Best alignment score: 1299.0 (LEN: 1312, IDY: 99.01), Total number of alignments: 3
			Looking for the best set of alignments (out of 3 total alignments)
			The best set is below. Score: 2005.0, number of alignments: 3, unaligned bases: 145
		This contig is misassembled.
			Real Alignment 1: 27623 28215 | 1 593 | 593 593 | 99.49 | NC_001852.1 contig_48
			  Indel (> 5bp) between these two alignments: deletion of length 87; 0 mismatches (number of Ns: 0)
			Real Alignment 2: 28303 28419 | 594 710 | 117 117 | 99.15 | NC_001852.1 contig_48
			  Indel (> 5bp) between these two alignments: deletion of length 33; 0 mismatches (number of Ns: 0)
			Real Alignment 3: 28453 29764 | 711 2022 | 1312 1312 | 99.01 | NC_001852.1 contig_48

CONTIG: contig_49 (2073bp)
Best alignment score: 1981.2 (LEN: 2073, IDY: 95.57), Total number of alignments: 8
		Skipping these alignments as insignificant (option --ambiguity-score is set to "0.99"):
			Skipping alignment 10426 12106 | 1683 2 | 1681 1682 | 97.15 | NC_000954.1 contig_49
			Skipping alignment 10326 11961 | 1636 2 | 1636 1635 | 96.76 | NC_000950.1 contig_49
			Skipping alignment 10114 10298 | 1935 1752 | 185 184 | 96.22 | NC_000950.1 contig_49
		This contig has 5 significant alignments. [An ambiguously mapped contig]
		Using only first of these alignment (option --ambiguity-usage is set to "one"):
			Alignment: 9955 12028 | 2073 1 | 2074 2073 | 95.57 | NC_000951.1 contig_49
			Skipping alignment 13435 15507 | 2073 2 | 2073 2072 | 95.34 | NC_000956.1 contig_49
			Skipping alignment 9945 12017 | 2073 2 | 2073 2072 | 95.24 | NC_000949.1 contig_49
			Skipping alignment 9945 12017 | 2073 2 | 2073 2072 | 95.19 | NC_000953.1 contig_49
			Skipping alignment 9945 12017 | 2073 2 | 2073 2072 | 95.19 | NC_000948.1 contig_49

CONTIG: contig_50 (2068bp)
Best alignment score: 108.0 (LEN: 113, IDY: 95.58), Total number of alignments: 1
			Looking for the best set of alignments (out of 1 total alignments)
			The best set is below. Score: 108.0, number of alignments: 1, unaligned bases: 1955
		This contig is partially unaligned. (Aligned 113 out of 2068 non-N bases (5.46%))
		Alignment: 28654 28766 | 114 2 | 113 113 | 95.58 | NC_000954.1 contig_50
		Unaligned bases: 1 to 1 (1)
		Unaligned bases: 115 to 2068 (1954)

CONTIG: contig_51 (1990bp)
Best alignment score: 1921.1 (LEN: 1990, IDY: 96.54), Total number of alignments: 7
		Skipping these alignments as insignificant (option --ambiguity-score is set to "0.99"):
			Skipping alignment 1 1237 | 754 1990 | 1237 1237 | 99.68 | NC_000951.1 contig_51
			Skipping alignment 1 1237 | 754 1990 | 1237 1237 | 99.68 | NC_000948.1 contig_51
			Skipping alignment 1 1237 | 754 1990 | 1237 1237 | 99.68 | NC_000953.1 contig_51
			Skipping alignment 1 1237 | 754 1990 | 1237 1237 | 98.95 | NC_000949.1 contig_51
			Skipping alignment 1 1237 | 754 1990 | 1237 1237 | 98.46 | NC_000950.1 contig_51
			Skipping alignment 1 1240 | 754 1990 | 1240 1237 | 98.23 | NC_000954.1 contig_51
		One align captures most of this contig: 33055 35046 | 1 1990 | 1992 1990 | 96.54 | NC_000956.1 contig_51

CONTIG: contig_52 (1936bp)
Best alignment score: 1925.9 (LEN: 1936, IDY: 99.48), Total number of alignments: 4
		Skipping these alignments as insignificant (option --ambiguity-score is set to "0.99"):
			Skipping alignment 3238 5176 | 1 1936 | 1939 1936 | 98.2 | NC_000954.1 contig_52
		This contig has 3 significant alignments. [An ambiguously mapped contig]
		Using only first of these alignment (option --ambiguity-usage is set to "one"):
			Alignment: 3232 5167 | 1 1936 | 1936 1936 | 99.48 | NC_000951.1 contig_52
			Skipping alignment 6695 8630 | 1 1936 | 1936 1936 | 98.71 | NC_000956.1 contig_52
			Skipping alignment 3235 5167 | 1 1933 | 1933 1933 | 98.81 | NC_000950.1 contig_52

CONTIG: contig_53 (1890bp)
Best alignment score: 1258.0 (LEN: 1261, IDY: 99.76), Total number of alignments: 2
			Looking for the best set of alignments (out of 2 total alignments)
			The best set is below. Score: 1695.6, number of alignments: 2, unaligned bases: 0
		This contig is misassembled.
			Excluding internal overlap of size 193 between Alignment 1 and 2: 1262 2084 | 1890 1069 | 823 822 --> 1262 1890 | 1890 1262 | 629 629
			Real Alignment 1: 1 1261 | 1261 1 | 1261 1261 | 99.76 | NC_001851.2 contig_53
			  Extensive misassembly (relocation, inconsistency = -1890) between these two alignments
			Real Alignment 2: 1262 1890 | 1890 1262 | 629 629 | 99.64 | NC_001851.2 contig_53

CONTIG: contig_54 (1857bp)
Best alignment score: 1857.0 (LEN: 1857, IDY: 100.00), Total number of alignments: 1
		One align captures most of this contig: 2279 4135 | 1 1857 | 1857 1857 | 100.0 | NC_001849.2 contig_54

CONTIG: contig_55 (1662bp)
Best alignment score: 1540.0 (LEN: 1580, IDY: 97.47), Total number of alignments: 1
			Looking for the best set of alignments (out of 1 total alignments)
			The best set is below. Score: 1540.0, number of alignments: 1, unaligned bases: 82
		Alignment: 2246 3819 | 83 1662 | 1574 1580 | 97.47 | NC_001853.1 contig_55

CONTIG: contig_56 (1491bp)
Best alignment score: 1485.0 (LEN: 1491, IDY: 99.60), Total number of alignments: 4
		Skipping these alignments as insignificant (option --ambiguity-score is set to "0.99"):
			Skipping alignment 1750 3236 | 1484 1 | 1487 1484 | 98.12 | NC_000954.1 contig_56
			Skipping alignment 1756 3233 | 1478 1 | 1478 1478 | 97.83 | NC_000950.1 contig_56
			Skipping alignment 35550 36935 | 1490 108 | 1386 1383 | 98.7 | NC_000956.1 contig_56
		One align captures most of this contig: 1740 3230 | 1491 1 | 1491 1491 | 99.6 | NC_000951.1 contig_56

CONTIG: contig_57 (1482bp)
Best alignment score: 1474.0 (LEN: 1482, IDY: 99.46), Total number of alignments: 1
		One align captures most of this contig: 6075 7556 | 1 1482 | 1482 1482 | 99.46 | NC_001855.1 contig_57

CONTIG: contig_58 (1403bp)
Best alignment score: 566.0 (LEN: 589, IDY: 96.10), Total number of alignments: 1
			Looking for the best set of alignments (out of 1 total alignments)
			The best set is below. Score: 566.0, number of alignments: 1, unaligned bases: 814
		This contig is partially unaligned. (Aligned 589 out of 1403 non-N bases (41.98%))
		Alignment: 1180 1766 | 589 1 | 587 589 | 96.1 | NC_000955.2 contig_58
		Unaligned bases: 590 to 1403 (814)

CONTIG: contig_59 (1315bp)
Best alignment score: 1035.0 (LEN: 1046, IDY: 98.95), Total number of alignments: 1
			Looking for the best set of alignments (out of 1 total alignments)
			The best set is below. Score: 1035.0, number of alignments: 1, unaligned bases: 269
		Alignment: 34436 35481 | 1 1046 | 1046 1046 | 98.95 | NC_001855.1 contig_59

CONTIG: contig_60 (1265bp)
Best alignment score: 1258.0 (LEN: 1265, IDY: 99.45), Total number of alignments: 6
		This contig has 6 significant alignments. [An ambiguously mapped contig]
		Using only first of these alignment (option --ambiguity-usage is set to "one"):
			Alignment: 5405 6669 | 1 1265 | 1265 1265 | 99.45 | NC_000954.1 contig_60
			Skipping alignment 8859 10123 | 1 1265 | 1265 1265 | 99.37 | NC_000956.1 contig_60
			Skipping alignment 5399 6663 | 1 1265 | 1265 1265 | 99.29 | NC_000950.1 contig_60
			Skipping alignment 5389 6653 | 1 1265 | 1265 1265 | 99.05 | NC_000949.1 contig_60
			Skipping alignment 5389 6653 | 1 1265 | 1265 1265 | 98.89 | NC_000948.1 contig_60
			Skipping alignment 5389 6653 | 1 1265 | 1265 1265 | 98.89 | NC_000953.1 contig_60

CONTIG: contig_61 (1250bp)
Best alignment score: 1249.0 (LEN: 1249, IDY: 100.00), Total number of alignments: 1
		One align captures most of this contig: 6929 8177 | 1 1249 | 1249 1249 | 100.0 | NC_001851.2 contig_61

CONTIG: contig_62 (1089bp)
Best alignment score: 1083.0 (LEN: 1089, IDY: 99.45), Total number of alignments: 6
		This contig has 6 significant alignments. [An ambiguously mapped contig]
		Using only first of these alignment (option --ambiguity-usage is set to "one"):
			Alignment: 7157 8245 | 1089 1 | 1089 1089 | 99.45 | NC_000950.1 contig_62
			Skipping alignment 7147 8235 | 1089 1 | 1089 1089 | 99.36 | NC_000953.1 contig_62
			Skipping alignment 7147 8235 | 1089 1 | 1089 1089 | 99.36 | NC_000949.1 contig_62
			Skipping alignment 7147 8235 | 1089 1 | 1089 1089 | 99.36 | NC_000948.1 contig_62
			Skipping alignment 7157 8245 | 1089 1 | 1089 1089 | 98.71 | NC_000951.1 contig_62
			Skipping alignment 7163 8252 | 1089 1 | 1090 1089 | 98.53 | NC_000954.1 contig_62

CONTIG: contig_63 (1064bp)
Best alignment score: 1054.0 (LEN: 1064, IDY: 99.06), Total number of alignments: 4
		This contig has 4 significant alignments. [An ambiguously mapped contig]
		Using only first of these alignment (option --ambiguity-usage is set to "one"):
			Alignment: 12528 13591 | 1 1064 | 1064 1064 | 99.06 | NC_000953.1 contig_63
			Skipping alignment 12626 13689 | 1 1064 | 1064 1064 | 98.97 | NC_000954.1 contig_63
			Skipping alignment 12528 13591 | 1 1064 | 1064 1064 | 98.21 | NC_000948.1 contig_63
			Skipping alignment 12528 13591 | 1 1064 | 1064 1064 | 98.21 | NC_000949.1 contig_63

CONTIG: contig_64 (1029bp)
Best alignment score: 623.1 (LEN: 643, IDY: 96.90), Total number of alignments: 2
			Looking for the best set of alignments (out of 2 total alignments)
			The best set is below. Score: 716.1, number of alignments: 2, unaligned bases: 293
		This contig is misassembled.
			Real Alignment 1: 15712 15804 | 1 93 | 93 93 | 100.0 | NC_001857.2 contig_64
			  Gap between these two alignments (local misassembly). Inconsistency = -22
			Real Alignment 2: 16074 16716 | 385 1027 | 643 643 | 96.9 | NC_001857.2 contig_64

CONTIG: contig_65 (1016bp)
		This contig is unaligned. (1016 bp)
		Unaligned bases: 1016 (number of Ns: 0)

CONTIG: contig_66 (1001bp)
Best alignment score: 918.0 (LEN: 922, IDY: 99.57), Total number of alignments: 1
			Looking for the best set of alignments (out of 1 total alignments)
			The best set is below. Score: 918.0, number of alignments: 1, unaligned bases: 79
		Alignment: 46404 47326 | 80 1001 | 923 922 | 99.57 | NC_001857.2 contig_66

CONTIG: contig_67 (994bp)
Best alignment score: 956.0 (LEN: 994, IDY: 96.18), Total number of alignments: 1
		One align captures most of this contig: 634614 635607 | 994 1 | 994 994 | 96.18 | NC_001318.1 contig_67

CONTIG: contig_68 (994bp)
Best alignment score: 976.0 (LEN: 994, IDY: 98.19), Total number of alignments: 1
		One align captures most of this contig: 634614 635607 | 1 994 | 994 994 | 98.19 | NC_001318.1 contig_68

CONTIG: contig_69 (992bp)
Best alignment score: 989.0 (LEN: 992, IDY: 99.70), Total number of alignments: 2
		This contig has 2 significant alignments. [An ambiguously mapped contig]
		Using only first of these alignment (option --ambiguity-usage is set to "one"):
			Alignment: 24989 25980 | 1 992 | 992 992 | 99.7 | NC_000952.1 contig_69
			Skipping alignment 25095 26086 | 1 992 | 992 992 | 99.29 | NC_000951.1 contig_69

CONTIG: contig_70 (978bp)
		This contig is unaligned. (978 bp)
		Unaligned bases: 978 (number of Ns: 0)

CONTIG: contig_71 (950bp)
Best alignment score: 937.0 (LEN: 941, IDY: 99.57), Total number of alignments: 1
		One align captures most of this contig: 586203 587143 | 947 7 | 941 941 | 99.57 | NC_001318.1 contig_71

CONTIG: contig_72 (950bp)
Best alignment score: 900.0 (LEN: 941, IDY: 95.64), Total number of alignments: 1
		One align captures most of this contig: 586203 587143 | 4 944 | 941 941 | 95.64 | NC_001318.1 contig_72

CONTIG: contig_73 (936bp)
Best alignment score: 928.0 (LEN: 936, IDY: 99.15), Total number of alignments: 1
		One align captures most of this contig: 16230 17166 | 1 936 | 937 936 | 99.15 | NC_000949.1 contig_73

CONTIG: contig_74 (879bp)
Best alignment score: 877.0 (LEN: 879, IDY: 99.77), Total number of alignments: 6
		Skipping these alignments as insignificant (option --ambiguity-score is set to "0.99"):
			Skipping alignment 8511 9383 | 1 873 | 873 873 | 99.31 | NC_000948.1 contig_74
			Skipping alignment 8511 9383 | 1 873 | 873 873 | 99.31 | NC_000949.1 contig_74
			Skipping alignment 8511 9383 | 1 873 | 873 873 | 99.31 | NC_000953.1 contig_74
		This contig has 3 significant alignments. [An ambiguously mapped contig]
		Using only first of these alignment (option --ambiguity-usage is set to "one"):
			Alignment: 8521 9399 | 1 879 | 879 879 | 99.77 | NC_000950.1 contig_74
			Skipping alignment 11980 12858 | 1 879 | 879 879 | 99.66 | NC_000956.1 contig_74
			Skipping alignment 8529 9401 | 1 873 | 873 873 | 99.66 | NC_000954.1 contig_74

CONTIG: contig_75 (875bp)
		This contig is unaligned. (875 bp)
		Unaligned bases: 875 (number of Ns: 0)

CONTIG: contig_76 (858bp)
Best alignment score: 243.0 (LEN: 245, IDY: 99.18), Total number of alignments: 1
			Looking for the best set of alignments (out of 1 total alignments)
			The best set is below. Score: 243.0, number of alignments: 1, unaligned bases: 613
		This contig is partially unaligned. (Aligned 245 out of 858 non-N bases (28.55%))
		Alignment: 959 1203 | 858 614 | 245 245 | 99.18 | NC_001854.1 contig_76
		Unaligned bases: 1 to 613 (613)

CONTIG: contig_77 (788bp)
Best alignment score: 787.0 (LEN: 788, IDY: 99.87), Total number of alignments: 3
		This contig has 3 significant alignments. [An ambiguously mapped contig]
		Using only first of these alignment (option --ambiguity-usage is set to "one"):
			Alignment: 51820 52606 | 1 788 | 787 788 | 99.87 | NC_000956.1 contig_77
			Skipping alignment 332 1118 | 788 1 | 787 788 | 99.62 | NC_001849.2 contig_77
			Skipping alignment 393 1174 | 788 1 | 782 788 | 98.98 | NC_001853.1 contig_77

CONTIG: contig_78 (781bp)
Best alignment score: 744.0 (LEN: 780, IDY: 95.38), Total number of alignments: 1
		One align captures most of this contig: 8338 9117 | 781 2 | 780 780 | 95.38 | NC_001849.2 contig_78

CONTIG: contig_79 (781bp)
Best alignment score: 775.0 (LEN: 780, IDY: 99.36), Total number of alignments: 1
		One align captures most of this contig: 8339 9118 | 780 1 | 780 780 | 99.36 | NC_001849.2 contig_79

CONTIG: contig_80 (781bp)
Best alignment score: 777.0 (LEN: 781, IDY: 99.49), Total number of alignments: 8
		This contig has 8 significant alignments. [An ambiguously mapped contig]
		Using only first of these alignment (option --ambiguity-usage is set to "one"):
			Alignment: 24004 24784 | 1 781 | 781 781 | 99.49 | NC_000953.1 contig_80
			Skipping alignment 23773 24553 | 1 781 | 781 781 | 99.49 | NC_000952.1 contig_80
			Skipping alignment 24330 25109 | 2 781 | 780 780 | 99.36 | NC_000949.1 contig_80
			Skipping alignment 23879 24659 | 1 781 | 781 781 | 99.23 | NC_000951.1 contig_80
			Skipping alignment 23870 24649 | 2 781 | 780 780 | 99.23 | NC_000948.1 contig_80
			Skipping alignment 27559 28339 | 1 781 | 781 781 | 99.1 | NC_000956.1 contig_80
			Skipping alignment 23832 24610 | 1 779 | 779 779 | 98.97 | NC_000954.1 contig_80
			Skipping alignment 23469 24248 | 1 779 | 780 779 | 98.85 | NC_000950.1 contig_80

CONTIG: contig_81 (719bp)
Best alignment score: 698.0 (LEN: 712, IDY: 98.04), Total number of alignments: 1
		One align captures most of this contig: 28938 29649 | 712 1 | 712 712 | 98.04 | NC_000956.1 contig_81

CONTIG: contig_82 (702bp)
		This contig is unaligned. (702 bp)
		Unaligned bases: 702 (number of Ns: 0)

CONTIG: contig_83 (694bp)
Best alignment score: 692.0 (LEN: 694, IDY: 99.71), Total number of alignments: 1
		One align captures most of this contig: 1426 2119 | 694 1 | 694 694 | 99.71 | NC_001855.1 contig_83

CONTIG: contig_84 (636bp)
		This contig is unaligned. (636 bp)
		Unaligned bases: 636 (number of Ns: 0)

CONTIG: contig_85 (634bp)
Best alignment score: 283.0 (LEN: 287, IDY: 98.61), Total number of alignments: 8
			Looking for the best set of alignments (out of 8 total alignments)
			Skipping redundant alignments after choosing the best set of alignments
		Skipping redundant alignment 110 346 | 239 1 | 237 239 | 98.33 | NC_001853.1 contig_85
		Skipping redundant alignment 1 285 | 287 1 | 285 287 | 98.61 | NC_001849.2 contig_85
		Skipping redundant alignment 110 346 | 396 634 | 237 239 | 98.33 | NC_001853.1 contig_85
		Skipping redundant alignment 1 285 | 348 634 | 285 287 | 98.61 | NC_001849.2 contig_85
			The best set is below. Score: 525.0, number of alignments: 4, unaligned bases: 54
		This contig is misassembled.
			Real Alignment 1: 52653 52872 | 1 222 | 220 222 | 98.65 | NC_000956.1 contig_85
			  Indel (> 5bp) between these two alignments: deletion of length 30; 0 mismatches (number of Ns: 0)
			Real Alignment 2: 52903 52970 | 223 290 | 68 68 | 100.0 | NC_000956.1 contig_85
			  Extensive misassembly (inversion) between these two alignments
			Real Alignment 3: 52903 52970 | 412 345 | 68 68 | 100.0 | NC_000956.1 contig_85
			  Indel (> 5bp) between these two alignments: deletion of length 30; 0 mismatches (number of Ns: 0)
			Real Alignment 4: 52653 52872 | 634 413 | 220 222 | 98.65 | NC_000956.1 contig_85

CONTIG: contig_86 (615bp)
Best alignment score: 591.1 (LEN: 612, IDY: 96.59), Total number of alignments: 1
		One align captures most of this contig: 8 619 | 4 615 | 612 612 | 96.59 | NC_001855.1 contig_86

CONTIG: contig_87 (613bp)
Best alignment score: 90.0 (LEN: 91, IDY: 98.91), Total number of alignments: 1
			Looking for the best set of alignments (out of 1 total alignments)
			The best set is below. Score: 90.0, number of alignments: 1, unaligned bases: 522
		This contig is partially unaligned. (Aligned 91 out of 613 non-N bases (14.85%))
		Alignment: 2406 2497 | 95 5 | 92 91 | 98.91 | NC_001851.2 contig_87
		Unaligned bases: 1 to 4 (4)
		Unaligned bases: 96 to 613 (518)

CONTIG: contig_88 (606bp)
Best alignment score: 604.0 (LEN: 606, IDY: 99.67), Total number of alignments: 1
		One align captures most of this contig: 28226 28831 | 606 1 | 606 606 | 99.67 | NC_000952.1 contig_88

CONTIG: contig_89 (598bp)
Best alignment score: 596.0 (LEN: 598, IDY: 99.67), Total number of alignments: 6
		Skipping these alignments as insignificant (option --ambiguity-score is set to "0.99"):
			Skipping alignment 19130 19721 | 592 1 | 592 592 | 99.66 | NC_000956.1 contig_89
			Skipping alignment 15623 16220 | 598 1 | 598 598 | 98.66 | NC_000949.1 contig_89
		This contig has 4 significant alignments. [An ambiguously mapped contig]
		Using only first of these alignment (option --ambiguity-usage is set to "one"):
			Alignment: 15578 16175 | 598 1 | 598 598 | 99.67 | NC_000950.1 contig_89
			Skipping alignment 15723 16320 | 598 1 | 598 598 | 99.33 | NC_000954.1 contig_89
			Skipping alignment 15642 16239 | 598 1 | 598 598 | 99.33 | NC_000951.1 contig_89
			Skipping alignment 15626 16223 | 598 1 | 598 598 | 99.0 | NC_000953.1 contig_89

CONTIG: contig_90 (583bp)
Best alignment score: 469.0 (LEN: 476, IDY: 98.53), Total number of alignments: 1
			Looking for the best set of alignments (out of 1 total alignments)
			The best set is below. Score: 469.0, number of alignments: 1, unaligned bases: 107
		Alignment: 14118 14593 | 10 485 | 476 476 | 98.53 | NC_000950.1 contig_90

CONTIG: contig_91 (583bp)
		This contig is unaligned. (583 bp)
		Unaligned bases: 583 (number of Ns: 0)

CONTIG: contig_92 (563bp)
		This contig is unaligned. (563 bp)
		Unaligned bases: 563 (number of Ns: 0)

CONTIG: contig_93 (555bp)
Best alignment score: 550.0 (LEN: 555, IDY: 99.10), Total number of alignments: 3
		Skipping these alignments as insignificant (option --ambiguity-score is set to "0.99"):
			Skipping alignment 9592 9975 | 172 555 | 384 384 | 99.74 | NC_000950.1 contig_93
		This contig has 2 significant alignments. [An ambiguously mapped contig]
		Using only first of these alignment (option --ambiguity-usage is set to "one"):
			Alignment: 9400 9954 | 1 555 | 555 555 | 99.1 | NC_000951.1 contig_93
			Skipping alignment 9391 9944 | 2 555 | 554 554 | 98.74 | NC_000949.1 contig_93

CONTIG: contig_94 (532bp)
Best alignment score: 529.0 (LEN: 532, IDY: 99.44), Total number of alignments: 1
		One align captures most of this contig: 19313 19844 | 532 1 | 532 532 | 99.44 | NC_001852.1 contig_94

CONTIG: contig_95 (530bp)
Best alignment score: 529.0 (LEN: 530, IDY: 99.81), Total number of alignments: 1
		One align captures most of this contig: 18662 19190 | 1 530 | 529 530 | 99.81 | NC_000950.1 contig_95

CONTIG: contig_96 (518bp)
Best alignment score: 508.0 (LEN: 518, IDY: 98.07), Total number of alignments: 5
		This contig has 5 significant alignments. [An ambiguously mapped contig]
		Using only first of these alignment (option --ambiguity-usage is set to "one"):
			Alignment: 28474 28991 | 518 1 | 518 518 | 98.07 | NC_000951.1 contig_96
			Skipping alignment 29287 29804 | 518 1 | 518 518 | 98.07 | NC_000954.1 contig_96
			Skipping alignment 29521 30038 | 518 1 | 518 518 | 97.88 | NC_000953.1 contig_96
			Skipping alignment 28859 29376 | 518 1 | 518 518 | 97.88 | NC_000949.1 contig_96
			Skipping alignment 29386 29903 | 518 1 | 518 518 | 97.68 | NC_000948.1 contig_96

CONTIG: contig_97 (509bp)
Best alignment score: 492.0 (LEN: 504, IDY: 97.62), Total number of alignments: 1
		One align captures most of this contig: 26106 26609 | 509 6 | 504 504 | 97.62 | NC_000949.1 contig_97

CONTIG: contig_98 (504bp)
Best alignment score: 494.0 (LEN: 504, IDY: 98.02), Total number of alignments: 6
		Skipping these alignments as insignificant (option --ambiguity-score is set to "0.99"):
			Skipping alignment 19697 20200 | 504 1 | 504 504 | 96.06 | NC_000950.1 contig_98
		This contig has 5 significant alignments. [An ambiguously mapped contig]
		Using only first of these alignment (option --ambiguity-usage is set to "one"):
			Alignment: 19828 20331 | 504 1 | 504 504 | 98.02 | NC_000953.1 contig_98
			Skipping alignment 19809 20312 | 504 1 | 504 504 | 97.82 | NC_000951.1 contig_98
			Skipping alignment 20345 20848 | 504 1 | 504 504 | 97.62 | NC_000949.1 contig_98
			Skipping alignment 23606 24109 | 504 1 | 504 504 | 97.62 | NC_000956.1 contig_98
			Skipping alignment 19854 20357 | 504 1 | 504 504 | 97.62 | NC_000952.1 contig_98

Analyzing coverage...
Writing SNPs into /home/mf019/longread_pangenome/expanded_dataset_analysis/quast/K89HH/contigs_reports/minimap_output/K89HH.used_snps

Analysis is finished!
Founded SNPs were written into /home/mf019/longread_pangenome/expanded_dataset_analysis/quast/K89HH/contigs_reports/minimap_output/K89HH.used_snps

Results:
	Local Misassemblies: 15
	Misassemblies: 20
		Relocations: 5
		Translocations: 10
		Inversions: 5
	Scaffold gap extensive misassemblies: 0
	Scaffold gap local misassemblies: 0
	Misassembled Contigs: 14
	Misassembled Contig Bases: 802892
	Misassemblies Inter-Contig Overlap ("Extra" Aligned Bases): 0
Unaligned Contigs: 9 + 24 part
Half Unaligned Contigs with Misassemblies: 4
Unaligned Bases in Fully and Partially Unaligned Contigs: 144656

Ambiguously Mapped Contigs: 22
Total Bases in Ambiguously Mapped Contigs: 208657
"Extra" Aligned Bases in Ambiguously Mapped Contigs: 0
Note that --allow-ambiguity option was set to "one" and only first alignment per each of these contigs was used (there is no "extra" aligned bases).

	Covered Bases in Reference: 1294832
	Raw Aligned Bases in Assembly: 1391393
	Total Aligned Bases in Assembly (with "Extras"): 1391393

	SNPs: 11058
	Insertions: 1275
	Deletions: 3329

