2024-09-25 17:31:17,060 - DEBUG - initialized logger: main_logger
2024-09-25 17:31:17,061 - DEBUG - max buffer length: 16
2024-09-25 17:31:17,061 - DEBUG - setting up log formatter for pane view
2024-09-25 17:31:17,061 - DEBUG - setting up custom rolling buffering handler for pane view
2024-09-25 17:31:17,061 - DEBUG - adding custom rolling buffering handler to main_logger
2024-09-25 17:31:17,061 - DEBUG - parsing args to dict and creating string for pane view
2024-09-25 17:31:17,062 - DEBUG - creating path for subdirectory:v1 in output:asms_ava_prot
2024-09-25 17:31:17,062 - DEBUG - new output path: asms_ava_prot/v1
2024-09-25 17:31:17,062 - DEBUG - Starting live view
2024-09-25 17:31:17,066 - INFO - Using the following arguments for this run
[bold green]annotations_dir[/bold green]: asm_genbanks
[bold green]alignments_dir[/bold green]: /mnt/disks/results-1/asms_ava_prot_v1/synteny
[bold green]output_dir[/bold green]: asms_ava_prot
[bold green]logfile[/bold green]: asm_ava_prot
[bold green]cores[/bold green]: 358
[bold green]dale[/bold green]: True
[bold green]version[/bold green]: v1
[bold green]analysis_type[/bold green]: gene
[bold green]min_identity[/bold green]: 50.0
[bold green]identity_step[/bold green]: 10.0

2024-09-25 17:31:17,066 - INFO - Creating output directory: asms_ava_prot/v1
2024-09-25 17:31:17,066 - INFO - [green]Output directory successfully created[/green]
2024-09-25 17:31:17,067 - INFO - [bold cyan]Starting Homology Analysis[/bold cyan]
2024-09-25 17:31:17,067 - INFO - [bold blue]Indexing all GenBank files...[/bold blue]
2024-09-25 17:31:17,076 - INFO - [green]Successfully indexed[/green] [green]2943[/green] [green]GenBank files.[/green]
2024-09-25 17:31:17,077 - INFO - [yellow]Expected number of alignment files:[/yellow] 4329153
2024-09-25 17:31:17,081 - INFO - [bold blue]Finding and processing alignment files...[/bold blue]
2024-09-25 17:31:17,081 - DEBUG - [bold blue]Beginning parallel execution[/bold blue]
2024-09-25 17:31:17,081 - DEBUG - [yellow]Beginning file discovery, initializing file Queue() and discovery Thread()[/yellow]
2024-09-25 17:31:17,082 - DEBUG - Starting discovery thread!
2024-09-25 17:31:17,082 - DEBUG - discover_files: Beginning walk through /mnt/disks/results-1/asms_ava_prot_v1/synteny
2024-09-25 17:32:04,892 - DEBUG - Chunksize reached. Spawning jobs!
2024-09-25 17:32:55,832 - DEBUG - discover_files: inserting None into queue
2024-09-25 17:32:55,833 - INFO - [bold green]Discovery complete. Found[/bold green] 911925 [bold green]files[/bold green]
2024-09-25 17:33:08,714 - DEBUG - Chunksize reached. Spawning jobs!
2024-09-25 17:33:37,955 - DEBUG - Chunksize reached. Spawning jobs!
2024-09-25 17:34:05,892 - DEBUG - `None` path reached! Discovery is finished. Waiting for discovery thread to complete. Merging thread with main!
2024-09-25 17:34:05,892 - DEBUG - Discovery thread successfully merged!
2024-09-25 17:34:05,893 - DEBUG - Chunksize reached. Spawning jobs!
2024-09-25 17:34:23,671 - DEBUG - Chunksize reached. Spawning jobs!
2024-09-25 17:34:30,537 - DEBUG - Chunksize reached. Spawning jobs!
2024-09-25 17:34:33,173 - DEBUG - Chunksize reached. Spawning jobs!
2024-09-25 17:34:35,059 - DEBUG - Chunksize reached. Spawning jobs!
2024-09-25 17:34:36,088 - DEBUG - Chunksize reached. Spawning jobs!
2024-09-25 17:34:37,065 - DEBUG - Chunksize reached. Spawning jobs!
2024-09-25 17:34:37,403 - DEBUG - Chunksize reached. Spawning jobs!
2024-09-25 17:34:40,153 - INFO - [bold green]Parallel processing is complete![/bold green]
Total Runtime: 203.07 seconds. [bold green]Files discovered:[/bold green] 911925, [bold green]Files processed:[/bold green] 911925
2024-09-25 17:34:40,154 - INFO - [green]Processed[/green] 911925 [green]alignment files in[/green] 203.07 [green]seconds.[/green]
2024-09-25 17:34:40,155 - WARNING - [bold red]Warning: Processed fewer alignment files than expected.[/bold red] [bold yellow]Expected:[/bold yellow] 4329153, [bold yellow]Processed:[/bold yellow] 911925
2024-09-25 17:34:40,155 - INFO - Writing output files...
2024-09-25 17:34:40,156 - INFO - [bold_blue]Writing rows to files. Please stand by.[/bold_blue]
2024-09-25 17:34:40,156 - DEBUG - writing full gene homology table!
2024-09-25 17:34:43,862 - INFO - [bold_green]Full gene homology table has been written![/bold_green]
2024-09-25 17:34:46,739 - INFO - [bold_green]Gene homology table for 50% identity cutoff has been written![/bold_green]
2024-09-25 17:34:48,082 - INFO - [bold_green]Shared gene matrix for 50% identity cutoff has been written![/bold_green]
2024-09-25 17:34:50,407 - INFO - [bold_green]Gene homology table for 60% identity cutoff has been written![/bold_green]
2024-09-25 17:34:51,468 - INFO - [bold_green]Shared gene matrix for 60% identity cutoff has been written![/bold_green]
2024-09-25 17:34:53,671 - INFO - [bold_green]Gene homology table for 70% identity cutoff has been written![/bold_green]
2024-09-25 17:34:54,657 - INFO - [bold_green]Shared gene matrix for 70% identity cutoff has been written![/bold_green]
2024-09-25 17:34:56,622 - INFO - [bold_green]Gene homology table for 80% identity cutoff has been written![/bold_green]
2024-09-25 17:34:57,528 - INFO - [bold_green]Shared gene matrix for 80% identity cutoff has been written![/bold_green]
2024-09-25 17:34:59,385 - INFO - [bold_green]Gene homology table for 90% identity cutoff has been written![/bold_green]
2024-09-25 17:35:00,201 - INFO - [bold_green]Shared gene matrix for 90% identity cutoff has been written![/bold_green]
2024-09-25 17:35:01,094 - INFO - [bold_green]Gene homology table for 100% identity cutoff has been written![/bold_green]
2024-09-25 17:35:01,549 - INFO - [bold_green]Shared gene matrix for 100% identity cutoff has been written![/bold_green]
2024-09-25 17:35:01,674 - INFO - [bold_green]Empty alignment files list has been written![/bold_green]
2024-09-25 17:35:01,675 - INFO - [bold_green]All output files have been written![/bold_green]
2024-09-25 17:35:01,711 - INFO - [bold green]Homology Analysis Completed Successfully![/bold green]
2024-09-25 17:35:01,712 - INFO - Moving temp logfile to final logfile: asms_ava_prot/v1/asm_ava_prot.log
2024-09-25 17:35:01,712 - INFO - Log file moved to: asms_ava_prot/v1/asm_ava_prot.log
