2024-08-15 14:05:56,677 - INFO - Starting Homology Analysis
2024-08-15 14:05:56,677 - INFO - Using the aollowing arguments for this run
2024-08-15 14:05:56,677 - INFO -   [  
2024-08-15 14:05:56,677 - INFO -   b  
2024-08-15 14:05:56,677 - INFO -   o  
2024-08-15 14:05:56,677 - INFO -   l  
2024-08-15 14:05:56,677 - INFO -   d  
2024-08-15 14:05:56,678 - INFO -      
2024-08-15 14:05:56,678 - INFO -   g  
2024-08-15 14:05:56,678 - INFO -   r  
2024-08-15 14:05:56,678 - INFO -   e  
2024-08-15 14:05:56,678 - INFO -   e  
2024-08-15 14:05:56,678 - INFO -   n  
2024-08-15 14:05:56,678 - INFO -   ]  
2024-08-15 14:05:56,678 - INFO -   a  
2024-08-15 14:05:56,678 - INFO -   l  
2024-08-15 14:05:56,678 - INFO -   i  
2024-08-15 14:05:56,678 - INFO -   g  
2024-08-15 14:05:56,678 - INFO -   n  
2024-08-15 14:05:56,678 - INFO -   m  
2024-08-15 14:05:56,678 - INFO -   e  
2024-08-15 14:05:56,678 - INFO -   n  
2024-08-15 14:05:56,678 - INFO -   t  
2024-08-15 14:05:56,678 - INFO -   s  
2024-08-15 14:05:56,678 - INFO -   _  
2024-08-15 14:05:56,678 - INFO -   d  
2024-08-15 14:05:56,678 - INFO -   i  
2024-08-15 14:05:56,678 - INFO -   r  
2024-08-15 14:05:56,678 - INFO -   [  
2024-08-15 14:05:56,678 - INFO -   /  
2024-08-15 14:05:56,678 - INFO -   b  
2024-08-15 14:05:56,678 - INFO -   o  
2024-08-15 14:05:56,678 - INFO -   l  
2024-08-15 14:05:56,678 - INFO -   d  
2024-08-15 14:05:56,678 - INFO -      
2024-08-15 14:05:56,678 - INFO -   g  
2024-08-15 14:05:56,678 - INFO -   r  
2024-08-15 14:05:56,678 - INFO -   e  
2024-08-15 14:05:56,678 - INFO -   e  
2024-08-15 14:05:56,678 - INFO -   n  
2024-08-15 14:05:56,678 - INFO -   ]  
2024-08-15 14:05:56,679 - INFO -   :  
2024-08-15 14:05:56,679 - INFO -      
2024-08-15 14:05:56,679 - INFO -   /  
2024-08-15 14:05:56,679 - INFO -   m  
2024-08-15 14:05:56,679 - INFO -   n  
2024-08-15 14:05:56,679 - INFO -   t  
2024-08-15 14:05:56,679 - INFO -   /  
2024-08-15 14:05:56,679 - INFO -   d  
2024-08-15 14:05:56,679 - INFO -   i  
2024-08-15 14:05:56,679 - INFO -   s  
2024-08-15 14:05:56,679 - INFO -   k  
2024-08-15 14:05:56,679 - INFO -   s  
2024-08-15 14:05:56,679 - INFO -   /  
2024-08-15 14:05:56,679 - INFO -   b  
2024-08-15 14:05:56,679 - INFO -   i  
2024-08-15 14:05:56,679 - INFO -   g  
2024-08-15 14:05:56,679 - INFO -   -  
2024-08-15 14:05:56,679 - INFO -   r  
2024-08-15 14:05:56,679 - INFO -   e  
2024-08-15 14:05:56,679 - INFO -   s  
2024-08-15 14:05:56,679 - INFO -   u  
2024-08-15 14:05:56,679 - INFO -   l  
2024-08-15 14:05:56,679 - INFO -   t  
2024-08-15 14:05:56,679 - INFO -   s  
2024-08-15 14:05:56,679 - INFO -   /  
2024-08-15 14:05:56,679 - INFO -   a  
2024-08-15 14:05:56,679 - INFO -   s  
2024-08-15 14:05:56,679 - INFO -   m  
2024-08-15 14:05:56,679 - INFO -   s  
2024-08-15 14:05:56,679 - INFO -   _  
2024-08-15 14:05:56,679 - INFO -   a  
2024-08-15 14:05:56,679 - INFO -   l  
2024-08-15 14:05:56,679 - INFO -   l  
2024-08-15 14:05:56,679 - INFO -   _  
2024-08-15 14:05:56,679 - INFO -   v  
2024-08-15 14:05:56,679 - INFO -   _  
2024-08-15 14:05:56,680 - INFO -   a  
2024-08-15 14:05:56,680 - INFO -   l  
2024-08-15 14:05:56,680 - INFO -   l  
2024-08-15 14:05:56,680 - INFO -   /  
2024-08-15 14:05:56,680 - INFO -   h  
2024-08-15 14:05:56,680 - INFO -   o  
2024-08-15 14:05:56,680 - INFO -   m  
2024-08-15 14:05:56,680 - INFO -   o  
2024-08-15 14:05:56,680 - INFO -   l  
2024-08-15 14:05:56,680 - INFO -   o  
2024-08-15 14:05:56,680 - INFO -   g  
2024-08-15 14:05:56,680 - INFO -   y  
2024-08-15 14:05:56,680 - INFO -   
  
2024-08-15 14:05:56,680 - INFO -   [  
2024-08-15 14:05:56,680 - INFO -   b  
2024-08-15 14:05:56,680 - INFO -   o  
2024-08-15 14:05:56,680 - INFO -   l  
2024-08-15 14:05:56,680 - INFO -   d  
2024-08-15 14:05:56,680 - INFO -      
2024-08-15 14:05:56,680 - INFO -   g  
2024-08-15 14:05:56,680 - INFO -   r  
2024-08-15 14:05:56,680 - INFO -   e  
2024-08-15 14:05:56,680 - INFO -   e  
2024-08-15 14:05:56,680 - INFO -   n  
2024-08-15 14:05:56,680 - INFO -   ]  
2024-08-15 14:05:56,680 - INFO -   a  
2024-08-15 14:05:56,680 - INFO -   n  
2024-08-15 14:05:56,680 - INFO -   n  
2024-08-15 14:05:56,680 - INFO -   o  
2024-08-15 14:05:56,680 - INFO -   t  
2024-08-15 14:05:56,680 - INFO -   a  
2024-08-15 14:05:56,680 - INFO -   t  
2024-08-15 14:05:56,680 - INFO -   i  
2024-08-15 14:05:56,681 - INFO -   o  
2024-08-15 14:05:56,681 - INFO -   n  
2024-08-15 14:05:56,681 - INFO -   s  
2024-08-15 14:05:56,681 - INFO -   _  
2024-08-15 14:05:56,681 - INFO -   d  
2024-08-15 14:05:56,681 - INFO -   i  
2024-08-15 14:05:56,681 - INFO -   r  
2024-08-15 14:05:56,681 - INFO -   [  
2024-08-15 14:05:56,681 - INFO -   /  
2024-08-15 14:05:56,681 - INFO -   b  
2024-08-15 14:05:56,681 - INFO -   o  
2024-08-15 14:05:56,681 - INFO -   l  
2024-08-15 14:05:56,681 - INFO -   d  
2024-08-15 14:05:56,681 - INFO -      
2024-08-15 14:05:56,681 - INFO -   g  
2024-08-15 14:05:56,681 - INFO -   r  
2024-08-15 14:05:56,681 - INFO -   e  
2024-08-15 14:05:56,681 - INFO -   e  
2024-08-15 14:05:56,681 - INFO -   n  
2024-08-15 14:05:56,681 - INFO -   ]  
2024-08-15 14:05:56,681 - INFO -   :  
2024-08-15 14:05:56,681 - INFO -      
2024-08-15 14:05:56,681 - INFO -   a  
2024-08-15 14:05:56,681 - INFO -   s  
2024-08-15 14:05:56,681 - INFO -   m  
2024-08-15 14:05:56,681 - INFO -   _  
2024-08-15 14:05:56,681 - INFO -   g  
2024-08-15 14:05:56,681 - INFO -   e  
2024-08-15 14:05:56,681 - INFO -   n  
2024-08-15 14:05:56,681 - INFO -   b  
2024-08-15 14:05:56,681 - INFO -   a  
2024-08-15 14:05:56,681 - INFO -   n  
2024-08-15 14:05:56,681 - INFO -   k  
2024-08-15 14:05:56,681 - INFO -   s  
2024-08-15 14:05:56,681 - INFO -   
  
2024-08-15 14:05:56,681 - INFO -   [  
2024-08-15 14:05:56,682 - INFO -   b  
2024-08-15 14:05:56,682 - INFO -   o  
2024-08-15 14:05:56,682 - INFO -   l  
2024-08-15 14:05:56,682 - INFO -   d  
2024-08-15 14:05:56,682 - INFO -      
2024-08-15 14:05:56,682 - INFO -   g  
2024-08-15 14:05:56,682 - INFO -   r  
2024-08-15 14:05:56,682 - INFO -   e  
2024-08-15 14:05:56,682 - INFO -   e  
2024-08-15 14:05:56,682 - INFO -   n  
2024-08-15 14:05:56,682 - INFO -   ]  
2024-08-15 14:05:56,682 - INFO -   o  
2024-08-15 14:05:56,682 - INFO -   u  
2024-08-15 14:05:56,682 - INFO -   t  
2024-08-15 14:05:56,682 - INFO -   p  
2024-08-15 14:05:56,682 - INFO -   u  
2024-08-15 14:05:56,682 - INFO -   t  
2024-08-15 14:05:56,682 - INFO -   _  
2024-08-15 14:05:56,682 - INFO -   d  
2024-08-15 14:05:56,682 - INFO -   i  
2024-08-15 14:05:56,682 - INFO -   r  
2024-08-15 14:05:56,682 - INFO -   [  
2024-08-15 14:05:56,682 - INFO -   /  
2024-08-15 14:05:56,682 - INFO -   b  
2024-08-15 14:05:56,682 - INFO -   o  
2024-08-15 14:05:56,682 - INFO -   l  
2024-08-15 14:05:56,682 - INFO -   d  
2024-08-15 14:05:56,682 - INFO -      
2024-08-15 14:05:56,682 - INFO -   g  
2024-08-15 14:05:56,682 - INFO -   r  
2024-08-15 14:05:56,682 - INFO -   e  
2024-08-15 14:05:56,682 - INFO -   e  
2024-08-15 14:05:56,682 - INFO -   n  
2024-08-15 14:05:56,682 - INFO -   ]  
2024-08-15 14:05:56,682 - INFO -   :  
2024-08-15 14:05:56,682 - INFO -      
2024-08-15 14:05:56,683 - INFO -   /  
2024-08-15 14:05:56,683 - INFO -   m  
2024-08-15 14:05:56,683 - INFO -   n  
2024-08-15 14:05:56,683 - INFO -   t  
2024-08-15 14:05:56,683 - INFO -   /  
2024-08-15 14:05:56,683 - INFO -   d  
2024-08-15 14:05:56,683 - INFO -   i  
2024-08-15 14:05:56,683 - INFO -   s  
2024-08-15 14:05:56,683 - INFO -   k  
2024-08-15 14:05:56,683 - INFO -   s  
2024-08-15 14:05:56,683 - INFO -   /  
2024-08-15 14:05:56,683 - INFO -   b  
2024-08-15 14:05:56,683 - INFO -   i  
2024-08-15 14:05:56,683 - INFO -   g  
2024-08-15 14:05:56,683 - INFO -   -  
2024-08-15 14:05:56,683 - INFO -   r  
2024-08-15 14:05:56,683 - INFO -   e  
2024-08-15 14:05:56,683 - INFO -   s  
2024-08-15 14:05:56,683 - INFO -   u  
2024-08-15 14:05:56,683 - INFO -   l  
2024-08-15 14:05:56,683 - INFO -   t  
2024-08-15 14:05:56,683 - INFO -   s  
2024-08-15 14:05:56,683 - INFO -   /  
2024-08-15 14:05:56,683 - INFO -   p  
2024-08-15 14:05:56,683 - INFO -   a  
2024-08-15 14:05:56,683 - INFO -   r  
2024-08-15 14:05:56,683 - INFO -   s  
2024-08-15 14:05:56,683 - INFO -   e  
2024-08-15 14:05:56,683 - INFO -   d  
2024-08-15 14:05:56,683 - INFO -   _  
2024-08-15 14:05:56,683 - INFO -   h  
2024-08-15 14:05:56,683 - INFO -   o  
2024-08-15 14:05:56,683 - INFO -   m  
2024-08-15 14:05:56,683 - INFO -   o  
2024-08-15 14:05:56,683 - INFO -   l  
2024-08-15 14:05:56,683 - INFO -   o  
2024-08-15 14:05:56,683 - INFO -   g  
2024-08-15 14:05:56,684 - INFO -   y  
2024-08-15 14:05:56,684 - INFO -   _  
2024-08-15 14:05:56,684 - INFO -   g  
2024-08-15 14:05:56,684 - INFO -   e  
2024-08-15 14:05:56,684 - INFO -   m  
2024-08-15 14:05:56,684 - INFO -   i  
2024-08-15 14:05:56,684 - INFO -   n  
2024-08-15 14:05:56,684 - INFO -   i  
2024-08-15 14:05:56,684 - INFO -   
  
2024-08-15 14:05:56,684 - INFO -   [  
2024-08-15 14:05:56,684 - INFO -   b  
2024-08-15 14:05:56,684 - INFO -   o  
2024-08-15 14:05:56,684 - INFO -   l  
2024-08-15 14:05:56,684 - INFO -   d  
2024-08-15 14:05:56,684 - INFO -      
2024-08-15 14:05:56,684 - INFO -   g  
2024-08-15 14:05:56,684 - INFO -   r  
2024-08-15 14:05:56,684 - INFO -   e  
2024-08-15 14:05:56,684 - INFO -   e  
2024-08-15 14:05:56,684 - INFO -   n  
2024-08-15 14:05:56,684 - INFO -   ]  
2024-08-15 14:05:56,684 - INFO -   c  
2024-08-15 14:05:56,684 - INFO -   o  
2024-08-15 14:05:56,684 - INFO -   r  
2024-08-15 14:05:56,684 - INFO -   e  
2024-08-15 14:05:56,684 - INFO -   s  
2024-08-15 14:05:56,684 - INFO -   [  
2024-08-15 14:05:56,684 - INFO -   /  
2024-08-15 14:05:56,684 - INFO -   b  
2024-08-15 14:05:56,684 - INFO -   o  
2024-08-15 14:05:56,684 - INFO -   l  
2024-08-15 14:05:56,684 - INFO -   d  
2024-08-15 14:05:56,684 - INFO -      
2024-08-15 14:05:56,684 - INFO -   g  
2024-08-15 14:05:56,684 - INFO -   r  
2024-08-15 14:05:56,685 - INFO -   e  
2024-08-15 14:05:56,685 - INFO -   e  
2024-08-15 14:05:56,685 - INFO -   n  
2024-08-15 14:05:56,685 - INFO -   ]  
2024-08-15 14:05:56,685 - INFO -   :  
2024-08-15 14:05:56,685 - INFO -      
2024-08-15 14:05:56,685 - INFO -   6  
2024-08-15 14:05:56,685 - INFO -   2  
2024-08-15 14:05:56,685 - INFO -   
  
2024-08-15 14:05:56,685 - INFO -   [  
2024-08-15 14:05:56,685 - INFO -   b  
2024-08-15 14:05:56,685 - INFO -   o  
2024-08-15 14:05:56,685 - INFO -   l  
2024-08-15 14:05:56,685 - INFO -   d  
2024-08-15 14:05:56,685 - INFO -      
2024-08-15 14:05:56,685 - INFO -   g  
2024-08-15 14:05:56,685 - INFO -   r  
2024-08-15 14:05:56,685 - INFO -   e  
2024-08-15 14:05:56,685 - INFO -   e  
2024-08-15 14:05:56,685 - INFO -   n  
2024-08-15 14:05:56,685 - INFO -   ]  
2024-08-15 14:05:56,685 - INFO -   d  
2024-08-15 14:05:56,685 - INFO -   a  
2024-08-15 14:05:56,685 - INFO -   l  
2024-08-15 14:05:56,685 - INFO -   e  
2024-08-15 14:05:56,685 - INFO -   [  
2024-08-15 14:05:56,685 - INFO -   /  
2024-08-15 14:05:56,685 - INFO -   b  
2024-08-15 14:05:56,685 - INFO -   o  
2024-08-15 14:05:56,685 - INFO -   l  
2024-08-15 14:05:56,685 - INFO -   d  
2024-08-15 14:05:56,685 - INFO -      
2024-08-15 14:05:56,685 - INFO -   g  
2024-08-15 14:05:56,685 - INFO -   r  
2024-08-15 14:05:56,685 - INFO -   e  
2024-08-15 14:05:56,685 - INFO -   e  
2024-08-15 14:05:56,685 - INFO -   n  
2024-08-15 14:05:56,686 - INFO -   ]  
2024-08-15 14:05:56,686 - INFO -   :  
2024-08-15 14:05:56,686 - INFO -      
2024-08-15 14:05:56,686 - INFO -   T  
2024-08-15 14:05:56,686 - INFO -   r  
2024-08-15 14:05:56,686 - INFO -   u  
2024-08-15 14:05:56,686 - INFO -   e  
2024-08-15 14:05:56,686 - INFO -   
  
2024-08-15 14:05:56,686 - INFO -   [  
2024-08-15 14:05:56,686 - INFO -   b  
2024-08-15 14:05:56,686 - INFO -   o  
2024-08-15 14:05:56,686 - INFO -   l  
2024-08-15 14:05:56,686 - INFO -   d  
2024-08-15 14:05:56,686 - INFO -      
2024-08-15 14:05:56,686 - INFO -   g  
2024-08-15 14:05:56,686 - INFO -   r  
2024-08-15 14:05:56,686 - INFO -   e  
2024-08-15 14:05:56,686 - INFO -   e  
2024-08-15 14:05:56,686 - INFO -   n  
2024-08-15 14:05:56,686 - INFO -   ]  
2024-08-15 14:05:56,686 - INFO -   l  
2024-08-15 14:05:56,686 - INFO -   o  
2024-08-15 14:05:56,686 - INFO -   g  
2024-08-15 14:05:56,686 - INFO -   _  
2024-08-15 14:05:56,686 - INFO -   f  
2024-08-15 14:05:56,686 - INFO -   i  
2024-08-15 14:05:56,686 - INFO -   l  
2024-08-15 14:05:56,686 - INFO -   e  
2024-08-15 14:05:56,686 - INFO -   [  
2024-08-15 14:05:56,686 - INFO -   /  
2024-08-15 14:05:56,686 - INFO -   b  
2024-08-15 14:05:56,686 - INFO -   o  
2024-08-15 14:05:56,686 - INFO -   l  
2024-08-15 14:05:56,686 - INFO -   d  
2024-08-15 14:05:56,686 - INFO -      
2024-08-15 14:05:56,686 - INFO -   g  
2024-08-15 14:05:56,686 - INFO -   r  
2024-08-15 14:05:56,687 - INFO -   e  
2024-08-15 14:05:56,687 - INFO -   e  
2024-08-15 14:05:56,687 - INFO -   n  
2024-08-15 14:05:56,687 - INFO -   ]  
2024-08-15 14:05:56,687 - INFO -   :  
2024-08-15 14:05:56,687 - INFO -      
2024-08-15 14:05:56,687 - INFO -   /  
2024-08-15 14:05:56,687 - INFO -   m  
2024-08-15 14:05:56,687 - INFO -   n  
2024-08-15 14:05:56,687 - INFO -   t  
2024-08-15 14:05:56,687 - INFO -   /  
2024-08-15 14:05:56,687 - INFO -   d  
2024-08-15 14:05:56,687 - INFO -   i  
2024-08-15 14:05:56,687 - INFO -   s  
2024-08-15 14:05:56,687 - INFO -   k  
2024-08-15 14:05:56,687 - INFO -   s  
2024-08-15 14:05:56,687 - INFO -   /  
2024-08-15 14:05:56,687 - INFO -   b  
2024-08-15 14:05:56,687 - INFO -   i  
2024-08-15 14:05:56,687 - INFO -   g  
2024-08-15 14:05:56,687 - INFO -   -  
2024-08-15 14:05:56,687 - INFO -   r  
2024-08-15 14:05:56,687 - INFO -   e  
2024-08-15 14:05:56,687 - INFO -   s  
2024-08-15 14:05:56,687 - INFO -   u  
2024-08-15 14:05:56,687 - INFO -   l  
2024-08-15 14:05:56,687 - INFO -   t  
2024-08-15 14:05:56,687 - INFO -   s  
2024-08-15 14:05:56,687 - INFO -   /  
2024-08-15 14:05:56,687 - INFO -   p  
2024-08-15 14:05:56,687 - INFO -   a  
2024-08-15 14:05:56,687 - INFO -   r  
2024-08-15 14:05:56,687 - INFO -   s  
2024-08-15 14:05:56,687 - INFO -   e  
2024-08-15 14:05:56,687 - INFO -   d  
2024-08-15 14:05:56,687 - INFO -   _  
2024-08-15 14:05:56,687 - INFO -   h  
2024-08-15 14:05:56,688 - INFO -   o  
2024-08-15 14:05:56,688 - INFO -   m  
2024-08-15 14:05:56,688 - INFO -   o  
2024-08-15 14:05:56,688 - INFO -   l  
2024-08-15 14:05:56,688 - INFO -   o  
2024-08-15 14:05:56,688 - INFO -   g  
2024-08-15 14:05:56,688 - INFO -   y  
2024-08-15 14:05:56,688 - INFO -   _  
2024-08-15 14:05:56,688 - INFO -   g  
2024-08-15 14:05:56,688 - INFO -   e  
2024-08-15 14:05:56,688 - INFO -   m  
2024-08-15 14:05:56,688 - INFO -   i  
2024-08-15 14:05:56,688 - INFO -   n  
2024-08-15 14:05:56,688 - INFO -   i  
2024-08-15 14:05:56,688 - INFO -   /  
2024-08-15 14:05:56,688 - INFO -   h  
2024-08-15 14:05:56,688 - INFO -   o  
2024-08-15 14:05:56,688 - INFO -   m  
2024-08-15 14:05:56,688 - INFO -   o  
2024-08-15 14:05:56,688 - INFO -   l  
2024-08-15 14:05:56,688 - INFO -   o  
2024-08-15 14:05:56,688 - INFO -   g  
2024-08-15 14:05:56,688 - INFO -   y  
2024-08-15 14:05:56,688 - INFO -   _  
2024-08-15 14:05:56,688 - INFO -   a  
2024-08-15 14:05:56,688 - INFO -   n  
2024-08-15 14:05:56,688 - INFO -   a  
2024-08-15 14:05:56,688 - INFO -   l  
2024-08-15 14:05:56,688 - INFO -   y  
2024-08-15 14:05:56,688 - INFO -   s  
2024-08-15 14:05:56,688 - INFO -   i  
2024-08-15 14:05:56,688 - INFO -   s  
2024-08-15 14:05:56,688 - INFO -   .  
2024-08-15 14:05:56,688 - INFO -   l  
2024-08-15 14:05:56,688 - INFO -   o  
2024-08-15 14:05:56,689 - INFO -   g  
2024-08-15 14:05:56,689 - INFO -   
  
2024-08-15 14:05:56,689 - INFO -   [  
2024-08-15 14:05:56,689 - INFO -   b  
2024-08-15 14:05:56,689 - INFO -   o  
2024-08-15 14:05:56,689 - INFO -   l  
2024-08-15 14:05:56,689 - INFO -   d  
2024-08-15 14:05:56,689 - INFO -      
2024-08-15 14:05:56,689 - INFO -   g  
2024-08-15 14:05:56,689 - INFO -   r  
2024-08-15 14:05:56,689 - INFO -   e  
2024-08-15 14:05:56,689 - INFO -   e  
2024-08-15 14:05:56,689 - INFO -   n  
2024-08-15 14:05:56,689 - INFO -   ]  
2024-08-15 14:05:56,689 - INFO -   A  
2024-08-15 14:05:56,689 - INFO -   v  
2024-08-15 14:05:56,689 - INFO -   a  
2024-08-15 14:05:56,689 - INFO -   i  
2024-08-15 14:05:56,689 - INFO -   l  
2024-08-15 14:05:56,689 - INFO -   a  
2024-08-15 14:05:56,689 - INFO -   b  
2024-08-15 14:05:56,689 - INFO -   l  
2024-08-15 14:05:56,689 - INFO -   e  
2024-08-15 14:05:56,689 - INFO -      
2024-08-15 14:05:56,689 - INFO -   C  
2024-08-15 14:05:56,689 - INFO -   o  
2024-08-15 14:05:56,689 - INFO -   r  
2024-08-15 14:05:56,689 - INFO -   e  
2024-08-15 14:05:56,689 - INFO -   s  
2024-08-15 14:05:56,689 - INFO -   [  
2024-08-15 14:05:56,689 - INFO -   /  
2024-08-15 14:05:56,689 - INFO -   b  
2024-08-15 14:05:56,689 - INFO -   o  
2024-08-15 14:05:56,689 - INFO -   l  
2024-08-15 14:05:56,689 - INFO -   d  
2024-08-15 14:05:56,689 - INFO -      
2024-08-15 14:05:56,690 - INFO -   g  
2024-08-15 14:05:56,690 - INFO -   r  
2024-08-15 14:05:56,690 - INFO -   e  
2024-08-15 14:05:56,690 - INFO -   e  
2024-08-15 14:05:56,690 - INFO -   n  
2024-08-15 14:05:56,690 - INFO -   ]  
2024-08-15 14:05:56,690 - INFO -   :  
2024-08-15 14:05:56,690 - INFO -      
2024-08-15 14:05:56,690 - INFO -   6  
2024-08-15 14:05:56,690 - INFO -   4  
2024-08-15 14:05:56,690 - INFO -   
  
2024-08-15 14:05:56,695 - INFO - [yellow]Indexing all GenBank files...[/yellow]
2024-08-15 14:05:56,717 - INFO - [green]Successfully indexed 2943 GenBank files.[/green]
2024-08-15 14:05:56,718 - INFO - [yellow]Expected number of alignment files: 4329153[/yellow]
2024-08-15 14:05:56,718 - INFO - [yellow]Finding and processing alignment files...[/yellow]
2024-08-15 14:08:53,048 - INFO - Starting Homology Analysis
2024-08-15 14:08:53,048 - INFO - Using the aollowing arguments for this run
2024-08-15 14:08:53,048 - INFO -   [  
2024-08-15 14:08:53,048 - INFO -   b  
2024-08-15 14:08:53,048 - INFO -   o  
2024-08-15 14:08:53,048 - INFO -   l  
2024-08-15 14:08:53,048 - INFO -   d  
2024-08-15 14:08:53,048 - INFO -      
2024-08-15 14:08:53,048 - INFO -   g  
2024-08-15 14:08:53,048 - INFO -   r  
2024-08-15 14:08:53,048 - INFO -   e  
2024-08-15 14:08:53,048 - INFO -   e  
2024-08-15 14:08:53,048 - INFO -   n  
2024-08-15 14:08:53,048 - INFO -   ]  
2024-08-15 14:08:53,048 - INFO -   a  
2024-08-15 14:08:53,048 - INFO -   l  
2024-08-15 14:08:53,048 - INFO -   i  
2024-08-15 14:08:53,048 - INFO -   g  
2024-08-15 14:08:53,048 - INFO -   n  
2024-08-15 14:08:53,048 - INFO -   m  
2024-08-15 14:08:53,048 - INFO -   e  
2024-08-15 14:08:53,048 - INFO -   n  
2024-08-15 14:08:53,048 - INFO -   t  
2024-08-15 14:08:53,048 - INFO -   s  
2024-08-15 14:08:53,049 - INFO -   _  
2024-08-15 14:08:53,049 - INFO -   d  
2024-08-15 14:08:53,049 - INFO -   i  
2024-08-15 14:08:53,049 - INFO -   r  
2024-08-15 14:08:53,049 - INFO -   [  
2024-08-15 14:08:53,049 - INFO -   /  
2024-08-15 14:08:53,049 - INFO -   b  
2024-08-15 14:08:53,049 - INFO -   o  
2024-08-15 14:08:53,049 - INFO -   l  
2024-08-15 14:08:53,049 - INFO -   d  
2024-08-15 14:08:53,049 - INFO -      
2024-08-15 14:08:53,049 - INFO -   g  
2024-08-15 14:08:53,049 - INFO -   r  
2024-08-15 14:08:53,049 - INFO -   e  
2024-08-15 14:08:53,049 - INFO -   e  
2024-08-15 14:08:53,049 - INFO -   n  
2024-08-15 14:08:53,049 - INFO -   ]  
2024-08-15 14:08:53,049 - INFO -   :  
2024-08-15 14:08:53,049 - INFO -      
2024-08-15 14:08:53,049 - INFO -   /  
2024-08-15 14:08:53,049 - INFO -   m  
2024-08-15 14:08:53,049 - INFO -   n  
2024-08-15 14:08:53,049 - INFO -   t  
2024-08-15 14:08:53,049 - INFO -   /  
2024-08-15 14:08:53,049 - INFO -   d  
2024-08-15 14:08:53,049 - INFO -   i  
2024-08-15 14:08:53,049 - INFO -   s  
2024-08-15 14:08:53,049 - INFO -   k  
2024-08-15 14:08:53,049 - INFO -   s  
2024-08-15 14:08:53,049 - INFO -   /  
2024-08-15 14:08:53,049 - INFO -   b  
2024-08-15 14:08:53,049 - INFO -   i  
2024-08-15 14:08:53,049 - INFO -   g  
2024-08-15 14:08:53,049 - INFO -   -  
2024-08-15 14:08:53,049 - INFO -   r  
2024-08-15 14:08:53,050 - INFO -   e  
2024-08-15 14:08:53,050 - INFO -   s  
2024-08-15 14:08:53,050 - INFO -   u  
2024-08-15 14:08:53,050 - INFO -   l  
2024-08-15 14:08:53,050 - INFO -   t  
2024-08-15 14:08:53,050 - INFO -   s  
2024-08-15 14:08:53,050 - INFO -   /  
2024-08-15 14:08:53,050 - INFO -   a  
2024-08-15 14:08:53,050 - INFO -   s  
2024-08-15 14:08:53,050 - INFO -   m  
2024-08-15 14:08:53,050 - INFO -   s  
2024-08-15 14:08:53,050 - INFO -   _  
2024-08-15 14:08:53,050 - INFO -   a  
2024-08-15 14:08:53,050 - INFO -   l  
2024-08-15 14:08:53,050 - INFO -   l  
2024-08-15 14:08:53,050 - INFO -   _  
2024-08-15 14:08:53,050 - INFO -   v  
2024-08-15 14:08:53,050 - INFO -   _  
2024-08-15 14:08:53,050 - INFO -   a  
2024-08-15 14:08:53,050 - INFO -   l  
2024-08-15 14:08:53,050 - INFO -   l  
2024-08-15 14:08:53,050 - INFO -   /  
2024-08-15 14:08:53,050 - INFO -   h  
2024-08-15 14:08:53,050 - INFO -   o  
2024-08-15 14:08:53,050 - INFO -   m  
2024-08-15 14:08:53,050 - INFO -   o  
2024-08-15 14:08:53,050 - INFO -   l  
2024-08-15 14:08:53,050 - INFO -   o  
2024-08-15 14:08:53,050 - INFO -   g  
2024-08-15 14:08:53,050 - INFO -   y  
2024-08-15 14:08:53,050 - INFO -   
  
2024-08-15 14:08:53,050 - INFO -   [  
2024-08-15 14:08:53,050 - INFO -   b  
2024-08-15 14:08:53,050 - INFO -   o  
2024-08-15 14:08:53,050 - INFO -   l  
2024-08-15 14:08:53,050 - INFO -   d  
2024-08-15 14:08:53,051 - INFO -      
2024-08-15 14:08:53,051 - INFO -   g  
2024-08-15 14:08:53,051 - INFO -   r  
2024-08-15 14:08:53,051 - INFO -   e  
2024-08-15 14:08:53,051 - INFO -   e  
2024-08-15 14:08:53,051 - INFO -   n  
2024-08-15 14:08:53,051 - INFO -   ]  
2024-08-15 14:08:53,051 - INFO -   a  
2024-08-15 14:08:53,051 - INFO -   n  
2024-08-15 14:08:53,051 - INFO -   n  
2024-08-15 14:08:53,051 - INFO -   o  
2024-08-15 14:08:53,051 - INFO -   t  
2024-08-15 14:08:53,051 - INFO -   a  
2024-08-15 14:08:53,051 - INFO -   t  
2024-08-15 14:08:53,051 - INFO -   i  
2024-08-15 14:08:53,051 - INFO -   o  
2024-08-15 14:08:53,051 - INFO -   n  
2024-08-15 14:08:53,051 - INFO -   s  
2024-08-15 14:08:53,051 - INFO -   _  
2024-08-15 14:08:53,051 - INFO -   d  
2024-08-15 14:08:53,051 - INFO -   i  
2024-08-15 14:08:53,051 - INFO -   r  
2024-08-15 14:08:53,051 - INFO -   [  
2024-08-15 14:08:53,051 - INFO -   /  
2024-08-15 14:08:53,051 - INFO -   b  
2024-08-15 14:08:53,051 - INFO -   o  
2024-08-15 14:08:53,051 - INFO -   l  
2024-08-15 14:08:53,051 - INFO -   d  
2024-08-15 14:08:53,051 - INFO -      
2024-08-15 14:08:53,051 - INFO -   g  
2024-08-15 14:08:53,051 - INFO -   r  
2024-08-15 14:08:53,051 - INFO -   e  
2024-08-15 14:08:53,051 - INFO -   e  
2024-08-15 14:08:53,051 - INFO -   n  
2024-08-15 14:08:53,051 - INFO -   ]  
2024-08-15 14:08:53,051 - INFO -   :  
2024-08-15 14:08:53,052 - INFO -      
2024-08-15 14:08:53,052 - INFO -   a  
2024-08-15 14:08:53,052 - INFO -   s  
2024-08-15 14:08:53,052 - INFO -   m  
2024-08-15 14:08:53,052 - INFO -   _  
2024-08-15 14:08:53,052 - INFO -   g  
2024-08-15 14:08:53,052 - INFO -   e  
2024-08-15 14:08:53,052 - INFO -   n  
2024-08-15 14:08:53,052 - INFO -   b  
2024-08-15 14:08:53,052 - INFO -   a  
2024-08-15 14:08:53,052 - INFO -   n  
2024-08-15 14:08:53,052 - INFO -   k  
2024-08-15 14:08:53,052 - INFO -   s  
2024-08-15 14:08:53,052 - INFO -   
  
2024-08-15 14:08:53,052 - INFO -   [  
2024-08-15 14:08:53,052 - INFO -   b  
2024-08-15 14:08:53,052 - INFO -   o  
2024-08-15 14:08:53,052 - INFO -   l  
2024-08-15 14:08:53,052 - INFO -   d  
2024-08-15 14:08:53,052 - INFO -      
2024-08-15 14:08:53,052 - INFO -   g  
2024-08-15 14:08:53,052 - INFO -   r  
2024-08-15 14:08:53,052 - INFO -   e  
2024-08-15 14:08:53,052 - INFO -   e  
2024-08-15 14:08:53,052 - INFO -   n  
2024-08-15 14:08:53,052 - INFO -   ]  
2024-08-15 14:08:53,052 - INFO -   o  
2024-08-15 14:08:53,052 - INFO -   u  
2024-08-15 14:08:53,052 - INFO -   t  
2024-08-15 14:08:53,052 - INFO -   p  
2024-08-15 14:08:53,052 - INFO -   u  
2024-08-15 14:08:53,052 - INFO -   t  
2024-08-15 14:08:53,052 - INFO -   _  
2024-08-15 14:08:53,052 - INFO -   d  
2024-08-15 14:08:53,052 - INFO -   i  
2024-08-15 14:08:53,053 - INFO -   r  
2024-08-15 14:08:53,053 - INFO -   [  
2024-08-15 14:08:53,053 - INFO -   /  
2024-08-15 14:08:53,053 - INFO -   b  
2024-08-15 14:08:53,053 - INFO -   o  
2024-08-15 14:08:53,053 - INFO -   l  
2024-08-15 14:08:53,053 - INFO -   d  
2024-08-15 14:08:53,053 - INFO -      
2024-08-15 14:08:53,053 - INFO -   g  
2024-08-15 14:08:53,053 - INFO -   r  
2024-08-15 14:08:53,053 - INFO -   e  
2024-08-15 14:08:53,053 - INFO -   e  
2024-08-15 14:08:53,053 - INFO -   n  
2024-08-15 14:08:53,053 - INFO -   ]  
2024-08-15 14:08:53,053 - INFO -   :  
2024-08-15 14:08:53,053 - INFO -      
2024-08-15 14:08:53,053 - INFO -   /  
2024-08-15 14:08:53,053 - INFO -   m  
2024-08-15 14:08:53,053 - INFO -   n  
2024-08-15 14:08:53,053 - INFO -   t  
2024-08-15 14:08:53,053 - INFO -   /  
2024-08-15 14:08:53,053 - INFO -   d  
2024-08-15 14:08:53,053 - INFO -   i  
2024-08-15 14:08:53,053 - INFO -   s  
2024-08-15 14:08:53,053 - INFO -   k  
2024-08-15 14:08:53,053 - INFO -   s  
2024-08-15 14:08:53,053 - INFO -   /  
2024-08-15 14:08:53,053 - INFO -   b  
2024-08-15 14:08:53,053 - INFO -   i  
2024-08-15 14:08:53,053 - INFO -   g  
2024-08-15 14:08:53,053 - INFO -   -  
2024-08-15 14:08:53,053 - INFO -   r  
2024-08-15 14:08:53,053 - INFO -   e  
2024-08-15 14:08:53,053 - INFO -   s  
2024-08-15 14:08:53,053 - INFO -   u  
2024-08-15 14:08:53,053 - INFO -   l  
2024-08-15 14:08:53,053 - INFO -   t  
2024-08-15 14:08:53,054 - INFO -   s  
2024-08-15 14:08:53,054 - INFO -   /  
2024-08-15 14:08:53,054 - INFO -   p  
2024-08-15 14:08:53,054 - INFO -   a  
2024-08-15 14:08:53,054 - INFO -   r  
2024-08-15 14:08:53,054 - INFO -   s  
2024-08-15 14:08:53,054 - INFO -   e  
2024-08-15 14:08:53,054 - INFO -   d  
2024-08-15 14:08:53,054 - INFO -   _  
2024-08-15 14:08:53,054 - INFO -   h  
2024-08-15 14:08:53,054 - INFO -   o  
2024-08-15 14:08:53,054 - INFO -   m  
2024-08-15 14:08:53,054 - INFO -   o  
2024-08-15 14:08:53,054 - INFO -   l  
2024-08-15 14:08:53,054 - INFO -   o  
2024-08-15 14:08:53,054 - INFO -   g  
2024-08-15 14:08:53,054 - INFO -   y  
2024-08-15 14:08:53,054 - INFO -   _  
2024-08-15 14:08:53,054 - INFO -   g  
2024-08-15 14:08:53,054 - INFO -   e  
2024-08-15 14:08:53,054 - INFO -   m  
2024-08-15 14:08:53,054 - INFO -   i  
2024-08-15 14:08:53,054 - INFO -   n  
2024-08-15 14:08:53,054 - INFO -   i  
2024-08-15 14:08:53,054 - INFO -   
  
2024-08-15 14:08:53,054 - INFO -   [  
2024-08-15 14:08:53,054 - INFO -   b  
2024-08-15 14:08:53,054 - INFO -   o  
2024-08-15 14:08:53,054 - INFO -   l  
2024-08-15 14:08:53,054 - INFO -   d  
2024-08-15 14:08:53,054 - INFO -      
2024-08-15 14:08:53,054 - INFO -   g  
2024-08-15 14:08:53,054 - INFO -   r  
2024-08-15 14:08:53,054 - INFO -   e  
2024-08-15 14:08:53,054 - INFO -   e  
2024-08-15 14:08:53,054 - INFO -   n  
2024-08-15 14:08:53,055 - INFO -   ]  
2024-08-15 14:08:53,055 - INFO -   c  
2024-08-15 14:08:53,055 - INFO -   o  
2024-08-15 14:08:53,055 - INFO -   r  
2024-08-15 14:08:53,055 - INFO -   e  
2024-08-15 14:08:53,055 - INFO -   s  
2024-08-15 14:08:53,055 - INFO -   [  
2024-08-15 14:08:53,055 - INFO -   /  
2024-08-15 14:08:53,055 - INFO -   b  
2024-08-15 14:08:53,055 - INFO -   o  
2024-08-15 14:08:53,055 - INFO -   l  
2024-08-15 14:08:53,055 - INFO -   d  
2024-08-15 14:08:53,055 - INFO -      
2024-08-15 14:08:53,055 - INFO -   g  
2024-08-15 14:08:53,055 - INFO -   r  
2024-08-15 14:08:53,055 - INFO -   e  
2024-08-15 14:08:53,055 - INFO -   e  
2024-08-15 14:08:53,055 - INFO -   n  
2024-08-15 14:08:53,055 - INFO -   ]  
2024-08-15 14:08:53,055 - INFO -   :  
2024-08-15 14:08:53,055 - INFO -      
2024-08-15 14:08:53,055 - INFO -   6  
2024-08-15 14:08:53,055 - INFO -   2  
2024-08-15 14:08:53,055 - INFO -   
  
2024-08-15 14:08:53,055 - INFO -   [  
2024-08-15 14:08:53,055 - INFO -   b  
2024-08-15 14:08:53,055 - INFO -   o  
2024-08-15 14:08:53,055 - INFO -   l  
2024-08-15 14:08:53,055 - INFO -   d  
2024-08-15 14:08:53,055 - INFO -      
2024-08-15 14:08:53,055 - INFO -   g  
2024-08-15 14:08:53,055 - INFO -   r  
2024-08-15 14:08:53,055 - INFO -   e  
2024-08-15 14:08:53,055 - INFO -   e  
2024-08-15 14:08:53,055 - INFO -   n  
2024-08-15 14:08:53,055 - INFO -   ]  
2024-08-15 14:08:53,055 - INFO -   d  
2024-08-15 14:08:53,056 - INFO -   a  
2024-08-15 14:08:53,056 - INFO -   l  
2024-08-15 14:08:53,056 - INFO -   e  
2024-08-15 14:08:53,056 - INFO -   [  
2024-08-15 14:08:53,056 - INFO -   /  
2024-08-15 14:08:53,056 - INFO -   b  
2024-08-15 14:08:53,056 - INFO -   o  
2024-08-15 14:08:53,056 - INFO -   l  
2024-08-15 14:08:53,056 - INFO -   d  
2024-08-15 14:08:53,056 - INFO -      
2024-08-15 14:08:53,056 - INFO -   g  
2024-08-15 14:08:53,056 - INFO -   r  
2024-08-15 14:08:53,056 - INFO -   e  
2024-08-15 14:08:53,056 - INFO -   e  
2024-08-15 14:08:53,056 - INFO -   n  
2024-08-15 14:08:53,056 - INFO -   ]  
2024-08-15 14:08:53,056 - INFO -   :  
2024-08-15 14:08:53,056 - INFO -      
2024-08-15 14:08:53,056 - INFO -   T  
2024-08-15 14:08:53,056 - INFO -   r  
2024-08-15 14:08:53,056 - INFO -   u  
2024-08-15 14:08:53,056 - INFO -   e  
2024-08-15 14:08:53,056 - INFO -   
  
2024-08-15 14:08:53,056 - INFO -   [  
2024-08-15 14:08:53,056 - INFO -   b  
2024-08-15 14:08:53,056 - INFO -   o  
2024-08-15 14:08:53,056 - INFO -   l  
2024-08-15 14:08:53,056 - INFO -   d  
2024-08-15 14:08:53,056 - INFO -      
2024-08-15 14:08:53,056 - INFO -   g  
2024-08-15 14:08:53,056 - INFO -   r  
2024-08-15 14:08:53,056 - INFO -   e  
2024-08-15 14:08:53,056 - INFO -   e  
2024-08-15 14:08:53,056 - INFO -   n  
2024-08-15 14:08:53,056 - INFO -   ]  
2024-08-15 14:08:53,057 - INFO -   l  
2024-08-15 14:08:53,057 - INFO -   o  
2024-08-15 14:08:53,057 - INFO -   g  
2024-08-15 14:08:53,057 - INFO -   _  
2024-08-15 14:08:53,057 - INFO -   f  
2024-08-15 14:08:53,057 - INFO -   i  
2024-08-15 14:08:53,057 - INFO -   l  
2024-08-15 14:08:53,057 - INFO -   e  
2024-08-15 14:08:53,057 - INFO -   [  
2024-08-15 14:08:53,057 - INFO -   /  
2024-08-15 14:08:53,057 - INFO -   b  
2024-08-15 14:08:53,057 - INFO -   o  
2024-08-15 14:08:53,057 - INFO -   l  
2024-08-15 14:08:53,057 - INFO -   d  
2024-08-15 14:08:53,057 - INFO -      
2024-08-15 14:08:53,057 - INFO -   g  
2024-08-15 14:08:53,057 - INFO -   r  
2024-08-15 14:08:53,057 - INFO -   e  
2024-08-15 14:08:53,057 - INFO -   e  
2024-08-15 14:08:53,057 - INFO -   n  
2024-08-15 14:08:53,057 - INFO -   ]  
2024-08-15 14:08:53,057 - INFO -   :  
2024-08-15 14:08:53,057 - INFO -      
2024-08-15 14:08:53,057 - INFO -   /  
2024-08-15 14:08:53,057 - INFO -   m  
2024-08-15 14:08:53,057 - INFO -   n  
2024-08-15 14:08:53,057 - INFO -   t  
2024-08-15 14:08:53,057 - INFO -   /  
2024-08-15 14:08:53,057 - INFO -   d  
2024-08-15 14:08:53,057 - INFO -   i  
2024-08-15 14:08:53,057 - INFO -   s  
2024-08-15 14:08:53,057 - INFO -   k  
2024-08-15 14:08:53,057 - INFO -   s  
2024-08-15 14:08:53,057 - INFO -   /  
2024-08-15 14:08:53,057 - INFO -   b  
2024-08-15 14:08:53,057 - INFO -   i  
2024-08-15 14:08:53,057 - INFO -   g  
2024-08-15 14:08:53,058 - INFO -   -  
2024-08-15 14:08:53,058 - INFO -   r  
2024-08-15 14:08:53,058 - INFO -   e  
2024-08-15 14:08:53,058 - INFO -   s  
2024-08-15 14:08:53,058 - INFO -   u  
2024-08-15 14:08:53,058 - INFO -   l  
2024-08-15 14:08:53,058 - INFO -   t  
2024-08-15 14:08:53,058 - INFO -   s  
2024-08-15 14:08:53,058 - INFO -   /  
2024-08-15 14:08:53,058 - INFO -   p  
2024-08-15 14:08:53,058 - INFO -   a  
2024-08-15 14:08:53,058 - INFO -   r  
2024-08-15 14:08:53,058 - INFO -   s  
2024-08-15 14:08:53,058 - INFO -   e  
2024-08-15 14:08:53,058 - INFO -   d  
2024-08-15 14:08:53,058 - INFO -   _  
2024-08-15 14:08:53,058 - INFO -   h  
2024-08-15 14:08:53,058 - INFO -   o  
2024-08-15 14:08:53,058 - INFO -   m  
2024-08-15 14:08:53,058 - INFO -   o  
2024-08-15 14:08:53,058 - INFO -   l  
2024-08-15 14:08:53,058 - INFO -   o  
2024-08-15 14:08:53,058 - INFO -   g  
2024-08-15 14:08:53,058 - INFO -   y  
2024-08-15 14:08:53,058 - INFO -   _  
2024-08-15 14:08:53,058 - INFO -   g  
2024-08-15 14:08:53,058 - INFO -   e  
2024-08-15 14:08:53,058 - INFO -   m  
2024-08-15 14:08:53,058 - INFO -   i  
2024-08-15 14:08:53,058 - INFO -   n  
2024-08-15 14:08:53,058 - INFO -   i  
2024-08-15 14:08:53,058 - INFO -   /  
2024-08-15 14:08:53,058 - INFO -   h  
2024-08-15 14:08:53,058 - INFO -   o  
2024-08-15 14:08:53,058 - INFO -   m  
2024-08-15 14:08:53,058 - INFO -   o  
2024-08-15 14:08:53,059 - INFO -   l  
2024-08-15 14:08:53,059 - INFO -   o  
2024-08-15 14:08:53,059 - INFO -   g  
2024-08-15 14:08:53,059 - INFO -   y  
2024-08-15 14:08:53,059 - INFO -   _  
2024-08-15 14:08:53,059 - INFO -   a  
2024-08-15 14:08:53,059 - INFO -   n  
2024-08-15 14:08:53,059 - INFO -   a  
2024-08-15 14:08:53,059 - INFO -   l  
2024-08-15 14:08:53,059 - INFO -   y  
2024-08-15 14:08:53,059 - INFO -   s  
2024-08-15 14:08:53,059 - INFO -   i  
2024-08-15 14:08:53,059 - INFO -   s  
2024-08-15 14:08:53,059 - INFO -   .  
2024-08-15 14:08:53,059 - INFO -   l  
2024-08-15 14:08:53,059 - INFO -   o  
2024-08-15 14:08:53,059 - INFO -   g  
2024-08-15 14:08:53,059 - INFO -   
  
2024-08-15 14:08:53,059 - INFO -   [  
2024-08-15 14:08:53,059 - INFO -   b  
2024-08-15 14:08:53,059 - INFO -   o  
2024-08-15 14:08:53,059 - INFO -   l  
2024-08-15 14:08:53,059 - INFO -   d  
2024-08-15 14:08:53,059 - INFO -      
2024-08-15 14:08:53,059 - INFO -   g  
2024-08-15 14:08:53,059 - INFO -   r  
2024-08-15 14:08:53,059 - INFO -   e  
2024-08-15 14:08:53,059 - INFO -   e  
2024-08-15 14:08:53,059 - INFO -   n  
2024-08-15 14:08:53,059 - INFO -   ]  
2024-08-15 14:08:53,059 - INFO -   A  
2024-08-15 14:08:53,059 - INFO -   v  
2024-08-15 14:08:53,059 - INFO -   a  
2024-08-15 14:08:53,059 - INFO -   i  
2024-08-15 14:08:53,059 - INFO -   l  
2024-08-15 14:08:53,059 - INFO -   a  
2024-08-15 14:08:53,059 - INFO -   b  
2024-08-15 14:08:53,060 - INFO -   l  
2024-08-15 14:08:53,060 - INFO -   e  
2024-08-15 14:08:53,060 - INFO -      
2024-08-15 14:08:53,060 - INFO -   C  
2024-08-15 14:08:53,060 - INFO -   o  
2024-08-15 14:08:53,060 - INFO -   r  
2024-08-15 14:08:53,060 - INFO -   e  
2024-08-15 14:08:53,060 - INFO -   s  
2024-08-15 14:08:53,060 - INFO -   [  
2024-08-15 14:08:53,060 - INFO -   /  
2024-08-15 14:08:53,060 - INFO -   b  
2024-08-15 14:08:53,060 - INFO -   o  
2024-08-15 14:08:53,060 - INFO -   l  
2024-08-15 14:08:53,060 - INFO -   d  
2024-08-15 14:08:53,060 - INFO -      
2024-08-15 14:08:53,060 - INFO -   g  
2024-08-15 14:08:53,060 - INFO -   r  
2024-08-15 14:08:53,060 - INFO -   e  
2024-08-15 14:08:53,060 - INFO -   e  
2024-08-15 14:08:53,060 - INFO -   n  
2024-08-15 14:08:53,060 - INFO -   ]  
2024-08-15 14:08:53,060 - INFO -   :  
2024-08-15 14:08:53,060 - INFO -      
2024-08-15 14:08:53,060 - INFO -   6  
2024-08-15 14:08:53,060 - INFO -   4  
2024-08-15 14:08:53,060 - INFO -   
  
2024-08-15 14:08:53,066 - INFO - [yellow]Indexing all GenBank files...[/yellow]
2024-08-15 14:08:53,076 - INFO - [green]Successfully indexed 2943 GenBank files.[/green]
2024-08-15 14:08:53,077 - INFO - [yellow]Expected number of alignment files: 4329153[/yellow]
2024-08-15 14:08:53,077 - INFO - [yellow]Finding and processing alignment files...[/yellow]
2024-08-15 14:08:53,077 - INFO - Beginning parallel retrieval and processing
2024-08-15 14:08:53,079 - INFO - Beginning directory walk to find our results!
2024-08-15 14:09:35,651 - INFO - [bold green]alignments_dir[/bold green]: /mnt/disks/big-results/asms_all_v_all/homology
[bold green]annotations_dir[/bold green]: asm_genbanks
[bold green]output_dir[/bold green]: /mnt/disks/big-results/parsed_homology_gemini
[bold green]cores[/bold green]: 62
[bold green]dale[/bold green]: True
[bold green]log_file[/bold green]: /mnt/disks/big-results/parsed_homology_gemini/homology_analysis.log
[bold green]Available Cores[/bold green]: 64

2024-08-15 14:09:35,651 - INFO - Starting Homology Analysis
2024-08-15 14:09:35,652 - INFO - Using the aollowing arguments for this run
2024-08-15 14:09:35,657 - INFO - [yellow]Indexing all GenBank files...[/yellow]
2024-08-15 14:09:35,667 - INFO - [green]Successfully indexed 2943 GenBank files.[/green]
2024-08-15 14:09:35,668 - INFO - [yellow]Expected number of alignment files: 4329153[/yellow]
2024-08-15 14:09:35,668 - INFO - [yellow]Finding and processing alignment files...[/yellow]
2024-08-15 14:09:35,668 - INFO - Beginning parallel retrieval and processing
2024-08-15 14:09:35,669 - INFO - Beginning directory walk to find our results!
