Aligning contigs to reference...
	Aligning contigs to the reference
Filtering alignments...
Parsing coords...
Loading reference...
	Loaded [NC_001853.1]
	Loaded [NC_000949.1]
	Loaded [NC_001855.1]
	Loaded [NC_001318.1]
	Loaded [NC_001854.1]
	Loaded [NC_001904.1]
	Loaded [NC_000948.1]
	Loaded [NC_001857.2]
	Loaded [NC_001856.1]
	Loaded [NC_000951.1]
	Loaded [NC_000950.1]
	Loaded [NC_001850.1]
	Loaded [NC_000956.1]
	Loaded [NC_001903.1]
	Loaded [NC_001851.2]
	Loaded [NC_001852.1]
	Loaded [NC_000957.1]
	Loaded [NC_000954.1]
	Loaded [NC_000955.2]
	Loaded [NC_001849.2]
	Loaded [NC_000953.1]
	Loaded [NC_000952.1]
	Total Regions: 22
	Total Region Length: 1521208
Analyzing contigs...
CONTIG: CP152378.1 (919990bp)
Best alignment score: 899668.5 (LEN: 904644, IDY: 99.45), Total number of alignments: 14
			Looking for the best set of alignments (out of 14 total alignments)
		This contig has several significant sets of alignments. [An ambiguously mapped contig]
		Using only the very best set (option --ambiguity-usage is set to "one").
			The best set is below. Score: 911422.7, number of alignments: 14, unaligned bases: 3008
		This contig is misassembled.
		This contig is partially unaligned. (Aligned 916982 out of 919990 non-N bases (99.67%))
			Real Alignment 1: 43 905067 | 13 904656 | 905025 904644 | 99.45 | NC_001318.1 CP152378.1
			  Gap between these two alignments (local misassembly). Inconsistency = 264
			Excluding internal overlap of size 2 between Alignment 2 and 3: 905332 906146 | 904657 905471 | 815 815 --> 905332 906144 | 904657 905469 | 813 813
			Real Alignment 2: 905332 906144 | 904657 905469 | 813 813 | 99.51 | NC_001318.1 CP152378.1
			  Extensive misassembly (translocation) between these two alignments
			Real Alignment 3: 2438 3671 | 905470 906703 | 1234 1234 | 99.84 | NC_000955.2 CP152378.1
			  Indel (> 5bp) between these two alignments: deletion of length 185; 0 mismatches (number of Ns: 0)
			Real Alignment 4: 3858 4170 | 906705 907017 | 313 313 | 95.85 | NC_000955.2 CP152378.1
			  Indel (> 5bp) between these two alignments: deletion of length 59; 0 mismatches (number of Ns: 0)
			Real Alignment 5: 4230 4561 | 907018 907351 | 332 334 | 95.51 | NC_000955.2 CP152378.1
			  Indel (> 5bp) between these two alignments: deletion of length 63; 0 mismatches (number of Ns: 0)
			Real Alignment 6: 4625 4887 | 907352 907614 | 263 263 | 97.34 | NC_000955.2 CP152378.1
			  Indel (> 5bp) between these two alignments: deletion of length 189; 0 mismatches (number of Ns: 0)
			Real Alignment 7: 5077 5574 | 907615 908114 | 498 500 | 95.6 | NC_000955.2 CP152378.1
			  Gap between these two alignments (local misassembly). Inconsistency = 252
			Real Alignment 8: 5827 6166 | 908115 908456 | 340 342 | 97.95 | NC_000955.2 CP152378.1
			  Indel (> 5bp) between these two alignments: deletion of length 63; 0 mismatches (number of Ns: 0)
			Real Alignment 9: 6230 6578 | 908457 908807 | 349 351 | 97.44 | NC_000955.2 CP152378.1
			  Indel (> 5bp) between these two alignments: deletion of length 63; 0 mismatches (number of Ns: 0)
			Real Alignment 10: 6642 8656 | 908808 910818 | 2015 2011 | 95.48 | NC_000955.2 CP152378.1
			  Gap between these two alignments (local misassembly). Inconsistency = 257
			Real Alignment 11: 11160 11420 | 913065 913324 | 261 260 | 98.08 | NC_000955.2 CP152378.1
			  Gap between these two alignments (local misassembly). Inconsistency = 500
			Real Alignment 12: 11921 12971 | 913325 914377 | 1051 1053 | 97.82 | NC_000955.2 CP152378.1
			  Indel (> 5bp) between these two alignments: deletion of length 65; 0 mismatches (number of Ns: 0)
			Real Alignment 13: 13037 13305 | 914378 914646 | 269 269 | 96.65 | NC_000955.2 CP152378.1
			  Gap between these two alignments (local misassembly). Inconsistency = 130
			Real Alignment 14: 14182 18775 | 915393 919987 | 4594 4595 | 99.37 | NC_000955.2 CP152378.1
		Unaligned bases: 3008

CONTIG: CP152379.1 (26514bp)
Best alignment score: 26021.2 (LEN: 26509, IDY: 98.16), Total number of alignments: 1
		One align captures most of this contig: 4 26496 | 4 26512 | 26493 26509 | 98.16 | NC_001903.1 CP152379.1

Analyzing coverage...
Writing SNPs into /home/mf019/longread_pangenome/expanded_dataset_analysis/reports/quast/GCA_038801875.1_ASM3880187v1_genomic/contigs_reports/minimap_output/GCA_038801875-1_ASM3880187v1_genomic.used_snps

Analysis is finished!
Founded SNPs were written into /home/mf019/longread_pangenome/expanded_dataset_analysis/reports/quast/GCA_038801875.1_ASM3880187v1_genomic/contigs_reports/minimap_output/GCA_038801875-1_ASM3880187v1_genomic.used_snps

Results:
	Local Misassemblies: 5
	Misassemblies: 1
		Relocations: 0
		Translocations: 1
		Inversions: 0
	Scaffold gap extensive misassemblies: 0
	Scaffold gap local misassemblies: 0
	Misassembled Contigs: 1
	Misassembled Contig Bases: 919990
	Misassemblies Inter-Contig Overlap ("Extra" Aligned Bases): 0
Unaligned Contigs: 0 + 1 part
Half Unaligned Contigs with Misassemblies: 0
Unaligned Bases in Fully and Partially Unaligned Contigs: 3008

Ambiguously Mapped Contigs: 1
Total Bases in Ambiguously Mapped Contigs: 919990
"Extra" Aligned Bases in Ambiguously Mapped Contigs: 0
Note that --allow-ambiguity option was set to "one" and only first alignment per each of these contigs was used (there is no "extra" aligned bases).

	Covered Bases in Reference: 943807
	Raw Aligned Bases in Assembly: 943489
	Total Aligned Bases in Assembly (with "Extras"): 943489

	SNPs: 4931
	Insertions: 227
	Deletions: 1273

