Bakta v1.10.0
Options and arguments:
	input: /home/mf019/longread_pangenome/expanded_dataset_analysis/results/v5_filtered_sp/roary_v5_filtered_sp/pan_genome_reference.fa
	db: /db, version 5.1, full
	translation table: 11
	taxon: Borrelia burgdorferi sensu-stricto
	gram: -
	output: /home/mf019/longread_pangenome/expanded_dataset_analysis/results/v5_filtered_sp/bakta_v5_filtered_sp
	force: True
	tmp directory: /tmp/tmphi2su2kt
	keep/sequence headers: True
	prefix: roary_pangenome_v5_filtered_sp
	threads: 64
	skip plot: True

Parse genome sequences...
	imported: 4673
	filtered & revised: 4673
	chromosomes: 1
	plasmids: 5
	contigs: 4667

Start annotation...
predict tRNAs...
	found: 0
predict tmRNAs...
	found: 0
predict rRNAs...
	found: 0
predict ncRNAs...
	found: 0
predict ncRNA regions...
	found: 0
predict CRISPR arrays...
	found: 0
predict & annotate CDSs...
	predicted: 4137 
	discarded spurious: 0
	revised translational exceptions: 0
	detected IPSs: 3231
	found PSCs: 533
	found PSCCs: 266
	lookup annotations...
	conduct expert systems...
		amrfinder: 0
		protein sequences: 59
	combine annotations and mark hypotheticals...
	detect pseudogenes...
		candidates: 84
		verified: 17
	analyze hypothetical proteins: 276
		detected Pfam hits: 29 
		calculated proteins statistics
	revise special cases...
detect & annotate sORF...
	detected: 41355
	discarded due to overlaps: 40236
	discarded spurious: 0
	detected IPSs: 0
	found PSCs: 0
	lookup annotations...
	filter and combine annotations...
	filtered sORFs: 0
detect gaps...
	found: 1
detect oriCs/oriVs...
	found: 0
detect oriTs...
	found: 0
apply feature overlap filters...
select features and create locus tags...
	selected: 4138
improve annotations...
	revised gene symbols: 6

Genome statistics:
	Genome size: 3,347,826 bp
	Contigs/replicons: 4673
	GC: 30.3 %
	N50: 876
	N ratio: 0.0 %
	coding density: 96.3 %

annotation summary:
	tRNAs: 0
	tmRNAs: 0
	rRNAs: 0
	ncRNAs: 0
	ncRNA regions: 0
	CRISPR arrays: 0
	CDSs: 4137
		hypotheticals: 276
		pseudogenes: 17
	sORFs: 0
	gaps: 1
	oriCs/oriVs: 0
	oriTs: 0

Export annotation results to: /home/mf019/longread_pangenome/expanded_dataset_analysis/results/v5_filtered_sp/bakta_v5_filtered_sp
	human readable TSV...
	GFF3...
	INSDC GenBank & EMBL...
	genome sequences...
	feature nucleotide sequences...
	translated CDS sequences...
	feature inferences...
	skip generation of circular genome plot...
	hypothetical TSV...
	translated hypothetical CDS sequences...
	machine readable JSON...
	Genome and annotation summary...

If you use these results please cite Bakta: https://doi.org/10.1099/mgen.0.000685
Annotation successfully finished in 29:22 [mm:ss].
