Bakta v1.10.0
Options and arguments:
	input: /home/mf019/longread_pangenome/expanded_dataset_analysis/results/v7_filtered_sp/roary_v7_filtered_sp/pan_genome_reference.fa
	db: /db, version 5.1, full
	translation table: 11
	taxon: Borrelia burgdorferi sensu-stricto
	gram: -
	output: /home/mf019/longread_pangenome/expanded_dataset_analysis/results/v7_filtered_sp/bakta_v7_filtered_sp
	force: True
	tmp directory: /tmp/tmp_tw3nnux
	keep/sequence headers: True
	prefix: roary_pangenome_v7_filtered_sp
	threads: 359
	skip plot: True

Parse genome sequences...
	imported: 2097
	filtered & revised: 2097
	chromosomes: 1
	plasmids: 5
	contigs: 2091

Start annotation...
predict tRNAs...
	found: 0
predict tmRNAs...
	found: 0
predict rRNAs...
	found: 0
predict ncRNAs...
	found: 0
predict ncRNA regions...
	found: 1
predict CRISPR arrays...
	found: 0
predict & annotate CDSs...
	predicted: 1813 
	discarded spurious: 0
	revised translational exceptions: 0
	detected IPSs: 1472
	found PSCs: 196
	found PSCCs: 103
	lookup annotations...
	conduct expert systems...
		amrfinder: 1
		protein sequences: 51
	combine annotations and mark hypotheticals...
	detect pseudogenes...
		candidates: 25
		verified: 3
	analyze hypothetical proteins: 129
		detected Pfam hits: 13 
		calculated proteins statistics
	revise special cases...
detect & annotate sORF...
	detected: 20770
	discarded due to overlaps: 20154
	discarded spurious: 0
	detected IPSs: 1
	found PSCs: 0
	lookup annotations...
	filter and combine annotations...
	filtered sORFs: 1
detect gaps...
	found: 0
detect oriCs/oriVs...
	found: 0
detect oriTs...
	found: 0
apply feature overlap filters...
select features and create locus tags...
	selected: 1815
improve annotations...
	revised gene symbols: 6

Genome statistics:
	Genome size: 1,670,100 bp
	Contigs/replicons: 2097
	GC: 30.1 %
	N50: 1,008
	N ratio: 0.0 %
	coding density: 96.0 %

annotation summary:
	tRNAs: 0
	tmRNAs: 0
	rRNAs: 0
	ncRNAs: 0
	ncRNA regions: 1
	CRISPR arrays: 0
	CDSs: 1813
		hypotheticals: 129
		pseudogenes: 3
	sORFs: 1
	gaps: 0
	oriCs/oriVs: 0
	oriTs: 0

Export annotation results to: /home/mf019/longread_pangenome/expanded_dataset_analysis/results/v7_filtered_sp/bakta_v7_filtered_sp
	human readable TSV...
	GFF3...
	INSDC GenBank & EMBL...
	genome sequences...
	feature nucleotide sequences...
	translated CDS sequences...
	feature inferences...
	skip generation of circular genome plot...
	hypothetical TSV...
	translated hypothetical CDS sequences...
	machine readable JSON...
	Genome and annotation summary...

If you use these results please cite Bakta: https://doi.org/10.1099/mgen.0.000685
Annotation successfully finished in 58:26 [mm:ss].
