Bakta v1.10.0
Options and arguments:
	input: /home/mf019/longread_pangenome/expanded_dataset_analysis/results/v8_filtered_nsp/roary_v8_filtered_nsp/pan_genome_reference.fa
	db: /db, version 5.1, full
	translation table: 11
	taxon: Borrelia burgdorferi sensu-stricto
	gram: -
	output: /home/mf019/longread_pangenome/expanded_dataset_analysis/results/v8_filtered_nsp/bakta_v8_filtered_nsp
	force: True
	tmp directory: /tmp/tmpn3eengfc
	keep/sequence headers: True
	prefix: roary_pangenome_v8_filtered_nsp
	threads: 31
	skip plot: True

Parse genome sequences...
	imported: 4505
	filtered & revised: 4505
	chromosomes: 1
	plasmids: 5
	contigs: 4499

Start annotation...
predict tRNAs...
	found: 0
predict tmRNAs...
	found: 0
predict rRNAs...
	found: 0
predict ncRNAs...
	found: 0
predict ncRNA regions...
	found: 1
predict CRISPR arrays...
	found: 0
predict & annotate CDSs...
	predicted: 3968 
	discarded spurious: 0
	revised translational exceptions: 0
	detected IPSs: 3015
	found PSCs: 575
	found PSCCs: 259
	lookup annotations...
	conduct expert systems...
		amrfinder: 1
		protein sequences: 56
	combine annotations and mark hypotheticals...
	detect pseudogenes...
		candidates: 104
		verified: 18
	analyze hypothetical proteins: 287
		detected Pfam hits: 23 
		calculated proteins statistics
	revise special cases...
detect & annotate sORF...
	detected: 39955
	discarded due to overlaps: 38839
	discarded spurious: 0
	detected IPSs: 1
	found PSCs: 0
	lookup annotations...
	filter and combine annotations...
	filtered sORFs: 1
detect gaps...
	found: 5
detect oriCs/oriVs...
	found: 0
detect oriTs...
	found: 0
apply feature overlap filters...
select features and create locus tags...
	selected: 3975
improve annotations...
	revised gene symbols: 6

Genome statistics:
	Genome size: 3,221,823 bp
	Contigs/replicons: 4505
	GC: 30.1 %
	N50: 879
	N ratio: 0.0 %
	coding density: 96.2 %

annotation summary:
	tRNAs: 0
	tmRNAs: 0
	rRNAs: 0
	ncRNAs: 0
	ncRNA regions: 1
	CRISPR arrays: 0
	CDSs: 3968
		hypotheticals: 287
		pseudogenes: 18
	sORFs: 1
	gaps: 5
	oriCs/oriVs: 0
	oriTs: 0

Export annotation results to: /home/mf019/longread_pangenome/expanded_dataset_analysis/results/v8_filtered_nsp/bakta_v8_filtered_nsp
	human readable TSV...
	GFF3...
	INSDC GenBank & EMBL...
	genome sequences...
	feature nucleotide sequences...
	translated CDS sequences...
	feature inferences...
	skip generation of circular genome plot...
	hypothetical TSV...
	translated hypothetical CDS sequences...
	machine readable JSON...
	Genome and annotation summary...

If you use these results please cite Bakta: https://doi.org/10.1099/mgen.0.000685
Annotation successfully finished in 27:12 [mm:ss].
